TCP Ping trying to connect to server 192.168.1.51 (192.168.1.51) on port 1491
 ... connected to Pong server: asking for 501 repetitions of 3072 bytes TCP messages
 ... Pong server agreed :-)
tcp_ping received 3072 bytes back
Round trip time was 2.08197 milliseconds in repetition 1
tcp_ping received 3072 bytes back
Round trip time was 2.51364 milliseconds in repetition 2
tcp_ping received 3072 bytes back
Round trip time was 3.01205 milliseconds in repetition 3
tcp_ping received 3072 bytes back
Round trip time was 2.52906 milliseconds in repetition 4
tcp_ping received 3072 bytes back
Round trip time was 2.11059 milliseconds in repetition 5
tcp_ping received 3072 bytes back
Round trip time was 2.40659 milliseconds in repetition 6
tcp_ping received 3072 bytes back
Round trip time was 2.0802 milliseconds in repetition 7
tcp_ping received 3072 bytes back
Round trip time was 2.09286 milliseconds in repetition 8
tcp_ping received 3072 bytes back
Round trip time was 2.15025 milliseconds in repetition 9
tcp_ping received 3072 bytes back
Round trip time was 2.96488 milliseconds in repetition 10
tcp_ping received 3072 bytes back
Round trip time was 2.85208 milliseconds in repetition 11
tcp_ping received 3072 bytes back
Round trip time was 2.85065 milliseconds in repetition 12
tcp_ping received 3072 bytes back
Round trip time was 2.27384 milliseconds in repetition 13
tcp_ping received 3072 bytes back
Round trip time was 2.62447 milliseconds in repetition 14
tcp_ping received 3072 bytes back
Round trip time was 2.91783 milliseconds in repetition 15
tcp_ping received 3072 bytes back
Round trip time was 2.05269 milliseconds in repetition 16
tcp_ping received 3072 bytes back
Round trip time was 3.2927 milliseconds in repetition 17
tcp_ping received 3072 bytes back
Round trip time was 2.64609 milliseconds in repetition 18
tcp_ping received 3072 bytes back
Round trip time was 2.47798 milliseconds in repetition 19
tcp_ping received 3072 bytes back
Round trip time was 3.1489 milliseconds in repetition 20
tcp_ping received 3072 bytes back
Round trip time was 3.10979 milliseconds in repetition 21
tcp_ping received 3072 bytes back
Round trip time was 2.73735 milliseconds in repetition 22
tcp_ping received 3072 bytes back
Round trip time was 2.07514 milliseconds in repetition 23
tcp_ping received 3072 bytes back
Round trip time was 2.02114 milliseconds in repetition 24
tcp_ping received 3072 bytes back
Round trip time was 3.05912 milliseconds in repetition 25
tcp_ping received 3072 bytes back
Round trip time was 2.42701 milliseconds in repetition 26
tcp_ping received 3072 bytes back
Round trip time was 2.55101 milliseconds in repetition 27
tcp_ping received 3072 bytes back
Round trip time was 2.01153 milliseconds in repetition 28
tcp_ping received 3072 bytes back
Round trip time was 2.64695 milliseconds in repetition 29
tcp_ping received 3072 bytes back
Round trip time was 3.48751 milliseconds in repetition 30
tcp_ping received 3072 bytes back
Round trip time was 2.44996 milliseconds in repetition 31
tcp_ping received 3072 bytes back
Round trip time was 2.95326 milliseconds in repetition 32
tcp_ping received 3072 bytes back
Round trip time was 2.35735 milliseconds in repetition 33
tcp_ping received 3072 bytes back
Round trip time was 2.56396 milliseconds in repetition 34
tcp_ping received 3072 bytes back
Round trip time was 2.05542 milliseconds in repetition 35
tcp_ping received 3072 bytes back
Round trip time was 2.3767 milliseconds in repetition 36
tcp_ping received 3072 bytes back
Round trip time was 2.47967 milliseconds in repetition 37
tcp_ping received 3072 bytes back
Round trip time was 2.36393 milliseconds in repetition 38
tcp_ping received 3072 bytes back
Round trip time was 2.70237 milliseconds in repetition 39
tcp_ping received 3072 bytes back
Round trip time was 2.36139 milliseconds in repetition 40
tcp_ping received 3072 bytes back
Round trip time was 2.02979 milliseconds in repetition 41
tcp_ping received 3072 bytes back
Round trip time was 2.04603 milliseconds in repetition 42
tcp_ping received 3072 bytes back
Round trip time was 2.34351 milliseconds in repetition 43
tcp_ping received 3072 bytes back
Round trip time was 2.28851 milliseconds in repetition 44
tcp_ping received 3072 bytes back
Round trip time was 2.00388 milliseconds in repetition 45
tcp_ping received 3072 bytes back
Round trip time was 2.07711 milliseconds in repetition 46
tcp_ping received 3072 bytes back
Round trip time was 3.09985 milliseconds in repetition 47
tcp_ping received 3072 bytes back
Round trip time was 2.39495 milliseconds in repetition 48
tcp_ping received 3072 bytes back
Round trip time was 2.00381 milliseconds in repetition 49
tcp_ping received 3072 bytes back
Round trip time was 2.455 milliseconds in repetition 50
tcp_ping received 3072 bytes back
Round trip time was 2.57304 milliseconds in repetition 51
tcp_ping received 3072 bytes back
Round trip time was 2.33611 milliseconds in repetition 52
tcp_ping received 3072 bytes back
Round trip time was 2.35916 milliseconds in repetition 53
tcp_ping received 3072 bytes back
Round trip time was 2.32502 milliseconds in repetition 54
tcp_ping received 3072 bytes back
Round trip time was 2.04461 milliseconds in repetition 55
tcp_ping received 3072 bytes back
Round trip time was 2.52974 milliseconds in repetition 56
tcp_ping received 3072 bytes back
Round trip time was 2.70138 milliseconds in repetition 57
tcp_ping received 3072 bytes back
Round trip time was 2.30951 milliseconds in repetition 58
tcp_ping received 3072 bytes back
Round trip time was 2.00998 milliseconds in repetition 59
tcp_ping received 3072 bytes back
Round trip time was 2.04569 milliseconds in repetition 60
tcp_ping received 3072 bytes back
Round trip time was 3.00488 milliseconds in repetition 61
tcp_ping received 3072 bytes back
Round trip time was 2.01655 milliseconds in repetition 62
tcp_ping received 3072 bytes back
Round trip time was 2.69034 milliseconds in repetition 63
tcp_ping received 3072 bytes back
Round trip time was 2.35331 milliseconds in repetition 64
tcp_ping received 3072 bytes back
Round trip time was 3.1195 milliseconds in repetition 65
tcp_ping received 3072 bytes back
Round trip time was 4.59509 milliseconds in repetition 66
tcp_ping received 3072 bytes back
Round trip time was 2.3589 milliseconds in repetition 67
tcp_ping received 3072 bytes back
Round trip time was 2.7389 milliseconds in repetition 68
tcp_ping received 3072 bytes back
Round trip time was 3.44908 milliseconds in repetition 69
tcp_ping received 3072 bytes back
Round trip time was 3.36652 milliseconds in repetition 70
tcp_ping received 3072 bytes back
Round trip time was 2.64634 milliseconds in repetition 71
tcp_ping received 3072 bytes back
Round trip time was 3.26618 milliseconds in repetition 72
tcp_ping received 3072 bytes back
Round trip time was 2.88053 milliseconds in repetition 73
tcp_ping received 3072 bytes back
Round trip time was 3.19442 milliseconds in repetition 74
tcp_ping received 3072 bytes back
Round trip time was 2.03877 milliseconds in repetition 75
tcp_ping received 3072 bytes back
Round trip time was 2.6321 milliseconds in repetition 76
tcp_ping received 3072 bytes back
Round trip time was 3.49448 milliseconds in repetition 77
tcp_ping received 3072 bytes back
Round trip time was 2.42857 milliseconds in repetition 78
tcp_ping received 3072 bytes back
Round trip time was 2.07307 milliseconds in repetition 79
tcp_ping received 3072 bytes back
Round trip time was 2.31031 milliseconds in repetition 80
tcp_ping received 3072 bytes back
Round trip time was 2.41262 milliseconds in repetition 81
tcp_ping received 3072 bytes back
Round trip time was 2.00685 milliseconds in repetition 82
tcp_ping received 3072 bytes back
Round trip time was 2.89966 milliseconds in repetition 83
tcp_ping received 3072 bytes back
Round trip time was 2.05844 milliseconds in repetition 84
tcp_ping received 3072 bytes back
Round trip time was 2.51327 milliseconds in repetition 85
tcp_ping received 3072 bytes back
Round trip time was 2.676 milliseconds in repetition 86
tcp_ping received 3072 bytes back
Round trip time was 2.01182 milliseconds in repetition 87
tcp_ping received 3072 bytes back
Round trip time was 3.43035 milliseconds in repetition 88
tcp_ping received 3072 bytes back
Round trip time was 2.51376 milliseconds in repetition 89
tcp_ping received 3072 bytes back
Round trip time was 2.35443 milliseconds in repetition 90
tcp_ping received 3072 bytes back
Round trip time was 2.02226 milliseconds in repetition 91
tcp_ping received 3072 bytes back
Round trip time was 2.68774 milliseconds in repetition 92
tcp_ping received 3072 bytes back
Round trip time was 5.4743 milliseconds in repetition 93
tcp_ping received 3072 bytes back
Round trip time was 2.27118 milliseconds in repetition 94
tcp_ping received 3072 bytes back
Round trip time was 2.364 milliseconds in repetition 95
tcp_ping received 3072 bytes back
Round trip time was 2.46919 milliseconds in repetition 96
tcp_ping received 3072 bytes back
Round trip time was 2.36155 milliseconds in repetition 97
tcp_ping received 3072 bytes back
Round trip time was 2.04107 milliseconds in repetition 98
tcp_ping received 3072 bytes back
Round trip time was 2.7644 milliseconds in repetition 99
tcp_ping received 3072 bytes back
Round trip time was 2.05287 milliseconds in repetition 100
tcp_ping received 3072 bytes back
Round trip time was 2.95174 milliseconds in repetition 101
tcp_ping received 3072 bytes back
Round trip time was 1.99951 milliseconds in repetition 102
tcp_ping received 3072 bytes back
Round trip time was 2.5703 milliseconds in repetition 103
tcp_ping received 3072 bytes back
Round trip time was 2.73706 milliseconds in repetition 104
tcp_ping received 3072 bytes back
Round trip time was 3.11939 milliseconds in repetition 105
tcp_ping received 3072 bytes back
Round trip time was 2.55061 milliseconds in repetition 106
tcp_ping received 3072 bytes back
Round trip time was 2.67148 milliseconds in repetition 107
tcp_ping received 3072 bytes back
Round trip time was 2.60407 milliseconds in repetition 108
tcp_ping received 3072 bytes back
Round trip time was 2.02412 milliseconds in repetition 109
tcp_ping received 3072 bytes back
Round trip time was 2.2841 milliseconds in repetition 110
tcp_ping received 3072 bytes back
Round trip time was 1.9901 milliseconds in repetition 111
tcp_ping received 3072 bytes back
Round trip time was 2.35844 milliseconds in repetition 112
tcp_ping received 3072 bytes back
Round trip time was 2.05982 milliseconds in repetition 113
tcp_ping received 3072 bytes back
Round trip time was 2.41115 milliseconds in repetition 114
tcp_ping received 3072 bytes back
Round trip time was 2.32473 milliseconds in repetition 115
tcp_ping received 3072 bytes back
Round trip time was 2.65379 milliseconds in repetition 116
tcp_ping received 3072 bytes back
Round trip time was 2.70784 milliseconds in repetition 117
tcp_ping received 3072 bytes back
Round trip time was 2.76066 milliseconds in repetition 118
tcp_ping received 3072 bytes back
Round trip time was 2.36858 milliseconds in repetition 119
tcp_ping received 3072 bytes back
Round trip time was 2.38815 milliseconds in repetition 120
tcp_ping received 3072 bytes back
Round trip time was 2.41503 milliseconds in repetition 121
tcp_ping received 3072 bytes back
Round trip time was 2.44792 milliseconds in repetition 122
tcp_ping received 3072 bytes back
Round trip time was 2.00743 milliseconds in repetition 123
tcp_ping received 3072 bytes back
Round trip time was 2.35867 milliseconds in repetition 124
tcp_ping received 3072 bytes back
Round trip time was 2.01023 milliseconds in repetition 125
tcp_ping received 3072 bytes back
Round trip time was 2.52829 milliseconds in repetition 126
tcp_ping received 3072 bytes back
Round trip time was 2.0496 milliseconds in repetition 127
tcp_ping received 3072 bytes back
Round trip time was 2.42105 milliseconds in repetition 128
tcp_ping received 3072 bytes back
Round trip time was 2.04605 milliseconds in repetition 129
tcp_ping received 3072 bytes back
Round trip time was 2.03984 milliseconds in repetition 130
tcp_ping received 3072 bytes back
Round trip time was 1.99508 milliseconds in repetition 131
tcp_ping received 3072 bytes back
Round trip time was 2.03734 milliseconds in repetition 132
tcp_ping received 3072 bytes back
Round trip time was 2.28137 milliseconds in repetition 133
tcp_ping received 3072 bytes back
Round trip time was 2.0001 milliseconds in repetition 134
tcp_ping received 3072 bytes back
Round trip time was 2.38517 milliseconds in repetition 135
tcp_ping received 3072 bytes back
Round trip time was 2.29795 milliseconds in repetition 136
tcp_ping received 3072 bytes back
Round trip time was 2.5732 milliseconds in repetition 137
tcp_ping received 3072 bytes back
Round trip time was 2.37901 milliseconds in repetition 138
tcp_ping received 3072 bytes back
Round trip time was 2.09158 milliseconds in repetition 139
tcp_ping received 3072 bytes back
Round trip time was 2.29963 milliseconds in repetition 140
tcp_ping received 3072 bytes back
Round trip time was 2.35519 milliseconds in repetition 141
tcp_ping received 3072 bytes back
Round trip time was 3.1188 milliseconds in repetition 142
tcp_ping received 3072 bytes back
Round trip time was 2.00085 milliseconds in repetition 143
tcp_ping received 3072 bytes back
Round trip time was 3.03753 milliseconds in repetition 144
tcp_ping received 3072 bytes back
Round trip time was 2.69501 milliseconds in repetition 145
tcp_ping received 3072 bytes back
Round trip time was 2.38845 milliseconds in repetition 146
tcp_ping received 3072 bytes back
Round trip time was 2.37071 milliseconds in repetition 147
tcp_ping received 3072 bytes back
Round trip time was 2.04891 milliseconds in repetition 148
tcp_ping received 3072 bytes back
Round trip time was 2.64148 milliseconds in repetition 149
tcp_ping received 3072 bytes back
Round trip time was 2.33399 milliseconds in repetition 150
tcp_ping received 3072 bytes back
Round trip time was 3.14808 milliseconds in repetition 151
tcp_ping received 3072 bytes back
Round trip time was 1.99935 milliseconds in repetition 152
tcp_ping received 3072 bytes back
Round trip time was 2.25423 milliseconds in repetition 153
tcp_ping received 3072 bytes back
Round trip time was 2.39162 milliseconds in repetition 154
tcp_ping received 3072 bytes back
Round trip time was 2.3851 milliseconds in repetition 155
tcp_ping received 3072 bytes back
Round trip time was 2.33037 milliseconds in repetition 156
tcp_ping received 3072 bytes back
Round trip time was 2.02388 milliseconds in repetition 157
tcp_ping received 3072 bytes back
Round trip time was 2.29325 milliseconds in repetition 158
tcp_ping received 3072 bytes back
Round trip time was 2.29965 milliseconds in repetition 159
tcp_ping received 3072 bytes back
Round trip time was 2.0514 milliseconds in repetition 160
tcp_ping received 3072 bytes back
Round trip time was 2.39159 milliseconds in repetition 161
tcp_ping received 3072 bytes back
Round trip time was 2.39838 milliseconds in repetition 162
tcp_ping received 3072 bytes back
Round trip time was 2.82187 milliseconds in repetition 163
tcp_ping received 3072 bytes back
Round trip time was 2.68554 milliseconds in repetition 164
tcp_ping received 3072 bytes back
Round trip time was 2.48752 milliseconds in repetition 165
tcp_ping received 3072 bytes back
Round trip time was 2.44804 milliseconds in repetition 166
tcp_ping received 3072 bytes back
Round trip time was 2.72051 milliseconds in repetition 167
tcp_ping received 3072 bytes back
Round trip time was 2.38026 milliseconds in repetition 168
tcp_ping received 3072 bytes back
Round trip time was 2.07566 milliseconds in repetition 169
tcp_ping received 3072 bytes back
Round trip time was 2.46107 milliseconds in repetition 170
tcp_ping received 3072 bytes back
Round trip time was 2.01203 milliseconds in repetition 171
tcp_ping received 3072 bytes back
Round trip time was 2.02268 milliseconds in repetition 172
tcp_ping received 3072 bytes back
Round trip time was 2.3065 milliseconds in repetition 173
tcp_ping received 3072 bytes back
Round trip time was 2.95243 milliseconds in repetition 174
tcp_ping received 3072 bytes back
Round trip time was 2.01275 milliseconds in repetition 175
tcp_ping received 3072 bytes back
Round trip time was 2.36987 milliseconds in repetition 176
tcp_ping received 3072 bytes back
Round trip time was 2.31195 milliseconds in repetition 177
tcp_ping received 3072 bytes back
Round trip time was 3.71733 milliseconds in repetition 178
tcp_ping received 3072 bytes back
Round trip time was 2.46256 milliseconds in repetition 179
tcp_ping received 3072 bytes back
Round trip time was 2.38733 milliseconds in repetition 180
tcp_ping received 3072 bytes back
Round trip time was 2.76459 milliseconds in repetition 181
tcp_ping received 3072 bytes back
Round trip time was 2.0114 milliseconds in repetition 182
tcp_ping received 3072 bytes back
Round trip time was 2.36306 milliseconds in repetition 183
tcp_ping received 3072 bytes back
Round trip time was 3.14106 milliseconds in repetition 184
tcp_ping received 3072 bytes back
Round trip time was 2.64424 milliseconds in repetition 185
tcp_ping received 3072 bytes back
Round trip time was 1.98413 milliseconds in repetition 186
tcp_ping received 3072 bytes back
Round trip time was 2.46317 milliseconds in repetition 187
tcp_ping received 3072 bytes back
Round trip time was 2.68698 milliseconds in repetition 188
tcp_ping received 3072 bytes back
Round trip time was 3.21617 milliseconds in repetition 189
tcp_ping received 3072 bytes back
Round trip time was 2.38123 milliseconds in repetition 190
tcp_ping received 3072 bytes back
Round trip time was 2.65127 milliseconds in repetition 191
tcp_ping received 3072 bytes back
Round trip time was 3.16671 milliseconds in repetition 192
tcp_ping received 3072 bytes back
Round trip time was 2.36359 milliseconds in repetition 193
tcp_ping received 3072 bytes back
Round trip time was 2.36805 milliseconds in repetition 194
tcp_ping received 3072 bytes back
Round trip time was 2.99913 milliseconds in repetition 195
tcp_ping received 3072 bytes back
Round trip time was 2.71959 milliseconds in repetition 196
tcp_ping received 3072 bytes back
Round trip time was 3.46206 milliseconds in repetition 197
tcp_ping received 3072 bytes back
Round trip time was 2.52157 milliseconds in repetition 198
tcp_ping received 3072 bytes back
Round trip time was 2.77979 milliseconds in repetition 199
tcp_ping received 3072 bytes back
Round trip time was 2.68252 milliseconds in repetition 200
tcp_ping received 3072 bytes back
Round trip time was 2.36903 milliseconds in repetition 201
tcp_ping received 3072 bytes back
Round trip time was 2.46086 milliseconds in repetition 202
tcp_ping received 3072 bytes back
Round trip time was 2.33803 milliseconds in repetition 203
tcp_ping received 3072 bytes back
Round trip time was 2.52282 milliseconds in repetition 204
tcp_ping received 3072 bytes back
Round trip time was 2.33924 milliseconds in repetition 205
tcp_ping received 3072 bytes back
Round trip time was 2.68586 milliseconds in repetition 206
tcp_ping received 3072 bytes back
Round trip time was 2.73235 milliseconds in repetition 207
tcp_ping received 3072 bytes back
Round trip time was 2.46044 milliseconds in repetition 208
tcp_ping received 3072 bytes back
Round trip time was 3.46729 milliseconds in repetition 209
tcp_ping received 3072 bytes back
Round trip time was 2.74595 milliseconds in repetition 210
tcp_ping received 3072 bytes back
Round trip time was 2.0438 milliseconds in repetition 211
tcp_ping received 3072 bytes back
Round trip time was 3.66462 milliseconds in repetition 212
tcp_ping received 3072 bytes back
Round trip time was 3.30122 milliseconds in repetition 213
tcp_ping received 3072 bytes back
Round trip time was 3.43957 milliseconds in repetition 214
tcp_ping received 3072 bytes back
Round trip time was 2.33332 milliseconds in repetition 215
tcp_ping received 3072 bytes back
Round trip time was 2.465 milliseconds in repetition 216
tcp_ping received 3072 bytes back
Round trip time was 2.16109 milliseconds in repetition 217
tcp_ping received 3072 bytes back
Round trip time was 2.31305 milliseconds in repetition 218
tcp_ping received 3072 bytes back
Round trip time was 2.04838 milliseconds in repetition 219
tcp_ping received 3072 bytes back
Round trip time was 2.00192 milliseconds in repetition 220
tcp_ping received 3072 bytes back
Round trip time was 2.37179 milliseconds in repetition 221
tcp_ping received 3072 bytes back
Round trip time was 2.31053 milliseconds in repetition 222
tcp_ping received 3072 bytes back
Round trip time was 2.41876 milliseconds in repetition 223
tcp_ping received 3072 bytes back
Round trip time was 2.419 milliseconds in repetition 224
tcp_ping received 3072 bytes back
Round trip time was 2.25752 milliseconds in repetition 225
tcp_ping received 3072 bytes back
Round trip time was 2.36029 milliseconds in repetition 226
tcp_ping received 3072 bytes back
Round trip time was 2.36856 milliseconds in repetition 227
tcp_ping received 3072 bytes back
Round trip time was 2.41757 milliseconds in repetition 228
tcp_ping received 3072 bytes back
Round trip time was 2.02628 milliseconds in repetition 229
tcp_ping received 3072 bytes back
Round trip time was 2.01102 milliseconds in repetition 230
tcp_ping received 3072 bytes back
Round trip time was 2.69331 milliseconds in repetition 231
tcp_ping received 3072 bytes back
Round trip time was 2.62091 milliseconds in repetition 232
tcp_ping received 3072 bytes back
Round trip time was 2.47878 milliseconds in repetition 233
tcp_ping received 3072 bytes back
Round trip time was 2.67549 milliseconds in repetition 234
tcp_ping received 3072 bytes back
Round trip time was 2.42408 milliseconds in repetition 235
tcp_ping received 3072 bytes back
Round trip time was 2.73691 milliseconds in repetition 236
tcp_ping received 3072 bytes back
Round trip time was 2.05906 milliseconds in repetition 237
tcp_ping received 3072 bytes back
Round trip time was 2.36671 milliseconds in repetition 238
tcp_ping received 3072 bytes back
Round trip time was 3.57626 milliseconds in repetition 239
tcp_ping received 3072 bytes back
Round trip time was 2.35066 milliseconds in repetition 240
tcp_ping received 3072 bytes back
Round trip time was 2.88331 milliseconds in repetition 241
tcp_ping received 3072 bytes back
Round trip time was 2.36503 milliseconds in repetition 242
tcp_ping received 3072 bytes back
Round trip time was 2.30396 milliseconds in repetition 243
tcp_ping received 3072 bytes back
Round trip time was 2.39471 milliseconds in repetition 244
tcp_ping received 3072 bytes back
Round trip time was 2.3928 milliseconds in repetition 245
tcp_ping received 3072 bytes back
Round trip time was 2.71486 milliseconds in repetition 246
tcp_ping received 3072 bytes back
Round trip time was 2.04545 milliseconds in repetition 247
tcp_ping received 3072 bytes back
Round trip time was 2.55979 milliseconds in repetition 248
tcp_ping received 3072 bytes back
Round trip time was 2.04067 milliseconds in repetition 249
tcp_ping received 3072 bytes back
Round trip time was 2.33366 milliseconds in repetition 250
tcp_ping received 3072 bytes back
Round trip time was 2.59303 milliseconds in repetition 251
tcp_ping received 3072 bytes back
Round trip time was 2.81863 milliseconds in repetition 252
tcp_ping received 3072 bytes back
Round trip time was 2.76064 milliseconds in repetition 253
tcp_ping received 3072 bytes back
Round trip time was 2.01715 milliseconds in repetition 254
tcp_ping received 3072 bytes back
Round trip time was 2.34628 milliseconds in repetition 255
tcp_ping received 3072 bytes back
Round trip time was 2.48427 milliseconds in repetition 256
tcp_ping received 3072 bytes back
Round trip time was 2.10161 milliseconds in repetition 257
tcp_ping received 3072 bytes back
Round trip time was 2.10532 milliseconds in repetition 258
tcp_ping received 3072 bytes back
Round trip time was 2.43783 milliseconds in repetition 259
tcp_ping received 3072 bytes back
Round trip time was 2.06684 milliseconds in repetition 260
tcp_ping received 3072 bytes back
Round trip time was 2.06499 milliseconds in repetition 261
tcp_ping received 3072 bytes back
Round trip time was 2.0902 milliseconds in repetition 262
tcp_ping received 3072 bytes back
Round trip time was 2.46428 milliseconds in repetition 263
tcp_ping received 3072 bytes back
Round trip time was 2.36859 milliseconds in repetition 264
tcp_ping received 3072 bytes back
Round trip time was 2.05297 milliseconds in repetition 265
tcp_ping received 3072 bytes back
Round trip time was 2.38727 milliseconds in repetition 266
tcp_ping received 3072 bytes back
Round trip time was 3.85701 milliseconds in repetition 267
tcp_ping received 3072 bytes back
Round trip time was 2.8675 milliseconds in repetition 268
tcp_ping received 3072 bytes back
Round trip time was 2.36119 milliseconds in repetition 269
tcp_ping received 3072 bytes back
Round trip time was 2.86497 milliseconds in repetition 270
tcp_ping received 3072 bytes back
Round trip time was 2.14614 milliseconds in repetition 271
tcp_ping received 3072 bytes back
Round trip time was 2.70879 milliseconds in repetition 272
tcp_ping received 3072 bytes back
Round trip time was 2.15073 milliseconds in repetition 273
tcp_ping received 3072 bytes back
Round trip time was 2.16798 milliseconds in repetition 274
tcp_ping received 3072 bytes back
Round trip time was 2.39086 milliseconds in repetition 275
tcp_ping received 3072 bytes back
Round trip time was 2.44833 milliseconds in repetition 276
tcp_ping received 3072 bytes back
Round trip time was 3.10234 milliseconds in repetition 277
tcp_ping received 3072 bytes back
Round trip time was 2.74583 milliseconds in repetition 278
tcp_ping received 3072 bytes back
Round trip time was 2.09025 milliseconds in repetition 279
tcp_ping received 3072 bytes back
Round trip time was 3.11241 milliseconds in repetition 280
tcp_ping received 3072 bytes back
Round trip time was 2.55323 milliseconds in repetition 281
tcp_ping received 3072 bytes back
Round trip time was 3.78941 milliseconds in repetition 282
tcp_ping received 3072 bytes back
Round trip time was 2.4102 milliseconds in repetition 283
tcp_ping received 3072 bytes back
Round trip time was 2.74205 milliseconds in repetition 284
tcp_ping received 3072 bytes back
Round trip time was 2.13292 milliseconds in repetition 285
tcp_ping received 3072 bytes back
Round trip time was 2.72895 milliseconds in repetition 286
tcp_ping received 3072 bytes back
Round trip time was 2.80388 milliseconds in repetition 287
tcp_ping received 3072 bytes back
Round trip time was 2.37147 milliseconds in repetition 288
tcp_ping received 3072 bytes back
Round trip time was 2.38899 milliseconds in repetition 289
tcp_ping received 3072 bytes back
Round trip time was 2.64395 milliseconds in repetition 290
tcp_ping received 3072 bytes back
Round trip time was 2.5352 milliseconds in repetition 291
tcp_ping received 3072 bytes back
Round trip time was 2.85322 milliseconds in repetition 292
tcp_ping received 3072 bytes back
Round trip time was 2.12306 milliseconds in repetition 293
tcp_ping received 3072 bytes back
Round trip time was 2.54829 milliseconds in repetition 294
tcp_ping received 3072 bytes back
Round trip time was 2.3614 milliseconds in repetition 295
tcp_ping received 3072 bytes back
Round trip time was 2.45359 milliseconds in repetition 296
tcp_ping received 3072 bytes back
Round trip time was 2.38158 milliseconds in repetition 297
tcp_ping received 3072 bytes back
Round trip time was 2.09728 milliseconds in repetition 298
tcp_ping received 3072 bytes back
Round trip time was 2.59105 milliseconds in repetition 299
tcp_ping received 3072 bytes back
Round trip time was 2.07894 milliseconds in repetition 300
tcp_ping received 3072 bytes back
Round trip time was 2.33425 milliseconds in repetition 301
tcp_ping received 3072 bytes back
Round trip time was 2.10685 milliseconds in repetition 302
tcp_ping received 3072 bytes back
Round trip time was 2.58701 milliseconds in repetition 303
tcp_ping received 3072 bytes back
Round trip time was 2.08216 milliseconds in repetition 304
tcp_ping received 3072 bytes back
Round trip time was 2.43576 milliseconds in repetition 305
tcp_ping received 3072 bytes back
Round trip time was 2.07177 milliseconds in repetition 306
tcp_ping received 3072 bytes back
Round trip time was 2.36788 milliseconds in repetition 307
tcp_ping received 3072 bytes back
Round trip time was 2.56084 milliseconds in repetition 308
tcp_ping received 3072 bytes back
Round trip time was 2.04026 milliseconds in repetition 309
tcp_ping received 3072 bytes back
Round trip time was 2.77998 milliseconds in repetition 310
tcp_ping received 3072 bytes back
Round trip time was 2.07991 milliseconds in repetition 311
tcp_ping received 3072 bytes back
Round trip time was 2.36783 milliseconds in repetition 312
tcp_ping received 3072 bytes back
Round trip time was 2.58834 milliseconds in repetition 313
tcp_ping received 3072 bytes back
Round trip time was 2.11793 milliseconds in repetition 314
tcp_ping received 3072 bytes back
Round trip time was 2.67899 milliseconds in repetition 315
tcp_ping received 3072 bytes back
Round trip time was 2.14429 milliseconds in repetition 316
tcp_ping received 3072 bytes back
Round trip time was 2.56325 milliseconds in repetition 317
tcp_ping received 3072 bytes back
Round trip time was 2.07326 milliseconds in repetition 318
tcp_ping received 3072 bytes back
Round trip time was 2.4687 milliseconds in repetition 319
tcp_ping received 3072 bytes back
Round trip time was 2.42132 milliseconds in repetition 320
tcp_ping received 3072 bytes back
Round trip time was 3.09156 milliseconds in repetition 321
tcp_ping received 3072 bytes back
Round trip time was 2.44398 milliseconds in repetition 322
tcp_ping received 3072 bytes back
Round trip time was 3.27025 milliseconds in repetition 323
tcp_ping received 3072 bytes back
Round trip time was 2.55128 milliseconds in repetition 324
tcp_ping received 3072 bytes back
Round trip time was 2.14063 milliseconds in repetition 325
tcp_ping received 3072 bytes back
Round trip time was 2.85067 milliseconds in repetition 326
tcp_ping received 3072 bytes back
Round trip time was 2.42746 milliseconds in repetition 327
tcp_ping received 3072 bytes back
Round trip time was 2.08844 milliseconds in repetition 328
tcp_ping received 3072 bytes back
Round trip time was 2.10106 milliseconds in repetition 329
tcp_ping received 3072 bytes back
Round trip time was 2.53542 milliseconds in repetition 330
tcp_ping received 3072 bytes back
Round trip time was 2.39092 milliseconds in repetition 331
tcp_ping received 3072 bytes back
Round trip time was 3.37583 milliseconds in repetition 332
tcp_ping received 3072 bytes back
Round trip time was 2.05693 milliseconds in repetition 333
tcp_ping received 3072 bytes back
Round trip time was 2.44388 milliseconds in repetition 334
tcp_ping received 3072 bytes back
Round trip time was 2.06606 milliseconds in repetition 335
tcp_ping received 3072 bytes back
Round trip time was 3.00753 milliseconds in repetition 336
tcp_ping received 3072 bytes back
Round trip time was 3.12793 milliseconds in repetition 337
tcp_ping received 3072 bytes back
Round trip time was 2.7505 milliseconds in repetition 338
tcp_ping received 3072 bytes back
Round trip time was 2.70509 milliseconds in repetition 339
tcp_ping received 3072 bytes back
Round trip time was 3.27984 milliseconds in repetition 340
tcp_ping received 3072 bytes back
Round trip time was 2.10491 milliseconds in repetition 341
tcp_ping received 3072 bytes back
Round trip time was 2.07814 milliseconds in repetition 342
tcp_ping received 3072 bytes back
Round trip time was 2.36688 milliseconds in repetition 343
tcp_ping received 3072 bytes back
Round trip time was 2.04806 milliseconds in repetition 344
tcp_ping received 3072 bytes back
Round trip time was 2.4611 milliseconds in repetition 345
tcp_ping received 3072 bytes back
Round trip time was 2.91011 milliseconds in repetition 346
tcp_ping received 3072 bytes back
Round trip time was 2.11098 milliseconds in repetition 347
tcp_ping received 3072 bytes back
Round trip time was 2.10966 milliseconds in repetition 348
tcp_ping received 3072 bytes back
Round trip time was 2.73272 milliseconds in repetition 349
tcp_ping received 3072 bytes back
Round trip time was 2.79779 milliseconds in repetition 350
tcp_ping received 3072 bytes back
Round trip time was 2.62702 milliseconds in repetition 351
tcp_ping received 3072 bytes back
Round trip time was 2.74022 milliseconds in repetition 352
tcp_ping received 3072 bytes back
Round trip time was 2.59564 milliseconds in repetition 353
tcp_ping received 3072 bytes back
Round trip time was 2.43193 milliseconds in repetition 354
tcp_ping received 3072 bytes back
Round trip time was 2.45366 milliseconds in repetition 355
tcp_ping received 3072 bytes back
Round trip time was 3.09993 milliseconds in repetition 356
tcp_ping received 3072 bytes back
Round trip time was 2.08193 milliseconds in repetition 357
tcp_ping received 3072 bytes back
Round trip time was 3.10299 milliseconds in repetition 358
tcp_ping received 3072 bytes back
Round trip time was 2.52754 milliseconds in repetition 359
tcp_ping received 3072 bytes back
Round trip time was 2.71525 milliseconds in repetition 360
tcp_ping received 3072 bytes back
Round trip time was 2.81827 milliseconds in repetition 361
tcp_ping received 3072 bytes back
Round trip time was 2.52847 milliseconds in repetition 362
tcp_ping received 3072 bytes back
Round trip time was 2.36952 milliseconds in repetition 363
tcp_ping received 3072 bytes back
Round trip time was 2.83237 milliseconds in repetition 364
tcp_ping received 3072 bytes back
Round trip time was 3.17636 milliseconds in repetition 365
tcp_ping received 3072 bytes back
Round trip time was 2.112 milliseconds in repetition 366
tcp_ping received 3072 bytes back
Round trip time was 2.91909 milliseconds in repetition 367
tcp_ping received 3072 bytes back
Round trip time was 3.07419 milliseconds in repetition 368
tcp_ping received 3072 bytes back
Round trip time was 2.60706 milliseconds in repetition 369
tcp_ping received 3072 bytes back
Round trip time was 2.11909 milliseconds in repetition 370
tcp_ping received 3072 bytes back
Round trip time was 2.11946 milliseconds in repetition 371
tcp_ping received 3072 bytes back
Round trip time was 2.40712 milliseconds in repetition 372
tcp_ping received 3072 bytes back
Round trip time was 2.16545 milliseconds in repetition 373
tcp_ping received 3072 bytes back
Round trip time was 2.46094 milliseconds in repetition 374
tcp_ping received 3072 bytes back
Round trip time was 3.08576 milliseconds in repetition 375
tcp_ping received 3072 bytes back
Round trip time was 2.38108 milliseconds in repetition 376
tcp_ping received 3072 bytes back
Round trip time was 2.69408 milliseconds in repetition 377
tcp_ping received 3072 bytes back
Round trip time was 2.43523 milliseconds in repetition 378
tcp_ping received 3072 bytes back
Round trip time was 2.64232 milliseconds in repetition 379
tcp_ping received 3072 bytes back
Round trip time was 2.47484 milliseconds in repetition 380
tcp_ping received 3072 bytes back
Round trip time was 2.40781 milliseconds in repetition 381
tcp_ping received 3072 bytes back
Round trip time was 2.07705 milliseconds in repetition 382
tcp_ping received 3072 bytes back
Round trip time was 2.37335 milliseconds in repetition 383
tcp_ping received 3072 bytes back
Round trip time was 2.496 milliseconds in repetition 384
tcp_ping received 3072 bytes back
Round trip time was 2.60039 milliseconds in repetition 385
tcp_ping received 3072 bytes back
Round trip time was 2.11245 milliseconds in repetition 386
tcp_ping received 3072 bytes back
Round trip time was 2.11088 milliseconds in repetition 387
tcp_ping received 3072 bytes back
Round trip time was 2.70606 milliseconds in repetition 388
tcp_ping received 3072 bytes back
Round trip time was 3.20771 milliseconds in repetition 389
tcp_ping received 3072 bytes back
Round trip time was 2.38364 milliseconds in repetition 390
tcp_ping received 3072 bytes back
Round trip time was 2.38291 milliseconds in repetition 391
tcp_ping received 3072 bytes back
Round trip time was 2.41538 milliseconds in repetition 392
tcp_ping received 3072 bytes back
Round trip time was 3.40424 milliseconds in repetition 393
tcp_ping received 3072 bytes back
Round trip time was 2.455 milliseconds in repetition 394
tcp_ping received 3072 bytes back
Round trip time was 2.11437 milliseconds in repetition 395
tcp_ping received 3072 bytes back
Round trip time was 2.46556 milliseconds in repetition 396
tcp_ping received 3072 bytes back
Round trip time was 2.47217 milliseconds in repetition 397
tcp_ping received 3072 bytes back
Round trip time was 2.03736 milliseconds in repetition 398
tcp_ping received 3072 bytes back
Round trip time was 2.79367 milliseconds in repetition 399
tcp_ping received 3072 bytes back
Round trip time was 2.89572 milliseconds in repetition 400
tcp_ping received 3072 bytes back
Round trip time was 2.09557 milliseconds in repetition 401
tcp_ping received 3072 bytes back
Round trip time was 2.37545 milliseconds in repetition 402
tcp_ping received 3072 bytes back
Round trip time was 3.2654 milliseconds in repetition 403
tcp_ping received 3072 bytes back
Round trip time was 2.3842 milliseconds in repetition 404
tcp_ping received 3072 bytes back
Round trip time was 2.5525 milliseconds in repetition 405
tcp_ping received 3072 bytes back
Round trip time was 2.42672 milliseconds in repetition 406
tcp_ping received 3072 bytes back
Round trip time was 2.46888 milliseconds in repetition 407
tcp_ping received 3072 bytes back
Round trip time was 2.39897 milliseconds in repetition 408
tcp_ping received 3072 bytes back
Round trip time was 2.38759 milliseconds in repetition 409
tcp_ping received 3072 bytes back
Round trip time was 2.5086 milliseconds in repetition 410
tcp_ping received 3072 bytes back
Round trip time was 2.40725 milliseconds in repetition 411
tcp_ping received 3072 bytes back
Round trip time was 2.73618 milliseconds in repetition 412
tcp_ping received 3072 bytes back
Round trip time was 2.59221 milliseconds in repetition 413
tcp_ping received 3072 bytes back
Round trip time was 2.65824 milliseconds in repetition 414
tcp_ping received 3072 bytes back
Round trip time was 2.80367 milliseconds in repetition 415
tcp_ping received 3072 bytes back
Round trip time was 2.3617 milliseconds in repetition 416
tcp_ping received 3072 bytes back
Round trip time was 2.4712 milliseconds in repetition 417
tcp_ping received 3072 bytes back
Round trip time was 2.47522 milliseconds in repetition 418
tcp_ping received 3072 bytes back
Round trip time was 2.43922 milliseconds in repetition 419
tcp_ping received 3072 bytes back
Round trip time was 2.37659 milliseconds in repetition 420
tcp_ping received 3072 bytes back
Round trip time was 2.42651 milliseconds in repetition 421
tcp_ping received 3072 bytes back
Round trip time was 2.08978 milliseconds in repetition 422
tcp_ping received 3072 bytes back
Round trip time was 2.41821 milliseconds in repetition 423
tcp_ping received 3072 bytes back
Round trip time was 2.35879 milliseconds in repetition 424
tcp_ping received 3072 bytes back
Round trip time was 2.48606 milliseconds in repetition 425
tcp_ping received 3072 bytes back
Round trip time was 2.7765 milliseconds in repetition 426
tcp_ping received 3072 bytes back
Round trip time was 2.47291 milliseconds in repetition 427
tcp_ping received 3072 bytes back
Round trip time was 2.13503 milliseconds in repetition 428
tcp_ping received 3072 bytes back
Round trip time was 2.06383 milliseconds in repetition 429
tcp_ping received 3072 bytes back
Round trip time was 3.01496 milliseconds in repetition 430
tcp_ping received 3072 bytes back
Round trip time was 2.55414 milliseconds in repetition 431
tcp_ping received 3072 bytes back
Round trip time was 2.61487 milliseconds in repetition 432
tcp_ping received 3072 bytes back
Round trip time was 3.33491 milliseconds in repetition 433
tcp_ping received 3072 bytes back
Round trip time was 2.45794 milliseconds in repetition 434
tcp_ping received 3072 bytes back
Round trip time was 2.40363 milliseconds in repetition 435
tcp_ping received 3072 bytes back
Round trip time was 2.22747 milliseconds in repetition 436
tcp_ping received 3072 bytes back
Round trip time was 2.16507 milliseconds in repetition 437
tcp_ping received 3072 bytes back
Round trip time was 2.37413 milliseconds in repetition 438
tcp_ping received 3072 bytes back
Round trip time was 2.55403 milliseconds in repetition 439
tcp_ping received 3072 bytes back
Round trip time was 2.74531 milliseconds in repetition 440
tcp_ping received 3072 bytes back
Round trip time was 3.40973 milliseconds in repetition 441
tcp_ping received 3072 bytes back
Round trip time was 2.76613 milliseconds in repetition 442
tcp_ping received 3072 bytes back
Round trip time was 2.10873 milliseconds in repetition 443
tcp_ping received 3072 bytes back
Round trip time was 2.13923 milliseconds in repetition 444
tcp_ping received 3072 bytes back
Round trip time was 2.54682 milliseconds in repetition 445
tcp_ping received 3072 bytes back
Round trip time was 2.17322 milliseconds in repetition 446
tcp_ping received 3072 bytes back
Round trip time was 2.20071 milliseconds in repetition 447
tcp_ping received 3072 bytes back
Round trip time was 3.13059 milliseconds in repetition 448
tcp_ping received 3072 bytes back
Round trip time was 2.50044 milliseconds in repetition 449
tcp_ping received 3072 bytes back
Round trip time was 3.50754 milliseconds in repetition 450
tcp_ping received 3072 bytes back
Round trip time was 2.12888 milliseconds in repetition 451
tcp_ping received 3072 bytes back
Round trip time was 2.3771 milliseconds in repetition 452
tcp_ping received 3072 bytes back
Round trip time was 2.83813 milliseconds in repetition 453
tcp_ping received 3072 bytes back
Round trip time was 2.17084 milliseconds in repetition 454
tcp_ping received 3072 bytes back
Round trip time was 2.17681 milliseconds in repetition 455
tcp_ping received 3072 bytes back
Round trip time was 2.6137 milliseconds in repetition 456
tcp_ping received 3072 bytes back
Round trip time was 2.08311 milliseconds in repetition 457
tcp_ping received 3072 bytes back
Round trip time was 2.46118 milliseconds in repetition 458
tcp_ping received 3072 bytes back
Round trip time was 2.80748 milliseconds in repetition 459
tcp_ping received 3072 bytes back
Round trip time was 2.49794 milliseconds in repetition 460
tcp_ping received 3072 bytes back
Round trip time was 2.16111 milliseconds in repetition 461
tcp_ping received 3072 bytes back
Round trip time was 2.14024 milliseconds in repetition 462
tcp_ping received 3072 bytes back
Round trip time was 2.1361 milliseconds in repetition 463
tcp_ping received 3072 bytes back
Round trip time was 2.49917 milliseconds in repetition 464
tcp_ping received 3072 bytes back
Round trip time was 2.76413 milliseconds in repetition 465
tcp_ping received 3072 bytes back
Round trip time was 2.07507 milliseconds in repetition 466
tcp_ping received 3072 bytes back
Round trip time was 2.09114 milliseconds in repetition 467
tcp_ping received 3072 bytes back
Round trip time was 2.38392 milliseconds in repetition 468
tcp_ping received 3072 bytes back
Round trip time was 2.10788 milliseconds in repetition 469
tcp_ping received 3072 bytes back
Round trip time was 2.08557 milliseconds in repetition 470
tcp_ping received 3072 bytes back
Round trip time was 5.89745 milliseconds in repetition 471
tcp_ping received 3072 bytes back
Round trip time was 2.4416 milliseconds in repetition 472
tcp_ping received 3072 bytes back
Round trip time was 2.98502 milliseconds in repetition 473
tcp_ping received 3072 bytes back
Round trip time was 2.23284 milliseconds in repetition 474
tcp_ping received 3072 bytes back
Round trip time was 2.36473 milliseconds in repetition 475
tcp_ping received 3072 bytes back
Round trip time was 2.08011 milliseconds in repetition 476
tcp_ping received 3072 bytes back
Round trip time was 2.44221 milliseconds in repetition 477
tcp_ping received 3072 bytes back
Round trip time was 2.21443 milliseconds in repetition 478
tcp_ping received 3072 bytes back
Round trip time was 2.80702 milliseconds in repetition 479
tcp_ping received 3072 bytes back
Round trip time was 2.11789 milliseconds in repetition 480
tcp_ping received 3072 bytes back
Round trip time was 2.74173 milliseconds in repetition 481
tcp_ping received 3072 bytes back
Round trip time was 2.11239 milliseconds in repetition 482
tcp_ping received 3072 bytes back
Round trip time was 2.81826 milliseconds in repetition 483
tcp_ping received 3072 bytes back
Round trip time was 2.8712 milliseconds in repetition 484
tcp_ping received 3072 bytes back
Round trip time was 2.77239 milliseconds in repetition 485
tcp_ping received 3072 bytes back
Round trip time was 2.38457 milliseconds in repetition 486
tcp_ping received 3072 bytes back
Round trip time was 2.13829 milliseconds in repetition 487
tcp_ping received 3072 bytes back
Round trip time was 2.18608 milliseconds in repetition 488
tcp_ping received 3072 bytes back
Round trip time was 2.40793 milliseconds in repetition 489
tcp_ping received 3072 bytes back
Round trip time was 2.34431 milliseconds in repetition 490
tcp_ping received 3072 bytes back
Round trip time was 2.37043 milliseconds in repetition 491
tcp_ping received 3072 bytes back
Round trip time was 2.81212 milliseconds in repetition 492
tcp_ping received 3072 bytes back
Round trip time was 2.0732 milliseconds in repetition 493
tcp_ping received 3072 bytes back
Round trip time was 2.07785 milliseconds in repetition 494
tcp_ping received 3072 bytes back
Round trip time was 2.15729 milliseconds in repetition 495
tcp_ping received 3072 bytes back
Round trip time was 2.10953 milliseconds in repetition 496
tcp_ping received 3072 bytes back
Round trip time was 2.38022 milliseconds in repetition 497
tcp_ping received 3072 bytes back
Round trip time was 2.54568 milliseconds in repetition 498
tcp_ping received 3072 bytes back
Round trip time was 2.75476 milliseconds in repetition 499
tcp_ping received 3072 bytes back
Round trip time was 2.08063 milliseconds in repetition 500
tcp_ping received 3072 bytes back
Round trip time was 2.39616 milliseconds in repetition 501

 ... clock resolution was 1e-06
TCP Ping:  Statistics over 501 repetitions of 3072 byte messages

RTT : percentile 10: 2.05542, median: 2.41757, percentile 90: 3.03753, average: 2.50051, variance: 0.184557

RTT histogram:
1.98413 76
2.17979 64
2.37546 157
2.57113 67
2.76679 66
2.96246 22
3.15812 22
3.35379 14
3.54946 6
3.74512 3
3.94079 1
4.13646 0
4.33212 0
4.52779 1
4.72345 0
4.91912 0
5.11479 0
5.31045 0
5.50612 1
5.70178 0
5.89745 1

   median Throughput : 2541.4 KB/s   overall Throughput : 2457.1 KB/s

