TCP Ping trying to connect to server 192.168.1.51 (192.168.1.51) on port 1491
 ... connected to Pong server: asking for 501 repetitions of 524288 bytes TCP messages
 ... Pong server agreed :-)
tcp_ping received 524288 bytes back
Round trip time was 74.7977 milliseconds in repetition 1
tcp_ping received 524288 bytes back
Round trip time was 65.0236 milliseconds in repetition 2
tcp_ping received 524288 bytes back
Round trip time was 36.2339 milliseconds in repetition 3
tcp_ping received 524288 bytes back
Round trip time was 38.6448 milliseconds in repetition 4
tcp_ping received 524288 bytes back
Round trip time was 36.4515 milliseconds in repetition 5
tcp_ping received 524288 bytes back
Round trip time was 47.6844 milliseconds in repetition 6
tcp_ping received 524288 bytes back
Round trip time was 51.5652 milliseconds in repetition 7
tcp_ping received 524288 bytes back
Round trip time was 42.9188 milliseconds in repetition 8
tcp_ping received 524288 bytes back
Round trip time was 38.8587 milliseconds in repetition 9
tcp_ping received 524288 bytes back
Round trip time was 45.9527 milliseconds in repetition 10
tcp_ping received 524288 bytes back
Round trip time was 45.7829 milliseconds in repetition 11
tcp_ping received 524288 bytes back
Round trip time was 43.979 milliseconds in repetition 12
tcp_ping received 524288 bytes back
Round trip time was 43.3726 milliseconds in repetition 13
tcp_ping received 524288 bytes back
Round trip time was 47.2551 milliseconds in repetition 14
tcp_ping received 524288 bytes back
Round trip time was 45.6467 milliseconds in repetition 15
tcp_ping received 524288 bytes back
Round trip time was 43.8566 milliseconds in repetition 16
tcp_ping received 524288 bytes back
Round trip time was 45.0164 milliseconds in repetition 17
tcp_ping received 524288 bytes back
Round trip time was 41.2837 milliseconds in repetition 18
tcp_ping received 524288 bytes back
Round trip time was 47.4275 milliseconds in repetition 19
tcp_ping received 524288 bytes back
Round trip time was 39.7553 milliseconds in repetition 20
tcp_ping received 524288 bytes back
Round trip time was 50.0973 milliseconds in repetition 21
tcp_ping received 524288 bytes back
Round trip time was 44.0407 milliseconds in repetition 22
tcp_ping received 524288 bytes back
Round trip time was 49.8581 milliseconds in repetition 23
tcp_ping received 524288 bytes back
Round trip time was 48.9009 milliseconds in repetition 24
tcp_ping received 524288 bytes back
Round trip time was 48.5326 milliseconds in repetition 25
tcp_ping received 524288 bytes back
Round trip time was 67.42 milliseconds in repetition 26
tcp_ping received 524288 bytes back
Round trip time was 63.4002 milliseconds in repetition 27
tcp_ping received 524288 bytes back
Round trip time was 58.7426 milliseconds in repetition 28
tcp_ping received 524288 bytes back
Round trip time was 54.9944 milliseconds in repetition 29
tcp_ping received 524288 bytes back
Round trip time was 37.0146 milliseconds in repetition 30
tcp_ping received 524288 bytes back
Round trip time was 41.754 milliseconds in repetition 31
tcp_ping received 524288 bytes back
Round trip time was 41.2801 milliseconds in repetition 32
tcp_ping received 524288 bytes back
Round trip time was 38.0028 milliseconds in repetition 33
tcp_ping received 524288 bytes back
Round trip time was 40.2879 milliseconds in repetition 34
tcp_ping received 524288 bytes back
Round trip time was 37.2178 milliseconds in repetition 35
tcp_ping received 524288 bytes back
Round trip time was 42.835 milliseconds in repetition 36
tcp_ping received 524288 bytes back
Round trip time was 37.1136 milliseconds in repetition 37
tcp_ping received 524288 bytes back
Round trip time was 37.2112 milliseconds in repetition 38
tcp_ping received 524288 bytes back
Round trip time was 40.6355 milliseconds in repetition 39
tcp_ping received 524288 bytes back
Round trip time was 40.0051 milliseconds in repetition 40
tcp_ping received 524288 bytes back
Round trip time was 37.1702 milliseconds in repetition 41
tcp_ping received 524288 bytes back
Round trip time was 43.2156 milliseconds in repetition 42
tcp_ping received 524288 bytes back
Round trip time was 48.7445 milliseconds in repetition 43
tcp_ping received 524288 bytes back
Round trip time was 53.4213 milliseconds in repetition 44
tcp_ping received 524288 bytes back
Round trip time was 39.3106 milliseconds in repetition 45
tcp_ping received 524288 bytes back
Round trip time was 40.4525 milliseconds in repetition 46
tcp_ping received 524288 bytes back
Round trip time was 38.4565 milliseconds in repetition 47
tcp_ping received 524288 bytes back
Round trip time was 37.3666 milliseconds in repetition 48
tcp_ping received 524288 bytes back
Round trip time was 39.6889 milliseconds in repetition 49
tcp_ping received 524288 bytes back
Round trip time was 39.0263 milliseconds in repetition 50
tcp_ping received 524288 bytes back
Round trip time was 40.3653 milliseconds in repetition 51
tcp_ping received 524288 bytes back
Round trip time was 37.2242 milliseconds in repetition 52
tcp_ping received 524288 bytes back
Round trip time was 47.2487 milliseconds in repetition 53
tcp_ping received 524288 bytes back
Round trip time was 53.7486 milliseconds in repetition 54
tcp_ping received 524288 bytes back
Round trip time was 36.6873 milliseconds in repetition 55
tcp_ping received 524288 bytes back
Round trip time was 44.2103 milliseconds in repetition 56
tcp_ping received 524288 bytes back
Round trip time was 47.5724 milliseconds in repetition 57
tcp_ping received 524288 bytes back
Round trip time was 43.779 milliseconds in repetition 58
tcp_ping received 524288 bytes back
Round trip time was 50.6427 milliseconds in repetition 59
tcp_ping received 524288 bytes back
Round trip time was 54.6667 milliseconds in repetition 60
tcp_ping received 524288 bytes back
Round trip time was 45.1347 milliseconds in repetition 61
tcp_ping received 524288 bytes back
Round trip time was 49.5522 milliseconds in repetition 62
tcp_ping received 524288 bytes back
Round trip time was 57.3951 milliseconds in repetition 63
tcp_ping received 524288 bytes back
Round trip time was 54.3935 milliseconds in repetition 64
tcp_ping received 524288 bytes back
Round trip time was 58.1592 milliseconds in repetition 65
tcp_ping received 524288 bytes back
Round trip time was 55.4641 milliseconds in repetition 66
tcp_ping received 524288 bytes back
Round trip time was 51.1061 milliseconds in repetition 67
tcp_ping received 524288 bytes back
Round trip time was 54.054 milliseconds in repetition 68
tcp_ping received 524288 bytes back
Round trip time was 54.1034 milliseconds in repetition 69
tcp_ping received 524288 bytes back
Round trip time was 55.8299 milliseconds in repetition 70
tcp_ping received 524288 bytes back
Round trip time was 52.3196 milliseconds in repetition 71
tcp_ping received 524288 bytes back
Round trip time was 52.6709 milliseconds in repetition 72
tcp_ping received 524288 bytes back
Round trip time was 54.2084 milliseconds in repetition 73
tcp_ping received 524288 bytes back
Round trip time was 54.1743 milliseconds in repetition 74
tcp_ping received 524288 bytes back
Round trip time was 60.6754 milliseconds in repetition 75
tcp_ping received 524288 bytes back
Round trip time was 70.6569 milliseconds in repetition 76
tcp_ping received 524288 bytes back
Round trip time was 39.8435 milliseconds in repetition 77
tcp_ping received 524288 bytes back
Round trip time was 36.6602 milliseconds in repetition 78
tcp_ping received 524288 bytes back
Round trip time was 40.4893 milliseconds in repetition 79
tcp_ping received 524288 bytes back
Round trip time was 40.9039 milliseconds in repetition 80
tcp_ping received 524288 bytes back
Round trip time was 37.6816 milliseconds in repetition 81
tcp_ping received 524288 bytes back
Round trip time was 40.4551 milliseconds in repetition 82
tcp_ping received 524288 bytes back
Round trip time was 37.0056 milliseconds in repetition 83
tcp_ping received 524288 bytes back
Round trip time was 36.3575 milliseconds in repetition 84
tcp_ping received 524288 bytes back
Round trip time was 39.9018 milliseconds in repetition 85
tcp_ping received 524288 bytes back
Round trip time was 36.967 milliseconds in repetition 86
tcp_ping received 524288 bytes back
Round trip time was 43.1332 milliseconds in repetition 87
tcp_ping received 524288 bytes back
Round trip time was 46.6587 milliseconds in repetition 88
tcp_ping received 524288 bytes back
Round trip time was 40.7097 milliseconds in repetition 89
tcp_ping received 524288 bytes back
Round trip time was 51.2972 milliseconds in repetition 90
tcp_ping received 524288 bytes back
Round trip time was 36.4266 milliseconds in repetition 91
tcp_ping received 524288 bytes back
Round trip time was 44.4096 milliseconds in repetition 92
tcp_ping received 524288 bytes back
Round trip time was 36.1368 milliseconds in repetition 93
tcp_ping received 524288 bytes back
Round trip time was 36.989 milliseconds in repetition 94
tcp_ping received 524288 bytes back
Round trip time was 45.659 milliseconds in repetition 95
tcp_ping received 524288 bytes back
Round trip time was 47.6912 milliseconds in repetition 96
tcp_ping received 524288 bytes back
Round trip time was 45.0372 milliseconds in repetition 97
tcp_ping received 524288 bytes back
Round trip time was 54.7969 milliseconds in repetition 98
tcp_ping received 524288 bytes back
Round trip time was 56.1994 milliseconds in repetition 99
tcp_ping received 524288 bytes back
Round trip time was 60.0295 milliseconds in repetition 100
tcp_ping received 524288 bytes back
Round trip time was 58.0156 milliseconds in repetition 101
tcp_ping received 524288 bytes back
Round trip time was 73.1109 milliseconds in repetition 102
tcp_ping received 524288 bytes back
Round trip time was 55.8466 milliseconds in repetition 103
tcp_ping received 524288 bytes back
Round trip time was 53.881 milliseconds in repetition 104
tcp_ping received 524288 bytes back
Round trip time was 58.8791 milliseconds in repetition 105
tcp_ping received 524288 bytes back
Round trip time was 57.0097 milliseconds in repetition 106
tcp_ping received 524288 bytes back
Round trip time was 68.8237 milliseconds in repetition 107
tcp_ping received 524288 bytes back
Round trip time was 57.5029 milliseconds in repetition 108
tcp_ping received 524288 bytes back
Round trip time was 53.4529 milliseconds in repetition 109
tcp_ping received 524288 bytes back
Round trip time was 48.0568 milliseconds in repetition 110
tcp_ping received 524288 bytes back
Round trip time was 48.073 milliseconds in repetition 111
tcp_ping received 524288 bytes back
Round trip time was 51.1404 milliseconds in repetition 112
tcp_ping received 524288 bytes back
Round trip time was 47.7738 milliseconds in repetition 113
tcp_ping received 524288 bytes back
Round trip time was 45.4016 milliseconds in repetition 114
tcp_ping received 524288 bytes back
Round trip time was 45.4688 milliseconds in repetition 115
tcp_ping received 524288 bytes back
Round trip time was 50.596 milliseconds in repetition 116
tcp_ping received 524288 bytes back
Round trip time was 47.2627 milliseconds in repetition 117
tcp_ping received 524288 bytes back
Round trip time was 50.0345 milliseconds in repetition 118
tcp_ping received 524288 bytes back
Round trip time was 50.7491 milliseconds in repetition 119
tcp_ping received 524288 bytes back
Round trip time was 44.9799 milliseconds in repetition 120
tcp_ping received 524288 bytes back
Round trip time was 51.7871 milliseconds in repetition 121
tcp_ping received 524288 bytes back
Round trip time was 46.6413 milliseconds in repetition 122
tcp_ping received 524288 bytes back
Round trip time was 45.2232 milliseconds in repetition 123
tcp_ping received 524288 bytes back
Round trip time was 57.703 milliseconds in repetition 124
tcp_ping received 524288 bytes back
Round trip time was 61.72 milliseconds in repetition 125
tcp_ping received 524288 bytes back
Round trip time was 54.2816 milliseconds in repetition 126
tcp_ping received 524288 bytes back
Round trip time was 48.1524 milliseconds in repetition 127
tcp_ping received 524288 bytes back
Round trip time was 48.0216 milliseconds in repetition 128
tcp_ping received 524288 bytes back
Round trip time was 44.766 milliseconds in repetition 129
tcp_ping received 524288 bytes back
Round trip time was 45.6832 milliseconds in repetition 130
tcp_ping received 524288 bytes back
Round trip time was 45.4548 milliseconds in repetition 131
tcp_ping received 524288 bytes back
Round trip time was 48.323 milliseconds in repetition 132
tcp_ping received 524288 bytes back
Round trip time was 53.8995 milliseconds in repetition 133
tcp_ping received 524288 bytes back
Round trip time was 44.1469 milliseconds in repetition 134
tcp_ping received 524288 bytes back
Round trip time was 45.7134 milliseconds in repetition 135
tcp_ping received 524288 bytes back
Round trip time was 50.7572 milliseconds in repetition 136
tcp_ping received 524288 bytes back
Round trip time was 42.0618 milliseconds in repetition 137
tcp_ping received 524288 bytes back
Round trip time was 40.1491 milliseconds in repetition 138
tcp_ping received 524288 bytes back
Round trip time was 51.1116 milliseconds in repetition 139
tcp_ping received 524288 bytes back
Round trip time was 42.0854 milliseconds in repetition 140
tcp_ping received 524288 bytes back
Round trip time was 48.7624 milliseconds in repetition 141
tcp_ping received 524288 bytes back
Round trip time was 51.7198 milliseconds in repetition 142
tcp_ping received 524288 bytes back
Round trip time was 48.8075 milliseconds in repetition 143
tcp_ping received 524288 bytes back
Round trip time was 40.7108 milliseconds in repetition 144
tcp_ping received 524288 bytes back
Round trip time was 50.9092 milliseconds in repetition 145
tcp_ping received 524288 bytes back
Round trip time was 47.7583 milliseconds in repetition 146
tcp_ping received 524288 bytes back
Round trip time was 44.45 milliseconds in repetition 147
tcp_ping received 524288 bytes back
Round trip time was 56.6666 milliseconds in repetition 148
tcp_ping received 524288 bytes back
Round trip time was 57.5582 milliseconds in repetition 149
tcp_ping received 524288 bytes back
Round trip time was 48.6386 milliseconds in repetition 150
tcp_ping received 524288 bytes back
Round trip time was 47.5707 milliseconds in repetition 151
tcp_ping received 524288 bytes back
Round trip time was 51.5503 milliseconds in repetition 152
tcp_ping received 524288 bytes back
Round trip time was 54.9493 milliseconds in repetition 153
tcp_ping received 524288 bytes back
Round trip time was 52.7675 milliseconds in repetition 154
tcp_ping received 524288 bytes back
Round trip time was 48.1206 milliseconds in repetition 155
tcp_ping received 524288 bytes back
Round trip time was 46.2284 milliseconds in repetition 156
tcp_ping received 524288 bytes back
Round trip time was 48.421 milliseconds in repetition 157
tcp_ping received 524288 bytes back
Round trip time was 43.7563 milliseconds in repetition 158
tcp_ping received 524288 bytes back
Round trip time was 46.6837 milliseconds in repetition 159
tcp_ping received 524288 bytes back
Round trip time was 49.6203 milliseconds in repetition 160
tcp_ping received 524288 bytes back
Round trip time was 51.8857 milliseconds in repetition 161
tcp_ping received 524288 bytes back
Round trip time was 46.9039 milliseconds in repetition 162
tcp_ping received 524288 bytes back
Round trip time was 43.5546 milliseconds in repetition 163
tcp_ping received 524288 bytes back
Round trip time was 49.6728 milliseconds in repetition 164
tcp_ping received 524288 bytes back
Round trip time was 47.0972 milliseconds in repetition 165
tcp_ping received 524288 bytes back
Round trip time was 51.8558 milliseconds in repetition 166
tcp_ping received 524288 bytes back
Round trip time was 43.6773 milliseconds in repetition 167
tcp_ping received 524288 bytes back
Round trip time was 49.5299 milliseconds in repetition 168
tcp_ping received 524288 bytes back
Round trip time was 46.9994 milliseconds in repetition 169
tcp_ping received 524288 bytes back
Round trip time was 42.3593 milliseconds in repetition 170
tcp_ping received 524288 bytes back
Round trip time was 47.0363 milliseconds in repetition 171
tcp_ping received 524288 bytes back
Round trip time was 57.9887 milliseconds in repetition 172
tcp_ping received 524288 bytes back
Round trip time was 59.3215 milliseconds in repetition 173
tcp_ping received 524288 bytes back
Round trip time was 46.0806 milliseconds in repetition 174
tcp_ping received 524288 bytes back
Round trip time was 43.7249 milliseconds in repetition 175
tcp_ping received 524288 bytes back
Round trip time was 48.7247 milliseconds in repetition 176
tcp_ping received 524288 bytes back
Round trip time was 48.4759 milliseconds in repetition 177
tcp_ping received 524288 bytes back
Round trip time was 45.7455 milliseconds in repetition 178
tcp_ping received 524288 bytes back
Round trip time was 53.4251 milliseconds in repetition 179
tcp_ping received 524288 bytes back
Round trip time was 48.4599 milliseconds in repetition 180
tcp_ping received 524288 bytes back
Round trip time was 46.9306 milliseconds in repetition 181
tcp_ping received 524288 bytes back
Round trip time was 54.6587 milliseconds in repetition 182
tcp_ping received 524288 bytes back
Round trip time was 48.3695 milliseconds in repetition 183
tcp_ping received 524288 bytes back
Round trip time was 45.6165 milliseconds in repetition 184
tcp_ping received 524288 bytes back
Round trip time was 51.0737 milliseconds in repetition 185
tcp_ping received 524288 bytes back
Round trip time was 50.1116 milliseconds in repetition 186
tcp_ping received 524288 bytes back
Round trip time was 46.2359 milliseconds in repetition 187
tcp_ping received 524288 bytes back
Round trip time was 47.7215 milliseconds in repetition 188
tcp_ping received 524288 bytes back
Round trip time was 44.7168 milliseconds in repetition 189
tcp_ping received 524288 bytes back
Round trip time was 46.4425 milliseconds in repetition 190
tcp_ping received 524288 bytes back
Round trip time was 43.0961 milliseconds in repetition 191
tcp_ping received 524288 bytes back
Round trip time was 48.7675 milliseconds in repetition 192
tcp_ping received 524288 bytes back
Round trip time was 49.6228 milliseconds in repetition 193
tcp_ping received 524288 bytes back
Round trip time was 45.4662 milliseconds in repetition 194
tcp_ping received 524288 bytes back
Round trip time was 45.3032 milliseconds in repetition 195
tcp_ping received 524288 bytes back
Round trip time was 57.7019 milliseconds in repetition 196
tcp_ping received 524288 bytes back
Round trip time was 56.3919 milliseconds in repetition 197
tcp_ping received 524288 bytes back
Round trip time was 46.0137 milliseconds in repetition 198
tcp_ping received 524288 bytes back
Round trip time was 47.9118 milliseconds in repetition 199
tcp_ping received 524288 bytes back
Round trip time was 42.9345 milliseconds in repetition 200
tcp_ping received 524288 bytes back
Round trip time was 47.9164 milliseconds in repetition 201
tcp_ping received 524288 bytes back
Round trip time was 43.559 milliseconds in repetition 202
tcp_ping received 524288 bytes back
Round trip time was 49.2127 milliseconds in repetition 203
tcp_ping received 524288 bytes back
Round trip time was 49.2525 milliseconds in repetition 204
tcp_ping received 524288 bytes back
Round trip time was 46.7763 milliseconds in repetition 205
tcp_ping received 524288 bytes back
Round trip time was 44.8194 milliseconds in repetition 206
tcp_ping received 524288 bytes back
Round trip time was 53.236 milliseconds in repetition 207
tcp_ping received 524288 bytes back
Round trip time was 49.5261 milliseconds in repetition 208
tcp_ping received 524288 bytes back
Round trip time was 41.148 milliseconds in repetition 209
tcp_ping received 524288 bytes back
Round trip time was 47.2026 milliseconds in repetition 210
tcp_ping received 524288 bytes back
Round trip time was 45.9136 milliseconds in repetition 211
tcp_ping received 524288 bytes back
Round trip time was 51.7777 milliseconds in repetition 212
tcp_ping received 524288 bytes back
Round trip time was 48.0414 milliseconds in repetition 213
tcp_ping received 524288 bytes back
Round trip time was 49.402 milliseconds in repetition 214
tcp_ping received 524288 bytes back
Round trip time was 50.0597 milliseconds in repetition 215
tcp_ping received 524288 bytes back
Round trip time was 47.5105 milliseconds in repetition 216
tcp_ping received 524288 bytes back
Round trip time was 42.8723 milliseconds in repetition 217
tcp_ping received 524288 bytes back
Round trip time was 46.011 milliseconds in repetition 218
tcp_ping received 524288 bytes back
Round trip time was 47.8 milliseconds in repetition 219
tcp_ping received 524288 bytes back
Round trip time was 59.6613 milliseconds in repetition 220
tcp_ping received 524288 bytes back
Round trip time was 66.5192 milliseconds in repetition 221
tcp_ping received 524288 bytes back
Round trip time was 47.645 milliseconds in repetition 222
tcp_ping received 524288 bytes back
Round trip time was 51.0035 milliseconds in repetition 223
tcp_ping received 524288 bytes back
Round trip time was 54.2058 milliseconds in repetition 224
tcp_ping received 524288 bytes back
Round trip time was 53.4627 milliseconds in repetition 225
tcp_ping received 524288 bytes back
Round trip time was 53.659 milliseconds in repetition 226
tcp_ping received 524288 bytes back
Round trip time was 48.6297 milliseconds in repetition 227
tcp_ping received 524288 bytes back
Round trip time was 51.3144 milliseconds in repetition 228
tcp_ping received 524288 bytes back
Round trip time was 48.8003 milliseconds in repetition 229
tcp_ping received 524288 bytes back
Round trip time was 49.9631 milliseconds in repetition 230
tcp_ping received 524288 bytes back
Round trip time was 44.5096 milliseconds in repetition 231
tcp_ping received 524288 bytes back
Round trip time was 52.1951 milliseconds in repetition 232
tcp_ping received 524288 bytes back
Round trip time was 43.4174 milliseconds in repetition 233
tcp_ping received 524288 bytes back
Round trip time was 44.7236 milliseconds in repetition 234
tcp_ping received 524288 bytes back
Round trip time was 49.4783 milliseconds in repetition 235
tcp_ping received 524288 bytes back
Round trip time was 50.8441 milliseconds in repetition 236
tcp_ping received 524288 bytes back
Round trip time was 50.7267 milliseconds in repetition 237
tcp_ping received 524288 bytes back
Round trip time was 49.9417 milliseconds in repetition 238
tcp_ping received 524288 bytes back
Round trip time was 42.7537 milliseconds in repetition 239
tcp_ping received 524288 bytes back
Round trip time was 44.3496 milliseconds in repetition 240
tcp_ping received 524288 bytes back
Round trip time was 56.7095 milliseconds in repetition 241
tcp_ping received 524288 bytes back
Round trip time was 46.5251 milliseconds in repetition 242
tcp_ping received 524288 bytes back
Round trip time was 49.5153 milliseconds in repetition 243
tcp_ping received 524288 bytes back
Round trip time was 53.4576 milliseconds in repetition 244
tcp_ping received 524288 bytes back
Round trip time was 44.4976 milliseconds in repetition 245
tcp_ping received 524288 bytes back
Round trip time was 45.018 milliseconds in repetition 246
tcp_ping received 524288 bytes back
Round trip time was 47.1954 milliseconds in repetition 247
tcp_ping received 524288 bytes back
Round trip time was 48.6654 milliseconds in repetition 248
tcp_ping received 524288 bytes back
Round trip time was 52.44 milliseconds in repetition 249
tcp_ping received 524288 bytes back
Round trip time was 48.1926 milliseconds in repetition 250
tcp_ping received 524288 bytes back
Round trip time was 53.8426 milliseconds in repetition 251
tcp_ping received 524288 bytes back
Round trip time was 46.6837 milliseconds in repetition 252
tcp_ping received 524288 bytes back
Round trip time was 46.7855 milliseconds in repetition 253
tcp_ping received 524288 bytes back
Round trip time was 48.2148 milliseconds in repetition 254
tcp_ping received 524288 bytes back
Round trip time was 50.7608 milliseconds in repetition 255
tcp_ping received 524288 bytes back
Round trip time was 46.4647 milliseconds in repetition 256
tcp_ping received 524288 bytes back
Round trip time was 49.0885 milliseconds in repetition 257
tcp_ping received 524288 bytes back
Round trip time was 44.1193 milliseconds in repetition 258
tcp_ping received 524288 bytes back
Round trip time was 49.4932 milliseconds in repetition 259
tcp_ping received 524288 bytes back
Round trip time was 48.5006 milliseconds in repetition 260
tcp_ping received 524288 bytes back
Round trip time was 53.9981 milliseconds in repetition 261
tcp_ping received 524288 bytes back
Round trip time was 47.0792 milliseconds in repetition 262
tcp_ping received 524288 bytes back
Round trip time was 52.5043 milliseconds in repetition 263
tcp_ping received 524288 bytes back
Round trip time was 57.8003 milliseconds in repetition 264
tcp_ping received 524288 bytes back
Round trip time was 58.978 milliseconds in repetition 265
tcp_ping received 524288 bytes back
Round trip time was 55.5166 milliseconds in repetition 266
tcp_ping received 524288 bytes back
Round trip time was 61.0775 milliseconds in repetition 267
tcp_ping received 524288 bytes back
Round trip time was 57.9055 milliseconds in repetition 268
tcp_ping received 524288 bytes back
Round trip time was 62.0017 milliseconds in repetition 269
tcp_ping received 524288 bytes back
Round trip time was 49.7929 milliseconds in repetition 270
tcp_ping received 524288 bytes back
Round trip time was 51.7442 milliseconds in repetition 271
tcp_ping received 524288 bytes back
Round trip time was 48.7908 milliseconds in repetition 272
tcp_ping received 524288 bytes back
Round trip time was 46.4542 milliseconds in repetition 273
tcp_ping received 524288 bytes back
Round trip time was 48.2261 milliseconds in repetition 274
tcp_ping received 524288 bytes back
Round trip time was 45.8776 milliseconds in repetition 275
tcp_ping received 524288 bytes back
Round trip time was 54.711 milliseconds in repetition 276
tcp_ping received 524288 bytes back
Round trip time was 57.261 milliseconds in repetition 277
tcp_ping received 524288 bytes back
Round trip time was 50.2246 milliseconds in repetition 278
tcp_ping received 524288 bytes back
Round trip time was 49.1387 milliseconds in repetition 279
tcp_ping received 524288 bytes back
Round trip time was 43.2395 milliseconds in repetition 280
tcp_ping received 524288 bytes back
Round trip time was 47.4851 milliseconds in repetition 281
tcp_ping received 524288 bytes back
Round trip time was 49.9431 milliseconds in repetition 282
tcp_ping received 524288 bytes back
Round trip time was 47.3845 milliseconds in repetition 283
tcp_ping received 524288 bytes back
Round trip time was 48.1026 milliseconds in repetition 284
tcp_ping received 524288 bytes back
Round trip time was 49.5138 milliseconds in repetition 285
tcp_ping received 524288 bytes back
Round trip time was 47.4461 milliseconds in repetition 286
tcp_ping received 524288 bytes back
Round trip time was 54.3177 milliseconds in repetition 287
tcp_ping received 524288 bytes back
Round trip time was 50.964 milliseconds in repetition 288
tcp_ping received 524288 bytes back
Round trip time was 48.3952 milliseconds in repetition 289
tcp_ping received 524288 bytes back
Round trip time was 48.0101 milliseconds in repetition 290
tcp_ping received 524288 bytes back
Round trip time was 54.8583 milliseconds in repetition 291
tcp_ping received 524288 bytes back
Round trip time was 52.0937 milliseconds in repetition 292
tcp_ping received 524288 bytes back
Round trip time was 38.0692 milliseconds in repetition 293
tcp_ping received 524288 bytes back
Round trip time was 40.8098 milliseconds in repetition 294
tcp_ping received 524288 bytes back
Round trip time was 39.5371 milliseconds in repetition 295
tcp_ping received 524288 bytes back
Round trip time was 43.0495 milliseconds in repetition 296
tcp_ping received 524288 bytes back
Round trip time was 48.3055 milliseconds in repetition 297
tcp_ping received 524288 bytes back
Round trip time was 47.7596 milliseconds in repetition 298
tcp_ping received 524288 bytes back
Round trip time was 45.0943 milliseconds in repetition 299
tcp_ping received 524288 bytes back
Round trip time was 61.2317 milliseconds in repetition 300
tcp_ping received 524288 bytes back
Round trip time was 69.0119 milliseconds in repetition 301
tcp_ping received 524288 bytes back
Round trip time was 66.5981 milliseconds in repetition 302
tcp_ping received 524288 bytes back
Round trip time was 53.462 milliseconds in repetition 303
tcp_ping received 524288 bytes back
Round trip time was 46.5946 milliseconds in repetition 304
tcp_ping received 524288 bytes back
Round trip time was 47.7928 milliseconds in repetition 305
tcp_ping received 524288 bytes back
Round trip time was 51.3718 milliseconds in repetition 306
tcp_ping received 524288 bytes back
Round trip time was 56.1686 milliseconds in repetition 307
tcp_ping received 524288 bytes back
Round trip time was 47.6072 milliseconds in repetition 308
tcp_ping received 524288 bytes back
Round trip time was 53.3149 milliseconds in repetition 309
tcp_ping received 524288 bytes back
Round trip time was 46.8053 milliseconds in repetition 310
tcp_ping received 524288 bytes back
Round trip time was 49.3666 milliseconds in repetition 311
tcp_ping received 524288 bytes back
Round trip time was 51.4028 milliseconds in repetition 312
tcp_ping received 524288 bytes back
Round trip time was 51.1741 milliseconds in repetition 313
tcp_ping received 524288 bytes back
Round trip time was 50.1978 milliseconds in repetition 314
tcp_ping received 524288 bytes back
Round trip time was 48.9877 milliseconds in repetition 315
tcp_ping received 524288 bytes back
Round trip time was 46.6138 milliseconds in repetition 316
tcp_ping received 524288 bytes back
Round trip time was 54.8089 milliseconds in repetition 317
tcp_ping received 524288 bytes back
Round trip time was 47.6098 milliseconds in repetition 318
tcp_ping received 524288 bytes back
Round trip time was 47.588 milliseconds in repetition 319
tcp_ping received 524288 bytes back
Round trip time was 45.7713 milliseconds in repetition 320
tcp_ping received 524288 bytes back
Round trip time was 48.4505 milliseconds in repetition 321
tcp_ping received 524288 bytes back
Round trip time was 47.6107 milliseconds in repetition 322
tcp_ping received 524288 bytes back
Round trip time was 54.7477 milliseconds in repetition 323
tcp_ping received 524288 bytes back
Round trip time was 50.5025 milliseconds in repetition 324
tcp_ping received 524288 bytes back
Round trip time was 43.9032 milliseconds in repetition 325
tcp_ping received 524288 bytes back
Round trip time was 48.3017 milliseconds in repetition 326
tcp_ping received 524288 bytes back
Round trip time was 45.9881 milliseconds in repetition 327
tcp_ping received 524288 bytes back
Round trip time was 50.1821 milliseconds in repetition 328
tcp_ping received 524288 bytes back
Round trip time was 46.0823 milliseconds in repetition 329
tcp_ping received 524288 bytes back
Round trip time was 53.8 milliseconds in repetition 330
tcp_ping received 524288 bytes back
Round trip time was 52.9333 milliseconds in repetition 331
tcp_ping received 524288 bytes back
Round trip time was 48.7175 milliseconds in repetition 332
tcp_ping received 524288 bytes back
Round trip time was 44.5432 milliseconds in repetition 333
tcp_ping received 524288 bytes back
Round trip time was 55.9546 milliseconds in repetition 334
tcp_ping received 524288 bytes back
Round trip time was 45.284 milliseconds in repetition 335
tcp_ping received 524288 bytes back
Round trip time was 53.7665 milliseconds in repetition 336
tcp_ping received 524288 bytes back
Round trip time was 41.1934 milliseconds in repetition 337
tcp_ping received 524288 bytes back
Round trip time was 49.7655 milliseconds in repetition 338
tcp_ping received 524288 bytes back
Round trip time was 45.0129 milliseconds in repetition 339
tcp_ping received 524288 bytes back
Round trip time was 48.2454 milliseconds in repetition 340
tcp_ping received 524288 bytes back
Round trip time was 40.5033 milliseconds in repetition 341
tcp_ping received 524288 bytes back
Round trip time was 44.5211 milliseconds in repetition 342
tcp_ping received 524288 bytes back
Round trip time was 53.8742 milliseconds in repetition 343
tcp_ping received 524288 bytes back
Round trip time was 48.9605 milliseconds in repetition 344
tcp_ping received 524288 bytes back
Round trip time was 47.4696 milliseconds in repetition 345
tcp_ping received 524288 bytes back
Round trip time was 42.1292 milliseconds in repetition 346
tcp_ping received 524288 bytes back
Round trip time was 60.9984 milliseconds in repetition 347
tcp_ping received 524288 bytes back
Round trip time was 47.98 milliseconds in repetition 348
tcp_ping received 524288 bytes back
Round trip time was 52.624 milliseconds in repetition 349
tcp_ping received 524288 bytes back
Round trip time was 48.5043 milliseconds in repetition 350
tcp_ping received 524288 bytes back
Round trip time was 44.3179 milliseconds in repetition 351
tcp_ping received 524288 bytes back
Round trip time was 43.735 milliseconds in repetition 352
tcp_ping received 524288 bytes back
Round trip time was 46.0403 milliseconds in repetition 353
tcp_ping received 524288 bytes back
Round trip time was 46.6055 milliseconds in repetition 354
tcp_ping received 524288 bytes back
Round trip time was 48.313 milliseconds in repetition 355
tcp_ping received 524288 bytes back
Round trip time was 52.2819 milliseconds in repetition 356
tcp_ping received 524288 bytes back
Round trip time was 46.3464 milliseconds in repetition 357
tcp_ping received 524288 bytes back
Round trip time was 46.2259 milliseconds in repetition 358
tcp_ping received 524288 bytes back
Round trip time was 49.1983 milliseconds in repetition 359
tcp_ping received 524288 bytes back
Round trip time was 47.3135 milliseconds in repetition 360
tcp_ping received 524288 bytes back
Round trip time was 46.7662 milliseconds in repetition 361
tcp_ping received 524288 bytes back
Round trip time was 49.3891 milliseconds in repetition 362
tcp_ping received 524288 bytes back
Round trip time was 40.0059 milliseconds in repetition 363
tcp_ping received 524288 bytes back
Round trip time was 42.5254 milliseconds in repetition 364
tcp_ping received 524288 bytes back
Round trip time was 62.4446 milliseconds in repetition 365
tcp_ping received 524288 bytes back
Round trip time was 49.3686 milliseconds in repetition 366
tcp_ping received 524288 bytes back
Round trip time was 43.7169 milliseconds in repetition 367
tcp_ping received 524288 bytes back
Round trip time was 67.116 milliseconds in repetition 368
tcp_ping received 524288 bytes back
Round trip time was 40.0255 milliseconds in repetition 369
tcp_ping received 524288 bytes back
Round trip time was 43.9606 milliseconds in repetition 370
tcp_ping received 524288 bytes back
Round trip time was 125.76 milliseconds in repetition 371
tcp_ping received 524288 bytes back
Round trip time was 58.4884 milliseconds in repetition 372
tcp_ping received 524288 bytes back
Round trip time was 49.2253 milliseconds in repetition 373
tcp_ping received 524288 bytes back
Round trip time was 41.1156 milliseconds in repetition 374
tcp_ping received 524288 bytes back
Round trip time was 80.1479 milliseconds in repetition 375
tcp_ping received 524288 bytes back
Round trip time was 55.8107 milliseconds in repetition 376
tcp_ping received 524288 bytes back
Round trip time was 46.6994 milliseconds in repetition 377
tcp_ping received 524288 bytes back
Round trip time was 54.3554 milliseconds in repetition 378
tcp_ping received 524288 bytes back
Round trip time was 51.6316 milliseconds in repetition 379
tcp_ping received 524288 bytes back
Round trip time was 44.5458 milliseconds in repetition 380
tcp_ping received 524288 bytes back
Round trip time was 43.1443 milliseconds in repetition 381
tcp_ping received 524288 bytes back
Round trip time was 43.5981 milliseconds in repetition 382
tcp_ping received 524288 bytes back
Round trip time was 45.659 milliseconds in repetition 383
tcp_ping received 524288 bytes back
Round trip time was 41.8077 milliseconds in repetition 384
tcp_ping received 524288 bytes back
Round trip time was 44.6056 milliseconds in repetition 385
tcp_ping received 524288 bytes back
Round trip time was 46.943 milliseconds in repetition 386
tcp_ping received 524288 bytes back
Round trip time was 47.3224 milliseconds in repetition 387
tcp_ping received 524288 bytes back
Round trip time was 45.5282 milliseconds in repetition 388
tcp_ping received 524288 bytes back
Round trip time was 41.2023 milliseconds in repetition 389
tcp_ping received 524288 bytes back
Round trip time was 43.6237 milliseconds in repetition 390
tcp_ping received 524288 bytes back
Round trip time was 43.2033 milliseconds in repetition 391
tcp_ping received 524288 bytes back
Round trip time was 42.8332 milliseconds in repetition 392
tcp_ping received 524288 bytes back
Round trip time was 41.2944 milliseconds in repetition 393
tcp_ping received 524288 bytes back
Round trip time was 40.5408 milliseconds in repetition 394
tcp_ping received 524288 bytes back
Round trip time was 41.0401 milliseconds in repetition 395
tcp_ping received 524288 bytes back
Round trip time was 39.8688 milliseconds in repetition 396
tcp_ping received 524288 bytes back
Round trip time was 41.0694 milliseconds in repetition 397
tcp_ping received 524288 bytes back
Round trip time was 38.5044 milliseconds in repetition 398
tcp_ping received 524288 bytes back
Round trip time was 36.8888 milliseconds in repetition 399
tcp_ping received 524288 bytes back
Round trip time was 41.7757 milliseconds in repetition 400
tcp_ping received 524288 bytes back
Round trip time was 37.6424 milliseconds in repetition 401
tcp_ping received 524288 bytes back
Round trip time was 43.5207 milliseconds in repetition 402
tcp_ping received 524288 bytes back
Round trip time was 42.3653 milliseconds in repetition 403
tcp_ping received 524288 bytes back
Round trip time was 41.0898 milliseconds in repetition 404
tcp_ping received 524288 bytes back
Round trip time was 52.4531 milliseconds in repetition 405
tcp_ping received 524288 bytes back
Round trip time was 50.8589 milliseconds in repetition 406
tcp_ping received 524288 bytes back
Round trip time was 39.894 milliseconds in repetition 407
tcp_ping received 524288 bytes back
Round trip time was 49.8263 milliseconds in repetition 408
tcp_ping received 524288 bytes back
Round trip time was 48.5622 milliseconds in repetition 409
tcp_ping received 524288 bytes back
Round trip time was 41.0688 milliseconds in repetition 410
tcp_ping received 524288 bytes back
Round trip time was 47.5881 milliseconds in repetition 411
tcp_ping received 524288 bytes back
Round trip time was 46.1953 milliseconds in repetition 412
tcp_ping received 524288 bytes back
Round trip time was 39.2379 milliseconds in repetition 413
tcp_ping received 524288 bytes back
Round trip time was 40.1158 milliseconds in repetition 414
tcp_ping received 524288 bytes back
Round trip time was 40.2035 milliseconds in repetition 415
tcp_ping received 524288 bytes back
Round trip time was 44.6603 milliseconds in repetition 416
tcp_ping received 524288 bytes back
Round trip time was 38.8725 milliseconds in repetition 417
tcp_ping received 524288 bytes back
Round trip time was 45.346 milliseconds in repetition 418
tcp_ping received 524288 bytes back
Round trip time was 40.0817 milliseconds in repetition 419
tcp_ping received 524288 bytes back
Round trip time was 42.2177 milliseconds in repetition 420
tcp_ping received 524288 bytes back
Round trip time was 44.209 milliseconds in repetition 421
tcp_ping received 524288 bytes back
Round trip time was 38.6741 milliseconds in repetition 422
tcp_ping received 524288 bytes back
Round trip time was 47.2215 milliseconds in repetition 423
tcp_ping received 524288 bytes back
Round trip time was 37.9992 milliseconds in repetition 424
tcp_ping received 524288 bytes back
Round trip time was 48.4828 milliseconds in repetition 425
tcp_ping received 524288 bytes back
Round trip time was 42.197 milliseconds in repetition 426
tcp_ping received 524288 bytes back
Round trip time was 42.5806 milliseconds in repetition 427
tcp_ping received 524288 bytes back
Round trip time was 53.3373 milliseconds in repetition 428
tcp_ping received 524288 bytes back
Round trip time was 85.0812 milliseconds in repetition 429
tcp_ping received 524288 bytes back
Round trip time was 38.3607 milliseconds in repetition 430
tcp_ping received 524288 bytes back
Round trip time was 50.4424 milliseconds in repetition 431
tcp_ping received 524288 bytes back
Round trip time was 50.558 milliseconds in repetition 432
tcp_ping received 524288 bytes back
Round trip time was 53.5461 milliseconds in repetition 433
tcp_ping received 524288 bytes back
Round trip time was 47.762 milliseconds in repetition 434
tcp_ping received 524288 bytes back
Round trip time was 54.1644 milliseconds in repetition 435
tcp_ping received 524288 bytes back
Round trip time was 96.5005 milliseconds in repetition 436
tcp_ping received 524288 bytes back
Round trip time was 42.6182 milliseconds in repetition 437
tcp_ping received 524288 bytes back
Round trip time was 48.7529 milliseconds in repetition 438
tcp_ping received 524288 bytes back
Round trip time was 44.4547 milliseconds in repetition 439
tcp_ping received 524288 bytes back
Round trip time was 38.7631 milliseconds in repetition 440
tcp_ping received 524288 bytes back
Round trip time was 41.4932 milliseconds in repetition 441
tcp_ping received 524288 bytes back
Round trip time was 45.5481 milliseconds in repetition 442
tcp_ping received 524288 bytes back
Round trip time was 38.1843 milliseconds in repetition 443
tcp_ping received 524288 bytes back
Round trip time was 40.4338 milliseconds in repetition 444
tcp_ping received 524288 bytes back
Round trip time was 38.3217 milliseconds in repetition 445
tcp_ping received 524288 bytes back
Round trip time was 41.6767 milliseconds in repetition 446
tcp_ping received 524288 bytes back
Round trip time was 39.2979 milliseconds in repetition 447
tcp_ping received 524288 bytes back
Round trip time was 36.6824 milliseconds in repetition 448
tcp_ping received 524288 bytes back
Round trip time was 39.6861 milliseconds in repetition 449
tcp_ping received 524288 bytes back
Round trip time was 37.811 milliseconds in repetition 450
tcp_ping received 524288 bytes back
Round trip time was 37.5395 milliseconds in repetition 451
tcp_ping received 524288 bytes back
Round trip time was 37.9092 milliseconds in repetition 452
tcp_ping received 524288 bytes back
Round trip time was 36.8197 milliseconds in repetition 453
tcp_ping received 524288 bytes back
Round trip time was 38.1951 milliseconds in repetition 454
tcp_ping received 524288 bytes back
Round trip time was 38.1272 milliseconds in repetition 455
tcp_ping received 524288 bytes back
Round trip time was 37.4475 milliseconds in repetition 456
tcp_ping received 524288 bytes back
Round trip time was 49.3318 milliseconds in repetition 457
tcp_ping received 524288 bytes back
Round trip time was 47.1487 milliseconds in repetition 458
tcp_ping received 524288 bytes back
Round trip time was 39.3362 milliseconds in repetition 459
tcp_ping received 524288 bytes back
Round trip time was 36.4685 milliseconds in repetition 460
tcp_ping received 524288 bytes back
Round trip time was 37.1282 milliseconds in repetition 461
tcp_ping received 524288 bytes back
Round trip time was 38.4061 milliseconds in repetition 462
tcp_ping received 524288 bytes back
Round trip time was 36.7985 milliseconds in repetition 463
tcp_ping received 524288 bytes back
Round trip time was 37.297 milliseconds in repetition 464
tcp_ping received 524288 bytes back
Round trip time was 36.5543 milliseconds in repetition 465
tcp_ping received 524288 bytes back
Round trip time was 36.214 milliseconds in repetition 466
tcp_ping received 524288 bytes back
Round trip time was 38.1022 milliseconds in repetition 467
tcp_ping received 524288 bytes back
Round trip time was 37.6502 milliseconds in repetition 468
tcp_ping received 524288 bytes back
Round trip time was 36.5028 milliseconds in repetition 469
tcp_ping received 524288 bytes back
Round trip time was 38.8376 milliseconds in repetition 470
tcp_ping received 524288 bytes back
Round trip time was 37.8147 milliseconds in repetition 471
tcp_ping received 524288 bytes back
Round trip time was 39.3536 milliseconds in repetition 472
tcp_ping received 524288 bytes back
Round trip time was 36.3765 milliseconds in repetition 473
tcp_ping received 524288 bytes back
Round trip time was 37.9039 milliseconds in repetition 474
tcp_ping received 524288 bytes back
Round trip time was 38.3082 milliseconds in repetition 475
tcp_ping received 524288 bytes back
Round trip time was 36.2241 milliseconds in repetition 476
tcp_ping received 524288 bytes back
Round trip time was 36.4936 milliseconds in repetition 477
tcp_ping received 524288 bytes back
Round trip time was 39.1803 milliseconds in repetition 478
tcp_ping received 524288 bytes back
Round trip time was 36.8788 milliseconds in repetition 479
tcp_ping received 524288 bytes back
Round trip time was 40.2293 milliseconds in repetition 480
tcp_ping received 524288 bytes back
Round trip time was 36.7578 milliseconds in repetition 481
tcp_ping received 524288 bytes back
Round trip time was 37.0249 milliseconds in repetition 482
tcp_ping received 524288 bytes back
Round trip time was 37.0832 milliseconds in repetition 483
tcp_ping received 524288 bytes back
Round trip time was 38.2167 milliseconds in repetition 484
tcp_ping received 524288 bytes back
Round trip time was 38.2061 milliseconds in repetition 485
tcp_ping received 524288 bytes back
Round trip time was 39.4407 milliseconds in repetition 486
tcp_ping received 524288 bytes back
Round trip time was 43.0267 milliseconds in repetition 487
tcp_ping received 524288 bytes back
Round trip time was 46.8597 milliseconds in repetition 488
tcp_ping received 524288 bytes back
Round trip time was 44.5329 milliseconds in repetition 489
tcp_ping received 524288 bytes back
Round trip time was 38.011 milliseconds in repetition 490
tcp_ping received 524288 bytes back
Round trip time was 40.8544 milliseconds in repetition 491
tcp_ping received 524288 bytes back
Round trip time was 37.3595 milliseconds in repetition 492
tcp_ping received 524288 bytes back
Round trip time was 41.5294 milliseconds in repetition 493
tcp_ping received 524288 bytes back
Round trip time was 39.0866 milliseconds in repetition 494
tcp_ping received 524288 bytes back
Round trip time was 42.5334 milliseconds in repetition 495
tcp_ping received 524288 bytes back
Round trip time was 42.7315 milliseconds in repetition 496
tcp_ping received 524288 bytes back
Round trip time was 37.8297 milliseconds in repetition 497
tcp_ping received 524288 bytes back
Round trip time was 45.3652 milliseconds in repetition 498
tcp_ping received 524288 bytes back
Round trip time was 41.4644 milliseconds in repetition 499
tcp_ping received 524288 bytes back
Round trip time was 47.8974 milliseconds in repetition 500
tcp_ping received 524288 bytes back
Round trip time was 51.9819 milliseconds in repetition 501

 ... clock resolution was 1e-06
TCP Ping:  Statistics over 501 repetitions of 524288 byte messages

RTT : percentile 10: 38.1272, median: 46.9994, percentile 90: 55.5166, average: 47.3785, variance: 67.5267

RTT histogram:
36.1368 58
40.6179 81
45.0991 124
49.5803 134
54.0614 60
58.5426 23
63.0237 8
67.5049 6
71.9861 2
76.4672 1
80.9484 1
85.4295 1
89.9107 0
94.3919 1
98.873 0
103.354 0
107.835 0
112.317 0
116.798 0
121.279 0
125.76 1

   median Throughput : 22310.4 KB/s   overall Throughput : 22131.9 KB/s

