TCP Ping trying to connect to server seti.dibris.unige.it (130.251.61.30) on port 1491
 ... connected to Pong server: asking for 501 repetitions of 6144 bytes TCP messages
 ... Pong server agreed :-)
tcp_ping received 6144 bytes back
Round trip time was 56.7908 milliseconds in repetition 1
tcp_ping received 6144 bytes back
Round trip time was 38.6024 milliseconds in repetition 2
tcp_ping received 6144 bytes back
Round trip time was 38.6391 milliseconds in repetition 3
tcp_ping received 6144 bytes back
Round trip time was 38.2764 milliseconds in repetition 4
tcp_ping received 6144 bytes back
Round trip time was 38.5016 milliseconds in repetition 5
tcp_ping received 6144 bytes back
Round trip time was 39.9665 milliseconds in repetition 6
tcp_ping received 6144 bytes back
Round trip time was 37.0331 milliseconds in repetition 7
tcp_ping received 6144 bytes back
Round trip time was 36.9414 milliseconds in repetition 8
tcp_ping received 6144 bytes back
Round trip time was 36.0353 milliseconds in repetition 9
tcp_ping received 6144 bytes back
Round trip time was 36.4467 milliseconds in repetition 10
tcp_ping received 6144 bytes back
Round trip time was 36.0503 milliseconds in repetition 11
tcp_ping received 6144 bytes back
Round trip time was 36.4375 milliseconds in repetition 12
tcp_ping received 6144 bytes back
Round trip time was 36.292 milliseconds in repetition 13
tcp_ping received 6144 bytes back
Round trip time was 36.4893 milliseconds in repetition 14
tcp_ping received 6144 bytes back
Round trip time was 36.4313 milliseconds in repetition 15
tcp_ping received 6144 bytes back
Round trip time was 36.021 milliseconds in repetition 16
tcp_ping received 6144 bytes back
Round trip time was 36.7399 milliseconds in repetition 17
tcp_ping received 6144 bytes back
Round trip time was 36.0279 milliseconds in repetition 18
tcp_ping received 6144 bytes back
Round trip time was 36.4627 milliseconds in repetition 19
tcp_ping received 6144 bytes back
Round trip time was 36.4868 milliseconds in repetition 20
tcp_ping received 6144 bytes back
Round trip time was 35.998 milliseconds in repetition 21
tcp_ping received 6144 bytes back
Round trip time was 36.2794 milliseconds in repetition 22
tcp_ping received 6144 bytes back
Round trip time was 36.4943 milliseconds in repetition 23
tcp_ping received 6144 bytes back
Round trip time was 36.4644 milliseconds in repetition 24
tcp_ping received 6144 bytes back
Round trip time was 35.7441 milliseconds in repetition 25
tcp_ping received 6144 bytes back
Round trip time was 35.9937 milliseconds in repetition 26
tcp_ping received 6144 bytes back
Round trip time was 36.4921 milliseconds in repetition 27
tcp_ping received 6144 bytes back
Round trip time was 35.9957 milliseconds in repetition 28
tcp_ping received 6144 bytes back
Round trip time was 36.7479 milliseconds in repetition 29
tcp_ping received 6144 bytes back
Round trip time was 35.7498 milliseconds in repetition 30
tcp_ping received 6144 bytes back
Round trip time was 36.7359 milliseconds in repetition 31
tcp_ping received 6144 bytes back
Round trip time was 36.2624 milliseconds in repetition 32
tcp_ping received 6144 bytes back
Round trip time was 36.5008 milliseconds in repetition 33
tcp_ping received 6144 bytes back
Round trip time was 36.4908 milliseconds in repetition 34
tcp_ping received 6144 bytes back
Round trip time was 35.7258 milliseconds in repetition 35
tcp_ping received 6144 bytes back
Round trip time was 36.7443 milliseconds in repetition 36
tcp_ping received 6144 bytes back
Round trip time was 36.771 milliseconds in repetition 37
tcp_ping received 6144 bytes back
Round trip time was 35.996 milliseconds in repetition 38
tcp_ping received 6144 bytes back
Round trip time was 36.4889 milliseconds in repetition 39
tcp_ping received 6144 bytes back
Round trip time was 35.9948 milliseconds in repetition 40
tcp_ping received 6144 bytes back
Round trip time was 36.2173 milliseconds in repetition 41
tcp_ping received 6144 bytes back
Round trip time was 36.2714 milliseconds in repetition 42
tcp_ping received 6144 bytes back
Round trip time was 35.7418 milliseconds in repetition 43
tcp_ping received 6144 bytes back
Round trip time was 36.688 milliseconds in repetition 44
tcp_ping received 6144 bytes back
Round trip time was 35.9969 milliseconds in repetition 45
tcp_ping received 6144 bytes back
Round trip time was 36.4939 milliseconds in repetition 46
tcp_ping received 6144 bytes back
Round trip time was 35.9994 milliseconds in repetition 47
tcp_ping received 6144 bytes back
Round trip time was 36.2188 milliseconds in repetition 48
tcp_ping received 6144 bytes back
Round trip time was 35.9965 milliseconds in repetition 49
tcp_ping received 6144 bytes back
Round trip time was 36.4935 milliseconds in repetition 50
tcp_ping received 6144 bytes back
Round trip time was 36.2716 milliseconds in repetition 51
tcp_ping received 6144 bytes back
Round trip time was 36.7417 milliseconds in repetition 52
tcp_ping received 6144 bytes back
Round trip time was 36.4931 milliseconds in repetition 53
tcp_ping received 6144 bytes back
Round trip time was 35.9993 milliseconds in repetition 54
tcp_ping received 6144 bytes back
Round trip time was 36.0357 milliseconds in repetition 55
tcp_ping received 6144 bytes back
Round trip time was 36.452 milliseconds in repetition 56
tcp_ping received 6144 bytes back
Round trip time was 36.4944 milliseconds in repetition 57
tcp_ping received 6144 bytes back
Round trip time was 35.9977 milliseconds in repetition 58
tcp_ping received 6144 bytes back
Round trip time was 35.9954 milliseconds in repetition 59
tcp_ping received 6144 bytes back
Round trip time was 36.4899 milliseconds in repetition 60
tcp_ping received 6144 bytes back
Round trip time was 35.9925 milliseconds in repetition 61
tcp_ping received 6144 bytes back
Round trip time was 35.8238 milliseconds in repetition 62
tcp_ping received 6144 bytes back
Round trip time was 36.4 milliseconds in repetition 63
tcp_ping received 6144 bytes back
Round trip time was 36.2995 milliseconds in repetition 64
tcp_ping received 6144 bytes back
Round trip time was 36.4618 milliseconds in repetition 65
tcp_ping received 6144 bytes back
Round trip time was 36.4868 milliseconds in repetition 66
tcp_ping received 6144 bytes back
Round trip time was 35.9944 milliseconds in repetition 67
tcp_ping received 6144 bytes back
Round trip time was 36.0013 milliseconds in repetition 68
tcp_ping received 6144 bytes back
Round trip time was 36.4944 milliseconds in repetition 69
tcp_ping received 6144 bytes back
Round trip time was 36.281 milliseconds in repetition 70
tcp_ping received 6144 bytes back
Round trip time was 36.2145 milliseconds in repetition 71
tcp_ping received 6144 bytes back
Round trip time was 35.9993 milliseconds in repetition 72
tcp_ping received 6144 bytes back
Round trip time was 36.0324 milliseconds in repetition 73
tcp_ping received 6144 bytes back
Round trip time was 36.4654 milliseconds in repetition 74
tcp_ping received 6144 bytes back
Round trip time was 36.504 milliseconds in repetition 75
tcp_ping received 6144 bytes back
Round trip time was 36.7144 milliseconds in repetition 76
tcp_ping received 6144 bytes back
Round trip time was 36.2708 milliseconds in repetition 77
tcp_ping received 6144 bytes back
Round trip time was 36.5092 milliseconds in repetition 78
tcp_ping received 6144 bytes back
Round trip time was 36.4582 milliseconds in repetition 79
tcp_ping received 6144 bytes back
Round trip time was 36.7692 milliseconds in repetition 80
tcp_ping received 6144 bytes back
Round trip time was 35.9964 milliseconds in repetition 81
tcp_ping received 6144 bytes back
Round trip time was 36.7572 milliseconds in repetition 82
tcp_ping received 6144 bytes back
Round trip time was 36.4777 milliseconds in repetition 83
tcp_ping received 6144 bytes back
Round trip time was 36.2834 milliseconds in repetition 84
tcp_ping received 6144 bytes back
Round trip time was 36.2145 milliseconds in repetition 85
tcp_ping received 6144 bytes back
Round trip time was 36.0002 milliseconds in repetition 86
tcp_ping received 6144 bytes back
Round trip time was 35.743 milliseconds in repetition 87
tcp_ping received 6144 bytes back
Round trip time was 36.4637 milliseconds in repetition 88
tcp_ping received 6144 bytes back
Round trip time was 36.258 milliseconds in repetition 89
tcp_ping received 6144 bytes back
Round trip time was 36.4704 milliseconds in repetition 90
tcp_ping received 6144 bytes back
Round trip time was 36.2666 milliseconds in repetition 91
tcp_ping received 6144 bytes back
Round trip time was 36.2065 milliseconds in repetition 92
tcp_ping received 6144 bytes back
Round trip time was 36.2721 milliseconds in repetition 93
tcp_ping received 6144 bytes back
Round trip time was 36.2191 milliseconds in repetition 94
tcp_ping received 6144 bytes back
Round trip time was 36.0025 milliseconds in repetition 95
tcp_ping received 6144 bytes back
Round trip time was 35.7529 milliseconds in repetition 96
tcp_ping received 6144 bytes back
Round trip time was 36.7389 milliseconds in repetition 97
tcp_ping received 6144 bytes back
Round trip time was 36.0692 milliseconds in repetition 98
tcp_ping received 6144 bytes back
Round trip time was 36.4351 milliseconds in repetition 99
tcp_ping received 6144 bytes back
Round trip time was 35.9926 milliseconds in repetition 100
tcp_ping received 6144 bytes back
Round trip time was 36.2715 milliseconds in repetition 101
tcp_ping received 6144 bytes back
Round trip time was 36.2202 milliseconds in repetition 102
tcp_ping received 6144 bytes back
Round trip time was 36.0394 milliseconds in repetition 103
tcp_ping received 6144 bytes back
Round trip time was 36.4566 milliseconds in repetition 104
tcp_ping received 6144 bytes back
Round trip time was 36.034 milliseconds in repetition 105
tcp_ping received 6144 bytes back
Round trip time was 36.0056 milliseconds in repetition 106
tcp_ping received 6144 bytes back
Round trip time was 36.1836 milliseconds in repetition 107
tcp_ping received 6144 bytes back
Round trip time was 36.7691 milliseconds in repetition 108
tcp_ping received 6144 bytes back
Round trip time was 36.2809 milliseconds in repetition 109
tcp_ping received 6144 bytes back
Round trip time was 36.213 milliseconds in repetition 110
tcp_ping received 6144 bytes back
Round trip time was 36.2738 milliseconds in repetition 111
tcp_ping received 6144 bytes back
Round trip time was 35.745 milliseconds in repetition 112
tcp_ping received 6144 bytes back
Round trip time was 36.4639 milliseconds in repetition 113
tcp_ping received 6144 bytes back
Round trip time was 36.2775 milliseconds in repetition 114
tcp_ping received 6144 bytes back
Round trip time was 36.4982 milliseconds in repetition 115
tcp_ping received 6144 bytes back
Round trip time was 36.4708 milliseconds in repetition 116
tcp_ping received 6144 bytes back
Round trip time was 35.7496 milliseconds in repetition 117
tcp_ping received 6144 bytes back
Round trip time was 35.9989 milliseconds in repetition 118
tcp_ping received 6144 bytes back
Round trip time was 36.0238 milliseconds in repetition 119
tcp_ping received 6144 bytes back
Round trip time was 36.0969 milliseconds in repetition 120
tcp_ping received 6144 bytes back
Round trip time was 36.3965 milliseconds in repetition 121
tcp_ping received 6144 bytes back
Round trip time was 36.4709 milliseconds in repetition 122
tcp_ping received 6144 bytes back
Round trip time was 36.2768 milliseconds in repetition 123
tcp_ping received 6144 bytes back
Round trip time was 36.4874 milliseconds in repetition 124
tcp_ping received 6144 bytes back
Round trip time was 35.7258 milliseconds in repetition 125
tcp_ping received 6144 bytes back
Round trip time was 36.4948 milliseconds in repetition 126
tcp_ping received 6144 bytes back
Round trip time was 36.0082 milliseconds in repetition 127
tcp_ping received 6144 bytes back
Round trip time was 35.7441 milliseconds in repetition 128
tcp_ping received 6144 bytes back
Round trip time was 35.9884 milliseconds in repetition 129
tcp_ping received 6144 bytes back
Round trip time was 36.5239 milliseconds in repetition 130
tcp_ping received 6144 bytes back
Round trip time was 36.2502 milliseconds in repetition 131
tcp_ping received 6144 bytes back
Round trip time was 36.4646 milliseconds in repetition 132
tcp_ping received 6144 bytes back
Round trip time was 35.9927 milliseconds in repetition 133
tcp_ping received 6144 bytes back
Round trip time was 36.4699 milliseconds in repetition 134
tcp_ping received 6144 bytes back
Round trip time was 36.4903 milliseconds in repetition 135
tcp_ping received 6144 bytes back
Round trip time was 36.0694 milliseconds in repetition 136
tcp_ping received 6144 bytes back
Round trip time was 35.9305 milliseconds in repetition 137
tcp_ping received 6144 bytes back
Round trip time was 36.4943 milliseconds in repetition 138
tcp_ping received 6144 bytes back
Round trip time was 36.0011 milliseconds in repetition 139
tcp_ping received 6144 bytes back
Round trip time was 36.4936 milliseconds in repetition 140
tcp_ping received 6144 bytes back
Round trip time was 36.7445 milliseconds in repetition 141
tcp_ping received 6144 bytes back
Round trip time was 36.0232 milliseconds in repetition 142
tcp_ping received 6144 bytes back
Round trip time was 35.9946 milliseconds in repetition 143
tcp_ping received 6144 bytes back
Round trip time was 36.2268 milliseconds in repetition 144
tcp_ping received 6144 bytes back
Round trip time was 35.9951 milliseconds in repetition 145
tcp_ping received 6144 bytes back
Round trip time was 35.9991 milliseconds in repetition 146
tcp_ping received 6144 bytes back
Round trip time was 36.4923 milliseconds in repetition 147
tcp_ping received 6144 bytes back
Round trip time was 35.9998 milliseconds in repetition 148
tcp_ping received 6144 bytes back
Round trip time was 35.755 milliseconds in repetition 149
tcp_ping received 6144 bytes back
Round trip time was 36.2808 milliseconds in repetition 150
tcp_ping received 6144 bytes back
Round trip time was 36.2115 milliseconds in repetition 151
tcp_ping received 6144 bytes back
Round trip time was 36.0036 milliseconds in repetition 152
tcp_ping received 6144 bytes back
Round trip time was 35.9948 milliseconds in repetition 153
tcp_ping received 6144 bytes back
Round trip time was 36.4923 milliseconds in repetition 154
tcp_ping received 6144 bytes back
Round trip time was 35.999 milliseconds in repetition 155
tcp_ping received 6144 bytes back
Round trip time was 36.4955 milliseconds in repetition 156
tcp_ping received 6144 bytes back
Round trip time was 36.746 milliseconds in repetition 157
tcp_ping received 6144 bytes back
Round trip time was 36.0228 milliseconds in repetition 158
tcp_ping received 6144 bytes back
Round trip time was 36.4661 milliseconds in repetition 159
tcp_ping received 6144 bytes back
Round trip time was 36.0184 milliseconds in repetition 160
tcp_ping received 6144 bytes back
Round trip time was 36.0039 milliseconds in repetition 161
tcp_ping received 6144 bytes back
Round trip time was 36.465 milliseconds in repetition 162
tcp_ping received 6144 bytes back
Round trip time was 36.0225 milliseconds in repetition 163
tcp_ping received 6144 bytes back
Round trip time was 36.7444 milliseconds in repetition 164
tcp_ping received 6144 bytes back
Round trip time was 36.2217 milliseconds in repetition 165
tcp_ping received 6144 bytes back
Round trip time was 36.2726 milliseconds in repetition 166
tcp_ping received 6144 bytes back
Round trip time was 36.223 milliseconds in repetition 167
tcp_ping received 6144 bytes back
Round trip time was 36.2713 milliseconds in repetition 168
tcp_ping received 6144 bytes back
Round trip time was 36.7445 milliseconds in repetition 169
tcp_ping received 6144 bytes back
Round trip time was 36.5638 milliseconds in repetition 170
tcp_ping received 6144 bytes back
Round trip time was 36.4024 milliseconds in repetition 171
tcp_ping received 6144 bytes back
Round trip time was 36.7609 milliseconds in repetition 172
tcp_ping received 6144 bytes back
Round trip time was 36.2828 milliseconds in repetition 173
tcp_ping received 6144 bytes back
Round trip time was 35.9341 milliseconds in repetition 174
tcp_ping received 6144 bytes back
Round trip time was 36.2666 milliseconds in repetition 175
tcp_ping received 6144 bytes back
Round trip time was 36.5244 milliseconds in repetition 176
tcp_ping received 6144 bytes back
Round trip time was 36.6747 milliseconds in repetition 177
tcp_ping received 6144 bytes back
Round trip time was 36.7445 milliseconds in repetition 178
tcp_ping received 6144 bytes back
Round trip time was 35.7517 milliseconds in repetition 179
tcp_ping received 6144 bytes back
Round trip time was 36.2724 milliseconds in repetition 180
tcp_ping received 6144 bytes back
Round trip time was 36.2167 milliseconds in repetition 181
tcp_ping received 6144 bytes back
Round trip time was 36.005 milliseconds in repetition 182
tcp_ping received 6144 bytes back
Round trip time was 36.0289 milliseconds in repetition 183
tcp_ping received 6144 bytes back
Round trip time was 35.9941 milliseconds in repetition 184
tcp_ping received 6144 bytes back
Round trip time was 38.2534 milliseconds in repetition 185
tcp_ping received 6144 bytes back
Round trip time was 37.2087 milliseconds in repetition 186
tcp_ping received 6144 bytes back
Round trip time was 36.7399 milliseconds in repetition 187
tcp_ping received 6144 bytes back
Round trip time was 36.0249 milliseconds in repetition 188
tcp_ping received 6144 bytes back
Round trip time was 36.4602 milliseconds in repetition 189
tcp_ping received 6144 bytes back
Round trip time was 39.9903 milliseconds in repetition 190
tcp_ping received 6144 bytes back
Round trip time was 39.2728 milliseconds in repetition 191
tcp_ping received 6144 bytes back
Round trip time was 36.0074 milliseconds in repetition 192
tcp_ping received 6144 bytes back
Round trip time was 36.2124 milliseconds in repetition 193
tcp_ping received 6144 bytes back
Round trip time was 36.2748 milliseconds in repetition 194
tcp_ping received 6144 bytes back
Round trip time was 36.2193 milliseconds in repetition 195
tcp_ping received 6144 bytes back
Round trip time was 36.2667 milliseconds in repetition 196
tcp_ping received 6144 bytes back
Round trip time was 36.0072 milliseconds in repetition 197
tcp_ping received 6144 bytes back
Round trip time was 36.4783 milliseconds in repetition 198
tcp_ping received 6144 bytes back
Round trip time was 35.9953 milliseconds in repetition 199
tcp_ping received 6144 bytes back
Round trip time was 36.4915 milliseconds in repetition 200
tcp_ping received 6144 bytes back
Round trip time was 35.9943 milliseconds in repetition 201
tcp_ping received 6144 bytes back
Round trip time was 60.2422 milliseconds in repetition 202
tcp_ping received 6144 bytes back
Round trip time was 36.2167 milliseconds in repetition 203
tcp_ping received 6144 bytes back
Round trip time was 35.9882 milliseconds in repetition 204
tcp_ping received 6144 bytes back
Round trip time was 37.2337 milliseconds in repetition 205
tcp_ping received 6144 bytes back
Round trip time was 36.5589 milliseconds in repetition 206
tcp_ping received 6144 bytes back
Round trip time was 36.4506 milliseconds in repetition 207
tcp_ping received 6144 bytes back
Round trip time was 37.0027 milliseconds in repetition 208
tcp_ping received 6144 bytes back
Round trip time was 36.2345 milliseconds in repetition 209
tcp_ping received 6144 bytes back
Round trip time was 36.4816 milliseconds in repetition 210
tcp_ping received 6144 bytes back
Round trip time was 35.9942 milliseconds in repetition 211
tcp_ping received 6144 bytes back
Round trip time was 36.4896 milliseconds in repetition 212
tcp_ping received 6144 bytes back
Round trip time was 36.2816 milliseconds in repetition 213
tcp_ping received 6144 bytes back
Round trip time was 36.449 milliseconds in repetition 214
tcp_ping received 6144 bytes back
Round trip time was 36.4972 milliseconds in repetition 215
tcp_ping received 6144 bytes back
Round trip time was 36.266 milliseconds in repetition 216
tcp_ping received 6144 bytes back
Round trip time was 36.5011 milliseconds in repetition 217
tcp_ping received 6144 bytes back
Round trip time was 35.9908 milliseconds in repetition 218
tcp_ping received 6144 bytes back
Round trip time was 36.4943 milliseconds in repetition 219
tcp_ping received 6144 bytes back
Round trip time was 35.997 milliseconds in repetition 220
tcp_ping received 6144 bytes back
Round trip time was 41.4454 milliseconds in repetition 221
tcp_ping received 6144 bytes back
Round trip time was 38.2626 milliseconds in repetition 222
tcp_ping received 6144 bytes back
Round trip time was 36.2701 milliseconds in repetition 223
tcp_ping received 6144 bytes back
Round trip time was 36.1932 milliseconds in repetition 224
tcp_ping received 6144 bytes back
Round trip time was 36.0629 milliseconds in repetition 225
tcp_ping received 6144 bytes back
Round trip time was 35.6814 milliseconds in repetition 226
tcp_ping received 6144 bytes back
Round trip time was 36.7676 milliseconds in repetition 227
tcp_ping received 6144 bytes back
Round trip time was 35.9712 milliseconds in repetition 228
tcp_ping received 6144 bytes back
Round trip time was 36.4921 milliseconds in repetition 229
tcp_ping received 6144 bytes back
Round trip time was 35.9956 milliseconds in repetition 230
tcp_ping received 6144 bytes back
Round trip time was 36.2224 milliseconds in repetition 231
tcp_ping received 6144 bytes back
Round trip time was 36.2763 milliseconds in repetition 232
tcp_ping received 6144 bytes back
Round trip time was 36.4929 milliseconds in repetition 233
tcp_ping received 6144 bytes back
Round trip time was 36.0028 milliseconds in repetition 234
tcp_ping received 6144 bytes back
Round trip time was 36.4903 milliseconds in repetition 235
tcp_ping received 6144 bytes back
Round trip time was 36.5236 milliseconds in repetition 236
tcp_ping received 6144 bytes back
Round trip time was 36.2214 milliseconds in repetition 237
tcp_ping received 6144 bytes back
Round trip time was 36.4956 milliseconds in repetition 238
tcp_ping received 6144 bytes back
Round trip time was 35.9987 milliseconds in repetition 239
tcp_ping received 6144 bytes back
Round trip time was 36.4954 milliseconds in repetition 240
tcp_ping received 6144 bytes back
Round trip time was 36.0713 milliseconds in repetition 241
tcp_ping received 6144 bytes back
Round trip time was 35.9608 milliseconds in repetition 242
tcp_ping received 6144 bytes back
Round trip time was 36.7289 milliseconds in repetition 243
tcp_ping received 6144 bytes back
Round trip time was 35.7257 milliseconds in repetition 244
tcp_ping received 6144 bytes back
Round trip time was 36.7642 milliseconds in repetition 245
tcp_ping received 6144 bytes back
Round trip time was 36.0001 milliseconds in repetition 246
tcp_ping received 6144 bytes back
Round trip time was 36.4956 milliseconds in repetition 247
tcp_ping received 6144 bytes back
Round trip time was 37.4855 milliseconds in repetition 248
tcp_ping received 6144 bytes back
Round trip time was 36.4847 milliseconds in repetition 249
tcp_ping received 6144 bytes back
Round trip time was 36.0003 milliseconds in repetition 250
tcp_ping received 6144 bytes back
Round trip time was 35.9993 milliseconds in repetition 251
tcp_ping received 6144 bytes back
Round trip time was 36.4982 milliseconds in repetition 252
tcp_ping received 6144 bytes back
Round trip time was 35.9948 milliseconds in repetition 253
tcp_ping received 6144 bytes back
Round trip time was 35.7531 milliseconds in repetition 254
tcp_ping received 6144 bytes back
Round trip time was 36.469 milliseconds in repetition 255
tcp_ping received 6144 bytes back
Round trip time was 36.0228 milliseconds in repetition 256
tcp_ping received 6144 bytes back
Round trip time was 36.4714 milliseconds in repetition 257
tcp_ping received 6144 bytes back
Round trip time was 36.0271 milliseconds in repetition 258
tcp_ping received 6144 bytes back
Round trip time was 36.0035 milliseconds in repetition 259
tcp_ping received 6144 bytes back
Round trip time was 35.9969 milliseconds in repetition 260
tcp_ping received 6144 bytes back
Round trip time was 36.9662 milliseconds in repetition 261
tcp_ping received 6144 bytes back
Round trip time was 36.5623 milliseconds in repetition 262
tcp_ping received 6144 bytes back
Round trip time was 36.2079 milliseconds in repetition 263
tcp_ping received 6144 bytes back
Round trip time was 36.0021 milliseconds in repetition 264
tcp_ping received 6144 bytes back
Round trip time was 36.1852 milliseconds in repetition 265
tcp_ping received 6144 bytes back
Round trip time was 36.2736 milliseconds in repetition 266
tcp_ping received 6144 bytes back
Round trip time was 35.9964 milliseconds in repetition 267
tcp_ping received 6144 bytes back
Round trip time was 36.5606 milliseconds in repetition 268
tcp_ping received 6144 bytes back
Round trip time was 36.222 milliseconds in repetition 269
tcp_ping received 6144 bytes back
Round trip time was 36.2075 milliseconds in repetition 270
tcp_ping received 6144 bytes back
Round trip time was 36.0009 milliseconds in repetition 271
tcp_ping received 6144 bytes back
Round trip time was 36.4943 milliseconds in repetition 272
tcp_ping received 6144 bytes back
Round trip time was 35.9983 milliseconds in repetition 273
tcp_ping received 6144 bytes back
Round trip time was 36.2942 milliseconds in repetition 274
tcp_ping received 6144 bytes back
Round trip time was 36.2043 milliseconds in repetition 275
tcp_ping received 6144 bytes back
Round trip time was 35.9998 milliseconds in repetition 276
tcp_ping received 6144 bytes back
Round trip time was 36.2219 milliseconds in repetition 277
tcp_ping received 6144 bytes back
Round trip time was 36.2723 milliseconds in repetition 278
tcp_ping received 6144 bytes back
Round trip time was 36.4973 milliseconds in repetition 279
tcp_ping received 6144 bytes back
Round trip time was 35.9986 milliseconds in repetition 280
tcp_ping received 6144 bytes back
Round trip time was 36.4938 milliseconds in repetition 281
tcp_ping received 6144 bytes back
Round trip time was 38.2351 milliseconds in repetition 282
tcp_ping received 6144 bytes back
Round trip time was 36.0011 milliseconds in repetition 283
tcp_ping received 6144 bytes back
Round trip time was 36.4934 milliseconds in repetition 284
tcp_ping received 6144 bytes back
Round trip time was 36.2707 milliseconds in repetition 285
tcp_ping received 6144 bytes back
Round trip time was 37.2371 milliseconds in repetition 286
tcp_ping received 6144 bytes back
Round trip time was 35.9986 milliseconds in repetition 287
tcp_ping received 6144 bytes back
Round trip time was 36.4942 milliseconds in repetition 288
tcp_ping received 6144 bytes back
Round trip time was 35.9987 milliseconds in repetition 289
tcp_ping received 6144 bytes back
Round trip time was 36.2839 milliseconds in repetition 290
tcp_ping received 6144 bytes back
Round trip time was 36.4929 milliseconds in repetition 291
tcp_ping received 6144 bytes back
Round trip time was 36.4583 milliseconds in repetition 292
tcp_ping received 6144 bytes back
Round trip time was 36.0442 milliseconds in repetition 293
tcp_ping received 6144 bytes back
Round trip time was 36.4467 milliseconds in repetition 294
tcp_ping received 6144 bytes back
Round trip time was 36.492 milliseconds in repetition 295
tcp_ping received 6144 bytes back
Round trip time was 36.273 milliseconds in repetition 296
tcp_ping received 6144 bytes back
Round trip time was 36.4748 milliseconds in repetition 297
tcp_ping received 6144 bytes back
Round trip time was 36.0232 milliseconds in repetition 298
tcp_ping received 6144 bytes back
Round trip time was 36.4638 milliseconds in repetition 299
tcp_ping received 6144 bytes back
Round trip time was 36.493 milliseconds in repetition 300
tcp_ping received 6144 bytes back
Round trip time was 36.2718 milliseconds in repetition 301
tcp_ping received 6144 bytes back
Round trip time was 36.4955 milliseconds in repetition 302
tcp_ping received 6144 bytes back
Round trip time was 36.0018 milliseconds in repetition 303
tcp_ping received 6144 bytes back
Round trip time was 36.7388 milliseconds in repetition 304
tcp_ping received 6144 bytes back
Round trip time was 36.4924 milliseconds in repetition 305
tcp_ping received 6144 bytes back
Round trip time was 36.7446 milliseconds in repetition 306
tcp_ping received 6144 bytes back
Round trip time was 36.0335 milliseconds in repetition 307
tcp_ping received 6144 bytes back
Round trip time was 36.4591 milliseconds in repetition 308
tcp_ping received 6144 bytes back
Round trip time was 35.9931 milliseconds in repetition 309
tcp_ping received 6144 bytes back
Round trip time was 36.4653 milliseconds in repetition 310
tcp_ping received 6144 bytes back
Round trip time was 36.4907 milliseconds in repetition 311
tcp_ping received 6144 bytes back
Round trip time was 36.0006 milliseconds in repetition 312
tcp_ping received 6144 bytes back
Round trip time was 39.9923 milliseconds in repetition 313
tcp_ping received 6144 bytes back
Round trip time was 36.2723 milliseconds in repetition 314
tcp_ping received 6144 bytes back
Round trip time was 36.2093 milliseconds in repetition 315
tcp_ping received 6144 bytes back
Round trip time was 36.7664 milliseconds in repetition 316
tcp_ping received 6144 bytes back
Round trip time was 36.4691 milliseconds in repetition 317
tcp_ping received 6144 bytes back
Round trip time was 36.0235 milliseconds in repetition 318
tcp_ping received 6144 bytes back
Round trip time was 35.9969 milliseconds in repetition 319
tcp_ping received 6144 bytes back
Round trip time was 35.9973 milliseconds in repetition 320
tcp_ping received 6144 bytes back
Round trip time was 36.4926 milliseconds in repetition 321
tcp_ping received 6144 bytes back
Round trip time was 36.0036 milliseconds in repetition 322
tcp_ping received 6144 bytes back
Round trip time was 35.7448 milliseconds in repetition 323
tcp_ping received 6144 bytes back
Round trip time was 36.5372 milliseconds in repetition 324
tcp_ping received 6144 bytes back
Round trip time was 36.4227 milliseconds in repetition 325
tcp_ping received 6144 bytes back
Round trip time was 36.2713 milliseconds in repetition 326
tcp_ping received 6144 bytes back
Round trip time was 35.7271 milliseconds in repetition 327
tcp_ping received 6144 bytes back
Round trip time was 36.4932 milliseconds in repetition 328
tcp_ping received 6144 bytes back
Round trip time was 36.2704 milliseconds in repetition 329
tcp_ping received 6144 bytes back
Round trip time was 36.4943 milliseconds in repetition 330
tcp_ping received 6144 bytes back
Round trip time was 35.9991 milliseconds in repetition 331
tcp_ping received 6144 bytes back
Round trip time was 36.4913 milliseconds in repetition 332
tcp_ping received 6144 bytes back
Round trip time was 39.248 milliseconds in repetition 333
tcp_ping received 6144 bytes back
Round trip time was 35.9992 milliseconds in repetition 334
tcp_ping received 6144 bytes back
Round trip time was 35.7488 milliseconds in repetition 335
tcp_ping received 6144 bytes back
Round trip time was 36.4732 milliseconds in repetition 336
tcp_ping received 6144 bytes back
Round trip time was 36.4863 milliseconds in repetition 337
tcp_ping received 6144 bytes back
Round trip time was 36.2714 milliseconds in repetition 338
tcp_ping received 6144 bytes back
Round trip time was 36.4949 milliseconds in repetition 339
tcp_ping received 6144 bytes back
Round trip time was 35.9986 milliseconds in repetition 340
tcp_ping received 6144 bytes back
Round trip time was 36.811 milliseconds in repetition 341
tcp_ping received 6144 bytes back
Round trip time was 36.4243 milliseconds in repetition 342
tcp_ping received 6144 bytes back
Round trip time was 36.4676 milliseconds in repetition 343
tcp_ping received 6144 bytes back
Round trip time was 36.7698 milliseconds in repetition 344
tcp_ping received 6144 bytes back
Round trip time was 38.8231 milliseconds in repetition 345
tcp_ping received 6144 bytes back
Round trip time was 36.176 milliseconds in repetition 346
tcp_ping received 6144 bytes back
Round trip time was 35.9993 milliseconds in repetition 347
tcp_ping received 6144 bytes back
Round trip time was 36.4712 milliseconds in repetition 348
tcp_ping received 6144 bytes back
Round trip time was 36.3075 milliseconds in repetition 349
tcp_ping received 6144 bytes back
Round trip time was 36.4555 milliseconds in repetition 350
tcp_ping received 6144 bytes back
Round trip time was 36.4937 milliseconds in repetition 351
tcp_ping received 6144 bytes back
Round trip time was 36.0027 milliseconds in repetition 352
tcp_ping received 6144 bytes back
Round trip time was 35.9975 milliseconds in repetition 353
tcp_ping received 6144 bytes back
Round trip time was 36.1815 milliseconds in repetition 354
tcp_ping received 6144 bytes back
Round trip time was 36.3039 milliseconds in repetition 355
tcp_ping received 6144 bytes back
Round trip time was 36.4592 milliseconds in repetition 356
tcp_ping received 6144 bytes back
Round trip time was 36.7446 milliseconds in repetition 357
tcp_ping received 6144 bytes back
Round trip time was 36.7675 milliseconds in repetition 358
tcp_ping received 6144 bytes back
Round trip time was 36.5294 milliseconds in repetition 359
tcp_ping received 6144 bytes back
Round trip time was 37.4458 milliseconds in repetition 360
tcp_ping received 6144 bytes back
Round trip time was 35.7306 milliseconds in repetition 361
tcp_ping received 6144 bytes back
Round trip time was 36.4768 milliseconds in repetition 362
tcp_ping received 6144 bytes back
Round trip time was 36.2661 milliseconds in repetition 363
tcp_ping received 6144 bytes back
Round trip time was 35.9944 milliseconds in repetition 364
tcp_ping received 6144 bytes back
Round trip time was 36.211 milliseconds in repetition 365
tcp_ping received 6144 bytes back
Round trip time was 36.2682 milliseconds in repetition 366
tcp_ping received 6144 bytes back
Round trip time was 36.4865 milliseconds in repetition 367
tcp_ping received 6144 bytes back
Round trip time was 36.0019 milliseconds in repetition 368
tcp_ping received 6144 bytes back
Round trip time was 35.7424 milliseconds in repetition 369
tcp_ping received 6144 bytes back
Round trip time was 35.9925 milliseconds in repetition 370
tcp_ping received 6144 bytes back
Round trip time was 36.7317 milliseconds in repetition 371
tcp_ping received 6144 bytes back
Round trip time was 36.4911 milliseconds in repetition 372
tcp_ping received 6144 bytes back
Round trip time was 36.2759 milliseconds in repetition 373
tcp_ping received 6144 bytes back
Round trip time was 35.9412 milliseconds in repetition 374
tcp_ping received 6144 bytes back
Round trip time was 38.021 milliseconds in repetition 375
tcp_ping received 6144 bytes back
Round trip time was 35.4728 milliseconds in repetition 376
tcp_ping received 6144 bytes back
Round trip time was 36.2726 milliseconds in repetition 377
tcp_ping received 6144 bytes back
Round trip time was 36.2065 milliseconds in repetition 378
tcp_ping received 6144 bytes back
Round trip time was 35.9963 milliseconds in repetition 379
tcp_ping received 6144 bytes back
Round trip time was 36.7394 milliseconds in repetition 380
tcp_ping received 6144 bytes back
Round trip time was 36.0177 milliseconds in repetition 381
tcp_ping received 6144 bytes back
Round trip time was 36.4583 milliseconds in repetition 382
tcp_ping received 6144 bytes back
Round trip time was 36.4919 milliseconds in repetition 383
tcp_ping received 6144 bytes back
Round trip time was 35.9912 milliseconds in repetition 384
tcp_ping received 6144 bytes back
Round trip time was 37.5047 milliseconds in repetition 385
tcp_ping received 6144 bytes back
Round trip time was 36.7491 milliseconds in repetition 386
tcp_ping received 6144 bytes back
Round trip time was 35.9818 milliseconds in repetition 387
tcp_ping received 6144 bytes back
Round trip time was 36.4941 milliseconds in repetition 388
tcp_ping received 6144 bytes back
Round trip time was 35.9989 milliseconds in repetition 389
tcp_ping received 6144 bytes back
Round trip time was 35.7405 milliseconds in repetition 390
tcp_ping received 6144 bytes back
Round trip time was 36.4586 milliseconds in repetition 391
tcp_ping received 6144 bytes back
Round trip time was 36.7617 milliseconds in repetition 392
tcp_ping received 6144 bytes back
Round trip time was 35.9959 milliseconds in repetition 393
tcp_ping received 6144 bytes back
Round trip time was 36.7343 milliseconds in repetition 394
tcp_ping received 6144 bytes back
Round trip time was 36.763 milliseconds in repetition 395
tcp_ping received 6144 bytes back
Round trip time was 36.7352 milliseconds in repetition 396
tcp_ping received 6144 bytes back
Round trip time was 36.2495 milliseconds in repetition 397
tcp_ping received 6144 bytes back
Round trip time was 36.1954 milliseconds in repetition 398
tcp_ping received 6144 bytes back
Round trip time was 36.488 milliseconds in repetition 399
tcp_ping received 6144 bytes back
Round trip time was 36.0078 milliseconds in repetition 400
tcp_ping received 6144 bytes back
Round trip time was 36.4463 milliseconds in repetition 401
tcp_ping received 6144 bytes back
Round trip time was 36.7687 milliseconds in repetition 402
tcp_ping received 6144 bytes back
Round trip time was 35.9805 milliseconds in repetition 403
tcp_ping received 6144 bytes back
Round trip time was 36.493 milliseconds in repetition 404
tcp_ping received 6144 bytes back
Round trip time was 35.9834 milliseconds in repetition 405
tcp_ping received 6144 bytes back
Round trip time was 35.7401 milliseconds in repetition 406
tcp_ping received 6144 bytes back
Round trip time was 36.4643 milliseconds in repetition 407
tcp_ping received 6144 bytes back
Round trip time was 36.4933 milliseconds in repetition 408
tcp_ping received 6144 bytes back
Round trip time was 36.2634 milliseconds in repetition 409
tcp_ping received 6144 bytes back
Round trip time was 36.4623 milliseconds in repetition 410
tcp_ping received 6144 bytes back
Round trip time was 36.3049 milliseconds in repetition 411
tcp_ping received 6144 bytes back
Round trip time was 36.1796 milliseconds in repetition 412
tcp_ping received 6144 bytes back
Round trip time was 36.2949 milliseconds in repetition 413
tcp_ping received 6144 bytes back
Round trip time was 36.46 milliseconds in repetition 414
tcp_ping received 6144 bytes back
Round trip time was 36.4956 milliseconds in repetition 415
tcp_ping received 6144 bytes back
Round trip time was 35.9926 milliseconds in repetition 416
tcp_ping received 6144 bytes back
Round trip time was 40.7392 milliseconds in repetition 417
tcp_ping received 6144 bytes back
Round trip time was 36.4903 milliseconds in repetition 418
tcp_ping received 6144 bytes back
Round trip time was 36.2733 milliseconds in repetition 419
tcp_ping received 6144 bytes back
Round trip time was 36.4928 milliseconds in repetition 420
tcp_ping received 6144 bytes back
Round trip time was 36.4682 milliseconds in repetition 421
tcp_ping received 6144 bytes back
Round trip time was 36.0216 milliseconds in repetition 422
tcp_ping received 6144 bytes back
Round trip time was 35.9971 milliseconds in repetition 423
tcp_ping received 6144 bytes back
Round trip time was 35.997 milliseconds in repetition 424
tcp_ping received 6144 bytes back
Round trip time was 36.4927 milliseconds in repetition 425
tcp_ping received 6144 bytes back
Round trip time was 35.7298 milliseconds in repetition 426
tcp_ping received 6144 bytes back
Round trip time was 36.484 milliseconds in repetition 427
tcp_ping received 6144 bytes back
Round trip time was 36.2652 milliseconds in repetition 428
tcp_ping received 6144 bytes back
Round trip time was 36.4946 milliseconds in repetition 429
tcp_ping received 6144 bytes back
Round trip time was 35.9956 milliseconds in repetition 430
tcp_ping received 6144 bytes back
Round trip time was 35.9951 milliseconds in repetition 431
tcp_ping received 6144 bytes back
Round trip time was 36.4874 milliseconds in repetition 432
tcp_ping received 6144 bytes back
Round trip time was 35.9932 milliseconds in repetition 433
tcp_ping received 6144 bytes back
Round trip time was 35.7529 milliseconds in repetition 434
tcp_ping received 6144 bytes back
Round trip time was 36.4582 milliseconds in repetition 435
tcp_ping received 6144 bytes back
Round trip time was 36.0172 milliseconds in repetition 436
tcp_ping received 6144 bytes back
Round trip time was 35.9978 milliseconds in repetition 437
tcp_ping received 6144 bytes back
Round trip time was 35.7382 milliseconds in repetition 438
tcp_ping received 6144 bytes back
Round trip time was 36.5344 milliseconds in repetition 439
tcp_ping received 6144 bytes back
Round trip time was 36.2008 milliseconds in repetition 440
tcp_ping received 6144 bytes back
Round trip time was 36.4634 milliseconds in repetition 441
tcp_ping received 6144 bytes back
Round trip time was 35.7147 milliseconds in repetition 442
tcp_ping received 6144 bytes back
Round trip time was 36.4888 milliseconds in repetition 443
tcp_ping received 6144 bytes back
Round trip time was 36.273 milliseconds in repetition 444
tcp_ping received 6144 bytes back
Round trip time was 36.4927 milliseconds in repetition 445
tcp_ping received 6144 bytes back
Round trip time was 36.7412 milliseconds in repetition 446
tcp_ping received 6144 bytes back
Round trip time was 35.7225 milliseconds in repetition 447
tcp_ping received 6144 bytes back
Round trip time was 36.7603 milliseconds in repetition 448
tcp_ping received 6144 bytes back
Round trip time was 35.998 milliseconds in repetition 449
tcp_ping received 6144 bytes back
Round trip time was 36.4867 milliseconds in repetition 450
tcp_ping received 6144 bytes back
Round trip time was 36.0008 milliseconds in repetition 451
tcp_ping received 6144 bytes back
Round trip time was 36.2052 milliseconds in repetition 452
tcp_ping received 6144 bytes back
Round trip time was 36.2706 milliseconds in repetition 453
tcp_ping received 6144 bytes back
Round trip time was 36.2209 milliseconds in repetition 454
tcp_ping received 6144 bytes back
Round trip time was 36.2606 milliseconds in repetition 455
tcp_ping received 6144 bytes back
Round trip time was 35.9949 milliseconds in repetition 456
tcp_ping received 6144 bytes back
Round trip time was 36.4902 milliseconds in repetition 457
tcp_ping received 6144 bytes back
Round trip time was 38.9647 milliseconds in repetition 458
tcp_ping received 6144 bytes back
Round trip time was 36.0173 milliseconds in repetition 459
tcp_ping received 6144 bytes back
Round trip time was 35.9932 milliseconds in repetition 460
tcp_ping received 6144 bytes back
Round trip time was 36.2296 milliseconds in repetition 461
tcp_ping received 6144 bytes back
Round trip time was 36.2563 milliseconds in repetition 462
tcp_ping received 6144 bytes back
Round trip time was 36.7501 milliseconds in repetition 463
tcp_ping received 6144 bytes back
Round trip time was 36.2108 milliseconds in repetition 464
tcp_ping received 6144 bytes back
Round trip time was 36.7415 milliseconds in repetition 465
tcp_ping received 6144 bytes back
Round trip time was 36.0173 milliseconds in repetition 466
tcp_ping received 6144 bytes back
Round trip time was 36.2766 milliseconds in repetition 467
tcp_ping received 6144 bytes back
Round trip time was 36.2015 milliseconds in repetition 468
tcp_ping received 6144 bytes back
Round trip time was 35.9908 milliseconds in repetition 469
tcp_ping received 6144 bytes back
Round trip time was 36.4698 milliseconds in repetition 470
tcp_ping received 6144 bytes back
Round trip time was 36.3043 milliseconds in repetition 471
tcp_ping received 6144 bytes back
Round trip time was 36.4478 milliseconds in repetition 472
tcp_ping received 6144 bytes back
Round trip time was 36.4891 milliseconds in repetition 473
tcp_ping received 6144 bytes back
Round trip time was 36.004 milliseconds in repetition 474
tcp_ping received 6144 bytes back
Round trip time was 35.7263 milliseconds in repetition 475
tcp_ping received 6144 bytes back
Round trip time was 36.7399 milliseconds in repetition 476
tcp_ping received 6144 bytes back
Round trip time was 36.2722 milliseconds in repetition 477
tcp_ping received 6144 bytes back
Round trip time was 36.2087 milliseconds in repetition 478
tcp_ping received 6144 bytes back
Round trip time was 36.0693 milliseconds in repetition 479
tcp_ping received 6144 bytes back
Round trip time was 36.411 milliseconds in repetition 480
tcp_ping received 6144 bytes back
Round trip time was 36.7392 milliseconds in repetition 481
tcp_ping received 6144 bytes back
Round trip time was 36.4875 milliseconds in repetition 482
tcp_ping received 6144 bytes back
Round trip time was 36.7389 milliseconds in repetition 483
tcp_ping received 6144 bytes back
Round trip time was 36.0166 milliseconds in repetition 484
tcp_ping received 6144 bytes back
Round trip time was 35.9602 milliseconds in repetition 485
tcp_ping received 6144 bytes back
Round trip time was 35.9961 milliseconds in repetition 486
tcp_ping received 6144 bytes back
Round trip time was 35.7403 milliseconds in repetition 487
tcp_ping received 6144 bytes back
Round trip time was 36.7377 milliseconds in repetition 488
tcp_ping received 6144 bytes back
Round trip time was 36.2173 milliseconds in repetition 489
tcp_ping received 6144 bytes back
Round trip time was 36.264 milliseconds in repetition 490
tcp_ping received 6144 bytes back
Round trip time was 36.4914 milliseconds in repetition 491
tcp_ping received 6144 bytes back
Round trip time was 35.9994 milliseconds in repetition 492
tcp_ping received 6144 bytes back
Round trip time was 36.5337 milliseconds in repetition 493
tcp_ping received 6144 bytes back
Round trip time was 36.4209 milliseconds in repetition 494
tcp_ping received 6144 bytes back
Round trip time was 36.268 milliseconds in repetition 495
tcp_ping received 6144 bytes back
Round trip time was 36.4852 milliseconds in repetition 496
tcp_ping received 6144 bytes back
Round trip time was 35.9977 milliseconds in repetition 497
tcp_ping received 6144 bytes back
Round trip time was 36.4876 milliseconds in repetition 498
tcp_ping received 6144 bytes back
Round trip time was 35.9944 milliseconds in repetition 499
tcp_ping received 6144 bytes back
Round trip time was 36.4668 milliseconds in repetition 500
tcp_ping received 6144 bytes back
Round trip time was 37.0421 milliseconds in repetition 501

 ... clock resolution was 1e-06
TCP Ping:  Statistics over 501 repetitions of 6144 byte messages

RTT : percentile 10: 35.9931, median: 36.2733, percentile 90: 36.7446, average: 36.4712, variance: 2.35285

RTT histogram:
35.4728 170
36.7113 309
37.9498 9
39.1882 6
40.4267 4
41.6652 1
42.9036 0
44.1421 0
45.3806 0
46.619 0
47.8575 0
49.096 0
50.3344 0
51.5729 0
52.8114 0
54.0498 0
55.2883 0
56.5268 1
57.7652 0
59.0037 0
60.2422 1

   median Throughput : 338.762 KB/s   overall Throughput : 336.923 KB/s

