TCP Ping trying to connect to server 192.168.1.51 (192.168.1.51) on port 1491
 ... connected to Pong server: asking for 501 repetitions of 4096 bytes TCP messages
 ... Pong server agreed :-)
tcp_ping received 4096 bytes back
Round trip time was 2.12191 milliseconds in repetition 1
tcp_ping received 4096 bytes back
Round trip time was 2.61571 milliseconds in repetition 2
tcp_ping received 4096 bytes back
Round trip time was 2.12617 milliseconds in repetition 3
tcp_ping received 4096 bytes back
Round trip time was 2.53567 milliseconds in repetition 4
tcp_ping received 4096 bytes back
Round trip time was 4.50892 milliseconds in repetition 5
tcp_ping received 4096 bytes back
Round trip time was 3.83474 milliseconds in repetition 6
tcp_ping received 4096 bytes back
Round trip time was 2.16526 milliseconds in repetition 7
tcp_ping received 4096 bytes back
Round trip time was 3.11974 milliseconds in repetition 8
tcp_ping received 4096 bytes back
Round trip time was 2.78931 milliseconds in repetition 9
tcp_ping received 4096 bytes back
Round trip time was 2.9025 milliseconds in repetition 10
tcp_ping received 4096 bytes back
Round trip time was 3.20586 milliseconds in repetition 11
tcp_ping received 4096 bytes back
Round trip time was 2.52459 milliseconds in repetition 12
tcp_ping received 4096 bytes back
Round trip time was 2.18067 milliseconds in repetition 13
tcp_ping received 4096 bytes back
Round trip time was 2.58299 milliseconds in repetition 14
tcp_ping received 4096 bytes back
Round trip time was 2.49078 milliseconds in repetition 15
tcp_ping received 4096 bytes back
Round trip time was 3.21088 milliseconds in repetition 16
tcp_ping received 4096 bytes back
Round trip time was 2.10899 milliseconds in repetition 17
tcp_ping received 4096 bytes back
Round trip time was 2.05542 milliseconds in repetition 18
tcp_ping received 4096 bytes back
Round trip time was 2.16948 milliseconds in repetition 19
tcp_ping received 4096 bytes back
Round trip time was 2.455 milliseconds in repetition 20
tcp_ping received 4096 bytes back
Round trip time was 3.10777 milliseconds in repetition 21
tcp_ping received 4096 bytes back
Round trip time was 2.71923 milliseconds in repetition 22
tcp_ping received 4096 bytes back
Round trip time was 2.90549 milliseconds in repetition 23
tcp_ping received 4096 bytes back
Round trip time was 2.15044 milliseconds in repetition 24
tcp_ping received 4096 bytes back
Round trip time was 2.0846 milliseconds in repetition 25
tcp_ping received 4096 bytes back
Round trip time was 2.44871 milliseconds in repetition 26
tcp_ping received 4096 bytes back
Round trip time was 3.45214 milliseconds in repetition 27
tcp_ping received 4096 bytes back
Round trip time was 2.82657 milliseconds in repetition 28
tcp_ping received 4096 bytes back
Round trip time was 1.83773 milliseconds in repetition 29
tcp_ping received 4096 bytes back
Round trip time was 2.83838 milliseconds in repetition 30
tcp_ping received 4096 bytes back
Round trip time was 3.08059 milliseconds in repetition 31
tcp_ping received 4096 bytes back
Round trip time was 2.95909 milliseconds in repetition 32
tcp_ping received 4096 bytes back
Round trip time was 2.43308 milliseconds in repetition 33
tcp_ping received 4096 bytes back
Round trip time was 2.69867 milliseconds in repetition 34
tcp_ping received 4096 bytes back
Round trip time was 2.70208 milliseconds in repetition 35
tcp_ping received 4096 bytes back
Round trip time was 2.10579 milliseconds in repetition 36
tcp_ping received 4096 bytes back
Round trip time was 2.42946 milliseconds in repetition 37
tcp_ping received 4096 bytes back
Round trip time was 3.43486 milliseconds in repetition 38
tcp_ping received 4096 bytes back
Round trip time was 2.42298 milliseconds in repetition 39
tcp_ping received 4096 bytes back
Round trip time was 1.77196 milliseconds in repetition 40
tcp_ping received 4096 bytes back
Round trip time was 3.46033 milliseconds in repetition 41
tcp_ping received 4096 bytes back
Round trip time was 2.10841 milliseconds in repetition 42
tcp_ping received 4096 bytes back
Round trip time was 2.48745 milliseconds in repetition 43
tcp_ping received 4096 bytes back
Round trip time was 2.31159 milliseconds in repetition 44
tcp_ping received 4096 bytes back
Round trip time was 2.57767 milliseconds in repetition 45
tcp_ping received 4096 bytes back
Round trip time was 2.34203 milliseconds in repetition 46
tcp_ping received 4096 bytes back
Round trip time was 3.30297 milliseconds in repetition 47
tcp_ping received 4096 bytes back
Round trip time was 2.52486 milliseconds in repetition 48
tcp_ping received 4096 bytes back
Round trip time was 2.04901 milliseconds in repetition 49
tcp_ping received 4096 bytes back
Round trip time was 2.4615 milliseconds in repetition 50
tcp_ping received 4096 bytes back
Round trip time was 2.13471 milliseconds in repetition 51
tcp_ping received 4096 bytes back
Round trip time was 3.41986 milliseconds in repetition 52
tcp_ping received 4096 bytes back
Round trip time was 2.87255 milliseconds in repetition 53
tcp_ping received 4096 bytes back
Round trip time was 2.03223 milliseconds in repetition 54
tcp_ping received 4096 bytes back
Round trip time was 2.07517 milliseconds in repetition 55
tcp_ping received 4096 bytes back
Round trip time was 2.11208 milliseconds in repetition 56
tcp_ping received 4096 bytes back
Round trip time was 3.08865 milliseconds in repetition 57
tcp_ping received 4096 bytes back
Round trip time was 2.95478 milliseconds in repetition 58
tcp_ping received 4096 bytes back
Round trip time was 3.26051 milliseconds in repetition 59
tcp_ping received 4096 bytes back
Round trip time was 2.90107 milliseconds in repetition 60
tcp_ping received 4096 bytes back
Round trip time was 2.63414 milliseconds in repetition 61
tcp_ping received 4096 bytes back
Round trip time was 2.37344 milliseconds in repetition 62
tcp_ping received 4096 bytes back
Round trip time was 2.75536 milliseconds in repetition 63
tcp_ping received 4096 bytes back
Round trip time was 2.60868 milliseconds in repetition 64
tcp_ping received 4096 bytes back
Round trip time was 2.08484 milliseconds in repetition 65
tcp_ping received 4096 bytes back
Round trip time was 2.69502 milliseconds in repetition 66
tcp_ping received 4096 bytes back
Round trip time was 2.10995 milliseconds in repetition 67
tcp_ping received 4096 bytes back
Round trip time was 2.90735 milliseconds in repetition 68
tcp_ping received 4096 bytes back
Round trip time was 2.46589 milliseconds in repetition 69
tcp_ping received 4096 bytes back
Round trip time was 2.52295 milliseconds in repetition 70
tcp_ping received 4096 bytes back
Round trip time was 2.96119 milliseconds in repetition 71
tcp_ping received 4096 bytes back
Round trip time was 2.15251 milliseconds in repetition 72
tcp_ping received 4096 bytes back
Round trip time was 2.60969 milliseconds in repetition 73
tcp_ping received 4096 bytes back
Round trip time was 2.73436 milliseconds in repetition 74
tcp_ping received 4096 bytes back
Round trip time was 2.55815 milliseconds in repetition 75
tcp_ping received 4096 bytes back
Round trip time was 2.35799 milliseconds in repetition 76
tcp_ping received 4096 bytes back
Round trip time was 2.45536 milliseconds in repetition 77
tcp_ping received 4096 bytes back
Round trip time was 2.4154 milliseconds in repetition 78
tcp_ping received 4096 bytes back
Round trip time was 3.11808 milliseconds in repetition 79
tcp_ping received 4096 bytes back
Round trip time was 2.4149 milliseconds in repetition 80
tcp_ping received 4096 bytes back
Round trip time was 2.75613 milliseconds in repetition 81
tcp_ping received 4096 bytes back
Round trip time was 2.50991 milliseconds in repetition 82
tcp_ping received 4096 bytes back
Round trip time was 2.53845 milliseconds in repetition 83
tcp_ping received 4096 bytes back
Round trip time was 2.44076 milliseconds in repetition 84
tcp_ping received 4096 bytes back
Round trip time was 2.49329 milliseconds in repetition 85
tcp_ping received 4096 bytes back
Round trip time was 3.05987 milliseconds in repetition 86
tcp_ping received 4096 bytes back
Round trip time was 2.45061 milliseconds in repetition 87
tcp_ping received 4096 bytes back
Round trip time was 2.56964 milliseconds in repetition 88
tcp_ping received 4096 bytes back
Round trip time was 2.15118 milliseconds in repetition 89
tcp_ping received 4096 bytes back
Round trip time was 2.37377 milliseconds in repetition 90
tcp_ping received 4096 bytes back
Round trip time was 2.9091 milliseconds in repetition 91
tcp_ping received 4096 bytes back
Round trip time was 2.1027 milliseconds in repetition 92
tcp_ping received 4096 bytes back
Round trip time was 3.17999 milliseconds in repetition 93
tcp_ping received 4096 bytes back
Round trip time was 2.07695 milliseconds in repetition 94
tcp_ping received 4096 bytes back
Round trip time was 3.51058 milliseconds in repetition 95
tcp_ping received 4096 bytes back
Round trip time was 2.45588 milliseconds in repetition 96
tcp_ping received 4096 bytes back
Round trip time was 3.15189 milliseconds in repetition 97
tcp_ping received 4096 bytes back
Round trip time was 2.48157 milliseconds in repetition 98
tcp_ping received 4096 bytes back
Round trip time was 3.59092 milliseconds in repetition 99
tcp_ping received 4096 bytes back
Round trip time was 4.10572 milliseconds in repetition 100
tcp_ping received 4096 bytes back
Round trip time was 2.85945 milliseconds in repetition 101
tcp_ping received 4096 bytes back
Round trip time was 2.4364 milliseconds in repetition 102
tcp_ping received 4096 bytes back
Round trip time was 2.82493 milliseconds in repetition 103
tcp_ping received 4096 bytes back
Round trip time was 3.13278 milliseconds in repetition 104
tcp_ping received 4096 bytes back
Round trip time was 2.51855 milliseconds in repetition 105
tcp_ping received 4096 bytes back
Round trip time was 3.0504 milliseconds in repetition 106
tcp_ping received 4096 bytes back
Round trip time was 2.69584 milliseconds in repetition 107
tcp_ping received 4096 bytes back
Round trip time was 3.26208 milliseconds in repetition 108
tcp_ping received 4096 bytes back
Round trip time was 2.88283 milliseconds in repetition 109
tcp_ping received 4096 bytes back
Round trip time was 2.78116 milliseconds in repetition 110
tcp_ping received 4096 bytes back
Round trip time was 3.10754 milliseconds in repetition 111
tcp_ping received 4096 bytes back
Round trip time was 2.36035 milliseconds in repetition 112
tcp_ping received 4096 bytes back
Round trip time was 3.07953 milliseconds in repetition 113
tcp_ping received 4096 bytes back
Round trip time was 2.44742 milliseconds in repetition 114
tcp_ping received 4096 bytes back
Round trip time was 2.45899 milliseconds in repetition 115
tcp_ping received 4096 bytes back
Round trip time was 2.76925 milliseconds in repetition 116
tcp_ping received 4096 bytes back
Round trip time was 2.48002 milliseconds in repetition 117
tcp_ping received 4096 bytes back
Round trip time was 4.35812 milliseconds in repetition 118
tcp_ping received 4096 bytes back
Round trip time was 3.32753 milliseconds in repetition 119
tcp_ping received 4096 bytes back
Round trip time was 3.3228 milliseconds in repetition 120
tcp_ping received 4096 bytes back
Round trip time was 4.04188 milliseconds in repetition 121
tcp_ping received 4096 bytes back
Round trip time was 2.86192 milliseconds in repetition 122
tcp_ping received 4096 bytes back
Round trip time was 3.12025 milliseconds in repetition 123
tcp_ping received 4096 bytes back
Round trip time was 2.44325 milliseconds in repetition 124
tcp_ping received 4096 bytes back
Round trip time was 2.46136 milliseconds in repetition 125
tcp_ping received 4096 bytes back
Round trip time was 3.20386 milliseconds in repetition 126
tcp_ping received 4096 bytes back
Round trip time was 2.88507 milliseconds in repetition 127
tcp_ping received 4096 bytes back
Round trip time was 3.70641 milliseconds in repetition 128
tcp_ping received 4096 bytes back
Round trip time was 2.09928 milliseconds in repetition 129
tcp_ping received 4096 bytes back
Round trip time was 2.0778 milliseconds in repetition 130
tcp_ping received 4096 bytes back
Round trip time was 2.08524 milliseconds in repetition 131
tcp_ping received 4096 bytes back
Round trip time was 2.08116 milliseconds in repetition 132
tcp_ping received 4096 bytes back
Round trip time was 2.28714 milliseconds in repetition 133
tcp_ping received 4096 bytes back
Round trip time was 2.03896 milliseconds in repetition 134
tcp_ping received 4096 bytes back
Round trip time was 2.08113 milliseconds in repetition 135
tcp_ping received 4096 bytes back
Round trip time was 2.69271 milliseconds in repetition 136
tcp_ping received 4096 bytes back
Round trip time was 2.11176 milliseconds in repetition 137
tcp_ping received 4096 bytes back
Round trip time was 2.47419 milliseconds in repetition 138
tcp_ping received 4096 bytes back
Round trip time was 2.08618 milliseconds in repetition 139
tcp_ping received 4096 bytes back
Round trip time was 3.58752 milliseconds in repetition 140
tcp_ping received 4096 bytes back
Round trip time was 2.92216 milliseconds in repetition 141
tcp_ping received 4096 bytes back
Round trip time was 2.64371 milliseconds in repetition 142
tcp_ping received 4096 bytes back
Round trip time was 2.14383 milliseconds in repetition 143
tcp_ping received 4096 bytes back
Round trip time was 2.10503 milliseconds in repetition 144
tcp_ping received 4096 bytes back
Round trip time was 2.49202 milliseconds in repetition 145
tcp_ping received 4096 bytes back
Round trip time was 2.07773 milliseconds in repetition 146
tcp_ping received 4096 bytes back
Round trip time was 2.36855 milliseconds in repetition 147
tcp_ping received 4096 bytes back
Round trip time was 2.04253 milliseconds in repetition 148
tcp_ping received 4096 bytes back
Round trip time was 2.36553 milliseconds in repetition 149
tcp_ping received 4096 bytes back
Round trip time was 2.07923 milliseconds in repetition 150
tcp_ping received 4096 bytes back
Round trip time was 3.17679 milliseconds in repetition 151
tcp_ping received 4096 bytes back
Round trip time was 2.13944 milliseconds in repetition 152
tcp_ping received 4096 bytes back
Round trip time was 3.44456 milliseconds in repetition 153
tcp_ping received 4096 bytes back
Round trip time was 2.08954 milliseconds in repetition 154
tcp_ping received 4096 bytes back
Round trip time was 2.45782 milliseconds in repetition 155
tcp_ping received 4096 bytes back
Round trip time was 2.1204 milliseconds in repetition 156
tcp_ping received 4096 bytes back
Round trip time was 2.45781 milliseconds in repetition 157
tcp_ping received 4096 bytes back
Round trip time was 2.44001 milliseconds in repetition 158
tcp_ping received 4096 bytes back
Round trip time was 2.76961 milliseconds in repetition 159
tcp_ping received 4096 bytes back
Round trip time was 2.0672 milliseconds in repetition 160
tcp_ping received 4096 bytes back
Round trip time was 2.9443 milliseconds in repetition 161
tcp_ping received 4096 bytes back
Round trip time was 2.40814 milliseconds in repetition 162
tcp_ping received 4096 bytes back
Round trip time was 2.92772 milliseconds in repetition 163
tcp_ping received 4096 bytes back
Round trip time was 2.46924 milliseconds in repetition 164
tcp_ping received 4096 bytes back
Round trip time was 2.07047 milliseconds in repetition 165
tcp_ping received 4096 bytes back
Round trip time was 2.49841 milliseconds in repetition 166
tcp_ping received 4096 bytes back
Round trip time was 2.07699 milliseconds in repetition 167
tcp_ping received 4096 bytes back
Round trip time was 2.05003 milliseconds in repetition 168
tcp_ping received 4096 bytes back
Round trip time was 2.07969 milliseconds in repetition 169
tcp_ping received 4096 bytes back
Round trip time was 2.07564 milliseconds in repetition 170
tcp_ping received 4096 bytes back
Round trip time was 2.85582 milliseconds in repetition 171
tcp_ping received 4096 bytes back
Round trip time was 2.4401 milliseconds in repetition 172
tcp_ping received 4096 bytes back
Round trip time was 2.76965 milliseconds in repetition 173
tcp_ping received 4096 bytes back
Round trip time was 2.07872 milliseconds in repetition 174
tcp_ping received 4096 bytes back
Round trip time was 3.62271 milliseconds in repetition 175
tcp_ping received 4096 bytes back
Round trip time was 2.08638 milliseconds in repetition 176
tcp_ping received 4096 bytes back
Round trip time was 3.46715 milliseconds in repetition 177
tcp_ping received 4096 bytes back
Round trip time was 3.27844 milliseconds in repetition 178
tcp_ping received 4096 bytes back
Round trip time was 2.44218 milliseconds in repetition 179
tcp_ping received 4096 bytes back
Round trip time was 2.1667 milliseconds in repetition 180
tcp_ping received 4096 bytes back
Round trip time was 2.36465 milliseconds in repetition 181
tcp_ping received 4096 bytes back
Round trip time was 2.46561 milliseconds in repetition 182
tcp_ping received 4096 bytes back
Round trip time was 2.09845 milliseconds in repetition 183
tcp_ping received 4096 bytes back
Round trip time was 2.96368 milliseconds in repetition 184
tcp_ping received 4096 bytes back
Round trip time was 2.459 milliseconds in repetition 185
tcp_ping received 4096 bytes back
Round trip time was 2.06122 milliseconds in repetition 186
tcp_ping received 4096 bytes back
Round trip time was 2.71792 milliseconds in repetition 187
tcp_ping received 4096 bytes back
Round trip time was 2.43712 milliseconds in repetition 188
tcp_ping received 4096 bytes back
Round trip time was 2.64988 milliseconds in repetition 189
tcp_ping received 4096 bytes back
Round trip time was 2.9317 milliseconds in repetition 190
tcp_ping received 4096 bytes back
Round trip time was 2.11421 milliseconds in repetition 191
tcp_ping received 4096 bytes back
Round trip time was 2.84863 milliseconds in repetition 192
tcp_ping received 4096 bytes back
Round trip time was 2.6252 milliseconds in repetition 193
tcp_ping received 4096 bytes back
Round trip time was 2.13461 milliseconds in repetition 194
tcp_ping received 4096 bytes back
Round trip time was 2.43234 milliseconds in repetition 195
tcp_ping received 4096 bytes back
Round trip time was 2.1506 milliseconds in repetition 196
tcp_ping received 4096 bytes back
Round trip time was 2.54975 milliseconds in repetition 197
tcp_ping received 4096 bytes back
Round trip time was 2.75845 milliseconds in repetition 198
tcp_ping received 4096 bytes back
Round trip time was 2.77726 milliseconds in repetition 199
tcp_ping received 4096 bytes back
Round trip time was 2.13536 milliseconds in repetition 200
tcp_ping received 4096 bytes back
Round trip time was 3.66719 milliseconds in repetition 201
tcp_ping received 4096 bytes back
Round trip time was 2.17974 milliseconds in repetition 202
tcp_ping received 4096 bytes back
Round trip time was 2.4946 milliseconds in repetition 203
tcp_ping received 4096 bytes back
Round trip time was 2.11315 milliseconds in repetition 204
tcp_ping received 4096 bytes back
Round trip time was 2.53914 milliseconds in repetition 205
tcp_ping received 4096 bytes back
Round trip time was 2.92942 milliseconds in repetition 206
tcp_ping received 4096 bytes back
Round trip time was 2.92475 milliseconds in repetition 207
tcp_ping received 4096 bytes back
Round trip time was 2.92055 milliseconds in repetition 208
tcp_ping received 4096 bytes back
Round trip time was 2.11776 milliseconds in repetition 209
tcp_ping received 4096 bytes back
Round trip time was 2.42392 milliseconds in repetition 210
tcp_ping received 4096 bytes back
Round trip time was 3.31671 milliseconds in repetition 211
tcp_ping received 4096 bytes back
Round trip time was 2.63943 milliseconds in repetition 212
tcp_ping received 4096 bytes back
Round trip time was 2.87819 milliseconds in repetition 213
tcp_ping received 4096 bytes back
Round trip time was 2.87048 milliseconds in repetition 214
tcp_ping received 4096 bytes back
Round trip time was 2.16666 milliseconds in repetition 215
tcp_ping received 4096 bytes back
Round trip time was 2.17465 milliseconds in repetition 216
tcp_ping received 4096 bytes back
Round trip time was 2.50241 milliseconds in repetition 217
tcp_ping received 4096 bytes back
Round trip time was 2.42138 milliseconds in repetition 218
tcp_ping received 4096 bytes back
Round trip time was 2.10973 milliseconds in repetition 219
tcp_ping received 4096 bytes back
Round trip time was 2.5422 milliseconds in repetition 220
tcp_ping received 4096 bytes back
Round trip time was 2.76471 milliseconds in repetition 221
tcp_ping received 4096 bytes back
Round trip time was 2.20708 milliseconds in repetition 222
tcp_ping received 4096 bytes back
Round trip time was 2.15105 milliseconds in repetition 223
tcp_ping received 4096 bytes back
Round trip time was 2.16223 milliseconds in repetition 224
tcp_ping received 4096 bytes back
Round trip time was 2.13952 milliseconds in repetition 225
tcp_ping received 4096 bytes back
Round trip time was 2.40766 milliseconds in repetition 226
tcp_ping received 4096 bytes back
Round trip time was 2.55819 milliseconds in repetition 227
tcp_ping received 4096 bytes back
Round trip time was 2.51827 milliseconds in repetition 228
tcp_ping received 4096 bytes back
Round trip time was 2.83283 milliseconds in repetition 229
tcp_ping received 4096 bytes back
Round trip time was 2.63156 milliseconds in repetition 230
tcp_ping received 4096 bytes back
Round trip time was 3.00236 milliseconds in repetition 231
tcp_ping received 4096 bytes back
Round trip time was 2.56606 milliseconds in repetition 232
tcp_ping received 4096 bytes back
Round trip time was 2.16521 milliseconds in repetition 233
tcp_ping received 4096 bytes back
Round trip time was 2.14807 milliseconds in repetition 234
tcp_ping received 4096 bytes back
Round trip time was 2.5269 milliseconds in repetition 235
tcp_ping received 4096 bytes back
Round trip time was 2.13589 milliseconds in repetition 236
tcp_ping received 4096 bytes back
Round trip time was 2.50011 milliseconds in repetition 237
tcp_ping received 4096 bytes back
Round trip time was 2.16717 milliseconds in repetition 238
tcp_ping received 4096 bytes back
Round trip time was 2.62608 milliseconds in repetition 239
tcp_ping received 4096 bytes back
Round trip time was 2.43344 milliseconds in repetition 240
tcp_ping received 4096 bytes back
Round trip time was 2.96402 milliseconds in repetition 241
tcp_ping received 4096 bytes back
Round trip time was 3.18554 milliseconds in repetition 242
tcp_ping received 4096 bytes back
Round trip time was 2.64535 milliseconds in repetition 243
tcp_ping received 4096 bytes back
Round trip time was 2.13201 milliseconds in repetition 244
tcp_ping received 4096 bytes back
Round trip time was 2.22382 milliseconds in repetition 245
tcp_ping received 4096 bytes back
Round trip time was 2.16614 milliseconds in repetition 246
tcp_ping received 4096 bytes back
Round trip time was 2.46032 milliseconds in repetition 247
tcp_ping received 4096 bytes back
Round trip time was 3.04056 milliseconds in repetition 248
tcp_ping received 4096 bytes back
Round trip time was 2.58087 milliseconds in repetition 249
tcp_ping received 4096 bytes back
Round trip time was 2.17644 milliseconds in repetition 250
tcp_ping received 4096 bytes back
Round trip time was 2.21736 milliseconds in repetition 251
tcp_ping received 4096 bytes back
Round trip time was 2.13148 milliseconds in repetition 252
tcp_ping received 4096 bytes back
Round trip time was 2.75039 milliseconds in repetition 253
tcp_ping received 4096 bytes back
Round trip time was 2.85623 milliseconds in repetition 254
tcp_ping received 4096 bytes back
Round trip time was 2.77498 milliseconds in repetition 255
tcp_ping received 4096 bytes back
Round trip time was 2.44201 milliseconds in repetition 256
tcp_ping received 4096 bytes back
Round trip time was 2.6527 milliseconds in repetition 257
tcp_ping received 4096 bytes back
Round trip time was 2.45739 milliseconds in repetition 258
tcp_ping received 4096 bytes back
Round trip time was 2.47332 milliseconds in repetition 259
tcp_ping received 4096 bytes back
Round trip time was 1.77612 milliseconds in repetition 260
tcp_ping received 4096 bytes back
Round trip time was 2.56421 milliseconds in repetition 261
tcp_ping received 4096 bytes back
Round trip time was 2.55971 milliseconds in repetition 262
tcp_ping received 4096 bytes back
Round trip time was 2.59059 milliseconds in repetition 263
tcp_ping received 4096 bytes back
Round trip time was 2.93818 milliseconds in repetition 264
tcp_ping received 4096 bytes back
Round trip time was 2.79835 milliseconds in repetition 265
tcp_ping received 4096 bytes back
Round trip time was 2.64428 milliseconds in repetition 266
tcp_ping received 4096 bytes back
Round trip time was 2.08712 milliseconds in repetition 267
tcp_ping received 4096 bytes back
Round trip time was 2.5197 milliseconds in repetition 268
tcp_ping received 4096 bytes back
Round trip time was 2.52635 milliseconds in repetition 269
tcp_ping received 4096 bytes back
Round trip time was 3.20397 milliseconds in repetition 270
tcp_ping received 4096 bytes back
Round trip time was 2.4916 milliseconds in repetition 271
tcp_ping received 4096 bytes back
Round trip time was 2.13661 milliseconds in repetition 272
tcp_ping received 4096 bytes back
Round trip time was 2.50049 milliseconds in repetition 273
tcp_ping received 4096 bytes back
Round trip time was 2.0797 milliseconds in repetition 274
tcp_ping received 4096 bytes back
Round trip time was 2.10961 milliseconds in repetition 275
tcp_ping received 4096 bytes back
Round trip time was 2.43214 milliseconds in repetition 276
tcp_ping received 4096 bytes back
Round trip time was 2.42532 milliseconds in repetition 277
tcp_ping received 4096 bytes back
Round trip time was 2.55938 milliseconds in repetition 278
tcp_ping received 4096 bytes back
Round trip time was 3.55471 milliseconds in repetition 279
tcp_ping received 4096 bytes back
Round trip time was 3.03728 milliseconds in repetition 280
tcp_ping received 4096 bytes back
Round trip time was 2.69351 milliseconds in repetition 281
tcp_ping received 4096 bytes back
Round trip time was 2.75455 milliseconds in repetition 282
tcp_ping received 4096 bytes back
Round trip time was 2.15483 milliseconds in repetition 283
tcp_ping received 4096 bytes back
Round trip time was 3.08143 milliseconds in repetition 284
tcp_ping received 4096 bytes back
Round trip time was 2.68812 milliseconds in repetition 285
tcp_ping received 4096 bytes back
Round trip time was 3.95426 milliseconds in repetition 286
tcp_ping received 4096 bytes back
Round trip time was 2.45788 milliseconds in repetition 287
tcp_ping received 4096 bytes back
Round trip time was 2.44841 milliseconds in repetition 288
tcp_ping received 4096 bytes back
Round trip time was 2.94798 milliseconds in repetition 289
tcp_ping received 4096 bytes back
Round trip time was 2.5214 milliseconds in repetition 290
tcp_ping received 4096 bytes back
Round trip time was 2.5633 milliseconds in repetition 291
tcp_ping received 4096 bytes back
Round trip time was 2.18688 milliseconds in repetition 292
tcp_ping received 4096 bytes back
Round trip time was 2.30327 milliseconds in repetition 293
tcp_ping received 4096 bytes back
Round trip time was 2.53654 milliseconds in repetition 294
tcp_ping received 4096 bytes back
Round trip time was 2.96318 milliseconds in repetition 295
tcp_ping received 4096 bytes back
Round trip time was 2.10943 milliseconds in repetition 296
tcp_ping received 4096 bytes back
Round trip time was 2.80651 milliseconds in repetition 297
tcp_ping received 4096 bytes back
Round trip time was 2.50407 milliseconds in repetition 298
tcp_ping received 4096 bytes back
Round trip time was 2.37201 milliseconds in repetition 299
tcp_ping received 4096 bytes back
Round trip time was 2.53872 milliseconds in repetition 300
tcp_ping received 4096 bytes back
Round trip time was 2.19171 milliseconds in repetition 301
tcp_ping received 4096 bytes back
Round trip time was 2.22238 milliseconds in repetition 302
tcp_ping received 4096 bytes back
Round trip time was 2.52073 milliseconds in repetition 303
tcp_ping received 4096 bytes back
Round trip time was 1.81146 milliseconds in repetition 304
tcp_ping received 4096 bytes back
Round trip time was 2.48749 milliseconds in repetition 305
tcp_ping received 4096 bytes back
Round trip time was 2.60611 milliseconds in repetition 306
tcp_ping received 4096 bytes back
Round trip time was 2.80946 milliseconds in repetition 307
tcp_ping received 4096 bytes back
Round trip time was 2.51134 milliseconds in repetition 308
tcp_ping received 4096 bytes back
Round trip time was 2.09856 milliseconds in repetition 309
tcp_ping received 4096 bytes back
Round trip time was 2.87622 milliseconds in repetition 310
tcp_ping received 4096 bytes back
Round trip time was 2.2365 milliseconds in repetition 311
tcp_ping received 4096 bytes back
Round trip time was 2.94407 milliseconds in repetition 312
tcp_ping received 4096 bytes back
Round trip time was 2.46884 milliseconds in repetition 313
tcp_ping received 4096 bytes back
Round trip time was 2.14696 milliseconds in repetition 314
tcp_ping received 4096 bytes back
Round trip time was 2.90213 milliseconds in repetition 315
tcp_ping received 4096 bytes back
Round trip time was 2.9518 milliseconds in repetition 316
tcp_ping received 4096 bytes back
Round trip time was 2.72272 milliseconds in repetition 317
tcp_ping received 4096 bytes back
Round trip time was 2.1981 milliseconds in repetition 318
tcp_ping received 4096 bytes back
Round trip time was 2.58888 milliseconds in repetition 319
tcp_ping received 4096 bytes back
Round trip time was 3.06804 milliseconds in repetition 320
tcp_ping received 4096 bytes back
Round trip time was 3.68506 milliseconds in repetition 321
tcp_ping received 4096 bytes back
Round trip time was 3.19628 milliseconds in repetition 322
tcp_ping received 4096 bytes back
Round trip time was 2.53362 milliseconds in repetition 323
tcp_ping received 4096 bytes back
Round trip time was 2.56286 milliseconds in repetition 324
tcp_ping received 4096 bytes back
Round trip time was 2.42291 milliseconds in repetition 325
tcp_ping received 4096 bytes back
Round trip time was 2.55785 milliseconds in repetition 326
tcp_ping received 4096 bytes back
Round trip time was 2.67911 milliseconds in repetition 327
tcp_ping received 4096 bytes back
Round trip time was 2.53017 milliseconds in repetition 328
tcp_ping received 4096 bytes back
Round trip time was 2.88005 milliseconds in repetition 329
tcp_ping received 4096 bytes back
Round trip time was 2.869 milliseconds in repetition 330
tcp_ping received 4096 bytes back
Round trip time was 2.57746 milliseconds in repetition 331
tcp_ping received 4096 bytes back
Round trip time was 2.51871 milliseconds in repetition 332
tcp_ping received 4096 bytes back
Round trip time was 3.10519 milliseconds in repetition 333
tcp_ping received 4096 bytes back
Round trip time was 2.68184 milliseconds in repetition 334
tcp_ping received 4096 bytes back
Round trip time was 2.88115 milliseconds in repetition 335
tcp_ping received 4096 bytes back
Round trip time was 2.28015 milliseconds in repetition 336
tcp_ping received 4096 bytes back
Round trip time was 2.4811 milliseconds in repetition 337
tcp_ping received 4096 bytes back
Round trip time was 2.74384 milliseconds in repetition 338
tcp_ping received 4096 bytes back
Round trip time was 2.53465 milliseconds in repetition 339
tcp_ping received 4096 bytes back
Round trip time was 3.71342 milliseconds in repetition 340
tcp_ping received 4096 bytes back
Round trip time was 2.90284 milliseconds in repetition 341
tcp_ping received 4096 bytes back
Round trip time was 2.88405 milliseconds in repetition 342
tcp_ping received 4096 bytes back
Round trip time was 2.872 milliseconds in repetition 343
tcp_ping received 4096 bytes back
Round trip time was 3.49563 milliseconds in repetition 344
tcp_ping received 4096 bytes back
Round trip time was 2.55736 milliseconds in repetition 345
tcp_ping received 4096 bytes back
Round trip time was 3.68037 milliseconds in repetition 346
tcp_ping received 4096 bytes back
Round trip time was 2.51504 milliseconds in repetition 347
tcp_ping received 4096 bytes back
Round trip time was 2.48528 milliseconds in repetition 348
tcp_ping received 4096 bytes back
Round trip time was 2.77004 milliseconds in repetition 349
tcp_ping received 4096 bytes back
Round trip time was 2.59064 milliseconds in repetition 350
tcp_ping received 4096 bytes back
Round trip time was 2.81257 milliseconds in repetition 351
tcp_ping received 4096 bytes back
Round trip time was 2.87939 milliseconds in repetition 352
tcp_ping received 4096 bytes back
Round trip time was 2.7998 milliseconds in repetition 353
tcp_ping received 4096 bytes back
Round trip time was 2.9305 milliseconds in repetition 354
tcp_ping received 4096 bytes back
Round trip time was 2.84451 milliseconds in repetition 355
tcp_ping received 4096 bytes back
Round trip time was 3.36194 milliseconds in repetition 356
tcp_ping received 4096 bytes back
Round trip time was 3.22607 milliseconds in repetition 357
tcp_ping received 4096 bytes back
Round trip time was 3.71501 milliseconds in repetition 358
tcp_ping received 4096 bytes back
Round trip time was 2.56081 milliseconds in repetition 359
tcp_ping received 4096 bytes back
Round trip time was 2.53136 milliseconds in repetition 360
tcp_ping received 4096 bytes back
Round trip time was 2.57907 milliseconds in repetition 361
tcp_ping received 4096 bytes back
Round trip time was 2.59256 milliseconds in repetition 362
tcp_ping received 4096 bytes back
Round trip time was 2.49477 milliseconds in repetition 363
tcp_ping received 4096 bytes back
Round trip time was 2.88775 milliseconds in repetition 364
tcp_ping received 4096 bytes back
Round trip time was 2.42262 milliseconds in repetition 365
tcp_ping received 4096 bytes back
Round trip time was 2.52781 milliseconds in repetition 366
tcp_ping received 4096 bytes back
Round trip time was 2.46335 milliseconds in repetition 367
tcp_ping received 4096 bytes back
Round trip time was 2.9823 milliseconds in repetition 368
tcp_ping received 4096 bytes back
Round trip time was 2.6457 milliseconds in repetition 369
tcp_ping received 4096 bytes back
Round trip time was 2.91285 milliseconds in repetition 370
tcp_ping received 4096 bytes back
Round trip time was 2.47284 milliseconds in repetition 371
tcp_ping received 4096 bytes back
Round trip time was 2.92994 milliseconds in repetition 372
tcp_ping received 4096 bytes back
Round trip time was 2.50269 milliseconds in repetition 373
tcp_ping received 4096 bytes back
Round trip time was 2.83727 milliseconds in repetition 374
tcp_ping received 4096 bytes back
Round trip time was 3.14228 milliseconds in repetition 375
tcp_ping received 4096 bytes back
Round trip time was 2.58453 milliseconds in repetition 376
tcp_ping received 4096 bytes back
Round trip time was 2.78156 milliseconds in repetition 377
tcp_ping received 4096 bytes back
Round trip time was 1.81233 milliseconds in repetition 378
tcp_ping received 4096 bytes back
Round trip time was 2.53813 milliseconds in repetition 379
tcp_ping received 4096 bytes back
Round trip time was 2.61659 milliseconds in repetition 380
tcp_ping received 4096 bytes back
Round trip time was 2.63368 milliseconds in repetition 381
tcp_ping received 4096 bytes back
Round trip time was 3.00499 milliseconds in repetition 382
tcp_ping received 4096 bytes back
Round trip time was 2.42382 milliseconds in repetition 383
tcp_ping received 4096 bytes back
Round trip time was 2.55981 milliseconds in repetition 384
tcp_ping received 4096 bytes back
Round trip time was 2.13191 milliseconds in repetition 385
tcp_ping received 4096 bytes back
Round trip time was 2.5458 milliseconds in repetition 386
tcp_ping received 4096 bytes back
Round trip time was 2.13626 milliseconds in repetition 387
tcp_ping received 4096 bytes back
Round trip time was 2.80991 milliseconds in repetition 388
tcp_ping received 4096 bytes back
Round trip time was 2.71789 milliseconds in repetition 389
tcp_ping received 4096 bytes back
Round trip time was 2.55515 milliseconds in repetition 390
tcp_ping received 4096 bytes back
Round trip time was 2.58922 milliseconds in repetition 391
tcp_ping received 4096 bytes back
Round trip time was 2.15969 milliseconds in repetition 392
tcp_ping received 4096 bytes back
Round trip time was 2.16677 milliseconds in repetition 393
tcp_ping received 4096 bytes back
Round trip time was 2.8549 milliseconds in repetition 394
tcp_ping received 4096 bytes back
Round trip time was 2.26688 milliseconds in repetition 395
tcp_ping received 4096 bytes back
Round trip time was 2.64479 milliseconds in repetition 396
tcp_ping received 4096 bytes back
Round trip time was 2.89211 milliseconds in repetition 397
tcp_ping received 4096 bytes back
Round trip time was 2.45644 milliseconds in repetition 398
tcp_ping received 4096 bytes back
Round trip time was 2.49034 milliseconds in repetition 399
tcp_ping received 4096 bytes back
Round trip time was 2.99738 milliseconds in repetition 400
tcp_ping received 4096 bytes back
Round trip time was 2.15458 milliseconds in repetition 401
tcp_ping received 4096 bytes back
Round trip time was 2.63084 milliseconds in repetition 402
tcp_ping received 4096 bytes back
Round trip time was 2.23916 milliseconds in repetition 403
tcp_ping received 4096 bytes back
Round trip time was 3.06713 milliseconds in repetition 404
tcp_ping received 4096 bytes back
Round trip time was 3.49499 milliseconds in repetition 405
tcp_ping received 4096 bytes back
Round trip time was 2.48471 milliseconds in repetition 406
tcp_ping received 4096 bytes back
Round trip time was 2.19939 milliseconds in repetition 407
tcp_ping received 4096 bytes back
Round trip time was 2.52059 milliseconds in repetition 408
tcp_ping received 4096 bytes back
Round trip time was 2.5397 milliseconds in repetition 409
tcp_ping received 4096 bytes back
Round trip time was 2.5605 milliseconds in repetition 410
tcp_ping received 4096 bytes back
Round trip time was 2.55143 milliseconds in repetition 411
tcp_ping received 4096 bytes back
Round trip time was 2.57596 milliseconds in repetition 412
tcp_ping received 4096 bytes back
Round trip time was 2.8597 milliseconds in repetition 413
tcp_ping received 4096 bytes back
Round trip time was 2.62813 milliseconds in repetition 414
tcp_ping received 4096 bytes back
Round trip time was 2.64295 milliseconds in repetition 415
tcp_ping received 4096 bytes back
Round trip time was 2.54786 milliseconds in repetition 416
tcp_ping received 4096 bytes back
Round trip time was 2.55277 milliseconds in repetition 417
tcp_ping received 4096 bytes back
Round trip time was 2.13294 milliseconds in repetition 418
tcp_ping received 4096 bytes back
Round trip time was 2.79379 milliseconds in repetition 419
tcp_ping received 4096 bytes back
Round trip time was 2.19598 milliseconds in repetition 420
tcp_ping received 4096 bytes back
Round trip time was 2.33563 milliseconds in repetition 421
tcp_ping received 4096 bytes back
Round trip time was 2.24978 milliseconds in repetition 422
tcp_ping received 4096 bytes back
Round trip time was 2.13368 milliseconds in repetition 423
tcp_ping received 4096 bytes back
Round trip time was 2.87352 milliseconds in repetition 424
tcp_ping received 4096 bytes back
Round trip time was 2.6721 milliseconds in repetition 425
tcp_ping received 4096 bytes back
Round trip time was 2.5506 milliseconds in repetition 426
tcp_ping received 4096 bytes back
Round trip time was 2.45987 milliseconds in repetition 427
tcp_ping received 4096 bytes back
Round trip time was 2.17097 milliseconds in repetition 428
tcp_ping received 4096 bytes back
Round trip time was 2.13694 milliseconds in repetition 429
tcp_ping received 4096 bytes back
Round trip time was 2.84981 milliseconds in repetition 430
tcp_ping received 4096 bytes back
Round trip time was 2.56024 milliseconds in repetition 431
tcp_ping received 4096 bytes back
Round trip time was 2.46793 milliseconds in repetition 432
tcp_ping received 4096 bytes back
Round trip time was 2.60095 milliseconds in repetition 433
tcp_ping received 4096 bytes back
Round trip time was 2.64116 milliseconds in repetition 434
tcp_ping received 4096 bytes back
Round trip time was 3.00682 milliseconds in repetition 435
tcp_ping received 4096 bytes back
Round trip time was 2.42771 milliseconds in repetition 436
tcp_ping received 4096 bytes back
Round trip time was 2.67384 milliseconds in repetition 437
tcp_ping received 4096 bytes back
Round trip time was 2.43802 milliseconds in repetition 438
tcp_ping received 4096 bytes back
Round trip time was 2.17957 milliseconds in repetition 439
tcp_ping received 4096 bytes back
Round trip time was 2.77666 milliseconds in repetition 440
tcp_ping received 4096 bytes back
Round trip time was 2.14179 milliseconds in repetition 441
tcp_ping received 4096 bytes back
Round trip time was 2.5463 milliseconds in repetition 442
tcp_ping received 4096 bytes back
Round trip time was 2.8372 milliseconds in repetition 443
tcp_ping received 4096 bytes back
Round trip time was 2.46308 milliseconds in repetition 444
tcp_ping received 4096 bytes back
Round trip time was 2.1038 milliseconds in repetition 445
tcp_ping received 4096 bytes back
Round trip time was 2.18624 milliseconds in repetition 446
tcp_ping received 4096 bytes back
Round trip time was 2.11703 milliseconds in repetition 447
tcp_ping received 4096 bytes back
Round trip time was 3.29195 milliseconds in repetition 448
tcp_ping received 4096 bytes back
Round trip time was 2.78209 milliseconds in repetition 449
tcp_ping received 4096 bytes back
Round trip time was 2.93951 milliseconds in repetition 450
tcp_ping received 4096 bytes back
Round trip time was 3.10565 milliseconds in repetition 451
tcp_ping received 4096 bytes back
Round trip time was 2.5782 milliseconds in repetition 452
tcp_ping received 4096 bytes back
Round trip time was 2.85532 milliseconds in repetition 453
tcp_ping received 4096 bytes back
Round trip time was 2.70777 milliseconds in repetition 454
tcp_ping received 4096 bytes back
Round trip time was 2.59633 milliseconds in repetition 455
tcp_ping received 4096 bytes back
Round trip time was 2.1098 milliseconds in repetition 456
tcp_ping received 4096 bytes back
Round trip time was 2.10804 milliseconds in repetition 457
tcp_ping received 4096 bytes back
Round trip time was 2.40464 milliseconds in repetition 458
tcp_ping received 4096 bytes back
Round trip time was 2.62088 milliseconds in repetition 459
tcp_ping received 4096 bytes back
Round trip time was 2.72767 milliseconds in repetition 460
tcp_ping received 4096 bytes back
Round trip time was 2.45934 milliseconds in repetition 461
tcp_ping received 4096 bytes back
Round trip time was 2.12888 milliseconds in repetition 462
tcp_ping received 4096 bytes back
Round trip time was 2.51193 milliseconds in repetition 463
tcp_ping received 4096 bytes back
Round trip time was 2.22732 milliseconds in repetition 464
tcp_ping received 4096 bytes back
Round trip time was 2.55729 milliseconds in repetition 465
tcp_ping received 4096 bytes back
Round trip time was 2.63552 milliseconds in repetition 466
tcp_ping received 4096 bytes back
Round trip time was 2.41485 milliseconds in repetition 467
tcp_ping received 4096 bytes back
Round trip time was 2.13907 milliseconds in repetition 468
tcp_ping received 4096 bytes back
Round trip time was 2.53657 milliseconds in repetition 469
tcp_ping received 4096 bytes back
Round trip time was 2.78309 milliseconds in repetition 470
tcp_ping received 4096 bytes back
Round trip time was 1.78012 milliseconds in repetition 471
tcp_ping received 4096 bytes back
Round trip time was 2.53482 milliseconds in repetition 472
tcp_ping received 4096 bytes back
Round trip time was 2.13371 milliseconds in repetition 473
tcp_ping received 4096 bytes back
Round trip time was 2.98028 milliseconds in repetition 474
tcp_ping received 4096 bytes back
Round trip time was 2.43194 milliseconds in repetition 475
tcp_ping received 4096 bytes back
Round trip time was 2.16894 milliseconds in repetition 476
tcp_ping received 4096 bytes back
Round trip time was 2.43081 milliseconds in repetition 477
tcp_ping received 4096 bytes back
Round trip time was 2.88159 milliseconds in repetition 478
tcp_ping received 4096 bytes back
Round trip time was 2.61928 milliseconds in repetition 479
tcp_ping received 4096 bytes back
Round trip time was 2.43027 milliseconds in repetition 480
tcp_ping received 4096 bytes back
Round trip time was 2.45257 milliseconds in repetition 481
tcp_ping received 4096 bytes back
Round trip time was 2.82736 milliseconds in repetition 482
tcp_ping received 4096 bytes back
Round trip time was 2.71594 milliseconds in repetition 483
tcp_ping received 4096 bytes back
Round trip time was 2.59333 milliseconds in repetition 484
tcp_ping received 4096 bytes back
Round trip time was 2.53654 milliseconds in repetition 485
tcp_ping received 4096 bytes back
Round trip time was 2.23465 milliseconds in repetition 486
tcp_ping received 4096 bytes back
Round trip time was 2.2033 milliseconds in repetition 487
tcp_ping received 4096 bytes back
Round trip time was 2.69154 milliseconds in repetition 488
tcp_ping received 4096 bytes back
Round trip time was 2.71884 milliseconds in repetition 489
tcp_ping received 4096 bytes back
Round trip time was 2.14015 milliseconds in repetition 490
tcp_ping received 4096 bytes back
Round trip time was 2.54118 milliseconds in repetition 491
tcp_ping received 4096 bytes back
Round trip time was 2.57712 milliseconds in repetition 492
tcp_ping received 4096 bytes back
Round trip time was 2.62792 milliseconds in repetition 493
tcp_ping received 4096 bytes back
Round trip time was 3.39411 milliseconds in repetition 494
tcp_ping received 4096 bytes back
Round trip time was 2.64992 milliseconds in repetition 495
tcp_ping received 4096 bytes back
Round trip time was 2.43162 milliseconds in repetition 496
tcp_ping received 4096 bytes back
Round trip time was 2.14128 milliseconds in repetition 497
tcp_ping received 4096 bytes back
Round trip time was 2.55179 milliseconds in repetition 498
tcp_ping received 4096 bytes back
Round trip time was 2.52788 milliseconds in repetition 499
tcp_ping received 4096 bytes back
Round trip time was 2.17391 milliseconds in repetition 500
tcp_ping received 4096 bytes back
Round trip time was 2.22307 milliseconds in repetition 501

 ... clock resolution was 1e-06
TCP Ping:  Statistics over 501 repetitions of 4096 byte messages

RTT : percentile 10: 2.11208, median: 2.53914, percentile 90: 3.10777, average: 2.59772, variance: 0.171137

RTT histogram:
1.77196 6
1.9088 0
2.04565 46
2.1825 71
2.31935 15
2.4562 95
2.59304 90
2.72989 41
2.86674 55
3.00359 24
3.14044 21
3.27729 10
3.41413 8
3.55098 6
3.68783 7
3.82468 1
3.96153 1
4.09837 2
4.23522 0
4.37207 1
4.50892 1

   median Throughput : 3226.29 KB/s   overall Throughput : 3153.54 KB/s

