TCP Ping trying to connect to server seti.dibris.unige.it (130.251.61.30) on port 1491
 ... connected to Pong server: asking for 501 repetitions of 1024 bytes TCP messages
 ... Pong server agreed :-)
tcp_ping received 1024 bytes back
Round trip time was 45.752 milliseconds in repetition 1
tcp_ping received 1024 bytes back
Round trip time was 29.979 milliseconds in repetition 2
tcp_ping received 1024 bytes back
Round trip time was 29.9653 milliseconds in repetition 3
tcp_ping received 1024 bytes back
Round trip time was 30.2711 milliseconds in repetition 4
tcp_ping received 1024 bytes back
Round trip time was 29.2447 milliseconds in repetition 5
tcp_ping received 1024 bytes back
Round trip time was 29.2125 milliseconds in repetition 6
tcp_ping received 1024 bytes back
Round trip time was 31.2813 milliseconds in repetition 7
tcp_ping received 1024 bytes back
Round trip time was 29.4798 milliseconds in repetition 8
tcp_ping received 1024 bytes back
Round trip time was 29.4188 milliseconds in repetition 9
tcp_ping received 1024 bytes back
Round trip time was 30.073 milliseconds in repetition 10
tcp_ping received 1024 bytes back
Round trip time was 29.9763 milliseconds in repetition 11
tcp_ping received 1024 bytes back
Round trip time was 29.5018 milliseconds in repetition 12
tcp_ping received 1024 bytes back
Round trip time was 29.2255 milliseconds in repetition 13
tcp_ping received 1024 bytes back
Round trip time was 29.981 milliseconds in repetition 14
tcp_ping received 1024 bytes back
Round trip time was 29.9953 milliseconds in repetition 15
tcp_ping received 1024 bytes back
Round trip time was 29.4901 milliseconds in repetition 16
tcp_ping received 1024 bytes back
Round trip time was 30.7274 milliseconds in repetition 17
tcp_ping received 1024 bytes back
Round trip time was 29.7637 milliseconds in repetition 18
tcp_ping received 1024 bytes back
Round trip time was 29.7146 milliseconds in repetition 19
tcp_ping received 1024 bytes back
Round trip time was 29.5164 milliseconds in repetition 20
tcp_ping received 1024 bytes back
Round trip time was 29.2196 milliseconds in repetition 21
tcp_ping received 1024 bytes back
Round trip time was 29.5109 milliseconds in repetition 22
tcp_ping received 1024 bytes back
Round trip time was 29.4889 milliseconds in repetition 23
tcp_ping received 1024 bytes back
Round trip time was 29.9888 milliseconds in repetition 24
tcp_ping received 1024 bytes back
Round trip time was 29.2251 milliseconds in repetition 25
tcp_ping received 1024 bytes back
Round trip time was 29.5083 milliseconds in repetition 26
tcp_ping received 1024 bytes back
Round trip time was 29.9594 milliseconds in repetition 27
tcp_ping received 1024 bytes back
Round trip time was 29.5219 milliseconds in repetition 28
tcp_ping received 1024 bytes back
Round trip time was 29.5009 milliseconds in repetition 29
tcp_ping received 1024 bytes back
Round trip time was 29.6979 milliseconds in repetition 30
tcp_ping received 1024 bytes back
Round trip time was 29.985 milliseconds in repetition 31
tcp_ping received 1024 bytes back
Round trip time was 29.7677 milliseconds in repetition 32
tcp_ping received 1024 bytes back
Round trip time was 29.9845 milliseconds in repetition 33
tcp_ping received 1024 bytes back
Round trip time was 29.2256 milliseconds in repetition 34
tcp_ping received 1024 bytes back
Round trip time was 28.7937 milliseconds in repetition 35
tcp_ping received 1024 bytes back
Round trip time was 28.7241 milliseconds in repetition 36
tcp_ping received 1024 bytes back
Round trip time was 28.9589 milliseconds in repetition 37
tcp_ping received 1024 bytes back
Round trip time was 28.4901 milliseconds in repetition 38
tcp_ping received 1024 bytes back
Round trip time was 28.7594 milliseconds in repetition 39
tcp_ping received 1024 bytes back
Round trip time was 28.7437 milliseconds in repetition 40
tcp_ping received 1024 bytes back
Round trip time was 28.6766 milliseconds in repetition 41
tcp_ping received 1024 bytes back
Round trip time was 28.7894 milliseconds in repetition 42
tcp_ping received 1024 bytes back
Round trip time was 28.7487 milliseconds in repetition 43
tcp_ping received 1024 bytes back
Round trip time was 28.4524 milliseconds in repetition 44
tcp_ping received 1024 bytes back
Round trip time was 28.9364 milliseconds in repetition 45
tcp_ping received 1024 bytes back
Round trip time was 28.7795 milliseconds in repetition 46
tcp_ping received 1024 bytes back
Round trip time was 28.7627 milliseconds in repetition 47
tcp_ping received 1024 bytes back
Round trip time was 28.9537 milliseconds in repetition 48
tcp_ping received 1024 bytes back
Round trip time was 28.6505 milliseconds in repetition 49
tcp_ping received 1024 bytes back
Round trip time was 28.4956 milliseconds in repetition 50
tcp_ping received 1024 bytes back
Round trip time was 28.4909 milliseconds in repetition 51
tcp_ping received 1024 bytes back
Round trip time was 28.9327 milliseconds in repetition 52
tcp_ping received 1024 bytes back
Round trip time was 28.0527 milliseconds in repetition 53
tcp_ping received 1024 bytes back
Round trip time was 28.7239 milliseconds in repetition 54
tcp_ping received 1024 bytes back
Round trip time was 28.6803 milliseconds in repetition 55
tcp_ping received 1024 bytes back
Round trip time was 28.2873 milliseconds in repetition 56
tcp_ping received 1024 bytes back
Round trip time was 28.4986 milliseconds in repetition 57
tcp_ping received 1024 bytes back
Round trip time was 28.9231 milliseconds in repetition 58
tcp_ping received 1024 bytes back
Round trip time was 29.2452 milliseconds in repetition 59
tcp_ping received 1024 bytes back
Round trip time was 29.0482 milliseconds in repetition 60
tcp_ping received 1024 bytes back
Round trip time was 28.9665 milliseconds in repetition 61
tcp_ping received 1024 bytes back
Round trip time was 28.4971 milliseconds in repetition 62
tcp_ping received 1024 bytes back
Round trip time was 28.7177 milliseconds in repetition 63
tcp_ping received 1024 bytes back
Round trip time was 28.496 milliseconds in repetition 64
tcp_ping received 1024 bytes back
Round trip time was 28.4743 milliseconds in repetition 65
tcp_ping received 1024 bytes back
Round trip time was 29.2266 milliseconds in repetition 66
tcp_ping received 1024 bytes back
Round trip time was 28.7676 milliseconds in repetition 67
tcp_ping received 1024 bytes back
Round trip time was 28.2249 milliseconds in repetition 68
tcp_ping received 1024 bytes back
Round trip time was 28.7579 milliseconds in repetition 69
tcp_ping received 1024 bytes back
Round trip time was 34.2505 milliseconds in repetition 70
tcp_ping received 1024 bytes back
Round trip time was 30.2281 milliseconds in repetition 71
tcp_ping received 1024 bytes back
Round trip time was 28.4945 milliseconds in repetition 72
tcp_ping received 1024 bytes back
Round trip time was 28.4965 milliseconds in repetition 73
tcp_ping received 1024 bytes back
Round trip time was 28.4758 milliseconds in repetition 74
tcp_ping received 1024 bytes back
Round trip time was 28.4956 milliseconds in repetition 75
tcp_ping received 1024 bytes back
Round trip time was 28.4726 milliseconds in repetition 76
tcp_ping received 1024 bytes back
Round trip time was 28.4998 milliseconds in repetition 77
tcp_ping received 1024 bytes back
Round trip time was 28.486 milliseconds in repetition 78
tcp_ping received 1024 bytes back
Round trip time was 28.4881 milliseconds in repetition 79
tcp_ping received 1024 bytes back
Round trip time was 28.4697 milliseconds in repetition 80
tcp_ping received 1024 bytes back
Round trip time was 28.769 milliseconds in repetition 81
tcp_ping received 1024 bytes back
Round trip time was 28.5047 milliseconds in repetition 82
tcp_ping received 1024 bytes back
Round trip time was 28.4764 milliseconds in repetition 83
tcp_ping received 1024 bytes back
Round trip time was 28.5012 milliseconds in repetition 84
tcp_ping received 1024 bytes back
Round trip time was 28.477 milliseconds in repetition 85
tcp_ping received 1024 bytes back
Round trip time was 28.502 milliseconds in repetition 86
tcp_ping received 1024 bytes back
Round trip time was 28.0115 milliseconds in repetition 87
tcp_ping received 1024 bytes back
Round trip time was 28.6769 milliseconds in repetition 88
tcp_ping received 1024 bytes back
Round trip time was 28.2644 milliseconds in repetition 89
tcp_ping received 1024 bytes back
Round trip time was 28.4976 milliseconds in repetition 90
tcp_ping received 1024 bytes back
Round trip time was 28.2234 milliseconds in repetition 91
tcp_ping received 1024 bytes back
Round trip time was 28.753 milliseconds in repetition 92
tcp_ping received 1024 bytes back
Round trip time was 28.4961 milliseconds in repetition 93
tcp_ping received 1024 bytes back
Round trip time was 28.4719 milliseconds in repetition 94
tcp_ping received 1024 bytes back
Round trip time was 28.4977 milliseconds in repetition 95
tcp_ping received 1024 bytes back
Round trip time was 28.4782 milliseconds in repetition 96
tcp_ping received 1024 bytes back
Round trip time was 28.9611 milliseconds in repetition 97
tcp_ping received 1024 bytes back
Round trip time was 28.2969 milliseconds in repetition 98
tcp_ping received 1024 bytes back
Round trip time was 28.5038 milliseconds in repetition 99
tcp_ping received 1024 bytes back
Round trip time was 28.6751 milliseconds in repetition 100
tcp_ping received 1024 bytes back
Round trip time was 28.2962 milliseconds in repetition 101
tcp_ping received 1024 bytes back
Round trip time was 28.5069 milliseconds in repetition 102
tcp_ping received 1024 bytes back
Round trip time was 28.9394 milliseconds in repetition 103
tcp_ping received 1024 bytes back
Round trip time was 28.7831 milliseconds in repetition 104
tcp_ping received 1024 bytes back
Round trip time was 28.468 milliseconds in repetition 105
tcp_ping received 1024 bytes back
Round trip time was 28.7701 milliseconds in repetition 106
tcp_ping received 1024 bytes back
Round trip time was 28.9217 milliseconds in repetition 107
tcp_ping received 1024 bytes back
Round trip time was 28.5106 milliseconds in repetition 108
tcp_ping received 1024 bytes back
Round trip time was 28.7752 milliseconds in repetition 109
tcp_ping received 1024 bytes back
Round trip time was 28.7526 milliseconds in repetition 110
tcp_ping received 1024 bytes back
Round trip time was 28.2292 milliseconds in repetition 111
tcp_ping received 1024 bytes back
Round trip time was 28.7409 milliseconds in repetition 112
tcp_ping received 1024 bytes back
Round trip time was 28.2414 milliseconds in repetition 113
tcp_ping received 1024 bytes back
Round trip time was 28.754 milliseconds in repetition 114
tcp_ping received 1024 bytes back
Round trip time was 28.9744 milliseconds in repetition 115
tcp_ping received 1024 bytes back
Round trip time was 28.7719 milliseconds in repetition 116
tcp_ping received 1024 bytes back
Round trip time was 28.1947 milliseconds in repetition 117
tcp_ping received 1024 bytes back
Round trip time was 28.5278 milliseconds in repetition 118
tcp_ping received 1024 bytes back
Round trip time was 28.2719 milliseconds in repetition 119
tcp_ping received 1024 bytes back
Round trip time was 28.6826 milliseconds in repetition 120
tcp_ping received 1024 bytes back
Round trip time was 28.2961 milliseconds in repetition 121
tcp_ping received 1024 bytes back
Round trip time was 28.9631 milliseconds in repetition 122
tcp_ping received 1024 bytes back
Round trip time was 28.75 milliseconds in repetition 123
tcp_ping received 1024 bytes back
Round trip time was 28.4916 milliseconds in repetition 124
tcp_ping received 1024 bytes back
Round trip time was 28.728 milliseconds in repetition 125
tcp_ping received 1024 bytes back
Round trip time was 28.5087 milliseconds in repetition 126
tcp_ping received 1024 bytes back
Round trip time was 28.6862 milliseconds in repetition 127
tcp_ping received 1024 bytes back
Round trip time was 28.7625 milliseconds in repetition 128
tcp_ping received 1024 bytes back
Round trip time was 28.0475 milliseconds in repetition 129
tcp_ping received 1024 bytes back
Round trip time was 28.9133 milliseconds in repetition 130
tcp_ping received 1024 bytes back
Round trip time was 28.792 milliseconds in repetition 131
tcp_ping received 1024 bytes back
Round trip time was 28.7397 milliseconds in repetition 132
tcp_ping received 1024 bytes back
Round trip time was 28.9273 milliseconds in repetition 133
tcp_ping received 1024 bytes back
Round trip time was 28.4592 milliseconds in repetition 134
tcp_ping received 1024 bytes back
Round trip time was 28.5131 milliseconds in repetition 135
tcp_ping received 1024 bytes back
Round trip time was 28.7694 milliseconds in repetition 136
tcp_ping received 1024 bytes back
Round trip time was 28.1881 milliseconds in repetition 137
tcp_ping received 1024 bytes back
Round trip time was 28.5002 milliseconds in repetition 138
tcp_ping received 1024 bytes back
Round trip time was 28.2826 milliseconds in repetition 139
tcp_ping received 1024 bytes back
Round trip time was 28.6831 milliseconds in repetition 140
tcp_ping received 1024 bytes back
Round trip time was 28.2818 milliseconds in repetition 141
tcp_ping received 1024 bytes back
Round trip time was 28.5114 milliseconds in repetition 142
tcp_ping received 1024 bytes back
Round trip time was 29.6657 milliseconds in repetition 143
tcp_ping received 1024 bytes back
Round trip time was 28.7944 milliseconds in repetition 144
tcp_ping received 1024 bytes back
Round trip time was 28.2381 milliseconds in repetition 145
tcp_ping received 1024 bytes back
Round trip time was 28.7481 milliseconds in repetition 146
tcp_ping received 1024 bytes back
Round trip time was 28.2207 milliseconds in repetition 147
tcp_ping received 1024 bytes back
Round trip time was 28.7589 milliseconds in repetition 148
tcp_ping received 1024 bytes back
Round trip time was 28.2094 milliseconds in repetition 149
tcp_ping received 1024 bytes back
Round trip time was 29.4786 milliseconds in repetition 150
tcp_ping received 1024 bytes back
Round trip time was 28.7986 milliseconds in repetition 151
tcp_ping received 1024 bytes back
Round trip time was 28.7462 milliseconds in repetition 152
tcp_ping received 1024 bytes back
Round trip time was 28.5059 milliseconds in repetition 153
tcp_ping received 1024 bytes back
Round trip time was 28.6888 milliseconds in repetition 154
tcp_ping received 1024 bytes back
Round trip time was 29.0466 milliseconds in repetition 155
tcp_ping received 1024 bytes back
Round trip time was 28.5359 milliseconds in repetition 156
tcp_ping received 1024 bytes back
Round trip time was 28.7526 milliseconds in repetition 157
tcp_ping received 1024 bytes back
Round trip time was 28.6772 milliseconds in repetition 158
tcp_ping received 1024 bytes back
Round trip time was 28.7736 milliseconds in repetition 159
tcp_ping received 1024 bytes back
Round trip time was 28.0325 milliseconds in repetition 160
tcp_ping received 1024 bytes back
Round trip time was 28.913 milliseconds in repetition 161
tcp_ping received 1024 bytes back
Round trip time was 28.5411 milliseconds in repetition 162
tcp_ping received 1024 bytes back
Round trip time was 28.4979 milliseconds in repetition 163
tcp_ping received 1024 bytes back
Round trip time was 28.4398 milliseconds in repetition 164
tcp_ping received 1024 bytes back
Round trip time was 28.5173 milliseconds in repetition 165
tcp_ping received 1024 bytes back
Round trip time was 28.2832 milliseconds in repetition 166
tcp_ping received 1024 bytes back
Round trip time was 29.2568 milliseconds in repetition 167
tcp_ping received 1024 bytes back
Round trip time was 28.4603 milliseconds in repetition 168
tcp_ping received 1024 bytes back
Round trip time was 28.4949 milliseconds in repetition 169
tcp_ping received 1024 bytes back
Round trip time was 28.4761 milliseconds in repetition 170
tcp_ping received 1024 bytes back
Round trip time was 28.9588 milliseconds in repetition 171
tcp_ping received 1024 bytes back
Round trip time was 28.5279 milliseconds in repetition 172
tcp_ping received 1024 bytes back
Round trip time was 28.7304 milliseconds in repetition 173
tcp_ping received 1024 bytes back
Round trip time was 28.2145 milliseconds in repetition 174
tcp_ping received 1024 bytes back
Round trip time was 28.7463 milliseconds in repetition 175
tcp_ping received 1024 bytes back
Round trip time was 28.0501 milliseconds in repetition 176
tcp_ping received 1024 bytes back
Round trip time was 28.4557 milliseconds in repetition 177
tcp_ping received 1024 bytes back
Round trip time was 28.5041 milliseconds in repetition 178
tcp_ping received 1024 bytes back
Round trip time was 28.19 milliseconds in repetition 179
tcp_ping received 1024 bytes back
Round trip time was 28.8182 milliseconds in repetition 180
tcp_ping received 1024 bytes back
Round trip time was 28.2149 milliseconds in repetition 181
tcp_ping received 1024 bytes back
Round trip time was 28.7573 milliseconds in repetition 182
tcp_ping received 1024 bytes back
Round trip time was 28.1978 milliseconds in repetition 183
tcp_ping received 1024 bytes back
Round trip time was 29.0243 milliseconds in repetition 184
tcp_ping received 1024 bytes back
Round trip time was 28.4999 milliseconds in repetition 185
tcp_ping received 1024 bytes back
Round trip time was 28.4759 milliseconds in repetition 186
tcp_ping received 1024 bytes back
Round trip time was 28.5028 milliseconds in repetition 187
tcp_ping received 1024 bytes back
Round trip time was 28.7498 milliseconds in repetition 188
tcp_ping received 1024 bytes back
Round trip time was 28.2271 milliseconds in repetition 189
tcp_ping received 1024 bytes back
Round trip time was 28.5136 milliseconds in repetition 190
tcp_ping received 1024 bytes back
Round trip time was 28.1884 milliseconds in repetition 191
tcp_ping received 1024 bytes back
Round trip time was 28.7859 milliseconds in repetition 192
tcp_ping received 1024 bytes back
Round trip time was 28.749 milliseconds in repetition 193
tcp_ping received 1024 bytes back
Round trip time was 28.4945 milliseconds in repetition 194
tcp_ping received 1024 bytes back
Round trip time was 28.4782 milliseconds in repetition 195
tcp_ping received 1024 bytes back
Round trip time was 28.4984 milliseconds in repetition 196
tcp_ping received 1024 bytes back
Round trip time was 28.4673 milliseconds in repetition 197
tcp_ping received 1024 bytes back
Round trip time was 28.5066 milliseconds in repetition 198
tcp_ping received 1024 bytes back
Round trip time was 28.5018 milliseconds in repetition 199
tcp_ping received 1024 bytes back
Round trip time was 28.7472 milliseconds in repetition 200
tcp_ping received 1024 bytes back
Round trip time was 28.6811 milliseconds in repetition 201
tcp_ping received 1024 bytes back
Round trip time was 28.7633 milliseconds in repetition 202
tcp_ping received 1024 bytes back
Round trip time was 28.771 milliseconds in repetition 203
tcp_ping received 1024 bytes back
Round trip time was 28.7506 milliseconds in repetition 204
tcp_ping received 1024 bytes back
Round trip time was 28.6849 milliseconds in repetition 205
tcp_ping received 1024 bytes back
Round trip time was 29.0496 milliseconds in repetition 206
tcp_ping received 1024 bytes back
Round trip time was 28.5059 milliseconds in repetition 207
tcp_ping received 1024 bytes back
Round trip time was 28.6667 milliseconds in repetition 208
tcp_ping received 1024 bytes back
Round trip time was 28.3008 milliseconds in repetition 209
tcp_ping received 1024 bytes back
Round trip time was 28.4992 milliseconds in repetition 210
tcp_ping received 1024 bytes back
Round trip time was 28.1892 milliseconds in repetition 211
tcp_ping received 1024 bytes back
Round trip time was 28.5226 milliseconds in repetition 212
tcp_ping received 1024 bytes back
Round trip time was 28.2749 milliseconds in repetition 213
tcp_ping received 1024 bytes back
Round trip time was 28.6833 milliseconds in repetition 214
tcp_ping received 1024 bytes back
Round trip time was 28.2955 milliseconds in repetition 215
tcp_ping received 1024 bytes back
Round trip time was 28.5053 milliseconds in repetition 216
tcp_ping received 1024 bytes back
Round trip time was 28.9641 milliseconds in repetition 217
tcp_ping received 1024 bytes back
Round trip time was 28.4806 milliseconds in repetition 218
tcp_ping received 1024 bytes back
Round trip time was 28.7723 milliseconds in repetition 219
tcp_ping received 1024 bytes back
Round trip time was 28.9156 milliseconds in repetition 220
tcp_ping received 1024 bytes back
Round trip time was 28.4938 milliseconds in repetition 221
tcp_ping received 1024 bytes back
Round trip time was 29.0412 milliseconds in repetition 222
tcp_ping received 1024 bytes back
Round trip time was 28.5059 milliseconds in repetition 223
tcp_ping received 1024 bytes back
Round trip time was 29.9418 milliseconds in repetition 224
tcp_ping received 1024 bytes back
Round trip time was 28.7722 milliseconds in repetition 225
tcp_ping received 1024 bytes back
Round trip time was 28.4887 milliseconds in repetition 226
tcp_ping received 1024 bytes back
Round trip time was 28.5094 milliseconds in repetition 227
tcp_ping received 1024 bytes back
Round trip time was 28.4923 milliseconds in repetition 228
tcp_ping received 1024 bytes back
Round trip time was 28.4775 milliseconds in repetition 229
tcp_ping received 1024 bytes back
Round trip time was 28.495 milliseconds in repetition 230
tcp_ping received 1024 bytes back
Round trip time was 28.7474 milliseconds in repetition 231
tcp_ping received 1024 bytes back
Round trip time was 28.6793 milliseconds in repetition 232
tcp_ping received 1024 bytes back
Round trip time was 28.7605 milliseconds in repetition 233
tcp_ping received 1024 bytes back
Round trip time was 28.7716 milliseconds in repetition 234
tcp_ping received 1024 bytes back
Round trip time was 28.9288 milliseconds in repetition 235
tcp_ping received 1024 bytes back
Round trip time was 28.03 milliseconds in repetition 236
tcp_ping received 1024 bytes back
Round trip time was 28.519 milliseconds in repetition 237
tcp_ping received 1024 bytes back
Round trip time was 28.925 milliseconds in repetition 238
tcp_ping received 1024 bytes back
Round trip time was 28.7904 milliseconds in repetition 239
tcp_ping received 1024 bytes back
Round trip time was 28.4737 milliseconds in repetition 240
tcp_ping received 1024 bytes back
Round trip time was 28.496 milliseconds in repetition 241
tcp_ping received 1024 bytes back
Round trip time was 28.754 milliseconds in repetition 242
tcp_ping received 1024 bytes back
Round trip time was 28.4922 milliseconds in repetition 243
tcp_ping received 1024 bytes back
Round trip time was 28.1863 milliseconds in repetition 244
tcp_ping received 1024 bytes back
Round trip time was 28.7909 milliseconds in repetition 245
tcp_ping received 1024 bytes back
Round trip time was 28.4841 milliseconds in repetition 246
tcp_ping received 1024 bytes back
Round trip time was 28.4944 milliseconds in repetition 247
tcp_ping received 1024 bytes back
Round trip time was 28.9443 milliseconds in repetition 248
tcp_ping received 1024 bytes back
Round trip time was 28.2961 milliseconds in repetition 249
tcp_ping received 1024 bytes back
Round trip time was 28.5036 milliseconds in repetition 250
tcp_ping received 1024 bytes back
Round trip time was 28.9214 milliseconds in repetition 251
tcp_ping received 1024 bytes back
Round trip time was 28.5206 milliseconds in repetition 252
tcp_ping received 1024 bytes back
Round trip time was 28.7467 milliseconds in repetition 253
tcp_ping received 1024 bytes back
Round trip time was 28.7672 milliseconds in repetition 254
tcp_ping received 1024 bytes back
Round trip time was 28.6795 milliseconds in repetition 255
tcp_ping received 1024 bytes back
Round trip time was 28.2887 milliseconds in repetition 256
tcp_ping received 1024 bytes back
Round trip time was 28.4978 milliseconds in repetition 257
tcp_ping received 1024 bytes back
Round trip time was 28.4825 milliseconds in repetition 258
tcp_ping received 1024 bytes back
Round trip time was 28.5019 milliseconds in repetition 259
tcp_ping received 1024 bytes back
Round trip time was 28.7485 milliseconds in repetition 260
tcp_ping received 1024 bytes back
Round trip time was 28.2292 milliseconds in repetition 261
tcp_ping received 1024 bytes back
Round trip time was 28.7479 milliseconds in repetition 262
tcp_ping received 1024 bytes back
Round trip time was 28.5044 milliseconds in repetition 263
tcp_ping received 1024 bytes back
Round trip time was 28.6838 milliseconds in repetition 264
tcp_ping received 1024 bytes back
Round trip time was 29.0023 milliseconds in repetition 265
tcp_ping received 1024 bytes back
Round trip time was 28.2246 milliseconds in repetition 266
tcp_ping received 1024 bytes back
Round trip time was 28.7478 milliseconds in repetition 267
tcp_ping received 1024 bytes back
Round trip time was 28.5061 milliseconds in repetition 268
tcp_ping received 1024 bytes back
Round trip time was 28.754 milliseconds in repetition 269
tcp_ping received 1024 bytes back
Round trip time was 28.4954 milliseconds in repetition 270
tcp_ping received 1024 bytes back
Round trip time was 28.4795 milliseconds in repetition 271
tcp_ping received 1024 bytes back
Round trip time was 29.2434 milliseconds in repetition 272
tcp_ping received 1024 bytes back
Round trip time was 28.4945 milliseconds in repetition 273
tcp_ping received 1024 bytes back
Round trip time was 28.4772 milliseconds in repetition 274
tcp_ping received 1024 bytes back
Round trip time was 29.9903 milliseconds in repetition 275
tcp_ping received 1024 bytes back
Round trip time was 28.7437 milliseconds in repetition 276
tcp_ping received 1024 bytes back
Round trip time was 28.2237 milliseconds in repetition 277
tcp_ping received 1024 bytes back
Round trip time was 28.7508 milliseconds in repetition 278
tcp_ping received 1024 bytes back
Round trip time was 29.2419 milliseconds in repetition 279
tcp_ping received 1024 bytes back
Round trip time was 28.7427 milliseconds in repetition 280
tcp_ping received 1024 bytes back
Round trip time was 38.728 milliseconds in repetition 281
tcp_ping received 1024 bytes back
Round trip time was 28.2854 milliseconds in repetition 282
tcp_ping received 1024 bytes back
Round trip time was 28.9598 milliseconds in repetition 283
tcp_ping received 1024 bytes back
Round trip time was 28.7561 milliseconds in repetition 284
tcp_ping received 1024 bytes back
Round trip time was 32.4914 milliseconds in repetition 285
tcp_ping received 1024 bytes back
Round trip time was 28.9683 milliseconds in repetition 286
tcp_ping received 1024 bytes back
Round trip time was 28.4664 milliseconds in repetition 287
tcp_ping received 1024 bytes back
Round trip time was 28.5171 milliseconds in repetition 288
tcp_ping received 1024 bytes back
Round trip time was 28.2786 milliseconds in repetition 289
tcp_ping received 1024 bytes back
Round trip time was 28.6723 milliseconds in repetition 290
tcp_ping received 1024 bytes back
Round trip time was 28.3057 milliseconds in repetition 291
tcp_ping received 1024 bytes back
Round trip time was 28.4989 milliseconds in repetition 292
tcp_ping received 1024 bytes back
Round trip time was 28.9318 milliseconds in repetition 293
tcp_ping received 1024 bytes back
Round trip time was 28.8017 milliseconds in repetition 294
tcp_ping received 1024 bytes back
Round trip time was 28.4854 milliseconds in repetition 295
tcp_ping received 1024 bytes back
Round trip time was 28.7545 milliseconds in repetition 296
tcp_ping received 1024 bytes back
Round trip time was 28.6626 milliseconds in repetition 297
tcp_ping received 1024 bytes back
Round trip time was 28.3075 milliseconds in repetition 298
tcp_ping received 1024 bytes back
Round trip time was 28.4981 milliseconds in repetition 299
tcp_ping received 1024 bytes back
Round trip time was 28.4585 milliseconds in repetition 300
tcp_ping received 1024 bytes back
Round trip time was 28.5115 milliseconds in repetition 301
tcp_ping received 1024 bytes back
Round trip time was 28.7491 milliseconds in repetition 302
tcp_ping received 1024 bytes back
Round trip time was 28.9714 milliseconds in repetition 303
tcp_ping received 1024 bytes back
Round trip time was 28.7532 milliseconds in repetition 304
tcp_ping received 1024 bytes back
Round trip time was 28.477 milliseconds in repetition 305
tcp_ping received 1024 bytes back
Round trip time was 28.2497 milliseconds in repetition 306
tcp_ping received 1024 bytes back
Round trip time was 28.749 milliseconds in repetition 307
tcp_ping received 1024 bytes back
Round trip time was 28.5027 milliseconds in repetition 308
tcp_ping received 1024 bytes back
Round trip time was 28.6937 milliseconds in repetition 309
tcp_ping received 1024 bytes back
Round trip time was 28.2378 milliseconds in repetition 310
tcp_ping received 1024 bytes back
Round trip time was 28.4874 milliseconds in repetition 311
tcp_ping received 1024 bytes back
Round trip time was 28.7632 milliseconds in repetition 312
tcp_ping received 1024 bytes back
Round trip time was 28.9378 milliseconds in repetition 313
tcp_ping received 1024 bytes back
Round trip time was 28.0525 milliseconds in repetition 314
tcp_ping received 1024 bytes back
Round trip time was 28.5092 milliseconds in repetition 315
tcp_ping received 1024 bytes back
Round trip time was 28.4739 milliseconds in repetition 316
tcp_ping received 1024 bytes back
Round trip time was 28.4956 milliseconds in repetition 317
tcp_ping received 1024 bytes back
Round trip time was 28.7521 milliseconds in repetition 318
tcp_ping received 1024 bytes back
Round trip time was 28.2316 milliseconds in repetition 319
tcp_ping received 1024 bytes back
Round trip time was 28.7532 milliseconds in repetition 320
tcp_ping received 1024 bytes back
Round trip time was 29.2493 milliseconds in repetition 321
tcp_ping received 1024 bytes back
Round trip time was 28.7542 milliseconds in repetition 322
tcp_ping received 1024 bytes back
Round trip time was 28.6811 milliseconds in repetition 323
tcp_ping received 1024 bytes back
Round trip time was 28.0576 milliseconds in repetition 324
tcp_ping received 1024 bytes back
Round trip time was 28.4849 milliseconds in repetition 325
tcp_ping received 1024 bytes back
Round trip time was 28.4952 milliseconds in repetition 326
tcp_ping received 1024 bytes back
Round trip time was 28.0234 milliseconds in repetition 327
tcp_ping received 1024 bytes back
Round trip time was 28.6846 milliseconds in repetition 328
tcp_ping received 1024 bytes back
Round trip time was 28.7549 milliseconds in repetition 329
tcp_ping received 1024 bytes back
Round trip time was 28.7734 milliseconds in repetition 330
tcp_ping received 1024 bytes back
Round trip time was 28.7545 milliseconds in repetition 331
tcp_ping received 1024 bytes back
Round trip time was 28.2277 milliseconds in repetition 332
tcp_ping received 1024 bytes back
Round trip time was 28.5033 milliseconds in repetition 333
tcp_ping received 1024 bytes back
Round trip time was 28.754 milliseconds in repetition 334
tcp_ping received 1024 bytes back
Round trip time was 28.2291 milliseconds in repetition 335
tcp_ping received 1024 bytes back
Round trip time was 28.7595 milliseconds in repetition 336
tcp_ping received 1024 bytes back
Round trip time was 28.231 milliseconds in repetition 337
tcp_ping received 1024 bytes back
Round trip time was 28.7522 milliseconds in repetition 338
tcp_ping received 1024 bytes back
Round trip time was 28.5108 milliseconds in repetition 339
tcp_ping received 1024 bytes back
Round trip time was 28.7469 milliseconds in repetition 340
tcp_ping received 1024 bytes back
Round trip time was 28.2317 milliseconds in repetition 341
tcp_ping received 1024 bytes back
Round trip time was 28.5093 milliseconds in repetition 342
tcp_ping received 1024 bytes back
Round trip time was 28.4788 milliseconds in repetition 343
tcp_ping received 1024 bytes back
Round trip time was 28.4902 milliseconds in repetition 344
tcp_ping received 1024 bytes back
Round trip time was 28.4823 milliseconds in repetition 345
tcp_ping received 1024 bytes back
Round trip time was 28.5013 milliseconds in repetition 346
tcp_ping received 1024 bytes back
Round trip time was 28.4877 milliseconds in repetition 347
tcp_ping received 1024 bytes back
Round trip time was 28.7682 milliseconds in repetition 348
tcp_ping received 1024 bytes back
Round trip time was 28.7413 milliseconds in repetition 349
tcp_ping received 1024 bytes back
Round trip time was 28.7022 milliseconds in repetition 350
tcp_ping received 1024 bytes back
Round trip time was 28.7882 milliseconds in repetition 351
tcp_ping received 1024 bytes back
Round trip time was 28.75 milliseconds in repetition 352
tcp_ping received 1024 bytes back
Round trip time was 28.4651 milliseconds in repetition 353
tcp_ping received 1024 bytes back
Round trip time was 28.4804 milliseconds in repetition 354
tcp_ping received 1024 bytes back
Round trip time was 28.4924 milliseconds in repetition 355
tcp_ping received 1024 bytes back
Round trip time was 28.4848 milliseconds in repetition 356
tcp_ping received 1024 bytes back
Round trip time was 28.4991 milliseconds in repetition 357
tcp_ping received 1024 bytes back
Round trip time was 28.7536 milliseconds in repetition 358
tcp_ping received 1024 bytes back
Round trip time was 28.9765 milliseconds in repetition 359
tcp_ping received 1024 bytes back
Round trip time was 28.7683 milliseconds in repetition 360
tcp_ping received 1024 bytes back
Round trip time was 28.4787 milliseconds in repetition 361
tcp_ping received 1024 bytes back
Round trip time was 28.4969 milliseconds in repetition 362
tcp_ping received 1024 bytes back
Round trip time was 28.4692 milliseconds in repetition 363
tcp_ping received 1024 bytes back
Round trip time was 28.5173 milliseconds in repetition 364
tcp_ping received 1024 bytes back
Round trip time was 28.4786 milliseconds in repetition 365
tcp_ping received 1024 bytes back
Round trip time was 28.7718 milliseconds in repetition 366
tcp_ping received 1024 bytes back
Round trip time was 28.4716 milliseconds in repetition 367
tcp_ping received 1024 bytes back
Round trip time was 28.519 milliseconds in repetition 368
tcp_ping received 1024 bytes back
Round trip time was 28.9669 milliseconds in repetition 369
tcp_ping received 1024 bytes back
Round trip time was 28.4682 milliseconds in repetition 370
tcp_ping received 1024 bytes back
Round trip time was 28.7872 milliseconds in repetition 371
tcp_ping received 1024 bytes back
Round trip time was 28.7552 milliseconds in repetition 372
tcp_ping received 1024 bytes back
Round trip time was 28.2256 milliseconds in repetition 373
tcp_ping received 1024 bytes back
Round trip time was 28.7485 milliseconds in repetition 374
tcp_ping received 1024 bytes back
Round trip time was 28.5055 milliseconds in repetition 375
tcp_ping received 1024 bytes back
Round trip time was 28.4709 milliseconds in repetition 376
tcp_ping received 1024 bytes back
Round trip time was 28.5272 milliseconds in repetition 377
tcp_ping received 1024 bytes back
Round trip time was 28.479 milliseconds in repetition 378
tcp_ping received 1024 bytes back
Round trip time was 28.484 milliseconds in repetition 379
tcp_ping received 1024 bytes back
Round trip time was 28.5002 milliseconds in repetition 380
tcp_ping received 1024 bytes back
Round trip time was 28.4749 milliseconds in repetition 381
tcp_ping received 1024 bytes back
Round trip time was 28.2028 milliseconds in repetition 382
tcp_ping received 1024 bytes back
Round trip time was 28.7682 milliseconds in repetition 383
tcp_ping received 1024 bytes back
Round trip time was 28.0319 milliseconds in repetition 384
tcp_ping received 1024 bytes back
Round trip time was 28.4709 milliseconds in repetition 385
tcp_ping received 1024 bytes back
Round trip time was 28.4953 milliseconds in repetition 386
tcp_ping received 1024 bytes back
Round trip time was 28.5006 milliseconds in repetition 387
tcp_ping received 1024 bytes back
Round trip time was 28.4984 milliseconds in repetition 388
tcp_ping received 1024 bytes back
Round trip time was 28.4807 milliseconds in repetition 389
tcp_ping received 1024 bytes back
Round trip time was 28.4845 milliseconds in repetition 390
tcp_ping received 1024 bytes back
Round trip time was 28.4969 milliseconds in repetition 391
tcp_ping received 1024 bytes back
Round trip time was 28.4662 milliseconds in repetition 392
tcp_ping received 1024 bytes back
Round trip time was 28.777 milliseconds in repetition 393
tcp_ping received 1024 bytes back
Round trip time was 28.936 milliseconds in repetition 394
tcp_ping received 1024 bytes back
Round trip time was 28.5164 milliseconds in repetition 395
tcp_ping received 1024 bytes back
Round trip time was 28.7816 milliseconds in repetition 396
tcp_ping received 1024 bytes back
Round trip time was 28.8851 milliseconds in repetition 397
tcp_ping received 1024 bytes back
Round trip time was 28.5089 milliseconds in repetition 398
tcp_ping received 1024 bytes back
Round trip time was 28.7599 milliseconds in repetition 399
tcp_ping received 1024 bytes back
Round trip time was 28.0224 milliseconds in repetition 400
tcp_ping received 1024 bytes back
Round trip time was 28.4797 milliseconds in repetition 401
tcp_ping received 1024 bytes back
Round trip time was 28.5017 milliseconds in repetition 402
tcp_ping received 1024 bytes back
Round trip time was 28.758 milliseconds in repetition 403
tcp_ping received 1024 bytes back
Round trip time was 28.9666 milliseconds in repetition 404
tcp_ping received 1024 bytes back
Round trip time was 28.4951 milliseconds in repetition 405
tcp_ping received 1024 bytes back
Round trip time was 28 milliseconds in repetition 406
tcp_ping received 1024 bytes back
Round trip time was 28.6877 milliseconds in repetition 407
tcp_ping received 1024 bytes back
Round trip time was 28.3 milliseconds in repetition 408
tcp_ping received 1024 bytes back
Round trip time was 28.9934 milliseconds in repetition 409
tcp_ping received 1024 bytes back
Round trip time was 28.7608 milliseconds in repetition 410
tcp_ping received 1024 bytes back
Round trip time was 28.5006 milliseconds in repetition 411
tcp_ping received 1024 bytes back
Round trip time was 28.4728 milliseconds in repetition 412
tcp_ping received 1024 bytes back
Round trip time was 28.9472 milliseconds in repetition 413
tcp_ping received 1024 bytes back
Round trip time was 28.5385 milliseconds in repetition 414
tcp_ping received 1024 bytes back
Round trip time was 29.0231 milliseconds in repetition 415
tcp_ping received 1024 bytes back
Round trip time was 28.4967 milliseconds in repetition 416
tcp_ping received 1024 bytes back
Round trip time was 28.9204 milliseconds in repetition 417
tcp_ping received 1024 bytes back
Round trip time was 28.7938 milliseconds in repetition 418
tcp_ping received 1024 bytes back
Round trip time was 28.4957 milliseconds in repetition 419
tcp_ping received 1024 bytes back
Round trip time was 28.207 milliseconds in repetition 420
tcp_ping received 1024 bytes back
Round trip time was 28.7756 milliseconds in repetition 421
tcp_ping received 1024 bytes back
Round trip time was 28.5028 milliseconds in repetition 422
tcp_ping received 1024 bytes back
Round trip time was 28.5011 milliseconds in repetition 423
tcp_ping received 1024 bytes back
Round trip time was 28.4674 milliseconds in repetition 424
tcp_ping received 1024 bytes back
Round trip time was 28.508 milliseconds in repetition 425
tcp_ping received 1024 bytes back
Round trip time was 28.4576 milliseconds in repetition 426
tcp_ping received 1024 bytes back
Round trip time was 28.5226 milliseconds in repetition 427
tcp_ping received 1024 bytes back
Round trip time was 28.2674 milliseconds in repetition 428
tcp_ping received 1024 bytes back
Round trip time was 28.683 milliseconds in repetition 429
tcp_ping received 1024 bytes back
Round trip time was 28.3039 milliseconds in repetition 430
tcp_ping received 1024 bytes back
Round trip time was 28.5015 milliseconds in repetition 431
tcp_ping received 1024 bytes back
Round trip time was 28.6839 milliseconds in repetition 432
tcp_ping received 1024 bytes back
Round trip time was 28.773 milliseconds in repetition 433
tcp_ping received 1024 bytes back
Round trip time was 28.7765 milliseconds in repetition 434
tcp_ping received 1024 bytes back
Round trip time was 28.7406 milliseconds in repetition 435
tcp_ping received 1024 bytes back
Round trip time was 28.6844 milliseconds in repetition 436
tcp_ping received 1024 bytes back
Round trip time was 29.0386 milliseconds in repetition 437
tcp_ping received 1024 bytes back
Round trip time was 28.5008 milliseconds in repetition 438
tcp_ping received 1024 bytes back
Round trip time was 28.7435 milliseconds in repetition 439
tcp_ping received 1024 bytes back
Round trip time was 28.2413 milliseconds in repetition 440
tcp_ping received 1024 bytes back
Round trip time was 28.4924 milliseconds in repetition 441
tcp_ping received 1024 bytes back
Round trip time was 28.1615 milliseconds in repetition 442
tcp_ping received 1024 bytes back
Round trip time was 28.5192 milliseconds in repetition 443
tcp_ping received 1024 bytes back
Round trip time was 28.2736 milliseconds in repetition 444
tcp_ping received 1024 bytes back
Round trip time was 28.2278 milliseconds in repetition 445
tcp_ping received 1024 bytes back
Round trip time was 28.4836 milliseconds in repetition 446
tcp_ping received 1024 bytes back
Round trip time was 28.2115 milliseconds in repetition 447
tcp_ping received 1024 bytes back
Round trip time was 28.7776 milliseconds in repetition 448
tcp_ping received 1024 bytes back
Round trip time was 28.5079 milliseconds in repetition 449
tcp_ping received 1024 bytes back
Round trip time was 28.5246 milliseconds in repetition 450
tcp_ping received 1024 bytes back
Round trip time was 28.4589 milliseconds in repetition 451
tcp_ping received 1024 bytes back
Round trip time was 28.5024 milliseconds in repetition 452
tcp_ping received 1024 bytes back
Round trip time was 28.467 milliseconds in repetition 453
tcp_ping received 1024 bytes back
Round trip time was 28.5454 milliseconds in repetition 454
tcp_ping received 1024 bytes back
Round trip time was 28.7426 milliseconds in repetition 455
tcp_ping received 1024 bytes back
Round trip time was 28.7674 milliseconds in repetition 456
tcp_ping received 1024 bytes back
Round trip time was 28.4798 milliseconds in repetition 457
tcp_ping received 1024 bytes back
Round trip time was 28.5017 milliseconds in repetition 458
tcp_ping received 1024 bytes back
Round trip time was 28.497 milliseconds in repetition 459
tcp_ping received 1024 bytes back
Round trip time was 28.4916 milliseconds in repetition 460
tcp_ping received 1024 bytes back
Round trip time was 28.5211 milliseconds in repetition 461
tcp_ping received 1024 bytes back
Round trip time was 28.7436 milliseconds in repetition 462
tcp_ping received 1024 bytes back
Round trip time was 28.6835 milliseconds in repetition 463
tcp_ping received 1024 bytes back
Round trip time was 28.7671 milliseconds in repetition 464
tcp_ping received 1024 bytes back
Round trip time was 28.7697 milliseconds in repetition 465
tcp_ping received 1024 bytes back
Round trip time was 28.747 milliseconds in repetition 466
tcp_ping received 1024 bytes back
Round trip time was 28.23 milliseconds in repetition 467
tcp_ping received 1024 bytes back
Round trip time was 28.5036 milliseconds in repetition 468
tcp_ping received 1024 bytes back
Round trip time was 28.7372 milliseconds in repetition 469
tcp_ping received 1024 bytes back
Round trip time was 28.2273 milliseconds in repetition 470
tcp_ping received 1024 bytes back
Round trip time was 28.7431 milliseconds in repetition 471
tcp_ping received 1024 bytes back
Round trip time was 28.4934 milliseconds in repetition 472
tcp_ping received 1024 bytes back
Round trip time was 28.4767 milliseconds in repetition 473
tcp_ping received 1024 bytes back
Round trip time was 28.2321 milliseconds in repetition 474
tcp_ping received 1024 bytes back
Round trip time was 28.7411 milliseconds in repetition 475
tcp_ping received 1024 bytes back
Round trip time was 28.4987 milliseconds in repetition 476
tcp_ping received 1024 bytes back
Round trip time was 28.4941 milliseconds in repetition 477
tcp_ping received 1024 bytes back
Round trip time was 28.1816 milliseconds in repetition 478
tcp_ping received 1024 bytes back
Round trip time was 28.7921 milliseconds in repetition 479
tcp_ping received 1024 bytes back
Round trip time was 28.4827 milliseconds in repetition 480
tcp_ping received 1024 bytes back
Round trip time was 28.4933 milliseconds in repetition 481
tcp_ping received 1024 bytes back
Round trip time was 28.4757 milliseconds in repetition 482
tcp_ping received 1024 bytes back
Round trip time was 28.5041 milliseconds in repetition 483
tcp_ping received 1024 bytes back
Round trip time was 28.4504 milliseconds in repetition 484
tcp_ping received 1024 bytes back
Round trip time was 28.7822 milliseconds in repetition 485
tcp_ping received 1024 bytes back
Round trip time was 28.4548 milliseconds in repetition 486
tcp_ping received 1024 bytes back
Round trip time was 28.4819 milliseconds in repetition 487
tcp_ping received 1024 bytes back
Round trip time was 28.4988 milliseconds in repetition 488
tcp_ping received 1024 bytes back
Round trip time was 28.4719 milliseconds in repetition 489
tcp_ping received 1024 bytes back
Round trip time was 28.7808 milliseconds in repetition 490
tcp_ping received 1024 bytes back
Round trip time was 28.4633 milliseconds in repetition 491
tcp_ping received 1024 bytes back
Round trip time was 28.5014 milliseconds in repetition 492
tcp_ping received 1024 bytes back
Round trip time was 28.7372 milliseconds in repetition 493
tcp_ping received 1024 bytes back
Round trip time was 28.2182 milliseconds in repetition 494
tcp_ping received 1024 bytes back
Round trip time was 28.531 milliseconds in repetition 495
tcp_ping received 1024 bytes back
Round trip time was 28.7493 milliseconds in repetition 496
tcp_ping received 1024 bytes back
Round trip time was 28.2258 milliseconds in repetition 497
tcp_ping received 1024 bytes back
Round trip time was 28.7359 milliseconds in repetition 498
tcp_ping received 1024 bytes back
Round trip time was 28.238 milliseconds in repetition 499
tcp_ping received 1024 bytes back
Round trip time was 28.7575 milliseconds in repetition 500
tcp_ping received 1024 bytes back
Round trip time was 28.2313 milliseconds in repetition 501

 ... clock resolution was 1e-06
TCP Ping:  Statistics over 501 repetitions of 1024 byte messages

RTT : percentile 10: 28.2381, median: 28.519, percentile 90: 29.0466, average: 28.7418, variance: 1.03406

RTT histogram:
28 77
28.8876 388
29.7752 28
30.6628 3
31.5504 1
32.438 1
33.3256 0
34.2132 1
35.1008 0
35.9884 0
36.876 0
37.7636 0
38.6512 1
39.5388 0
40.4264 0
41.314 0
42.2016 0
43.0892 0
43.9768 0
44.8644 0
45.752 1

   median Throughput : 71.8117 KB/s   overall Throughput : 71.2551 KB/s

