TCP Ping trying to connect to server 192.168.1.51 (192.168.1.51) on port 1491
 ... connected to Pong server: asking for 501 repetitions of 16384 bytes TCP messages
 ... Pong server agreed :-)
tcp_ping received 16384 bytes back
Round trip time was 7.77982 milliseconds in repetition 1
tcp_ping received 16384 bytes back
Round trip time was 4.89106 milliseconds in repetition 2
tcp_ping received 16384 bytes back
Round trip time was 3.30439 milliseconds in repetition 3
tcp_ping received 16384 bytes back
Round trip time was 5.50219 milliseconds in repetition 4
tcp_ping received 16384 bytes back
Round trip time was 3.51866 milliseconds in repetition 5
tcp_ping received 16384 bytes back
Round trip time was 3.79516 milliseconds in repetition 6
tcp_ping received 16384 bytes back
Round trip time was 3.98662 milliseconds in repetition 7
tcp_ping received 16384 bytes back
Round trip time was 3.99435 milliseconds in repetition 8
tcp_ping received 16384 bytes back
Round trip time was 3.72858 milliseconds in repetition 9
tcp_ping received 16384 bytes back
Round trip time was 4.4887 milliseconds in repetition 10
tcp_ping received 16384 bytes back
Round trip time was 4.40638 milliseconds in repetition 11
tcp_ping received 16384 bytes back
Round trip time was 4.39552 milliseconds in repetition 12
tcp_ping received 16384 bytes back
Round trip time was 4.78968 milliseconds in repetition 13
tcp_ping received 16384 bytes back
Round trip time was 4.75741 milliseconds in repetition 14
tcp_ping received 16384 bytes back
Round trip time was 4.6124 milliseconds in repetition 15
tcp_ping received 16384 bytes back
Round trip time was 4.14506 milliseconds in repetition 16
tcp_ping received 16384 bytes back
Round trip time was 3.29998 milliseconds in repetition 17
tcp_ping received 16384 bytes back
Round trip time was 4.1524 milliseconds in repetition 18
tcp_ping received 16384 bytes back
Round trip time was 4.10236 milliseconds in repetition 19
tcp_ping received 16384 bytes back
Round trip time was 3.77279 milliseconds in repetition 20
tcp_ping received 16384 bytes back
Round trip time was 3.64424 milliseconds in repetition 21
tcp_ping received 16384 bytes back
Round trip time was 4.21477 milliseconds in repetition 22
tcp_ping received 16384 bytes back
Round trip time was 3.83862 milliseconds in repetition 23
tcp_ping received 16384 bytes back
Round trip time was 4.62077 milliseconds in repetition 24
tcp_ping received 16384 bytes back
Round trip time was 4.11533 milliseconds in repetition 25
tcp_ping received 16384 bytes back
Round trip time was 4.31901 milliseconds in repetition 26
tcp_ping received 16384 bytes back
Round trip time was 3.86693 milliseconds in repetition 27
tcp_ping received 16384 bytes back
Round trip time was 4.4167 milliseconds in repetition 28
tcp_ping received 16384 bytes back
Round trip time was 4.21164 milliseconds in repetition 29
tcp_ping received 16384 bytes back
Round trip time was 3.58859 milliseconds in repetition 30
tcp_ping received 16384 bytes back
Round trip time was 4.58807 milliseconds in repetition 31
tcp_ping received 16384 bytes back
Round trip time was 3.89133 milliseconds in repetition 32
tcp_ping received 16384 bytes back
Round trip time was 3.63008 milliseconds in repetition 33
tcp_ping received 16384 bytes back
Round trip time was 4.35523 milliseconds in repetition 34
tcp_ping received 16384 bytes back
Round trip time was 3.33632 milliseconds in repetition 35
tcp_ping received 16384 bytes back
Round trip time was 4.23278 milliseconds in repetition 36
tcp_ping received 16384 bytes back
Round trip time was 3.76947 milliseconds in repetition 37
tcp_ping received 16384 bytes back
Round trip time was 4.3488 milliseconds in repetition 38
tcp_ping received 16384 bytes back
Round trip time was 3.23067 milliseconds in repetition 39
tcp_ping received 16384 bytes back
Round trip time was 4.12449 milliseconds in repetition 40
tcp_ping received 16384 bytes back
Round trip time was 4.67897 milliseconds in repetition 41
tcp_ping received 16384 bytes back
Round trip time was 3.37844 milliseconds in repetition 42
tcp_ping received 16384 bytes back
Round trip time was 3.75705 milliseconds in repetition 43
tcp_ping received 16384 bytes back
Round trip time was 3.2786 milliseconds in repetition 44
tcp_ping received 16384 bytes back
Round trip time was 3.38953 milliseconds in repetition 45
tcp_ping received 16384 bytes back
Round trip time was 3.39658 milliseconds in repetition 46
tcp_ping received 16384 bytes back
Round trip time was 3.35959 milliseconds in repetition 47
tcp_ping received 16384 bytes back
Round trip time was 4.053 milliseconds in repetition 48
tcp_ping received 16384 bytes back
Round trip time was 3.90916 milliseconds in repetition 49
tcp_ping received 16384 bytes back
Round trip time was 3.92786 milliseconds in repetition 50
tcp_ping received 16384 bytes back
Round trip time was 4.34131 milliseconds in repetition 51
tcp_ping received 16384 bytes back
Round trip time was 3.31151 milliseconds in repetition 52
tcp_ping received 16384 bytes back
Round trip time was 3.79937 milliseconds in repetition 53
tcp_ping received 16384 bytes back
Round trip time was 3.81589 milliseconds in repetition 54
tcp_ping received 16384 bytes back
Round trip time was 4.04986 milliseconds in repetition 55
tcp_ping received 16384 bytes back
Round trip time was 3.81022 milliseconds in repetition 56
tcp_ping received 16384 bytes back
Round trip time was 3.71531 milliseconds in repetition 57
tcp_ping received 16384 bytes back
Round trip time was 3.69838 milliseconds in repetition 58
tcp_ping received 16384 bytes back
Round trip time was 3.32989 milliseconds in repetition 59
tcp_ping received 16384 bytes back
Round trip time was 3.36785 milliseconds in repetition 60
tcp_ping received 16384 bytes back
Round trip time was 3.35358 milliseconds in repetition 61
tcp_ping received 16384 bytes back
Round trip time was 4.79387 milliseconds in repetition 62
tcp_ping received 16384 bytes back
Round trip time was 3.91601 milliseconds in repetition 63
tcp_ping received 16384 bytes back
Round trip time was 3.82116 milliseconds in repetition 64
tcp_ping received 16384 bytes back
Round trip time was 3.71553 milliseconds in repetition 65
tcp_ping received 16384 bytes back
Round trip time was 4.12906 milliseconds in repetition 66
tcp_ping received 16384 bytes back
Round trip time was 4.07445 milliseconds in repetition 67
tcp_ping received 16384 bytes back
Round trip time was 4.77964 milliseconds in repetition 68
tcp_ping received 16384 bytes back
Round trip time was 3.77704 milliseconds in repetition 69
tcp_ping received 16384 bytes back
Round trip time was 3.80984 milliseconds in repetition 70
tcp_ping received 16384 bytes back
Round trip time was 4.22826 milliseconds in repetition 71
tcp_ping received 16384 bytes back
Round trip time was 3.42054 milliseconds in repetition 72
tcp_ping received 16384 bytes back
Round trip time was 3.62292 milliseconds in repetition 73
tcp_ping received 16384 bytes back
Round trip time was 4.80087 milliseconds in repetition 74
tcp_ping received 16384 bytes back
Round trip time was 4.08086 milliseconds in repetition 75
tcp_ping received 16384 bytes back
Round trip time was 3.83626 milliseconds in repetition 76
tcp_ping received 16384 bytes back
Round trip time was 3.67935 milliseconds in repetition 77
tcp_ping received 16384 bytes back
Round trip time was 3.46722 milliseconds in repetition 78
tcp_ping received 16384 bytes back
Round trip time was 3.60755 milliseconds in repetition 79
tcp_ping received 16384 bytes back
Round trip time was 3.07842 milliseconds in repetition 80
tcp_ping received 16384 bytes back
Round trip time was 3.7875 milliseconds in repetition 81
tcp_ping received 16384 bytes back
Round trip time was 4.36078 milliseconds in repetition 82
tcp_ping received 16384 bytes back
Round trip time was 3.60205 milliseconds in repetition 83
tcp_ping received 16384 bytes back
Round trip time was 4.5099 milliseconds in repetition 84
tcp_ping received 16384 bytes back
Round trip time was 3.94378 milliseconds in repetition 85
tcp_ping received 16384 bytes back
Round trip time was 3.35948 milliseconds in repetition 86
tcp_ping received 16384 bytes back
Round trip time was 3.95877 milliseconds in repetition 87
tcp_ping received 16384 bytes back
Round trip time was 3.65329 milliseconds in repetition 88
tcp_ping received 16384 bytes back
Round trip time was 3.60015 milliseconds in repetition 89
tcp_ping received 16384 bytes back
Round trip time was 4.04048 milliseconds in repetition 90
tcp_ping received 16384 bytes back
Round trip time was 4.81453 milliseconds in repetition 91
tcp_ping received 16384 bytes back
Round trip time was 3.8926 milliseconds in repetition 92
tcp_ping received 16384 bytes back
Round trip time was 3.90608 milliseconds in repetition 93
tcp_ping received 16384 bytes back
Round trip time was 3.93182 milliseconds in repetition 94
tcp_ping received 16384 bytes back
Round trip time was 4.44094 milliseconds in repetition 95
tcp_ping received 16384 bytes back
Round trip time was 3.89898 milliseconds in repetition 96
tcp_ping received 16384 bytes back
Round trip time was 4.32874 milliseconds in repetition 97
tcp_ping received 16384 bytes back
Round trip time was 3.29391 milliseconds in repetition 98
tcp_ping received 16384 bytes back
Round trip time was 4.87927 milliseconds in repetition 99
tcp_ping received 16384 bytes back
Round trip time was 3.85457 milliseconds in repetition 100
tcp_ping received 16384 bytes back
Round trip time was 4.44084 milliseconds in repetition 101
tcp_ping received 16384 bytes back
Round trip time was 3.77241 milliseconds in repetition 102
tcp_ping received 16384 bytes back
Round trip time was 3.3929 milliseconds in repetition 103
tcp_ping received 16384 bytes back
Round trip time was 3.36049 milliseconds in repetition 104
tcp_ping received 16384 bytes back
Round trip time was 3.74485 milliseconds in repetition 105
tcp_ping received 16384 bytes back
Round trip time was 3.86209 milliseconds in repetition 106
tcp_ping received 16384 bytes back
Round trip time was 4.3221 milliseconds in repetition 107
tcp_ping received 16384 bytes back
Round trip time was 4.18975 milliseconds in repetition 108
tcp_ping received 16384 bytes back
Round trip time was 3.91043 milliseconds in repetition 109
tcp_ping received 16384 bytes back
Round trip time was 4.12111 milliseconds in repetition 110
tcp_ping received 16384 bytes back
Round trip time was 3.57757 milliseconds in repetition 111
tcp_ping received 16384 bytes back
Round trip time was 5.02785 milliseconds in repetition 112
tcp_ping received 16384 bytes back
Round trip time was 4.63991 milliseconds in repetition 113
tcp_ping received 16384 bytes back
Round trip time was 4.72876 milliseconds in repetition 114
tcp_ping received 16384 bytes back
Round trip time was 4.28189 milliseconds in repetition 115
tcp_ping received 16384 bytes back
Round trip time was 4.64798 milliseconds in repetition 116
tcp_ping received 16384 bytes back
Round trip time was 3.54629 milliseconds in repetition 117
tcp_ping received 16384 bytes back
Round trip time was 4.68866 milliseconds in repetition 118
tcp_ping received 16384 bytes back
Round trip time was 5.77062 milliseconds in repetition 119
tcp_ping received 16384 bytes back
Round trip time was 5.2539 milliseconds in repetition 120
tcp_ping received 16384 bytes back
Round trip time was 4.49718 milliseconds in repetition 121
tcp_ping received 16384 bytes back
Round trip time was 3.91527 milliseconds in repetition 122
tcp_ping received 16384 bytes back
Round trip time was 4.284 milliseconds in repetition 123
tcp_ping received 16384 bytes back
Round trip time was 3.49513 milliseconds in repetition 124
tcp_ping received 16384 bytes back
Round trip time was 3.89359 milliseconds in repetition 125
tcp_ping received 16384 bytes back
Round trip time was 3.99839 milliseconds in repetition 126
tcp_ping received 16384 bytes back
Round trip time was 3.59319 milliseconds in repetition 127
tcp_ping received 16384 bytes back
Round trip time was 4.07822 milliseconds in repetition 128
tcp_ping received 16384 bytes back
Round trip time was 4.83648 milliseconds in repetition 129
tcp_ping received 16384 bytes back
Round trip time was 3.57815 milliseconds in repetition 130
tcp_ping received 16384 bytes back
Round trip time was 3.63036 milliseconds in repetition 131
tcp_ping received 16384 bytes back
Round trip time was 3.96456 milliseconds in repetition 132
tcp_ping received 16384 bytes back
Round trip time was 4.39863 milliseconds in repetition 133
tcp_ping received 16384 bytes back
Round trip time was 4.16251 milliseconds in repetition 134
tcp_ping received 16384 bytes back
Round trip time was 3.97057 milliseconds in repetition 135
tcp_ping received 16384 bytes back
Round trip time was 3.74177 milliseconds in repetition 136
tcp_ping received 16384 bytes back
Round trip time was 3.66113 milliseconds in repetition 137
tcp_ping received 16384 bytes back
Round trip time was 4.10716 milliseconds in repetition 138
tcp_ping received 16384 bytes back
Round trip time was 3.87663 milliseconds in repetition 139
tcp_ping received 16384 bytes back
Round trip time was 3.13932 milliseconds in repetition 140
tcp_ping received 16384 bytes back
Round trip time was 3.76246 milliseconds in repetition 141
tcp_ping received 16384 bytes back
Round trip time was 3.36399 milliseconds in repetition 142
tcp_ping received 16384 bytes back
Round trip time was 3.36135 milliseconds in repetition 143
tcp_ping received 16384 bytes back
Round trip time was 5.01729 milliseconds in repetition 144
tcp_ping received 16384 bytes back
Round trip time was 3.71034 milliseconds in repetition 145
tcp_ping received 16384 bytes back
Round trip time was 3.99021 milliseconds in repetition 146
tcp_ping received 16384 bytes back
Round trip time was 3.35923 milliseconds in repetition 147
tcp_ping received 16384 bytes back
Round trip time was 3.6813 milliseconds in repetition 148
tcp_ping received 16384 bytes back
Round trip time was 4.66874 milliseconds in repetition 149
tcp_ping received 16384 bytes back
Round trip time was 3.16343 milliseconds in repetition 150
tcp_ping received 16384 bytes back
Round trip time was 3.36395 milliseconds in repetition 151
tcp_ping received 16384 bytes back
Round trip time was 3.64009 milliseconds in repetition 152
tcp_ping received 16384 bytes back
Round trip time was 4.16606 milliseconds in repetition 153
tcp_ping received 16384 bytes back
Round trip time was 3.38646 milliseconds in repetition 154
tcp_ping received 16384 bytes back
Round trip time was 3.7089 milliseconds in repetition 155
tcp_ping received 16384 bytes back
Round trip time was 3.45527 milliseconds in repetition 156
tcp_ping received 16384 bytes back
Round trip time was 3.69788 milliseconds in repetition 157
tcp_ping received 16384 bytes back
Round trip time was 3.33603 milliseconds in repetition 158
tcp_ping received 16384 bytes back
Round trip time was 3.35567 milliseconds in repetition 159
tcp_ping received 16384 bytes back
Round trip time was 3.33051 milliseconds in repetition 160
tcp_ping received 16384 bytes back
Round trip time was 3.42078 milliseconds in repetition 161
tcp_ping received 16384 bytes back
Round trip time was 3.77683 milliseconds in repetition 162
tcp_ping received 16384 bytes back
Round trip time was 3.39043 milliseconds in repetition 163
tcp_ping received 16384 bytes back
Round trip time was 3.84482 milliseconds in repetition 164
tcp_ping received 16384 bytes back
Round trip time was 3.66081 milliseconds in repetition 165
tcp_ping received 16384 bytes back
Round trip time was 4.10015 milliseconds in repetition 166
tcp_ping received 16384 bytes back
Round trip time was 3.5509 milliseconds in repetition 167
tcp_ping received 16384 bytes back
Round trip time was 3.42005 milliseconds in repetition 168
tcp_ping received 16384 bytes back
Round trip time was 3.42127 milliseconds in repetition 169
tcp_ping received 16384 bytes back
Round trip time was 3.57134 milliseconds in repetition 170
tcp_ping received 16384 bytes back
Round trip time was 3.40167 milliseconds in repetition 171
tcp_ping received 16384 bytes back
Round trip time was 4.43925 milliseconds in repetition 172
tcp_ping received 16384 bytes back
Round trip time was 3.36557 milliseconds in repetition 173
tcp_ping received 16384 bytes back
Round trip time was 3.38856 milliseconds in repetition 174
tcp_ping received 16384 bytes back
Round trip time was 3.79508 milliseconds in repetition 175
tcp_ping received 16384 bytes back
Round trip time was 3.77351 milliseconds in repetition 176
tcp_ping received 16384 bytes back
Round trip time was 3.44897 milliseconds in repetition 177
tcp_ping received 16384 bytes back
Round trip time was 4.41067 milliseconds in repetition 178
tcp_ping received 16384 bytes back
Round trip time was 3.61288 milliseconds in repetition 179
tcp_ping received 16384 bytes back
Round trip time was 3.42736 milliseconds in repetition 180
tcp_ping received 16384 bytes back
Round trip time was 4.51875 milliseconds in repetition 181
tcp_ping received 16384 bytes back
Round trip time was 3.45367 milliseconds in repetition 182
tcp_ping received 16384 bytes back
Round trip time was 3.15558 milliseconds in repetition 183
tcp_ping received 16384 bytes back
Round trip time was 3.45503 milliseconds in repetition 184
tcp_ping received 16384 bytes back
Round trip time was 3.4234 milliseconds in repetition 185
tcp_ping received 16384 bytes back
Round trip time was 3.45309 milliseconds in repetition 186
tcp_ping received 16384 bytes back
Round trip time was 3.32045 milliseconds in repetition 187
tcp_ping received 16384 bytes back
Round trip time was 3.83116 milliseconds in repetition 188
tcp_ping received 16384 bytes back
Round trip time was 3.40525 milliseconds in repetition 189
tcp_ping received 16384 bytes back
Round trip time was 4.2247 milliseconds in repetition 190
tcp_ping received 16384 bytes back
Round trip time was 6.52223 milliseconds in repetition 191
tcp_ping received 16384 bytes back
Round trip time was 3.08672 milliseconds in repetition 192
tcp_ping received 16384 bytes back
Round trip time was 3.42679 milliseconds in repetition 193
tcp_ping received 16384 bytes back
Round trip time was 3.80641 milliseconds in repetition 194
tcp_ping received 16384 bytes back
Round trip time was 3.75323 milliseconds in repetition 195
tcp_ping received 16384 bytes back
Round trip time was 3.67202 milliseconds in repetition 196
tcp_ping received 16384 bytes back
Round trip time was 3.45773 milliseconds in repetition 197
tcp_ping received 16384 bytes back
Round trip time was 3.99606 milliseconds in repetition 198
tcp_ping received 16384 bytes back
Round trip time was 3.86519 milliseconds in repetition 199
tcp_ping received 16384 bytes back
Round trip time was 3.45922 milliseconds in repetition 200
tcp_ping received 16384 bytes back
Round trip time was 3.51023 milliseconds in repetition 201
tcp_ping received 16384 bytes back
Round trip time was 4.51641 milliseconds in repetition 202
tcp_ping received 16384 bytes back
Round trip time was 4.24438 milliseconds in repetition 203
tcp_ping received 16384 bytes back
Round trip time was 3.40051 milliseconds in repetition 204
tcp_ping received 16384 bytes back
Round trip time was 3.41274 milliseconds in repetition 205
tcp_ping received 16384 bytes back
Round trip time was 3.39487 milliseconds in repetition 206
tcp_ping received 16384 bytes back
Round trip time was 3.85345 milliseconds in repetition 207
tcp_ping received 16384 bytes back
Round trip time was 3.40796 milliseconds in repetition 208
tcp_ping received 16384 bytes back
Round trip time was 3.32546 milliseconds in repetition 209
tcp_ping received 16384 bytes back
Round trip time was 4.16918 milliseconds in repetition 210
tcp_ping received 16384 bytes back
Round trip time was 4.58605 milliseconds in repetition 211
tcp_ping received 16384 bytes back
Round trip time was 3.77415 milliseconds in repetition 212
tcp_ping received 16384 bytes back
Round trip time was 3.24199 milliseconds in repetition 213
tcp_ping received 16384 bytes back
Round trip time was 3.70237 milliseconds in repetition 214
tcp_ping received 16384 bytes back
Round trip time was 3.32373 milliseconds in repetition 215
tcp_ping received 16384 bytes back
Round trip time was 3.75115 milliseconds in repetition 216
tcp_ping received 16384 bytes back
Round trip time was 11.8087 milliseconds in repetition 217
tcp_ping received 16384 bytes back
Round trip time was 3.27761 milliseconds in repetition 218
tcp_ping received 16384 bytes back
Round trip time was 3.23794 milliseconds in repetition 219
tcp_ping received 16384 bytes back
Round trip time was 3.3962 milliseconds in repetition 220
tcp_ping received 16384 bytes back
Round trip time was 4.03563 milliseconds in repetition 221
tcp_ping received 16384 bytes back
Round trip time was 3.38282 milliseconds in repetition 222
tcp_ping received 16384 bytes back
Round trip time was 3.39215 milliseconds in repetition 223
tcp_ping received 16384 bytes back
Round trip time was 3.94859 milliseconds in repetition 224
tcp_ping received 16384 bytes back
Round trip time was 3.27558 milliseconds in repetition 225
tcp_ping received 16384 bytes back
Round trip time was 3.94618 milliseconds in repetition 226
tcp_ping received 16384 bytes back
Round trip time was 3.78742 milliseconds in repetition 227
tcp_ping received 16384 bytes back
Round trip time was 3.42641 milliseconds in repetition 228
tcp_ping received 16384 bytes back
Round trip time was 3.7159 milliseconds in repetition 229
tcp_ping received 16384 bytes back
Round trip time was 3.38462 milliseconds in repetition 230
tcp_ping received 16384 bytes back
Round trip time was 4.28133 milliseconds in repetition 231
tcp_ping received 16384 bytes back
Round trip time was 4.0309 milliseconds in repetition 232
tcp_ping received 16384 bytes back
Round trip time was 3.92207 milliseconds in repetition 233
tcp_ping received 16384 bytes back
Round trip time was 3.89456 milliseconds in repetition 234
tcp_ping received 16384 bytes back
Round trip time was 3.92454 milliseconds in repetition 235
tcp_ping received 16384 bytes back
Round trip time was 3.99158 milliseconds in repetition 236
tcp_ping received 16384 bytes back
Round trip time was 3.54898 milliseconds in repetition 237
tcp_ping received 16384 bytes back
Round trip time was 3.70746 milliseconds in repetition 238
tcp_ping received 16384 bytes back
Round trip time was 4.27762 milliseconds in repetition 239
tcp_ping received 16384 bytes back
Round trip time was 3.80864 milliseconds in repetition 240
tcp_ping received 16384 bytes back
Round trip time was 3.95992 milliseconds in repetition 241
tcp_ping received 16384 bytes back
Round trip time was 4.48854 milliseconds in repetition 242
tcp_ping received 16384 bytes back
Round trip time was 3.98042 milliseconds in repetition 243
tcp_ping received 16384 bytes back
Round trip time was 4.15081 milliseconds in repetition 244
tcp_ping received 16384 bytes back
Round trip time was 3.61358 milliseconds in repetition 245
tcp_ping received 16384 bytes back
Round trip time was 4.18978 milliseconds in repetition 246
tcp_ping received 16384 bytes back
Round trip time was 4.11947 milliseconds in repetition 247
tcp_ping received 16384 bytes back
Round trip time was 4.14914 milliseconds in repetition 248
tcp_ping received 16384 bytes back
Round trip time was 4.22858 milliseconds in repetition 249
tcp_ping received 16384 bytes back
Round trip time was 4.47746 milliseconds in repetition 250
tcp_ping received 16384 bytes back
Round trip time was 3.58708 milliseconds in repetition 251
tcp_ping received 16384 bytes back
Round trip time was 3.59358 milliseconds in repetition 252
tcp_ping received 16384 bytes back
Round trip time was 4.20258 milliseconds in repetition 253
tcp_ping received 16384 bytes back
Round trip time was 3.76902 milliseconds in repetition 254
tcp_ping received 16384 bytes back
Round trip time was 4.0032 milliseconds in repetition 255
tcp_ping received 16384 bytes back
Round trip time was 4.11463 milliseconds in repetition 256
tcp_ping received 16384 bytes back
Round trip time was 3.62283 milliseconds in repetition 257
tcp_ping received 16384 bytes back
Round trip time was 3.69892 milliseconds in repetition 258
tcp_ping received 16384 bytes back
Round trip time was 3.38377 milliseconds in repetition 259
tcp_ping received 16384 bytes back
Round trip time was 4.03658 milliseconds in repetition 260
tcp_ping received 16384 bytes back
Round trip time was 3.90667 milliseconds in repetition 261
tcp_ping received 16384 bytes back
Round trip time was 3.63393 milliseconds in repetition 262
tcp_ping received 16384 bytes back
Round trip time was 3.58389 milliseconds in repetition 263
tcp_ping received 16384 bytes back
Round trip time was 3.29868 milliseconds in repetition 264
tcp_ping received 16384 bytes back
Round trip time was 3.9234 milliseconds in repetition 265
tcp_ping received 16384 bytes back
Round trip time was 3.74264 milliseconds in repetition 266
tcp_ping received 16384 bytes back
Round trip time was 3.70055 milliseconds in repetition 267
tcp_ping received 16384 bytes back
Round trip time was 4.20627 milliseconds in repetition 268
tcp_ping received 16384 bytes back
Round trip time was 3.29186 milliseconds in repetition 269
tcp_ping received 16384 bytes back
Round trip time was 3.3471 milliseconds in repetition 270
tcp_ping received 16384 bytes back
Round trip time was 4.2307 milliseconds in repetition 271
tcp_ping received 16384 bytes back
Round trip time was 3.88265 milliseconds in repetition 272
tcp_ping received 16384 bytes back
Round trip time was 3.83306 milliseconds in repetition 273
tcp_ping received 16384 bytes back
Round trip time was 3.20122 milliseconds in repetition 274
tcp_ping received 16384 bytes back
Round trip time was 3.87472 milliseconds in repetition 275
tcp_ping received 16384 bytes back
Round trip time was 4.57538 milliseconds in repetition 276
tcp_ping received 16384 bytes back
Round trip time was 4.70009 milliseconds in repetition 277
tcp_ping received 16384 bytes back
Round trip time was 4.11925 milliseconds in repetition 278
tcp_ping received 16384 bytes back
Round trip time was 3.80109 milliseconds in repetition 279
tcp_ping received 16384 bytes back
Round trip time was 3.26617 milliseconds in repetition 280
tcp_ping received 16384 bytes back
Round trip time was 3.96183 milliseconds in repetition 281
tcp_ping received 16384 bytes back
Round trip time was 3.42241 milliseconds in repetition 282
tcp_ping received 16384 bytes back
Round trip time was 4.15657 milliseconds in repetition 283
tcp_ping received 16384 bytes back
Round trip time was 4.16843 milliseconds in repetition 284
tcp_ping received 16384 bytes back
Round trip time was 3.94975 milliseconds in repetition 285
tcp_ping received 16384 bytes back
Round trip time was 5.40125 milliseconds in repetition 286
tcp_ping received 16384 bytes back
Round trip time was 3.52662 milliseconds in repetition 287
tcp_ping received 16384 bytes back
Round trip time was 4.633 milliseconds in repetition 288
tcp_ping received 16384 bytes back
Round trip time was 2.9694 milliseconds in repetition 289
tcp_ping received 16384 bytes back
Round trip time was 4.33291 milliseconds in repetition 290
tcp_ping received 16384 bytes back
Round trip time was 3.79206 milliseconds in repetition 291
tcp_ping received 16384 bytes back
Round trip time was 3.5388 milliseconds in repetition 292
tcp_ping received 16384 bytes back
Round trip time was 3.89397 milliseconds in repetition 293
tcp_ping received 16384 bytes back
Round trip time was 4.01825 milliseconds in repetition 294
tcp_ping received 16384 bytes back
Round trip time was 5.10959 milliseconds in repetition 295
tcp_ping received 16384 bytes back
Round trip time was 4.23029 milliseconds in repetition 296
tcp_ping received 16384 bytes back
Round trip time was 5.11285 milliseconds in repetition 297
tcp_ping received 16384 bytes back
Round trip time was 5.09311 milliseconds in repetition 298
tcp_ping received 16384 bytes back
Round trip time was 4.45435 milliseconds in repetition 299
tcp_ping received 16384 bytes back
Round trip time was 4.28404 milliseconds in repetition 300
tcp_ping received 16384 bytes back
Round trip time was 4.14427 milliseconds in repetition 301
tcp_ping received 16384 bytes back
Round trip time was 3.43592 milliseconds in repetition 302
tcp_ping received 16384 bytes back
Round trip time was 3.57794 milliseconds in repetition 303
tcp_ping received 16384 bytes back
Round trip time was 4.44982 milliseconds in repetition 304
tcp_ping received 16384 bytes back
Round trip time was 3.77014 milliseconds in repetition 305
tcp_ping received 16384 bytes back
Round trip time was 5.49673 milliseconds in repetition 306
tcp_ping received 16384 bytes back
Round trip time was 4.21777 milliseconds in repetition 307
tcp_ping received 16384 bytes back
Round trip time was 3.39467 milliseconds in repetition 308
tcp_ping received 16384 bytes back
Round trip time was 3.73977 milliseconds in repetition 309
tcp_ping received 16384 bytes back
Round trip time was 3.66604 milliseconds in repetition 310
tcp_ping received 16384 bytes back
Round trip time was 3.58655 milliseconds in repetition 311
tcp_ping received 16384 bytes back
Round trip time was 4.22025 milliseconds in repetition 312
tcp_ping received 16384 bytes back
Round trip time was 3.80355 milliseconds in repetition 313
tcp_ping received 16384 bytes back
Round trip time was 4.02751 milliseconds in repetition 314
tcp_ping received 16384 bytes back
Round trip time was 3.54882 milliseconds in repetition 315
tcp_ping received 16384 bytes back
Round trip time was 3.2041 milliseconds in repetition 316
tcp_ping received 16384 bytes back
Round trip time was 4.02112 milliseconds in repetition 317
tcp_ping received 16384 bytes back
Round trip time was 4.31575 milliseconds in repetition 318
tcp_ping received 16384 bytes back
Round trip time was 4.33958 milliseconds in repetition 319
tcp_ping received 16384 bytes back
Round trip time was 4.01248 milliseconds in repetition 320
tcp_ping received 16384 bytes back
Round trip time was 3.70891 milliseconds in repetition 321
tcp_ping received 16384 bytes back
Round trip time was 3.65546 milliseconds in repetition 322
tcp_ping received 16384 bytes back
Round trip time was 4.23808 milliseconds in repetition 323
tcp_ping received 16384 bytes back
Round trip time was 3.9823 milliseconds in repetition 324
tcp_ping received 16384 bytes back
Round trip time was 3.15196 milliseconds in repetition 325
tcp_ping received 16384 bytes back
Round trip time was 3.7284 milliseconds in repetition 326
tcp_ping received 16384 bytes back
Round trip time was 3.51631 milliseconds in repetition 327
tcp_ping received 16384 bytes back
Round trip time was 3.81267 milliseconds in repetition 328
tcp_ping received 16384 bytes back
Round trip time was 5.36247 milliseconds in repetition 329
tcp_ping received 16384 bytes back
Round trip time was 4.19501 milliseconds in repetition 330
tcp_ping received 16384 bytes back
Round trip time was 3.67882 milliseconds in repetition 331
tcp_ping received 16384 bytes back
Round trip time was 4.2225 milliseconds in repetition 332
tcp_ping received 16384 bytes back
Round trip time was 3.87798 milliseconds in repetition 333
tcp_ping received 16384 bytes back
Round trip time was 3.66218 milliseconds in repetition 334
tcp_ping received 16384 bytes back
Round trip time was 3.78115 milliseconds in repetition 335
tcp_ping received 16384 bytes back
Round trip time was 3.93826 milliseconds in repetition 336
tcp_ping received 16384 bytes back
Round trip time was 3.88728 milliseconds in repetition 337
tcp_ping received 16384 bytes back
Round trip time was 4.27042 milliseconds in repetition 338
tcp_ping received 16384 bytes back
Round trip time was 3.75315 milliseconds in repetition 339
tcp_ping received 16384 bytes back
Round trip time was 3.8773 milliseconds in repetition 340
tcp_ping received 16384 bytes back
Round trip time was 3.45295 milliseconds in repetition 341
tcp_ping received 16384 bytes back
Round trip time was 4.28151 milliseconds in repetition 342
tcp_ping received 16384 bytes back
Round trip time was 3.67316 milliseconds in repetition 343
tcp_ping received 16384 bytes back
Round trip time was 3.12754 milliseconds in repetition 344
tcp_ping received 16384 bytes back
Round trip time was 4.1426 milliseconds in repetition 345
tcp_ping received 16384 bytes back
Round trip time was 4.07857 milliseconds in repetition 346
tcp_ping received 16384 bytes back
Round trip time was 7.79935 milliseconds in repetition 347
tcp_ping received 16384 bytes back
Round trip time was 3.81022 milliseconds in repetition 348
tcp_ping received 16384 bytes back
Round trip time was 3.58366 milliseconds in repetition 349
tcp_ping received 16384 bytes back
Round trip time was 4.13757 milliseconds in repetition 350
tcp_ping received 16384 bytes back
Round trip time was 5.67944 milliseconds in repetition 351
tcp_ping received 16384 bytes back
Round trip time was 6.93445 milliseconds in repetition 352
tcp_ping received 16384 bytes back
Round trip time was 3.93268 milliseconds in repetition 353
tcp_ping received 16384 bytes back
Round trip time was 3.83958 milliseconds in repetition 354
tcp_ping received 16384 bytes back
Round trip time was 4.51802 milliseconds in repetition 355
tcp_ping received 16384 bytes back
Round trip time was 4.35114 milliseconds in repetition 356
tcp_ping received 16384 bytes back
Round trip time was 4.20078 milliseconds in repetition 357
tcp_ping received 16384 bytes back
Round trip time was 3.7075 milliseconds in repetition 358
tcp_ping received 16384 bytes back
Round trip time was 3.87081 milliseconds in repetition 359
tcp_ping received 16384 bytes back
Round trip time was 3.68224 milliseconds in repetition 360
tcp_ping received 16384 bytes back
Round trip time was 3.71159 milliseconds in repetition 361
tcp_ping received 16384 bytes back
Round trip time was 4.36848 milliseconds in repetition 362
tcp_ping received 16384 bytes back
Round trip time was 3.2319 milliseconds in repetition 363
tcp_ping received 16384 bytes back
Round trip time was 3.8088 milliseconds in repetition 364
tcp_ping received 16384 bytes back
Round trip time was 3.455 milliseconds in repetition 365
tcp_ping received 16384 bytes back
Round trip time was 3.38793 milliseconds in repetition 366
tcp_ping received 16384 bytes back
Round trip time was 3.71668 milliseconds in repetition 367
tcp_ping received 16384 bytes back
Round trip time was 3.38397 milliseconds in repetition 368
tcp_ping received 16384 bytes back
Round trip time was 3.48228 milliseconds in repetition 369
tcp_ping received 16384 bytes back
Round trip time was 3.29634 milliseconds in repetition 370
tcp_ping received 16384 bytes back
Round trip time was 3.71344 milliseconds in repetition 371
tcp_ping received 16384 bytes back
Round trip time was 3.54808 milliseconds in repetition 372
tcp_ping received 16384 bytes back
Round trip time was 3.39426 milliseconds in repetition 373
tcp_ping received 16384 bytes back
Round trip time was 3.71817 milliseconds in repetition 374
tcp_ping received 16384 bytes back
Round trip time was 3.2159 milliseconds in repetition 375
tcp_ping received 16384 bytes back
Round trip time was 3.35865 milliseconds in repetition 376
tcp_ping received 16384 bytes back
Round trip time was 3.41928 milliseconds in repetition 377
tcp_ping received 16384 bytes back
Round trip time was 3.36343 milliseconds in repetition 378
tcp_ping received 16384 bytes back
Round trip time was 4.62715 milliseconds in repetition 379
tcp_ping received 16384 bytes back
Round trip time was 3.84257 milliseconds in repetition 380
tcp_ping received 16384 bytes back
Round trip time was 3.90913 milliseconds in repetition 381
tcp_ping received 16384 bytes back
Round trip time was 3.9292 milliseconds in repetition 382
tcp_ping received 16384 bytes back
Round trip time was 3.45153 milliseconds in repetition 383
tcp_ping received 16384 bytes back
Round trip time was 3.91624 milliseconds in repetition 384
tcp_ping received 16384 bytes back
Round trip time was 3.95381 milliseconds in repetition 385
tcp_ping received 16384 bytes back
Round trip time was 4.57353 milliseconds in repetition 386
tcp_ping received 16384 bytes back
Round trip time was 3.45083 milliseconds in repetition 387
tcp_ping received 16384 bytes back
Round trip time was 3.76533 milliseconds in repetition 388
tcp_ping received 16384 bytes back
Round trip time was 3.62529 milliseconds in repetition 389
tcp_ping received 16384 bytes back
Round trip time was 4.72156 milliseconds in repetition 390
tcp_ping received 16384 bytes back
Round trip time was 4.07201 milliseconds in repetition 391
tcp_ping received 16384 bytes back
Round trip time was 3.83993 milliseconds in repetition 392
tcp_ping received 16384 bytes back
Round trip time was 3.82138 milliseconds in repetition 393
tcp_ping received 16384 bytes back
Round trip time was 3.76469 milliseconds in repetition 394
tcp_ping received 16384 bytes back
Round trip time was 4.06834 milliseconds in repetition 395
tcp_ping received 16384 bytes back
Round trip time was 4.23858 milliseconds in repetition 396
tcp_ping received 16384 bytes back
Round trip time was 3.18466 milliseconds in repetition 397
tcp_ping received 16384 bytes back
Round trip time was 3.15437 milliseconds in repetition 398
tcp_ping received 16384 bytes back
Round trip time was 4.07846 milliseconds in repetition 399
tcp_ping received 16384 bytes back
Round trip time was 3.83391 milliseconds in repetition 400
tcp_ping received 16384 bytes back
Round trip time was 4.16639 milliseconds in repetition 401
tcp_ping received 16384 bytes back
Round trip time was 3.78156 milliseconds in repetition 402
tcp_ping received 16384 bytes back
Round trip time was 3.9172 milliseconds in repetition 403
tcp_ping received 16384 bytes back
Round trip time was 4.54319 milliseconds in repetition 404
tcp_ping received 16384 bytes back
Round trip time was 4.79347 milliseconds in repetition 405
tcp_ping received 16384 bytes back
Round trip time was 3.30258 milliseconds in repetition 406
tcp_ping received 16384 bytes back
Round trip time was 3.83708 milliseconds in repetition 407
tcp_ping received 16384 bytes back
Round trip time was 4.1186 milliseconds in repetition 408
tcp_ping received 16384 bytes back
Round trip time was 3.70113 milliseconds in repetition 409
tcp_ping received 16384 bytes back
Round trip time was 3.97941 milliseconds in repetition 410
tcp_ping received 16384 bytes back
Round trip time was 3.709 milliseconds in repetition 411
tcp_ping received 16384 bytes back
Round trip time was 5.11638 milliseconds in repetition 412
tcp_ping received 16384 bytes back
Round trip time was 3.70947 milliseconds in repetition 413
tcp_ping received 16384 bytes back
Round trip time was 3.71067 milliseconds in repetition 414
tcp_ping received 16384 bytes back
Round trip time was 3.3994 milliseconds in repetition 415
tcp_ping received 16384 bytes back
Round trip time was 4.27376 milliseconds in repetition 416
tcp_ping received 16384 bytes back
Round trip time was 3.36449 milliseconds in repetition 417
tcp_ping received 16384 bytes back
Round trip time was 5.57913 milliseconds in repetition 418
tcp_ping received 16384 bytes back
Round trip time was 4.42559 milliseconds in repetition 419
tcp_ping received 16384 bytes back
Round trip time was 3.68141 milliseconds in repetition 420
tcp_ping received 16384 bytes back
Round trip time was 3.81794 milliseconds in repetition 421
tcp_ping received 16384 bytes back
Round trip time was 5.40314 milliseconds in repetition 422
tcp_ping received 16384 bytes back
Round trip time was 3.86787 milliseconds in repetition 423
tcp_ping received 16384 bytes back
Round trip time was 3.25901 milliseconds in repetition 424
tcp_ping received 16384 bytes back
Round trip time was 4.22133 milliseconds in repetition 425
tcp_ping received 16384 bytes back
Round trip time was 2.90881 milliseconds in repetition 426
tcp_ping received 16384 bytes back
Round trip time was 3.64289 milliseconds in repetition 427
tcp_ping received 16384 bytes back
Round trip time was 3.64657 milliseconds in repetition 428
tcp_ping received 16384 bytes back
Round trip time was 3.35971 milliseconds in repetition 429
tcp_ping received 16384 bytes back
Round trip time was 3.8019 milliseconds in repetition 430
tcp_ping received 16384 bytes back
Round trip time was 4.48632 milliseconds in repetition 431
tcp_ping received 16384 bytes back
Round trip time was 3.83898 milliseconds in repetition 432
tcp_ping received 16384 bytes back
Round trip time was 3.5837 milliseconds in repetition 433
tcp_ping received 16384 bytes back
Round trip time was 3.74101 milliseconds in repetition 434
tcp_ping received 16384 bytes back
Round trip time was 4.02029 milliseconds in repetition 435
tcp_ping received 16384 bytes back
Round trip time was 4.25871 milliseconds in repetition 436
tcp_ping received 16384 bytes back
Round trip time was 4.26811 milliseconds in repetition 437
tcp_ping received 16384 bytes back
Round trip time was 3.60084 milliseconds in repetition 438
tcp_ping received 16384 bytes back
Round trip time was 4.10399 milliseconds in repetition 439
tcp_ping received 16384 bytes back
Round trip time was 4.52229 milliseconds in repetition 440
tcp_ping received 16384 bytes back
Round trip time was 3.75688 milliseconds in repetition 441
tcp_ping received 16384 bytes back
Round trip time was 3.35149 milliseconds in repetition 442
tcp_ping received 16384 bytes back
Round trip time was 3.78336 milliseconds in repetition 443
tcp_ping received 16384 bytes back
Round trip time was 3.51004 milliseconds in repetition 444
tcp_ping received 16384 bytes back
Round trip time was 3.3566 milliseconds in repetition 445
tcp_ping received 16384 bytes back
Round trip time was 3.65515 milliseconds in repetition 446
tcp_ping received 16384 bytes back
Round trip time was 4.20816 milliseconds in repetition 447
tcp_ping received 16384 bytes back
Round trip time was 3.0099 milliseconds in repetition 448
tcp_ping received 16384 bytes back
Round trip time was 3.91441 milliseconds in repetition 449
tcp_ping received 16384 bytes back
Round trip time was 3.86759 milliseconds in repetition 450
tcp_ping received 16384 bytes back
Round trip time was 3.91774 milliseconds in repetition 451
tcp_ping received 16384 bytes back
Round trip time was 4.02983 milliseconds in repetition 452
tcp_ping received 16384 bytes back
Round trip time was 4.0109 milliseconds in repetition 453
tcp_ping received 16384 bytes back
Round trip time was 4.26535 milliseconds in repetition 454
tcp_ping received 16384 bytes back
Round trip time was 4.10236 milliseconds in repetition 455
tcp_ping received 16384 bytes back
Round trip time was 4.08128 milliseconds in repetition 456
tcp_ping received 16384 bytes back
Round trip time was 3.9051 milliseconds in repetition 457
tcp_ping received 16384 bytes back
Round trip time was 3.46751 milliseconds in repetition 458
tcp_ping received 16384 bytes back
Round trip time was 3.65773 milliseconds in repetition 459
tcp_ping received 16384 bytes back
Round trip time was 3.49623 milliseconds in repetition 460
tcp_ping received 16384 bytes back
Round trip time was 4.46768 milliseconds in repetition 461
tcp_ping received 16384 bytes back
Round trip time was 3.86654 milliseconds in repetition 462
tcp_ping received 16384 bytes back
Round trip time was 3.37378 milliseconds in repetition 463
tcp_ping received 16384 bytes back
Round trip time was 3.67971 milliseconds in repetition 464
tcp_ping received 16384 bytes back
Round trip time was 3.1986 milliseconds in repetition 465
tcp_ping received 16384 bytes back
Round trip time was 3.64795 milliseconds in repetition 466
tcp_ping received 16384 bytes back
Round trip time was 3.70689 milliseconds in repetition 467
tcp_ping received 16384 bytes back
Round trip time was 3.76473 milliseconds in repetition 468
tcp_ping received 16384 bytes back
Round trip time was 3.90818 milliseconds in repetition 469
tcp_ping received 16384 bytes back
Round trip time was 3.15092 milliseconds in repetition 470
tcp_ping received 16384 bytes back
Round trip time was 3.35977 milliseconds in repetition 471
tcp_ping received 16384 bytes back
Round trip time was 3.57492 milliseconds in repetition 472
tcp_ping received 16384 bytes back
Round trip time was 3.70987 milliseconds in repetition 473
tcp_ping received 16384 bytes back
Round trip time was 4.09958 milliseconds in repetition 474
tcp_ping received 16384 bytes back
Round trip time was 3.64505 milliseconds in repetition 475
tcp_ping received 16384 bytes back
Round trip time was 4.13685 milliseconds in repetition 476
tcp_ping received 16384 bytes back
Round trip time was 3.23951 milliseconds in repetition 477
tcp_ping received 16384 bytes back
Round trip time was 3.79339 milliseconds in repetition 478
tcp_ping received 16384 bytes back
Round trip time was 3.44452 milliseconds in repetition 479
tcp_ping received 16384 bytes back
Round trip time was 3.68659 milliseconds in repetition 480
tcp_ping received 16384 bytes back
Round trip time was 4.52654 milliseconds in repetition 481
tcp_ping received 16384 bytes back
Round trip time was 3.98314 milliseconds in repetition 482
tcp_ping received 16384 bytes back
Round trip time was 5.13824 milliseconds in repetition 483
tcp_ping received 16384 bytes back
Round trip time was 4.28433 milliseconds in repetition 484
tcp_ping received 16384 bytes back
Round trip time was 4.02777 milliseconds in repetition 485
tcp_ping received 16384 bytes back
Round trip time was 4.48865 milliseconds in repetition 486
tcp_ping received 16384 bytes back
Round trip time was 3.50653 milliseconds in repetition 487
tcp_ping received 16384 bytes back
Round trip time was 4.10708 milliseconds in repetition 488
tcp_ping received 16384 bytes back
Round trip time was 3.81522 milliseconds in repetition 489
tcp_ping received 16384 bytes back
Round trip time was 3.3431 milliseconds in repetition 490
tcp_ping received 16384 bytes back
Round trip time was 3.4838 milliseconds in repetition 491
tcp_ping received 16384 bytes back
Round trip time was 3.68634 milliseconds in repetition 492
tcp_ping received 16384 bytes back
Round trip time was 3.44582 milliseconds in repetition 493
tcp_ping received 16384 bytes back
Round trip time was 3.35948 milliseconds in repetition 494
tcp_ping received 16384 bytes back
Round trip time was 3.77761 milliseconds in repetition 495
tcp_ping received 16384 bytes back
Round trip time was 4.33663 milliseconds in repetition 496
tcp_ping received 16384 bytes back
Round trip time was 3.37024 milliseconds in repetition 497
tcp_ping received 16384 bytes back
Round trip time was 3.52589 milliseconds in repetition 498
tcp_ping received 16384 bytes back
Round trip time was 3.16569 milliseconds in repetition 499
tcp_ping received 16384 bytes back
Round trip time was 3.15152 milliseconds in repetition 500
tcp_ping received 16384 bytes back
Round trip time was 3.33899 milliseconds in repetition 501

 ... clock resolution was 1e-06
TCP Ping:  Statistics over 501 repetitions of 16384 byte messages

RTT : percentile 10: 3.3566, median: 3.81022, percentile 90: 4.51875, average: 3.92111, variance: 0.44523

RTT histogram:
2.9088 6
3.3538 130
3.79879 200
4.24379 104
4.68878 40
5.13378 8
5.57877 8
6.02376 0
6.46876 1
6.91375 1
7.35875 0
7.80374 2
8.24873 0
8.69373 0
9.13872 0
9.58372 0
10.0287 0
10.4737 0
10.9187 0
11.3637 0
11.8087 1

   median Throughput : 8600.03 KB/s   overall Throughput : 8356.83 KB/s

