TCP Ping trying to connect to server seti.dibris.unige.it (130.251.61.30) on port 1491
 ... connected to Pong server: asking for 501 repetitions of 12288 bytes TCP messages
 ... Pong server agreed :-)
tcp_ping received 12288 bytes back
Round trip time was 58.1318 milliseconds in repetition 1
tcp_ping received 12288 bytes back
Round trip time was 46.9941 milliseconds in repetition 2
tcp_ping received 12288 bytes back
Round trip time was 49.5347 milliseconds in repetition 3
tcp_ping received 12288 bytes back
Round trip time was 43.7213 milliseconds in repetition 4
tcp_ping received 12288 bytes back
Round trip time was 44.527 milliseconds in repetition 5
tcp_ping received 12288 bytes back
Round trip time was 44.2055 milliseconds in repetition 6
tcp_ping received 12288 bytes back
Round trip time was 43.7921 milliseconds in repetition 7
tcp_ping received 12288 bytes back
Round trip time was 44.182 milliseconds in repetition 8
tcp_ping received 12288 bytes back
Round trip time was 43.816 milliseconds in repetition 9
tcp_ping received 12288 bytes back
Round trip time was 43.9218 milliseconds in repetition 10
tcp_ping received 12288 bytes back
Round trip time was 44.0522 milliseconds in repetition 11
tcp_ping received 12288 bytes back
Round trip time was 44.0096 milliseconds in repetition 12
tcp_ping received 12288 bytes back
Round trip time was 44.1839 milliseconds in repetition 13
tcp_ping received 12288 bytes back
Round trip time was 44.0628 milliseconds in repetition 14
tcp_ping received 12288 bytes back
Round trip time was 43.7371 milliseconds in repetition 15
tcp_ping received 12288 bytes back
Round trip time was 44.1847 milliseconds in repetition 16
tcp_ping received 12288 bytes back
Round trip time was 44.2593 milliseconds in repetition 17
tcp_ping received 12288 bytes back
Round trip time was 44.4471 milliseconds in repetition 18
tcp_ping received 12288 bytes back
Round trip time was 44.0081 milliseconds in repetition 19
tcp_ping received 12288 bytes back
Round trip time was 43.9867 milliseconds in repetition 20
tcp_ping received 12288 bytes back
Round trip time was 43.9872 milliseconds in repetition 21
tcp_ping received 12288 bytes back
Round trip time was 44.0106 milliseconds in repetition 22
tcp_ping received 12288 bytes back
Round trip time was 43.5165 milliseconds in repetition 23
tcp_ping received 12288 bytes back
Round trip time was 43.7152 milliseconds in repetition 24
tcp_ping received 12288 bytes back
Round trip time was 44.0095 milliseconds in repetition 25
tcp_ping received 12288 bytes back
Round trip time was 43.5158 milliseconds in repetition 26
tcp_ping received 12288 bytes back
Round trip time was 43.7152 milliseconds in repetition 27
tcp_ping received 12288 bytes back
Round trip time was 44.0055 milliseconds in repetition 28
tcp_ping received 12288 bytes back
Round trip time was 43.5184 milliseconds in repetition 29
tcp_ping received 12288 bytes back
Round trip time was 43.7113 milliseconds in repetition 30
tcp_ping received 12288 bytes back
Round trip time was 44.0128 milliseconds in repetition 31
tcp_ping received 12288 bytes back
Round trip time was 44.2578 milliseconds in repetition 32
tcp_ping received 12288 bytes back
Round trip time was 43.9912 milliseconds in repetition 33
tcp_ping received 12288 bytes back
Round trip time was 43.7358 milliseconds in repetition 34
tcp_ping received 12288 bytes back
Round trip time was 43.9882 milliseconds in repetition 35
tcp_ping received 12288 bytes back
Round trip time was 43.9875 milliseconds in repetition 36
tcp_ping received 12288 bytes back
Round trip time was 44.2594 milliseconds in repetition 37
tcp_ping received 12288 bytes back
Round trip time was 44.0093 milliseconds in repetition 38
tcp_ping received 12288 bytes back
Round trip time was 43.7161 milliseconds in repetition 39
tcp_ping received 12288 bytes back
Round trip time was 43.7883 milliseconds in repetition 40
tcp_ping received 12288 bytes back
Round trip time was 44.209 milliseconds in repetition 41
tcp_ping received 12288 bytes back
Round trip time was 43.5158 milliseconds in repetition 42
tcp_ping received 12288 bytes back
Round trip time was 43.5081 milliseconds in repetition 43
tcp_ping received 12288 bytes back
Round trip time was 44.1826 milliseconds in repetition 44
tcp_ping received 12288 bytes back
Round trip time was 43.5156 milliseconds in repetition 45
tcp_ping received 12288 bytes back
Round trip time was 43.5101 milliseconds in repetition 46
tcp_ping received 12288 bytes back
Round trip time was 43.4717 milliseconds in repetition 47
tcp_ping received 12288 bytes back
Round trip time was 43.9808 milliseconds in repetition 48
tcp_ping received 12288 bytes back
Round trip time was 43.9882 milliseconds in repetition 49
tcp_ping received 12288 bytes back
Round trip time was 44.0115 milliseconds in repetition 50
tcp_ping received 12288 bytes back
Round trip time was 43.9847 milliseconds in repetition 51
tcp_ping received 12288 bytes back
Round trip time was 43.5137 milliseconds in repetition 52
tcp_ping received 12288 bytes back
Round trip time was 43.7398 milliseconds in repetition 53
tcp_ping received 12288 bytes back
Round trip time was 43.9869 milliseconds in repetition 54
tcp_ping received 12288 bytes back
Round trip time was 43.5192 milliseconds in repetition 55
tcp_ping received 12288 bytes back
Round trip time was 43.7346 milliseconds in repetition 56
tcp_ping received 12288 bytes back
Round trip time was 43.9851 milliseconds in repetition 57
tcp_ping received 12288 bytes back
Round trip time was 43.5188 milliseconds in repetition 58
tcp_ping received 12288 bytes back
Round trip time was 43.9913 milliseconds in repetition 59
tcp_ping received 12288 bytes back
Round trip time was 44.004 milliseconds in repetition 60
tcp_ping received 12288 bytes back
Round trip time was 43.9903 milliseconds in repetition 61
tcp_ping received 12288 bytes back
Round trip time was 43.9837 milliseconds in repetition 62
tcp_ping received 12288 bytes back
Round trip time was 43.7387 milliseconds in repetition 63
tcp_ping received 12288 bytes back
Round trip time was 44.259 milliseconds in repetition 64
tcp_ping received 12288 bytes back
Round trip time was 43.5154 milliseconds in repetition 65
tcp_ping received 12288 bytes back
Round trip time was 44.2118 milliseconds in repetition 66
tcp_ping received 12288 bytes back
Round trip time was 43.5161 milliseconds in repetition 67
tcp_ping received 12288 bytes back
Round trip time was 43.5136 milliseconds in repetition 68
tcp_ping received 12288 bytes back
Round trip time was 43.4656 milliseconds in repetition 69
tcp_ping received 12288 bytes back
Round trip time was 43.9873 milliseconds in repetition 70
tcp_ping received 12288 bytes back
Round trip time was 43.9873 milliseconds in repetition 71
tcp_ping received 12288 bytes back
Round trip time was 44.0078 milliseconds in repetition 72
tcp_ping received 12288 bytes back
Round trip time was 43.9912 milliseconds in repetition 73
tcp_ping received 12288 bytes back
Round trip time was 44.0112 milliseconds in repetition 74
tcp_ping received 12288 bytes back
Round trip time was 43.9833 milliseconds in repetition 75
tcp_ping received 12288 bytes back
Round trip time was 44.2636 milliseconds in repetition 76
tcp_ping received 12288 bytes back
Round trip time was 43.9736 milliseconds in repetition 77
tcp_ping received 12288 bytes back
Round trip time was 44.0056 milliseconds in repetition 78
tcp_ping received 12288 bytes back
Round trip time was 43.9879 milliseconds in repetition 79
tcp_ping received 12288 bytes back
Round trip time was 43.5196 milliseconds in repetition 80
tcp_ping received 12288 bytes back
Round trip time was 43.7177 milliseconds in repetition 81
tcp_ping received 12288 bytes back
Round trip time was 44.0124 milliseconds in repetition 82
tcp_ping received 12288 bytes back
Round trip time was 43.5132 milliseconds in repetition 83
tcp_ping received 12288 bytes back
Round trip time was 43.7143 milliseconds in repetition 84
tcp_ping received 12288 bytes back
Round trip time was 44.0099 milliseconds in repetition 85
tcp_ping received 12288 bytes back
Round trip time was 43.9855 milliseconds in repetition 86
tcp_ping received 12288 bytes back
Round trip time was 43.5187 milliseconds in repetition 87
tcp_ping received 12288 bytes back
Round trip time was 44.1565 milliseconds in repetition 88
tcp_ping received 12288 bytes back
Round trip time was 43.5162 milliseconds in repetition 89
tcp_ping received 12288 bytes back
Round trip time was 43.9866 milliseconds in repetition 90
tcp_ping received 12288 bytes back
Round trip time was 43.7367 milliseconds in repetition 91
tcp_ping received 12288 bytes back
Round trip time was 43.515 milliseconds in repetition 92
tcp_ping received 12288 bytes back
Round trip time was 43.5157 milliseconds in repetition 93
tcp_ping received 12288 bytes back
Round trip time was 43.4659 milliseconds in repetition 94
tcp_ping received 12288 bytes back
Round trip time was 44.2597 milliseconds in repetition 95
tcp_ping received 12288 bytes back
Round trip time was 43.5111 milliseconds in repetition 96
tcp_ping received 12288 bytes back
Round trip time was 43.4673 milliseconds in repetition 97
tcp_ping received 12288 bytes back
Round trip time was 44.2601 milliseconds in repetition 98
tcp_ping received 12288 bytes back
Round trip time was 43.7125 milliseconds in repetition 99
tcp_ping received 12288 bytes back
Round trip time was 44.0134 milliseconds in repetition 100
tcp_ping received 12288 bytes back
Round trip time was 43.9857 milliseconds in repetition 101
tcp_ping received 12288 bytes back
Round trip time was 43.5156 milliseconds in repetition 102
tcp_ping received 12288 bytes back
Round trip time was 43.9878 milliseconds in repetition 103
tcp_ping received 12288 bytes back
Round trip time was 44.0096 milliseconds in repetition 104
tcp_ping received 12288 bytes back
Round trip time was 43.9876 milliseconds in repetition 105
tcp_ping received 12288 bytes back
Round trip time was 43.9871 milliseconds in repetition 106
tcp_ping received 12288 bytes back
Round trip time was 44.0104 milliseconds in repetition 107
tcp_ping received 12288 bytes back
Round trip time was 43.9868 milliseconds in repetition 108
tcp_ping received 12288 bytes back
Round trip time was 43.9878 milliseconds in repetition 109
tcp_ping received 12288 bytes back
Round trip time was 44.0104 milliseconds in repetition 110
tcp_ping received 12288 bytes back
Round trip time was 43.5155 milliseconds in repetition 111
tcp_ping received 12288 bytes back
Round trip time was 43.7159 milliseconds in repetition 112
tcp_ping received 12288 bytes back
Round trip time was 44.0094 milliseconds in repetition 113
tcp_ping received 12288 bytes back
Round trip time was 43.9884 milliseconds in repetition 114
tcp_ping received 12288 bytes back
Round trip time was 43.5141 milliseconds in repetition 115
tcp_ping received 12288 bytes back
Round trip time was 43.7399 milliseconds in repetition 116
tcp_ping received 12288 bytes back
Round trip time was 43.9836 milliseconds in repetition 117
tcp_ping received 12288 bytes back
Round trip time was 43.5152 milliseconds in repetition 118
tcp_ping received 12288 bytes back
Round trip time was 43.4621 milliseconds in repetition 119
tcp_ping received 12288 bytes back
Round trip time was 44.2633 milliseconds in repetition 120
tcp_ping received 12288 bytes back
Round trip time was 43.9881 milliseconds in repetition 121
tcp_ping received 12288 bytes back
Round trip time was 43.9858 milliseconds in repetition 122
tcp_ping received 12288 bytes back
Round trip time was 44.0101 milliseconds in repetition 123
tcp_ping received 12288 bytes back
Round trip time was 43.9898 milliseconds in repetition 124
tcp_ping received 12288 bytes back
Round trip time was 43.9858 milliseconds in repetition 125
tcp_ping received 12288 bytes back
Round trip time was 57.0109 milliseconds in repetition 126
tcp_ping received 12288 bytes back
Round trip time was 43.9887 milliseconds in repetition 127
tcp_ping received 12288 bytes back
Round trip time was 43.5088 milliseconds in repetition 128
tcp_ping received 12288 bytes back
Round trip time was 43.7408 milliseconds in repetition 129
tcp_ping received 12288 bytes back
Round trip time was 43.9866 milliseconds in repetition 130
tcp_ping received 12288 bytes back
Round trip time was 43.4828 milliseconds in repetition 131
tcp_ping received 12288 bytes back
Round trip time was 86.9839 milliseconds in repetition 132
tcp_ping received 12288 bytes back
Round trip time was 43.9896 milliseconds in repetition 133
tcp_ping received 12288 bytes back
Round trip time was 43.9883 milliseconds in repetition 134
tcp_ping received 12288 bytes back
Round trip time was 44.0091 milliseconds in repetition 135
tcp_ping received 12288 bytes back
Round trip time was 43.515 milliseconds in repetition 136
tcp_ping received 12288 bytes back
Round trip time was 43.7138 milliseconds in repetition 137
tcp_ping received 12288 bytes back
Round trip time was 108.247 milliseconds in repetition 138
tcp_ping received 12288 bytes back
Round trip time was 44.262 milliseconds in repetition 139
tcp_ping received 12288 bytes back
Round trip time was 43.9859 milliseconds in repetition 140
tcp_ping received 12288 bytes back
Round trip time was 44.0121 milliseconds in repetition 141
tcp_ping received 12288 bytes back
Round trip time was 43.7103 milliseconds in repetition 142
tcp_ping received 12288 bytes back
Round trip time was 43.7944 milliseconds in repetition 143
tcp_ping received 12288 bytes back
Round trip time was 43.4594 milliseconds in repetition 144
tcp_ping received 12288 bytes back
Round trip time was 44.2621 milliseconds in repetition 145
tcp_ping received 12288 bytes back
Round trip time was 43.5154 milliseconds in repetition 146
tcp_ping received 12288 bytes back
Round trip time was 43.4656 milliseconds in repetition 147
tcp_ping received 12288 bytes back
Round trip time was 44.2588 milliseconds in repetition 148
tcp_ping received 12288 bytes back
Round trip time was 43.5166 milliseconds in repetition 149
tcp_ping received 12288 bytes back
Round trip time was 43.4651 milliseconds in repetition 150
tcp_ping received 12288 bytes back
Round trip time was 44.2592 milliseconds in repetition 151
tcp_ping received 12288 bytes back
Round trip time was 43.7139 milliseconds in repetition 152
tcp_ping received 12288 bytes back
Round trip time was 43.7887 milliseconds in repetition 153
tcp_ping received 12288 bytes back
Round trip time was 45.223 milliseconds in repetition 154
tcp_ping received 12288 bytes back
Round trip time was 43.5186 milliseconds in repetition 155
tcp_ping received 12288 bytes back
Round trip time was 43.7141 milliseconds in repetition 156
tcp_ping received 12288 bytes back
Round trip time was 44.0095 milliseconds in repetition 157
tcp_ping received 12288 bytes back
Round trip time was 43.5169 milliseconds in repetition 158
tcp_ping received 12288 bytes back
Round trip time was 43.9874 milliseconds in repetition 159
tcp_ping received 12288 bytes back
Round trip time was 43.7344 milliseconds in repetition 160
tcp_ping received 12288 bytes back
Round trip time was 43.5182 milliseconds in repetition 161
tcp_ping received 12288 bytes back
Round trip time was 43.7159 milliseconds in repetition 162
tcp_ping received 12288 bytes back
Round trip time was 44.0098 milliseconds in repetition 163
tcp_ping received 12288 bytes back
Round trip time was 43.9878 milliseconds in repetition 164
tcp_ping received 12288 bytes back
Round trip time was 43.5206 milliseconds in repetition 165
tcp_ping received 12288 bytes back
Round trip time was 43.4516 milliseconds in repetition 166
tcp_ping received 12288 bytes back
Round trip time was 44.269 milliseconds in repetition 167
tcp_ping received 12288 bytes back
Round trip time was 43.4967 milliseconds in repetition 168
tcp_ping received 12288 bytes back
Round trip time was 43.4652 milliseconds in repetition 169
tcp_ping received 12288 bytes back
Round trip time was 44.2656 milliseconds in repetition 170
tcp_ping received 12288 bytes back
Round trip time was 43.5153 milliseconds in repetition 171
tcp_ping received 12288 bytes back
Round trip time was 43.4624 milliseconds in repetition 172
tcp_ping received 12288 bytes back
Round trip time was 44.2633 milliseconds in repetition 173
tcp_ping received 12288 bytes back
Round trip time was 44.0433 milliseconds in repetition 174
tcp_ping received 12288 bytes back
Round trip time was 44.2322 milliseconds in repetition 175
tcp_ping received 12288 bytes back
Round trip time was 44.1498 milliseconds in repetition 176
tcp_ping received 12288 bytes back
Round trip time was 43.5107 milliseconds in repetition 177
tcp_ping received 12288 bytes back
Round trip time was 43.5141 milliseconds in repetition 178
tcp_ping received 12288 bytes back
Round trip time was 44.2021 milliseconds in repetition 179
tcp_ping received 12288 bytes back
Round trip time was 43.5205 milliseconds in repetition 180
tcp_ping received 12288 bytes back
Round trip time was 43.5095 milliseconds in repetition 181
tcp_ping received 12288 bytes back
Round trip time was 43.7697 milliseconds in repetition 182
tcp_ping received 12288 bytes back
Round trip time was 43.6821 milliseconds in repetition 183
tcp_ping received 12288 bytes back
Round trip time was 43.7848 milliseconds in repetition 184
tcp_ping received 12288 bytes back
Round trip time was 43.4649 milliseconds in repetition 185
tcp_ping received 12288 bytes back
Round trip time was 44.2593 milliseconds in repetition 186
tcp_ping received 12288 bytes back
Round trip time was 43.5159 milliseconds in repetition 187
tcp_ping received 12288 bytes back
Round trip time was 43.4732 milliseconds in repetition 188
tcp_ping received 12288 bytes back
Round trip time was 44.2518 milliseconds in repetition 189
tcp_ping received 12288 bytes back
Round trip time was 43.7143 milliseconds in repetition 190
tcp_ping received 12288 bytes back
Round trip time was 44.0101 milliseconds in repetition 191
tcp_ping received 12288 bytes back
Round trip time was 43.9875 milliseconds in repetition 192
tcp_ping received 12288 bytes back
Round trip time was 102.271 milliseconds in repetition 193
tcp_ping received 12288 bytes back
Round trip time was 45.2324 milliseconds in repetition 194
tcp_ping received 12288 bytes back
Round trip time was 52.9869 milliseconds in repetition 195
tcp_ping received 12288 bytes back
Round trip time was 64.5121 milliseconds in repetition 196
tcp_ping received 12288 bytes back
Round trip time was 43.9764 milliseconds in repetition 197
tcp_ping received 12288 bytes back
Round trip time was 43.9846 milliseconds in repetition 198
tcp_ping received 12288 bytes back
Round trip time was 45.7728 milliseconds in repetition 199
tcp_ping received 12288 bytes back
Round trip time was 43.9881 milliseconds in repetition 200
tcp_ping received 12288 bytes back
Round trip time was 45.7478 milliseconds in repetition 201
tcp_ping received 12288 bytes back
Round trip time was 43.7397 milliseconds in repetition 202
tcp_ping received 12288 bytes back
Round trip time was 44.259 milliseconds in repetition 203
tcp_ping received 12288 bytes back
Round trip time was 43.5137 milliseconds in repetition 204
tcp_ping received 12288 bytes back
Round trip time was 43.4653 milliseconds in repetition 205
tcp_ping received 12288 bytes back
Round trip time was 44.2619 milliseconds in repetition 206
tcp_ping received 12288 bytes back
Round trip time was 43.5145 milliseconds in repetition 207
tcp_ping received 12288 bytes back
Round trip time was 43.7121 milliseconds in repetition 208
tcp_ping received 12288 bytes back
Round trip time was 44.0112 milliseconds in repetition 209
tcp_ping received 12288 bytes back
Round trip time was 43.716 milliseconds in repetition 210
tcp_ping received 12288 bytes back
Round trip time was 43.7847 milliseconds in repetition 211
tcp_ping received 12288 bytes back
Round trip time was 44.2094 milliseconds in repetition 212
tcp_ping received 12288 bytes back
Round trip time was 43.5184 milliseconds in repetition 213
tcp_ping received 12288 bytes back
Round trip time was 44.7301 milliseconds in repetition 214
tcp_ping received 12288 bytes back
Round trip time was 45.032 milliseconds in repetition 215
tcp_ping received 12288 bytes back
Round trip time was 48.7479 milliseconds in repetition 216
tcp_ping received 12288 bytes back
Round trip time was 44.7021 milliseconds in repetition 217
tcp_ping received 12288 bytes back
Round trip time was 46.9799 milliseconds in repetition 218
tcp_ping received 12288 bytes back
Round trip time was 50.5081 milliseconds in repetition 219
tcp_ping received 12288 bytes back
Round trip time was 48.5224 milliseconds in repetition 220
tcp_ping received 12288 bytes back
Round trip time was 43.478 milliseconds in repetition 221
tcp_ping received 12288 bytes back
Round trip time was 44.2091 milliseconds in repetition 222
tcp_ping received 12288 bytes back
Round trip time was 43.7845 milliseconds in repetition 223
tcp_ping received 12288 bytes back
Round trip time was 43.7159 milliseconds in repetition 224
tcp_ping received 12288 bytes back
Round trip time was 43.7404 milliseconds in repetition 225
tcp_ping received 12288 bytes back
Round trip time was 43.9865 milliseconds in repetition 226
tcp_ping received 12288 bytes back
Round trip time was 43.514 milliseconds in repetition 227
tcp_ping received 12288 bytes back
Round trip time was 43.9898 milliseconds in repetition 228
tcp_ping received 12288 bytes back
Round trip time was 43.7376 milliseconds in repetition 229
tcp_ping received 12288 bytes back
Round trip time was 43.5154 milliseconds in repetition 230
tcp_ping received 12288 bytes back
Round trip time was 43.5161 milliseconds in repetition 231
tcp_ping received 12288 bytes back
Round trip time was 44.2088 milliseconds in repetition 232
tcp_ping received 12288 bytes back
Round trip time was 44.2601 milliseconds in repetition 233
tcp_ping received 12288 bytes back
Round trip time was 43.9875 milliseconds in repetition 234
tcp_ping received 12288 bytes back
Round trip time was 48.0031 milliseconds in repetition 235
tcp_ping received 12288 bytes back
Round trip time was 43.5207 milliseconds in repetition 236
tcp_ping received 12288 bytes back
Round trip time was 43.71 milliseconds in repetition 237
tcp_ping received 12288 bytes back
Round trip time was 56.304 milliseconds in repetition 238
tcp_ping received 12288 bytes back
Round trip time was 53.4559 milliseconds in repetition 239
tcp_ping received 12288 bytes back
Round trip time was 57.7316 milliseconds in repetition 240
tcp_ping received 12288 bytes back
Round trip time was 52.4953 milliseconds in repetition 241
tcp_ping received 12288 bytes back
Round trip time was 43.9915 milliseconds in repetition 242
tcp_ping received 12288 bytes back
Round trip time was 44.257 milliseconds in repetition 243
tcp_ping received 12288 bytes back
Round trip time was 44.4793 milliseconds in repetition 244
tcp_ping received 12288 bytes back
Round trip time was 43.5138 milliseconds in repetition 245
tcp_ping received 12288 bytes back
Round trip time was 43.9894 milliseconds in repetition 246
tcp_ping received 12288 bytes back
Round trip time was 44.0104 milliseconds in repetition 247
tcp_ping received 12288 bytes back
Round trip time was 43.9857 milliseconds in repetition 248
tcp_ping received 12288 bytes back
Round trip time was 43.9897 milliseconds in repetition 249
tcp_ping received 12288 bytes back
Round trip time was 44.0078 milliseconds in repetition 250
tcp_ping received 12288 bytes back
Round trip time was 43.5163 milliseconds in repetition 251
tcp_ping received 12288 bytes back
Round trip time was 43.7016 milliseconds in repetition 252
tcp_ping received 12288 bytes back
Round trip time was 44.0134 milliseconds in repetition 253
tcp_ping received 12288 bytes back
Round trip time was 43.5136 milliseconds in repetition 254
tcp_ping received 12288 bytes back
Round trip time was 43.7144 milliseconds in repetition 255
tcp_ping received 12288 bytes back
Round trip time was 74.2587 milliseconds in repetition 256
tcp_ping received 12288 bytes back
Round trip time was 52.2946 milliseconds in repetition 257
tcp_ping received 12288 bytes back
Round trip time was 43.6929 milliseconds in repetition 258
tcp_ping received 12288 bytes back
Round trip time was 43.9851 milliseconds in repetition 259
tcp_ping received 12288 bytes back
Round trip time was 46.491 milliseconds in repetition 260
tcp_ping received 12288 bytes back
Round trip time was 44.0098 milliseconds in repetition 261
tcp_ping received 12288 bytes back
Round trip time was 43.953 milliseconds in repetition 262
tcp_ping received 12288 bytes back
Round trip time was 43.9915 milliseconds in repetition 263
tcp_ping received 12288 bytes back
Round trip time was 44.257 milliseconds in repetition 264
tcp_ping received 12288 bytes back
Round trip time was 44.0088 milliseconds in repetition 265
tcp_ping received 12288 bytes back
Round trip time was 43.9893 milliseconds in repetition 266
tcp_ping received 12288 bytes back
Round trip time was 43.9881 milliseconds in repetition 267
tcp_ping received 12288 bytes back
Round trip time was 43.7381 milliseconds in repetition 268
tcp_ping received 12288 bytes back
Round trip time was 43.9864 milliseconds in repetition 269
tcp_ping received 12288 bytes back
Round trip time was 43.789 milliseconds in repetition 270
tcp_ping received 12288 bytes back
Round trip time was 44.209 milliseconds in repetition 271
tcp_ping received 12288 bytes back
Round trip time was 43.5169 milliseconds in repetition 272
tcp_ping received 12288 bytes back
Round trip time was 43.5133 milliseconds in repetition 273
tcp_ping received 12288 bytes back
Round trip time was 43.4638 milliseconds in repetition 274
tcp_ping received 12288 bytes back
Round trip time was 43.99 milliseconds in repetition 275
tcp_ping received 12288 bytes back
Round trip time was 64.7797 milliseconds in repetition 276
tcp_ping received 12288 bytes back
Round trip time was 43.6907 milliseconds in repetition 277
tcp_ping received 12288 bytes back
Round trip time was 44.0106 milliseconds in repetition 278
tcp_ping received 12288 bytes back
Round trip time was 43.9852 milliseconds in repetition 279
tcp_ping received 12288 bytes back
Round trip time was 43.5155 milliseconds in repetition 280
tcp_ping received 12288 bytes back
Round trip time was 43.7384 milliseconds in repetition 281
tcp_ping received 12288 bytes back
Round trip time was 43.9861 milliseconds in repetition 282
tcp_ping received 12288 bytes back
Round trip time was 43.5155 milliseconds in repetition 283
tcp_ping received 12288 bytes back
Round trip time was 43.7398 milliseconds in repetition 284
tcp_ping received 12288 bytes back
Round trip time was 47.007 milliseconds in repetition 285
tcp_ping received 12288 bytes back
Round trip time was 59.0359 milliseconds in repetition 286
tcp_ping received 12288 bytes back
Round trip time was 47.2375 milliseconds in repetition 287
tcp_ping received 12288 bytes back
Round trip time was 46.4458 milliseconds in repetition 288
tcp_ping received 12288 bytes back
Round trip time was 49.2135 milliseconds in repetition 289
tcp_ping received 12288 bytes back
Round trip time was 61.5841 milliseconds in repetition 290
tcp_ping received 12288 bytes back
Round trip time was 43.4591 milliseconds in repetition 291
tcp_ping received 12288 bytes back
Round trip time was 43.7156 milliseconds in repetition 292
tcp_ping received 12288 bytes back
Round trip time was 44.0087 milliseconds in repetition 293
tcp_ping received 12288 bytes back
Round trip time was 43.5167 milliseconds in repetition 294
tcp_ping received 12288 bytes back
Round trip time was 45.5325 milliseconds in repetition 295
tcp_ping received 12288 bytes back
Round trip time was 43.973 milliseconds in repetition 296
tcp_ping received 12288 bytes back
Round trip time was 54.4644 milliseconds in repetition 297
tcp_ping received 12288 bytes back
Round trip time was 66.0008 milliseconds in repetition 298
tcp_ping received 12288 bytes back
Round trip time was 72.9912 milliseconds in repetition 299
tcp_ping received 12288 bytes back
Round trip time was 43.7872 milliseconds in repetition 300
tcp_ping received 12288 bytes back
Round trip time was 43.9632 milliseconds in repetition 301
tcp_ping received 12288 bytes back
Round trip time was 43.7907 milliseconds in repetition 302
tcp_ping received 12288 bytes back
Round trip time was 43.9264 milliseconds in repetition 303
tcp_ping received 12288 bytes back
Round trip time was 48.0384 milliseconds in repetition 304
tcp_ping received 12288 bytes back
Round trip time was 50.4824 milliseconds in repetition 305
tcp_ping received 12288 bytes back
Round trip time was 43.4523 milliseconds in repetition 306
tcp_ping received 12288 bytes back
Round trip time was 56.7506 milliseconds in repetition 307
tcp_ping received 12288 bytes back
Round trip time was 55.5024 milliseconds in repetition 308
tcp_ping received 12288 bytes back
Round trip time was 50.479 milliseconds in repetition 309
tcp_ping received 12288 bytes back
Round trip time was 44.2345 milliseconds in repetition 310
tcp_ping received 12288 bytes back
Round trip time was 44.0106 milliseconds in repetition 311
tcp_ping received 12288 bytes back
Round trip time was 43.5163 milliseconds in repetition 312
tcp_ping received 12288 bytes back
Round trip time was 43.7188 milliseconds in repetition 313
tcp_ping received 12288 bytes back
Round trip time was 44.0098 milliseconds in repetition 314
tcp_ping received 12288 bytes back
Round trip time was 43.9882 milliseconds in repetition 315
tcp_ping received 12288 bytes back
Round trip time was 44.7346 milliseconds in repetition 316
tcp_ping received 12288 bytes back
Round trip time was 44.0094 milliseconds in repetition 317
tcp_ping received 12288 bytes back
Round trip time was 43.9883 milliseconds in repetition 318
tcp_ping received 12288 bytes back
Round trip time was 44.2634 milliseconds in repetition 319
tcp_ping received 12288 bytes back
Round trip time was 43.7392 milliseconds in repetition 320
tcp_ping received 12288 bytes back
Round trip time was 44.2599 milliseconds in repetition 321
tcp_ping received 12288 bytes back
Round trip time was 43.9871 milliseconds in repetition 322
tcp_ping received 12288 bytes back
Round trip time was 43.7392 milliseconds in repetition 323
tcp_ping received 12288 bytes back
Round trip time was 44.2617 milliseconds in repetition 324
tcp_ping received 12288 bytes back
Round trip time was 43.517 milliseconds in repetition 325
tcp_ping received 12288 bytes back
Round trip time was 43.7151 milliseconds in repetition 326
tcp_ping received 12288 bytes back
Round trip time was 44.013 milliseconds in repetition 327
tcp_ping received 12288 bytes back
Round trip time was 45.4754 milliseconds in repetition 328
tcp_ping received 12288 bytes back
Round trip time was 43.5174 milliseconds in repetition 329
tcp_ping received 12288 bytes back
Round trip time was 45.9714 milliseconds in repetition 330
tcp_ping received 12288 bytes back
Round trip time was 43.516 milliseconds in repetition 331
tcp_ping received 12288 bytes back
Round trip time was 44.7327 milliseconds in repetition 332
tcp_ping received 12288 bytes back
Round trip time was 44.0125 milliseconds in repetition 333
tcp_ping received 12288 bytes back
Round trip time was 43.9872 milliseconds in repetition 334
tcp_ping received 12288 bytes back
Round trip time was 43.5173 milliseconds in repetition 335
tcp_ping received 12288 bytes back
Round trip time was 43.7377 milliseconds in repetition 336
tcp_ping received 12288 bytes back
Round trip time was 43.9898 milliseconds in repetition 337
tcp_ping received 12288 bytes back
Round trip time was 43.5161 milliseconds in repetition 338
tcp_ping received 12288 bytes back
Round trip time was 43.7389 milliseconds in repetition 339
tcp_ping received 12288 bytes back
Round trip time was 43.9883 milliseconds in repetition 340
tcp_ping received 12288 bytes back
Round trip time was 43.5169 milliseconds in repetition 341
tcp_ping received 12288 bytes back
Round trip time was 43.7166 milliseconds in repetition 342
tcp_ping received 12288 bytes back
Round trip time was 44.0107 milliseconds in repetition 343
tcp_ping received 12288 bytes back
Round trip time was 43.5229 milliseconds in repetition 344
tcp_ping received 12288 bytes back
Round trip time was 43.7097 milliseconds in repetition 345
tcp_ping received 12288 bytes back
Round trip time was 44.0112 milliseconds in repetition 346
tcp_ping received 12288 bytes back
Round trip time was 43.5169 milliseconds in repetition 347
tcp_ping received 12288 bytes back
Round trip time was 43.7143 milliseconds in repetition 348
tcp_ping received 12288 bytes back
Round trip time was 43.9759 milliseconds in repetition 349
tcp_ping received 12288 bytes back
Round trip time was 43.7183 milliseconds in repetition 350
tcp_ping received 12288 bytes back
Round trip time was 44.2556 milliseconds in repetition 351
tcp_ping received 12288 bytes back
Round trip time was 43.7421 milliseconds in repetition 352
tcp_ping received 12288 bytes back
Round trip time was 43.5129 milliseconds in repetition 353
tcp_ping received 12288 bytes back
Round trip time was 43.9918 milliseconds in repetition 354
tcp_ping received 12288 bytes back
Round trip time was 43.7349 milliseconds in repetition 355
tcp_ping received 12288 bytes back
Round trip time was 43.9882 milliseconds in repetition 356
tcp_ping received 12288 bytes back
Round trip time was 43.7902 milliseconds in repetition 357
tcp_ping received 12288 bytes back
Round trip time was 44.213 milliseconds in repetition 358
tcp_ping received 12288 bytes back
Round trip time was 43.7873 milliseconds in repetition 359
tcp_ping received 12288 bytes back
Round trip time was 43.7159 milliseconds in repetition 360
tcp_ping received 12288 bytes back
Round trip time was 43.7405 milliseconds in repetition 361
tcp_ping received 12288 bytes back
Round trip time was 43.9885 milliseconds in repetition 362
tcp_ping received 12288 bytes back
Round trip time was 53.2656 milliseconds in repetition 363
tcp_ping received 12288 bytes back
Round trip time was 43.522 milliseconds in repetition 364
tcp_ping received 12288 bytes back
Round trip time was 44.2067 milliseconds in repetition 365
tcp_ping received 12288 bytes back
Round trip time was 43.5167 milliseconds in repetition 366
tcp_ping received 12288 bytes back
Round trip time was 43.5166 milliseconds in repetition 367
tcp_ping received 12288 bytes back
Round trip time was 44.2102 milliseconds in repetition 368
tcp_ping received 12288 bytes back
Round trip time was 43.7899 milliseconds in repetition 369
tcp_ping received 12288 bytes back
Round trip time was 43.717 milliseconds in repetition 370
tcp_ping received 12288 bytes back
Round trip time was 43.7381 milliseconds in repetition 371
tcp_ping received 12288 bytes back
Round trip time was 44.2603 milliseconds in repetition 372
tcp_ping received 12288 bytes back
Round trip time was 43.9887 milliseconds in repetition 373
tcp_ping received 12288 bytes back
Round trip time was 44.2664 milliseconds in repetition 374
tcp_ping received 12288 bytes back
Round trip time was 44.0064 milliseconds in repetition 375
tcp_ping received 12288 bytes back
Round trip time was 43.9892 milliseconds in repetition 376
tcp_ping received 12288 bytes back
Round trip time was 43.9887 milliseconds in repetition 377
tcp_ping received 12288 bytes back
Round trip time was 43.737 milliseconds in repetition 378
tcp_ping received 12288 bytes back
Round trip time was 43.9897 milliseconds in repetition 379
tcp_ping received 12288 bytes back
Round trip time was 43.9895 milliseconds in repetition 380
tcp_ping received 12288 bytes back
Round trip time was 44.0091 milliseconds in repetition 381
tcp_ping received 12288 bytes back
Round trip time was 43.9894 milliseconds in repetition 382
tcp_ping received 12288 bytes back
Round trip time was 43.7903 milliseconds in repetition 383
tcp_ping received 12288 bytes back
Round trip time was 43.4648 milliseconds in repetition 384
tcp_ping received 12288 bytes back
Round trip time was 43.988 milliseconds in repetition 385
tcp_ping received 12288 bytes back
Round trip time was 43.9885 milliseconds in repetition 386
tcp_ping received 12288 bytes back
Round trip time was 44.013 milliseconds in repetition 387
tcp_ping received 12288 bytes back
Round trip time was 43.987 milliseconds in repetition 388
tcp_ping received 12288 bytes back
Round trip time was 43.518 milliseconds in repetition 389
tcp_ping received 12288 bytes back
Round trip time was 43.7382 milliseconds in repetition 390
tcp_ping received 12288 bytes back
Round trip time was 44.7785 milliseconds in repetition 391
tcp_ping received 12288 bytes back
Round trip time was 43.7419 milliseconds in repetition 392
tcp_ping received 12288 bytes back
Round trip time was 43.4305 milliseconds in repetition 393
tcp_ping received 12288 bytes back
Round trip time was 44.2607 milliseconds in repetition 394
tcp_ping received 12288 bytes back
Round trip time was 43.518 milliseconds in repetition 395
tcp_ping received 12288 bytes back
Round trip time was 43.7161 milliseconds in repetition 396
tcp_ping received 12288 bytes back
Round trip time was 44.0228 milliseconds in repetition 397
tcp_ping received 12288 bytes back
Round trip time was 43.704 milliseconds in repetition 398
tcp_ping received 12288 bytes back
Round trip time was 43.7883 milliseconds in repetition 399
tcp_ping received 12288 bytes back
Round trip time was 44.2098 milliseconds in repetition 400
tcp_ping received 12288 bytes back
Round trip time was 43.5167 milliseconds in repetition 401
tcp_ping received 12288 bytes back
Round trip time was 43.519 milliseconds in repetition 402
tcp_ping received 12288 bytes back
Round trip time was 44.208 milliseconds in repetition 403
tcp_ping received 12288 bytes back
Round trip time was 43.516 milliseconds in repetition 404
tcp_ping received 12288 bytes back
Round trip time was 44.7361 milliseconds in repetition 405
tcp_ping received 12288 bytes back
Round trip time was 44.0086 milliseconds in repetition 406
tcp_ping received 12288 bytes back
Round trip time was 43.9891 milliseconds in repetition 407
tcp_ping received 12288 bytes back
Round trip time was 43.99 milliseconds in repetition 408
tcp_ping received 12288 bytes back
Round trip time was 44.0093 milliseconds in repetition 409
tcp_ping received 12288 bytes back
Round trip time was 43.9889 milliseconds in repetition 410
tcp_ping received 12288 bytes back
Round trip time was 43.5176 milliseconds in repetition 411
tcp_ping received 12288 bytes back
Round trip time was 43.7377 milliseconds in repetition 412
tcp_ping received 12288 bytes back
Round trip time was 43.9873 milliseconds in repetition 413
tcp_ping received 12288 bytes back
Round trip time was 43.9871 milliseconds in repetition 414
tcp_ping received 12288 bytes back
Round trip time was 43.9901 milliseconds in repetition 415
tcp_ping received 12288 bytes back
Round trip time was 44.0101 milliseconds in repetition 416
tcp_ping received 12288 bytes back
Round trip time was 43.988 milliseconds in repetition 417
tcp_ping received 12288 bytes back
Round trip time was 43.9898 milliseconds in repetition 418
tcp_ping received 12288 bytes back
Round trip time was 44.0107 milliseconds in repetition 419
tcp_ping received 12288 bytes back
Round trip time was 43.5218 milliseconds in repetition 420
tcp_ping received 12288 bytes back
Round trip time was 43.7115 milliseconds in repetition 421
tcp_ping received 12288 bytes back
Round trip time was 44.2873 milliseconds in repetition 422
tcp_ping received 12288 bytes back
Round trip time was 43.9987 milliseconds in repetition 423
tcp_ping received 12288 bytes back
Round trip time was 44.2478 milliseconds in repetition 424
tcp_ping received 12288 bytes back
Round trip time was 43.7415 milliseconds in repetition 425
tcp_ping received 12288 bytes back
Round trip time was 43.991 milliseconds in repetition 426
tcp_ping received 12288 bytes back
Round trip time was 43.9919 milliseconds in repetition 427
tcp_ping received 12288 bytes back
Round trip time was 43.7304 milliseconds in repetition 428
tcp_ping received 12288 bytes back
Round trip time was 44.2731 milliseconds in repetition 429
tcp_ping received 12288 bytes back
Round trip time was 43.5055 milliseconds in repetition 430
tcp_ping received 12288 bytes back
Round trip time was 43.4664 milliseconds in repetition 431
tcp_ping received 12288 bytes back
Round trip time was 44.2516 milliseconds in repetition 432
tcp_ping received 12288 bytes back
Round trip time was 43.5159 milliseconds in repetition 433
tcp_ping received 12288 bytes back
Round trip time was 43.7161 milliseconds in repetition 434
tcp_ping received 12288 bytes back
Round trip time was 44.0121 milliseconds in repetition 435
tcp_ping received 12288 bytes back
Round trip time was 43.7173 milliseconds in repetition 436
tcp_ping received 12288 bytes back
Round trip time was 43.7595 milliseconds in repetition 437
tcp_ping received 12288 bytes back
Round trip time was 44.2151 milliseconds in repetition 438
tcp_ping received 12288 bytes back
Round trip time was 43.5075 milliseconds in repetition 439
tcp_ping received 12288 bytes back
Round trip time was 43.5172 milliseconds in repetition 440
tcp_ping received 12288 bytes back
Round trip time was 44.2096 milliseconds in repetition 441
tcp_ping received 12288 bytes back
Round trip time was 43.5236 milliseconds in repetition 442
tcp_ping received 12288 bytes back
Round trip time was 45.0053 milliseconds in repetition 443
tcp_ping received 12288 bytes back
Round trip time was 43.7362 milliseconds in repetition 444
tcp_ping received 12288 bytes back
Round trip time was 43.9872 milliseconds in repetition 445
tcp_ping received 12288 bytes back
Round trip time was 43.9836 milliseconds in repetition 446
tcp_ping received 12288 bytes back
Round trip time was 44.0066 milliseconds in repetition 447
tcp_ping received 12288 bytes back
Round trip time was 43.9778 milliseconds in repetition 448
tcp_ping received 12288 bytes back
Round trip time was 44.2718 milliseconds in repetition 449
tcp_ping received 12288 bytes back
Round trip time was 43.7281 milliseconds in repetition 450
tcp_ping received 12288 bytes back
Round trip time was 44.733 milliseconds in repetition 451
tcp_ping received 12288 bytes back
Round trip time was 43.5217 milliseconds in repetition 452
tcp_ping received 12288 bytes back
Round trip time was 43.9893 milliseconds in repetition 453
tcp_ping received 12288 bytes back
Round trip time was 44.0072 milliseconds in repetition 454
tcp_ping received 12288 bytes back
Round trip time was 44.0354 milliseconds in repetition 455
tcp_ping received 12288 bytes back
Round trip time was 43.9555 milliseconds in repetition 456
tcp_ping received 12288 bytes back
Round trip time was 43.9979 milliseconds in repetition 457
tcp_ping received 12288 bytes back
Round trip time was 43.992 milliseconds in repetition 458
tcp_ping received 12288 bytes back
Round trip time was 43.9944 milliseconds in repetition 459
tcp_ping received 12288 bytes back
Round trip time was 44.0069 milliseconds in repetition 460
tcp_ping received 12288 bytes back
Round trip time was 43.5115 milliseconds in repetition 461
tcp_ping received 12288 bytes back
Round trip time was 43.7157 milliseconds in repetition 462
tcp_ping received 12288 bytes back
Round trip time was 44.8157 milliseconds in repetition 463
tcp_ping received 12288 bytes back
Round trip time was 43.9413 milliseconds in repetition 464
tcp_ping received 12288 bytes back
Round trip time was 43.975 milliseconds in repetition 465
tcp_ping received 12288 bytes back
Round trip time was 44.0147 milliseconds in repetition 466
tcp_ping received 12288 bytes back
Round trip time was 43.9803 milliseconds in repetition 467
tcp_ping received 12288 bytes back
Round trip time was 43.5129 milliseconds in repetition 468
tcp_ping received 12288 bytes back
Round trip time was 43.7379 milliseconds in repetition 469
tcp_ping received 12288 bytes back
Round trip time was 43.9883 milliseconds in repetition 470
tcp_ping received 12288 bytes back
Round trip time was 44.2643 milliseconds in repetition 471
tcp_ping received 12288 bytes back
Round trip time was 44.2567 milliseconds in repetition 472
tcp_ping received 12288 bytes back
Round trip time was 43.7366 milliseconds in repetition 473
tcp_ping received 12288 bytes back
Round trip time was 43.9885 milliseconds in repetition 474
tcp_ping received 12288 bytes back
Round trip time was 43.9891 milliseconds in repetition 475
tcp_ping received 12288 bytes back
Round trip time was 43.7394 milliseconds in repetition 476
tcp_ping received 12288 bytes back
Round trip time was 50.9899 milliseconds in repetition 477
tcp_ping received 12288 bytes back
Round trip time was 47.7821 milliseconds in repetition 478
tcp_ping received 12288 bytes back
Round trip time was 43.9867 milliseconds in repetition 479
tcp_ping received 12288 bytes back
Round trip time was 43.9563 milliseconds in repetition 480
tcp_ping received 12288 bytes back
Round trip time was 43.5109 milliseconds in repetition 481
tcp_ping received 12288 bytes back
Round trip time was 43.9899 milliseconds in repetition 482
tcp_ping received 12288 bytes back
Round trip time was 44.4861 milliseconds in repetition 483
tcp_ping received 12288 bytes back
Round trip time was 44.2563 milliseconds in repetition 484
tcp_ping received 12288 bytes back
Round trip time was 43.9913 milliseconds in repetition 485
tcp_ping received 12288 bytes back
Round trip time was 65.9927 milliseconds in repetition 486
tcp_ping received 12288 bytes back
Round trip time was 49.4952 milliseconds in repetition 487
tcp_ping received 12288 bytes back
Round trip time was 51.7791 milliseconds in repetition 488
tcp_ping received 12288 bytes back
Round trip time was 43.9875 milliseconds in repetition 489
tcp_ping received 12288 bytes back
Round trip time was 43.9893 milliseconds in repetition 490
tcp_ping received 12288 bytes back
Round trip time was 44.0116 milliseconds in repetition 491
tcp_ping received 12288 bytes back
Round trip time was 43.7149 milliseconds in repetition 492
tcp_ping received 12288 bytes back
Round trip time was 43.5176 milliseconds in repetition 493
tcp_ping received 12288 bytes back
Round trip time was 44.0112 milliseconds in repetition 494
tcp_ping received 12288 bytes back
Round trip time was 43.7165 milliseconds in repetition 495
tcp_ping received 12288 bytes back
Round trip time was 45.0052 milliseconds in repetition 496
tcp_ping received 12288 bytes back
Round trip time was 43.7383 milliseconds in repetition 497
tcp_ping received 12288 bytes back
Round trip time was 58.4798 milliseconds in repetition 498
tcp_ping received 12288 bytes back
Round trip time was 43.5157 milliseconds in repetition 499
tcp_ping received 12288 bytes back
Round trip time was 43.5175 milliseconds in repetition 500
tcp_ping received 12288 bytes back
Round trip time was 44.7197 milliseconds in repetition 501

 ... clock resolution was 1e-06
TCP Ping:  Statistics over 501 repetitions of 12288 byte messages

RTT : percentile 10: 43.5154, median: 43.9873, percentile 90: 45.032, average: 45.0698, variance: 30.3105

RTT histogram:
43.4305 451
46.6714 16
49.9122 9
53.153 7
56.3939 5
59.6347 3
62.8756 1
66.1164 4
69.3573 0
72.5981 1
75.839 1
79.0798 0
82.3207 0
85.5615 1
88.8024 0
92.0432 0
95.2841 0
98.5249 0
101.766 1
105.007 0
108.247 1

   median Throughput : 558.706 KB/s   overall Throughput : 545.287 KB/s

