TCP Ping trying to connect to server 192.168.1.51 (192.168.1.51) on port 1491
 ... connected to Pong server: asking for 501 repetitions of 64 bytes TCP messages
 ... Pong server agreed :-)
tcp_ping received 64 bytes back
Round trip time was 2.67604 milliseconds in repetition 1
tcp_ping received 64 bytes back
Round trip time was 2.3015 milliseconds in repetition 2
tcp_ping received 64 bytes back
Round trip time was 1.8718 milliseconds in repetition 3
tcp_ping received 64 bytes back
Round trip time was 2.20695 milliseconds in repetition 4
tcp_ping received 64 bytes back
Round trip time was 3.87949 milliseconds in repetition 5
tcp_ping received 64 bytes back
Round trip time was 2.2868 milliseconds in repetition 6
tcp_ping received 64 bytes back
Round trip time was 2.62366 milliseconds in repetition 7
tcp_ping received 64 bytes back
Round trip time was 2.20176 milliseconds in repetition 8
tcp_ping received 64 bytes back
Round trip time was 2.81956 milliseconds in repetition 9
tcp_ping received 64 bytes back
Round trip time was 2.13507 milliseconds in repetition 10
tcp_ping received 64 bytes back
Round trip time was 2.48914 milliseconds in repetition 11
tcp_ping received 64 bytes back
Round trip time was 2.26716 milliseconds in repetition 12
tcp_ping received 64 bytes back
Round trip time was 2.90486 milliseconds in repetition 13
tcp_ping received 64 bytes back
Round trip time was 1.95474 milliseconds in repetition 14
tcp_ping received 64 bytes back
Round trip time was 3.11193 milliseconds in repetition 15
tcp_ping received 64 bytes back
Round trip time was 2.59935 milliseconds in repetition 16
tcp_ping received 64 bytes back
Round trip time was 2.27279 milliseconds in repetition 17
tcp_ping received 64 bytes back
Round trip time was 1.91759 milliseconds in repetition 18
tcp_ping received 64 bytes back
Round trip time was 2.72555 milliseconds in repetition 19
tcp_ping received 64 bytes back
Round trip time was 2.48711 milliseconds in repetition 20
tcp_ping received 64 bytes back
Round trip time was 2.07505 milliseconds in repetition 21
tcp_ping received 64 bytes back
Round trip time was 1.88544 milliseconds in repetition 22
tcp_ping received 64 bytes back
Round trip time was 1.89223 milliseconds in repetition 23
tcp_ping received 64 bytes back
Round trip time was 1.97755 milliseconds in repetition 24
tcp_ping received 64 bytes back
Round trip time was 2.27151 milliseconds in repetition 25
tcp_ping received 64 bytes back
Round trip time was 2.30551 milliseconds in repetition 26
tcp_ping received 64 bytes back
Round trip time was 1.97834 milliseconds in repetition 27
tcp_ping received 64 bytes back
Round trip time was 2.01896 milliseconds in repetition 28
tcp_ping received 64 bytes back
Round trip time was 2.5876 milliseconds in repetition 29
tcp_ping received 64 bytes back
Round trip time was 1.95347 milliseconds in repetition 30
tcp_ping received 64 bytes back
Round trip time was 1.98193 milliseconds in repetition 31
tcp_ping received 64 bytes back
Round trip time was 1.94907 milliseconds in repetition 32
tcp_ping received 64 bytes back
Round trip time was 2.07525 milliseconds in repetition 33
tcp_ping received 64 bytes back
Round trip time was 1.98468 milliseconds in repetition 34
tcp_ping received 64 bytes back
Round trip time was 1.91701 milliseconds in repetition 35
tcp_ping received 64 bytes back
Round trip time was 1.88739 milliseconds in repetition 36
tcp_ping received 64 bytes back
Round trip time was 1.9839 milliseconds in repetition 37
tcp_ping received 64 bytes back
Round trip time was 2.46241 milliseconds in repetition 38
tcp_ping received 64 bytes back
Round trip time was 1.91868 milliseconds in repetition 39
tcp_ping received 64 bytes back
Round trip time was 1.88476 milliseconds in repetition 40
tcp_ping received 64 bytes back
Round trip time was 1.8874 milliseconds in repetition 41
tcp_ping received 64 bytes back
Round trip time was 1.89146 milliseconds in repetition 42
tcp_ping received 64 bytes back
Round trip time was 1.9141 milliseconds in repetition 43
tcp_ping received 64 bytes back
Round trip time was 2.6248 milliseconds in repetition 44
tcp_ping received 64 bytes back
Round trip time was 1.98367 milliseconds in repetition 45
tcp_ping received 64 bytes back
Round trip time was 2.10963 milliseconds in repetition 46
tcp_ping received 64 bytes back
Round trip time was 1.8887 milliseconds in repetition 47
tcp_ping received 64 bytes back
Round trip time was 2.56276 milliseconds in repetition 48
tcp_ping received 64 bytes back
Round trip time was 1.94358 milliseconds in repetition 49
tcp_ping received 64 bytes back
Round trip time was 2.20854 milliseconds in repetition 50
tcp_ping received 64 bytes back
Round trip time was 1.88318 milliseconds in repetition 51
tcp_ping received 64 bytes back
Round trip time was 1.86001 milliseconds in repetition 52
tcp_ping received 64 bytes back
Round trip time was 1.94748 milliseconds in repetition 53
tcp_ping received 64 bytes back
Round trip time was 2.62378 milliseconds in repetition 54
tcp_ping received 64 bytes back
Round trip time was 1.97964 milliseconds in repetition 55
tcp_ping received 64 bytes back
Round trip time was 1.98126 milliseconds in repetition 56
tcp_ping received 64 bytes back
Round trip time was 2.01959 milliseconds in repetition 57
tcp_ping received 64 bytes back
Round trip time was 2.5173 milliseconds in repetition 58
tcp_ping received 64 bytes back
Round trip time was 2.01095 milliseconds in repetition 59
tcp_ping received 64 bytes back
Round trip time was 2.24159 milliseconds in repetition 60
tcp_ping received 64 bytes back
Round trip time was 1.94665 milliseconds in repetition 61
tcp_ping received 64 bytes back
Round trip time was 2.17892 milliseconds in repetition 62
tcp_ping received 64 bytes back
Round trip time was 1.90823 milliseconds in repetition 63
tcp_ping received 64 bytes back
Round trip time was 2.08835 milliseconds in repetition 64
tcp_ping received 64 bytes back
Round trip time was 2.63574 milliseconds in repetition 65
tcp_ping received 64 bytes back
Round trip time was 2.38216 milliseconds in repetition 66
tcp_ping received 64 bytes back
Round trip time was 2.3788 milliseconds in repetition 67
tcp_ping received 64 bytes back
Round trip time was 2.46856 milliseconds in repetition 68
tcp_ping received 64 bytes back
Round trip time was 1.9475 milliseconds in repetition 69
tcp_ping received 64 bytes back
Round trip time was 2.62783 milliseconds in repetition 70
tcp_ping received 64 bytes back
Round trip time was 2.67215 milliseconds in repetition 71
tcp_ping received 64 bytes back
Round trip time was 2.21358 milliseconds in repetition 72
tcp_ping received 64 bytes back
Round trip time was 1.98693 milliseconds in repetition 73
tcp_ping received 64 bytes back
Round trip time was 1.89235 milliseconds in repetition 74
tcp_ping received 64 bytes back
Round trip time was 2.53811 milliseconds in repetition 75
tcp_ping received 64 bytes back
Round trip time was 2.34831 milliseconds in repetition 76
tcp_ping received 64 bytes back
Round trip time was 2.97427 milliseconds in repetition 77
tcp_ping received 64 bytes back
Round trip time was 1.95053 milliseconds in repetition 78
tcp_ping received 64 bytes back
Round trip time was 1.95254 milliseconds in repetition 79
tcp_ping received 64 bytes back
Round trip time was 1.91763 milliseconds in repetition 80
tcp_ping received 64 bytes back
Round trip time was 2.49497 milliseconds in repetition 81
tcp_ping received 64 bytes back
Round trip time was 1.91804 milliseconds in repetition 82
tcp_ping received 64 bytes back
Round trip time was 1.89962 milliseconds in repetition 83
tcp_ping received 64 bytes back
Round trip time was 1.87732 milliseconds in repetition 84
tcp_ping received 64 bytes back
Round trip time was 1.91765 milliseconds in repetition 85
tcp_ping received 64 bytes back
Round trip time was 2.01375 milliseconds in repetition 86
tcp_ping received 64 bytes back
Round trip time was 1.99101 milliseconds in repetition 87
tcp_ping received 64 bytes back
Round trip time was 1.97492 milliseconds in repetition 88
tcp_ping received 64 bytes back
Round trip time was 1.95368 milliseconds in repetition 89
tcp_ping received 64 bytes back
Round trip time was 1.88342 milliseconds in repetition 90
tcp_ping received 64 bytes back
Round trip time was 1.99426 milliseconds in repetition 91
tcp_ping received 64 bytes back
Round trip time was 1.91209 milliseconds in repetition 92
tcp_ping received 64 bytes back
Round trip time was 1.9533 milliseconds in repetition 93
tcp_ping received 64 bytes back
Round trip time was 1.95433 milliseconds in repetition 94
tcp_ping received 64 bytes back
Round trip time was 2.14012 milliseconds in repetition 95
tcp_ping received 64 bytes back
Round trip time was 1.88524 milliseconds in repetition 96
tcp_ping received 64 bytes back
Round trip time was 1.91851 milliseconds in repetition 97
tcp_ping received 64 bytes back
Round trip time was 1.98115 milliseconds in repetition 98
tcp_ping received 64 bytes back
Round trip time was 2.27615 milliseconds in repetition 99
tcp_ping received 64 bytes back
Round trip time was 2.3015 milliseconds in repetition 100
tcp_ping received 64 bytes back
Round trip time was 1.88826 milliseconds in repetition 101
tcp_ping received 64 bytes back
Round trip time was 1.8198 milliseconds in repetition 102
tcp_ping received 64 bytes back
Round trip time was 2.14675 milliseconds in repetition 103
tcp_ping received 64 bytes back
Round trip time was 2.01429 milliseconds in repetition 104
tcp_ping received 64 bytes back
Round trip time was 2.36482 milliseconds in repetition 105
tcp_ping received 64 bytes back
Round trip time was 1.9178 milliseconds in repetition 106
tcp_ping received 64 bytes back
Round trip time was 1.85451 milliseconds in repetition 107
tcp_ping received 64 bytes back
Round trip time was 1.85444 milliseconds in repetition 108
tcp_ping received 64 bytes back
Round trip time was 1.9206 milliseconds in repetition 109
tcp_ping received 64 bytes back
Round trip time was 2.01433 milliseconds in repetition 110
tcp_ping received 64 bytes back
Round trip time was 1.95052 milliseconds in repetition 111
tcp_ping received 64 bytes back
Round trip time was 2.17482 milliseconds in repetition 112
tcp_ping received 64 bytes back
Round trip time was 2.65895 milliseconds in repetition 113
tcp_ping received 64 bytes back
Round trip time was 1.91542 milliseconds in repetition 114
tcp_ping received 64 bytes back
Round trip time was 1.88774 milliseconds in repetition 115
tcp_ping received 64 bytes back
Round trip time was 2.62473 milliseconds in repetition 116
tcp_ping received 64 bytes back
Round trip time was 2.55683 milliseconds in repetition 117
tcp_ping received 64 bytes back
Round trip time was 2.14703 milliseconds in repetition 118
tcp_ping received 64 bytes back
Round trip time was 2.14056 milliseconds in repetition 119
tcp_ping received 64 bytes back
Round trip time was 1.88715 milliseconds in repetition 120
tcp_ping received 64 bytes back
Round trip time was 1.88523 milliseconds in repetition 121
tcp_ping received 64 bytes back
Round trip time was 1.85294 milliseconds in repetition 122
tcp_ping received 64 bytes back
Round trip time was 2.43532 milliseconds in repetition 123
tcp_ping received 64 bytes back
Round trip time was 2.17157 milliseconds in repetition 124
tcp_ping received 64 bytes back
Round trip time was 2.176 milliseconds in repetition 125
tcp_ping received 64 bytes back
Round trip time was 1.85371 milliseconds in repetition 126
tcp_ping received 64 bytes back
Round trip time was 1.85587 milliseconds in repetition 127
tcp_ping received 64 bytes back
Round trip time was 1.98509 milliseconds in repetition 128
tcp_ping received 64 bytes back
Round trip time was 1.98513 milliseconds in repetition 129
tcp_ping received 64 bytes back
Round trip time was 2.42934 milliseconds in repetition 130
tcp_ping received 64 bytes back
Round trip time was 1.88429 milliseconds in repetition 131
tcp_ping received 64 bytes back
Round trip time was 1.89065 milliseconds in repetition 132
tcp_ping received 64 bytes back
Round trip time was 2.55677 milliseconds in repetition 133
tcp_ping received 64 bytes back
Round trip time was 2.01472 milliseconds in repetition 134
tcp_ping received 64 bytes back
Round trip time was 1.91632 milliseconds in repetition 135
tcp_ping received 64 bytes back
Round trip time was 2.29393 milliseconds in repetition 136
tcp_ping received 64 bytes back
Round trip time was 1.88657 milliseconds in repetition 137
tcp_ping received 64 bytes back
Round trip time was 1.88373 milliseconds in repetition 138
tcp_ping received 64 bytes back
Round trip time was 2.24014 milliseconds in repetition 139
tcp_ping received 64 bytes back
Round trip time was 2.62374 milliseconds in repetition 140
tcp_ping received 64 bytes back
Round trip time was 1.94891 milliseconds in repetition 141
tcp_ping received 64 bytes back
Round trip time was 1.86032 milliseconds in repetition 142
tcp_ping received 64 bytes back
Round trip time was 2.26643 milliseconds in repetition 143
tcp_ping received 64 bytes back
Round trip time was 2.62345 milliseconds in repetition 144
tcp_ping received 64 bytes back
Round trip time was 1.98407 milliseconds in repetition 145
tcp_ping received 64 bytes back
Round trip time was 1.88765 milliseconds in repetition 146
tcp_ping received 64 bytes back
Round trip time was 1.88365 milliseconds in repetition 147
tcp_ping received 64 bytes back
Round trip time was 1.82329 milliseconds in repetition 148
tcp_ping received 64 bytes back
Round trip time was 1.91884 milliseconds in repetition 149
tcp_ping received 64 bytes back
Round trip time was 2.62399 milliseconds in repetition 150
tcp_ping received 64 bytes back
Round trip time was 2.62639 milliseconds in repetition 151
tcp_ping received 64 bytes back
Round trip time was 1.88991 milliseconds in repetition 152
tcp_ping received 64 bytes back
Round trip time was 1.87983 milliseconds in repetition 153
tcp_ping received 64 bytes back
Round trip time was 1.88651 milliseconds in repetition 154
tcp_ping received 64 bytes back
Round trip time was 3.81142 milliseconds in repetition 155
tcp_ping received 64 bytes back
Round trip time was 2.52522 milliseconds in repetition 156
tcp_ping received 64 bytes back
Round trip time was 2.49388 milliseconds in repetition 157
tcp_ping received 64 bytes back
Round trip time was 2.23902 milliseconds in repetition 158
tcp_ping received 64 bytes back
Round trip time was 1.85201 milliseconds in repetition 159
tcp_ping received 64 bytes back
Round trip time was 1.89057 milliseconds in repetition 160
tcp_ping received 64 bytes back
Round trip time was 2.45961 milliseconds in repetition 161
tcp_ping received 64 bytes back
Round trip time was 1.95577 milliseconds in repetition 162
tcp_ping received 64 bytes back
Round trip time was 2.49116 milliseconds in repetition 163
tcp_ping received 64 bytes back
Round trip time was 1.98602 milliseconds in repetition 164
tcp_ping received 64 bytes back
Round trip time was 1.91466 milliseconds in repetition 165
tcp_ping received 64 bytes back
Round trip time was 2.29542 milliseconds in repetition 166
tcp_ping received 64 bytes back
Round trip time was 2.21503 milliseconds in repetition 167
tcp_ping received 64 bytes back
Round trip time was 2.4633 milliseconds in repetition 168
tcp_ping received 64 bytes back
Round trip time was 2.21113 milliseconds in repetition 169
tcp_ping received 64 bytes back
Round trip time was 2.23522 milliseconds in repetition 170
tcp_ping received 64 bytes back
Round trip time was 1.95033 milliseconds in repetition 171
tcp_ping received 64 bytes back
Round trip time was 2.43114 milliseconds in repetition 172
tcp_ping received 64 bytes back
Round trip time was 2.17901 milliseconds in repetition 173
tcp_ping received 64 bytes back
Round trip time was 2.2041 milliseconds in repetition 174
tcp_ping received 64 bytes back
Round trip time was 1.88531 milliseconds in repetition 175
tcp_ping received 64 bytes back
Round trip time was 1.88655 milliseconds in repetition 176
tcp_ping received 64 bytes back
Round trip time was 2.52935 milliseconds in repetition 177
tcp_ping received 64 bytes back
Round trip time was 2.67379 milliseconds in repetition 178
tcp_ping received 64 bytes back
Round trip time was 1.93189 milliseconds in repetition 179
tcp_ping received 64 bytes back
Round trip time was 1.92536 milliseconds in repetition 180
tcp_ping received 64 bytes back
Round trip time was 2.18106 milliseconds in repetition 181
tcp_ping received 64 bytes back
Round trip time was 2.0094 milliseconds in repetition 182
tcp_ping received 64 bytes back
Round trip time was 1.89301 milliseconds in repetition 183
tcp_ping received 64 bytes back
Round trip time was 2.48676 milliseconds in repetition 184
tcp_ping received 64 bytes back
Round trip time was 1.88671 milliseconds in repetition 185
tcp_ping received 64 bytes back
Round trip time was 2.15098 milliseconds in repetition 186
tcp_ping received 64 bytes back
Round trip time was 1.94272 milliseconds in repetition 187
tcp_ping received 64 bytes back
Round trip time was 1.8887 milliseconds in repetition 188
tcp_ping received 64 bytes back
Round trip time was 1.85203 milliseconds in repetition 189
tcp_ping received 64 bytes back
Round trip time was 2.43281 milliseconds in repetition 190
tcp_ping received 64 bytes back
Round trip time was 1.98155 milliseconds in repetition 191
tcp_ping received 64 bytes back
Round trip time was 2.21055 milliseconds in repetition 192
tcp_ping received 64 bytes back
Round trip time was 1.91469 milliseconds in repetition 193
tcp_ping received 64 bytes back
Round trip time was 2.59359 milliseconds in repetition 194
tcp_ping received 64 bytes back
Round trip time was 1.94981 milliseconds in repetition 195
tcp_ping received 64 bytes back
Round trip time was 1.98232 milliseconds in repetition 196
tcp_ping received 64 bytes back
Round trip time was 2.24631 milliseconds in repetition 197
tcp_ping received 64 bytes back
Round trip time was 1.91228 milliseconds in repetition 198
tcp_ping received 64 bytes back
Round trip time was 2.01432 milliseconds in repetition 199
tcp_ping received 64 bytes back
Round trip time was 2.43362 milliseconds in repetition 200
tcp_ping received 64 bytes back
Round trip time was 1.91593 milliseconds in repetition 201
tcp_ping received 64 bytes back
Round trip time was 2.33843 milliseconds in repetition 202
tcp_ping received 64 bytes back
Round trip time was 1.85242 milliseconds in repetition 203
tcp_ping received 64 bytes back
Round trip time was 1.88705 milliseconds in repetition 204
tcp_ping received 64 bytes back
Round trip time was 2.62431 milliseconds in repetition 205
tcp_ping received 64 bytes back
Round trip time was 1.99671 milliseconds in repetition 206
tcp_ping received 64 bytes back
Round trip time was 2.4181 milliseconds in repetition 207
tcp_ping received 64 bytes back
Round trip time was 2.23822 milliseconds in repetition 208
tcp_ping received 64 bytes back
Round trip time was 2.46391 milliseconds in repetition 209
tcp_ping received 64 bytes back
Round trip time was 2.62248 milliseconds in repetition 210
tcp_ping received 64 bytes back
Round trip time was 2.04787 milliseconds in repetition 211
tcp_ping received 64 bytes back
Round trip time was 2.20381 milliseconds in repetition 212
tcp_ping received 64 bytes back
Round trip time was 1.88676 milliseconds in repetition 213
tcp_ping received 64 bytes back
Round trip time was 1.82267 milliseconds in repetition 214
tcp_ping received 64 bytes back
Round trip time was 2.17362 milliseconds in repetition 215
tcp_ping received 64 bytes back
Round trip time was 1.9331 milliseconds in repetition 216
tcp_ping received 64 bytes back
Round trip time was 2.06758 milliseconds in repetition 217
tcp_ping received 64 bytes back
Round trip time was 2.39955 milliseconds in repetition 218
tcp_ping received 64 bytes back
Round trip time was 1.94965 milliseconds in repetition 219
tcp_ping received 64 bytes back
Round trip time was 1.88932 milliseconds in repetition 220
tcp_ping received 64 bytes back
Round trip time was 1.88368 milliseconds in repetition 221
tcp_ping received 64 bytes back
Round trip time was 3.10395 milliseconds in repetition 222
tcp_ping received 64 bytes back
Round trip time was 1.92086 milliseconds in repetition 223
tcp_ping received 64 bytes back
Round trip time was 3.5331 milliseconds in repetition 224
tcp_ping received 64 bytes back
Round trip time was 2.35435 milliseconds in repetition 225
tcp_ping received 64 bytes back
Round trip time was 1.90749 milliseconds in repetition 226
tcp_ping received 64 bytes back
Round trip time was 2.42623 milliseconds in repetition 227
tcp_ping received 64 bytes back
Round trip time was 1.94988 milliseconds in repetition 228
tcp_ping received 64 bytes back
Round trip time was 1.95496 milliseconds in repetition 229
tcp_ping received 64 bytes back
Round trip time was 1.88564 milliseconds in repetition 230
tcp_ping received 64 bytes back
Round trip time was 1.91465 milliseconds in repetition 231
tcp_ping received 64 bytes back
Round trip time was 1.91871 milliseconds in repetition 232
tcp_ping received 64 bytes back
Round trip time was 2.72117 milliseconds in repetition 233
tcp_ping received 64 bytes back
Round trip time was 2.24126 milliseconds in repetition 234
tcp_ping received 64 bytes back
Round trip time was 2.01145 milliseconds in repetition 235
tcp_ping received 64 bytes back
Round trip time was 1.85515 milliseconds in repetition 236
tcp_ping received 64 bytes back
Round trip time was 1.91966 milliseconds in repetition 237
tcp_ping received 64 bytes back
Round trip time was 2.52878 milliseconds in repetition 238
tcp_ping received 64 bytes back
Round trip time was 2.0141 milliseconds in repetition 239
tcp_ping received 64 bytes back
Round trip time was 1.94901 milliseconds in repetition 240
tcp_ping received 64 bytes back
Round trip time was 2.14318 milliseconds in repetition 241
tcp_ping received 64 bytes back
Round trip time was 2.04713 milliseconds in repetition 242
tcp_ping received 64 bytes back
Round trip time was 1.92426 milliseconds in repetition 243
tcp_ping received 64 bytes back
Round trip time was 1.97694 milliseconds in repetition 244
tcp_ping received 64 bytes back
Round trip time was 2.20732 milliseconds in repetition 245
tcp_ping received 64 bytes back
Round trip time was 2.49991 milliseconds in repetition 246
tcp_ping received 64 bytes back
Round trip time was 1.88525 milliseconds in repetition 247
tcp_ping received 64 bytes back
Round trip time was 2.14211 milliseconds in repetition 248
tcp_ping received 64 bytes back
Round trip time was 1.97955 milliseconds in repetition 249
tcp_ping received 64 bytes back
Round trip time was 2.37033 milliseconds in repetition 250
tcp_ping received 64 bytes back
Round trip time was 1.95015 milliseconds in repetition 251
tcp_ping received 64 bytes back
Round trip time was 1.91381 milliseconds in repetition 252
tcp_ping received 64 bytes back
Round trip time was 1.89547 milliseconds in repetition 253
tcp_ping received 64 bytes back
Round trip time was 1.93195 milliseconds in repetition 254
tcp_ping received 64 bytes back
Round trip time was 2.58965 milliseconds in repetition 255
tcp_ping received 64 bytes back
Round trip time was 1.98318 milliseconds in repetition 256
tcp_ping received 64 bytes back
Round trip time was 2.48873 milliseconds in repetition 257
tcp_ping received 64 bytes back
Round trip time was 1.94505 milliseconds in repetition 258
tcp_ping received 64 bytes back
Round trip time was 2.54047 milliseconds in repetition 259
tcp_ping received 64 bytes back
Round trip time was 1.93239 milliseconds in repetition 260
tcp_ping received 64 bytes back
Round trip time was 2.61954 milliseconds in repetition 261
tcp_ping received 64 bytes back
Round trip time was 1.9825 milliseconds in repetition 262
tcp_ping received 64 bytes back
Round trip time was 1.94555 milliseconds in repetition 263
tcp_ping received 64 bytes back
Round trip time was 1.91641 milliseconds in repetition 264
tcp_ping received 64 bytes back
Round trip time was 1.97959 milliseconds in repetition 265
tcp_ping received 64 bytes back
Round trip time was 2.8392 milliseconds in repetition 266
tcp_ping received 64 bytes back
Round trip time was 2.77439 milliseconds in repetition 267
tcp_ping received 64 bytes back
Round trip time was 1.92739 milliseconds in repetition 268
tcp_ping received 64 bytes back
Round trip time was 3.02298 milliseconds in repetition 269
tcp_ping received 64 bytes back
Round trip time was 1.89633 milliseconds in repetition 270
tcp_ping received 64 bytes back
Round trip time was 2.06621 milliseconds in repetition 271
tcp_ping received 64 bytes back
Round trip time was 1.98846 milliseconds in repetition 272
tcp_ping received 64 bytes back
Round trip time was 2.65075 milliseconds in repetition 273
tcp_ping received 64 bytes back
Round trip time was 1.98012 milliseconds in repetition 274
tcp_ping received 64 bytes back
Round trip time was 1.93573 milliseconds in repetition 275
tcp_ping received 64 bytes back
Round trip time was 2.19926 milliseconds in repetition 276
tcp_ping received 64 bytes back
Round trip time was 2.03119 milliseconds in repetition 277
tcp_ping received 64 bytes back
Round trip time was 2.48277 milliseconds in repetition 278
tcp_ping received 64 bytes back
Round trip time was 1.9242 milliseconds in repetition 279
tcp_ping received 64 bytes back
Round trip time was 1.92052 milliseconds in repetition 280
tcp_ping received 64 bytes back
Round trip time was 2.55277 milliseconds in repetition 281
tcp_ping received 64 bytes back
Round trip time was 2.01115 milliseconds in repetition 282
tcp_ping received 64 bytes back
Round trip time was 2.70446 milliseconds in repetition 283
tcp_ping received 64 bytes back
Round trip time was 2.61523 milliseconds in repetition 284
tcp_ping received 64 bytes back
Round trip time was 1.93308 milliseconds in repetition 285
tcp_ping received 64 bytes back
Round trip time was 2.09818 milliseconds in repetition 286
tcp_ping received 64 bytes back
Round trip time was 2.63118 milliseconds in repetition 287
tcp_ping received 64 bytes back
Round trip time was 1.97752 milliseconds in repetition 288
tcp_ping received 64 bytes back
Round trip time was 3.77852 milliseconds in repetition 289
tcp_ping received 64 bytes back
Round trip time was 1.87865 milliseconds in repetition 290
tcp_ping received 64 bytes back
Round trip time was 1.91561 milliseconds in repetition 291
tcp_ping received 64 bytes back
Round trip time was 2.79265 milliseconds in repetition 292
tcp_ping received 64 bytes back
Round trip time was 2.00558 milliseconds in repetition 293
tcp_ping received 64 bytes back
Round trip time was 1.94215 milliseconds in repetition 294
tcp_ping received 64 bytes back
Round trip time was 1.88397 milliseconds in repetition 295
tcp_ping received 64 bytes back
Round trip time was 1.98148 milliseconds in repetition 296
tcp_ping received 64 bytes back
Round trip time was 2.5285 milliseconds in repetition 297
tcp_ping received 64 bytes back
Round trip time was 2.61768 milliseconds in repetition 298
tcp_ping received 64 bytes back
Round trip time was 1.94514 milliseconds in repetition 299
tcp_ping received 64 bytes back
Round trip time was 1.91612 milliseconds in repetition 300
tcp_ping received 64 bytes back
Round trip time was 1.91577 milliseconds in repetition 301
tcp_ping received 64 bytes back
Round trip time was 2.39948 milliseconds in repetition 302
tcp_ping received 64 bytes back
Round trip time was 1.97755 milliseconds in repetition 303
tcp_ping received 64 bytes back
Round trip time was 2.04348 milliseconds in repetition 304
tcp_ping received 64 bytes back
Round trip time was 2.01249 milliseconds in repetition 305
tcp_ping received 64 bytes back
Round trip time was 2.65208 milliseconds in repetition 306
tcp_ping received 64 bytes back
Round trip time was 1.88718 milliseconds in repetition 307
tcp_ping received 64 bytes back
Round trip time was 1.95101 milliseconds in repetition 308
tcp_ping received 64 bytes back
Round trip time was 2.37435 milliseconds in repetition 309
tcp_ping received 64 bytes back
Round trip time was 2.02876 milliseconds in repetition 310
tcp_ping received 64 bytes back
Round trip time was 1.97946 milliseconds in repetition 311
tcp_ping received 64 bytes back
Round trip time was 1.98273 milliseconds in repetition 312
tcp_ping received 64 bytes back
Round trip time was 1.88118 milliseconds in repetition 313
tcp_ping received 64 bytes back
Round trip time was 2.0904 milliseconds in repetition 314
tcp_ping received 64 bytes back
Round trip time was 1.96559 milliseconds in repetition 315
tcp_ping received 64 bytes back
Round trip time was 1.98845 milliseconds in repetition 316
tcp_ping received 64 bytes back
Round trip time was 2.47737 milliseconds in repetition 317
tcp_ping received 64 bytes back
Round trip time was 1.89977 milliseconds in repetition 318
tcp_ping received 64 bytes back
Round trip time was 1.96327 milliseconds in repetition 319
tcp_ping received 64 bytes back
Round trip time was 1.9655 milliseconds in repetition 320
tcp_ping received 64 bytes back
Round trip time was 2.73805 milliseconds in repetition 321
tcp_ping received 64 bytes back
Round trip time was 2.02359 milliseconds in repetition 322
tcp_ping received 64 bytes back
Round trip time was 2.04159 milliseconds in repetition 323
tcp_ping received 64 bytes back
Round trip time was 1.88476 milliseconds in repetition 324
tcp_ping received 64 bytes back
Round trip time was 2.09221 milliseconds in repetition 325
tcp_ping received 64 bytes back
Round trip time was 2.62075 milliseconds in repetition 326
tcp_ping received 64 bytes back
Round trip time was 2.81851 milliseconds in repetition 327
tcp_ping received 64 bytes back
Round trip time was 1.92512 milliseconds in repetition 328
tcp_ping received 64 bytes back
Round trip time was 2.10858 milliseconds in repetition 329
tcp_ping received 64 bytes back
Round trip time was 1.91715 milliseconds in repetition 330
tcp_ping received 64 bytes back
Round trip time was 2.00746 milliseconds in repetition 331
tcp_ping received 64 bytes back
Round trip time was 2.73273 milliseconds in repetition 332
tcp_ping received 64 bytes back
Round trip time was 2.03224 milliseconds in repetition 333
tcp_ping received 64 bytes back
Round trip time was 2.76906 milliseconds in repetition 334
tcp_ping received 64 bytes back
Round trip time was 2.2499 milliseconds in repetition 335
tcp_ping received 64 bytes back
Round trip time was 2.00908 milliseconds in repetition 336
tcp_ping received 64 bytes back
Round trip time was 2.55484 milliseconds in repetition 337
tcp_ping received 64 bytes back
Round trip time was 2.18287 milliseconds in repetition 338
tcp_ping received 64 bytes back
Round trip time was 1.92242 milliseconds in repetition 339
tcp_ping received 64 bytes back
Round trip time was 1.8747 milliseconds in repetition 340
tcp_ping received 64 bytes back
Round trip time was 1.91801 milliseconds in repetition 341
tcp_ping received 64 bytes back
Round trip time was 2.01499 milliseconds in repetition 342
tcp_ping received 64 bytes back
Round trip time was 1.98209 milliseconds in repetition 343
tcp_ping received 64 bytes back
Round trip time was 2.33794 milliseconds in repetition 344
tcp_ping received 64 bytes back
Round trip time was 1.94686 milliseconds in repetition 345
tcp_ping received 64 bytes back
Round trip time was 1.95081 milliseconds in repetition 346
tcp_ping received 64 bytes back
Round trip time was 1.92042 milliseconds in repetition 347
tcp_ping received 64 bytes back
Round trip time was 1.98266 milliseconds in repetition 348
tcp_ping received 64 bytes back
Round trip time was 2.49975 milliseconds in repetition 349
tcp_ping received 64 bytes back
Round trip time was 2.49197 milliseconds in repetition 350
tcp_ping received 64 bytes back
Round trip time was 1.88593 milliseconds in repetition 351
tcp_ping received 64 bytes back
Round trip time was 1.88633 milliseconds in repetition 352
tcp_ping received 64 bytes back
Round trip time was 2.62554 milliseconds in repetition 353
tcp_ping received 64 bytes back
Round trip time was 2.75896 milliseconds in repetition 354
tcp_ping received 64 bytes back
Round trip time was 2.00399 milliseconds in repetition 355
tcp_ping received 64 bytes back
Round trip time was 1.96571 milliseconds in repetition 356
tcp_ping received 64 bytes back
Round trip time was 1.90362 milliseconds in repetition 357
tcp_ping received 64 bytes back
Round trip time was 2.14506 milliseconds in repetition 358
tcp_ping received 64 bytes back
Round trip time was 2.01216 milliseconds in repetition 359
tcp_ping received 64 bytes back
Round trip time was 2.53011 milliseconds in repetition 360
tcp_ping received 64 bytes back
Round trip time was 1.96374 milliseconds in repetition 361
tcp_ping received 64 bytes back
Round trip time was 1.88294 milliseconds in repetition 362
tcp_ping received 64 bytes back
Round trip time was 2.40499 milliseconds in repetition 363
tcp_ping received 64 bytes back
Round trip time was 2.59015 milliseconds in repetition 364
tcp_ping received 64 bytes back
Round trip time was 1.97779 milliseconds in repetition 365
tcp_ping received 64 bytes back
Round trip time was 1.9187 milliseconds in repetition 366
tcp_ping received 64 bytes back
Round trip time was 2.529 milliseconds in repetition 367
tcp_ping received 64 bytes back
Round trip time was 1.91711 milliseconds in repetition 368
tcp_ping received 64 bytes back
Round trip time was 1.88668 milliseconds in repetition 369
tcp_ping received 64 bytes back
Round trip time was 2.52755 milliseconds in repetition 370
tcp_ping received 64 bytes back
Round trip time was 2.01423 milliseconds in repetition 371
tcp_ping received 64 bytes back
Round trip time was 1.92066 milliseconds in repetition 372
tcp_ping received 64 bytes back
Round trip time was 1.88496 milliseconds in repetition 373
tcp_ping received 64 bytes back
Round trip time was 1.8231 milliseconds in repetition 374
tcp_ping received 64 bytes back
Round trip time was 1.91702 milliseconds in repetition 375
tcp_ping received 64 bytes back
Round trip time was 2.59356 milliseconds in repetition 376
tcp_ping received 64 bytes back
Round trip time was 1.92257 milliseconds in repetition 377
tcp_ping received 64 bytes back
Round trip time was 2.71541 milliseconds in repetition 378
tcp_ping received 64 bytes back
Round trip time was 1.82206 milliseconds in repetition 379
tcp_ping received 64 bytes back
Round trip time was 1.91778 milliseconds in repetition 380
tcp_ping received 64 bytes back
Round trip time was 2.62936 milliseconds in repetition 381
tcp_ping received 64 bytes back
Round trip time was 2.01077 milliseconds in repetition 382
tcp_ping received 64 bytes back
Round trip time was 3.70782 milliseconds in repetition 383
tcp_ping received 64 bytes back
Round trip time was 1.88815 milliseconds in repetition 384
tcp_ping received 64 bytes back
Round trip time was 1.89526 milliseconds in repetition 385
tcp_ping received 64 bytes back
Round trip time was 1.95264 milliseconds in repetition 386
tcp_ping received 64 bytes back
Round trip time was 2.00743 milliseconds in repetition 387
tcp_ping received 64 bytes back
Round trip time was 1.94921 milliseconds in repetition 388
tcp_ping received 64 bytes back
Round trip time was 2.30282 milliseconds in repetition 389
tcp_ping received 64 bytes back
Round trip time was 1.88542 milliseconds in repetition 390
tcp_ping received 64 bytes back
Round trip time was 1.92399 milliseconds in repetition 391
tcp_ping received 64 bytes back
Round trip time was 2.14079 milliseconds in repetition 392
tcp_ping received 64 bytes back
Round trip time was 1.88517 milliseconds in repetition 393
tcp_ping received 64 bytes back
Round trip time was 1.983 milliseconds in repetition 394
tcp_ping received 64 bytes back
Round trip time was 1.98204 milliseconds in repetition 395
tcp_ping received 64 bytes back
Round trip time was 2.46801 milliseconds in repetition 396
tcp_ping received 64 bytes back
Round trip time was 1.94601 milliseconds in repetition 397
tcp_ping received 64 bytes back
Round trip time was 2.65702 milliseconds in repetition 398
tcp_ping received 64 bytes back
Round trip time was 2.26993 milliseconds in repetition 399
tcp_ping received 64 bytes back
Round trip time was 2.3367 milliseconds in repetition 400
tcp_ping received 64 bytes back
Round trip time was 1.94825 milliseconds in repetition 401
tcp_ping received 64 bytes back
Round trip time was 1.88646 milliseconds in repetition 402
tcp_ping received 64 bytes back
Round trip time was 1.94979 milliseconds in repetition 403
tcp_ping received 64 bytes back
Round trip time was 1.98493 milliseconds in repetition 404
tcp_ping received 64 bytes back
Round trip time was 2.53114 milliseconds in repetition 405
tcp_ping received 64 bytes back
Round trip time was 2.57708 milliseconds in repetition 406
tcp_ping received 64 bytes back
Round trip time was 1.94728 milliseconds in repetition 407
tcp_ping received 64 bytes back
Round trip time was 2.52532 milliseconds in repetition 408
tcp_ping received 64 bytes back
Round trip time was 1.95415 milliseconds in repetition 409
tcp_ping received 64 bytes back
Round trip time was 2.93581 milliseconds in repetition 410
tcp_ping received 64 bytes back
Round trip time was 2.14748 milliseconds in repetition 411
tcp_ping received 64 bytes back
Round trip time was 1.91992 milliseconds in repetition 412
tcp_ping received 64 bytes back
Round trip time was 2.01322 milliseconds in repetition 413
tcp_ping received 64 bytes back
Round trip time was 1.98891 milliseconds in repetition 414
tcp_ping received 64 bytes back
Round trip time was 2.48988 milliseconds in repetition 415
tcp_ping received 64 bytes back
Round trip time was 1.95084 milliseconds in repetition 416
tcp_ping received 64 bytes back
Round trip time was 1.85798 milliseconds in repetition 417
tcp_ping received 64 bytes back
Round trip time was 1.88277 milliseconds in repetition 418
tcp_ping received 64 bytes back
Round trip time was 1.95247 milliseconds in repetition 419
tcp_ping received 64 bytes back
Round trip time was 1.98194 milliseconds in repetition 420
tcp_ping received 64 bytes back
Round trip time was 2.4299 milliseconds in repetition 421
tcp_ping received 64 bytes back
Round trip time was 2.24002 milliseconds in repetition 422
tcp_ping received 64 bytes back
Round trip time was 2.14405 milliseconds in repetition 423
tcp_ping received 64 bytes back
Round trip time was 1.91736 milliseconds in repetition 424
tcp_ping received 64 bytes back
Round trip time was 2.59149 milliseconds in repetition 425
tcp_ping received 64 bytes back
Round trip time was 2.6295 milliseconds in repetition 426
tcp_ping received 64 bytes back
Round trip time was 1.91062 milliseconds in repetition 427
tcp_ping received 64 bytes back
Round trip time was 1.87798 milliseconds in repetition 428
tcp_ping received 64 bytes back
Round trip time was 1.93538 milliseconds in repetition 429
tcp_ping received 64 bytes back
Round trip time was 2.66025 milliseconds in repetition 430
tcp_ping received 64 bytes back
Round trip time was 2.02872 milliseconds in repetition 431
tcp_ping received 64 bytes back
Round trip time was 2.37348 milliseconds in repetition 432
tcp_ping received 64 bytes back
Round trip time was 2.19488 milliseconds in repetition 433
tcp_ping received 64 bytes back
Round trip time was 2.3027 milliseconds in repetition 434
tcp_ping received 64 bytes back
Round trip time was 2.55077 milliseconds in repetition 435
tcp_ping received 64 bytes back
Round trip time was 2.01227 milliseconds in repetition 436
tcp_ping received 64 bytes back
Round trip time was 1.9851 milliseconds in repetition 437
tcp_ping received 64 bytes back
Round trip time was 1.91181 milliseconds in repetition 438
tcp_ping received 64 bytes back
Round trip time was 1.88413 milliseconds in repetition 439
tcp_ping received 64 bytes back
Round trip time was 1.88337 milliseconds in repetition 440
tcp_ping received 64 bytes back
Round trip time was 2.23632 milliseconds in repetition 441
tcp_ping received 64 bytes back
Round trip time was 2.04812 milliseconds in repetition 442
tcp_ping received 64 bytes back
Round trip time was 2.64819 milliseconds in repetition 443
tcp_ping received 64 bytes back
Round trip time was 1.98049 milliseconds in repetition 444
tcp_ping received 64 bytes back
Round trip time was 1.91433 milliseconds in repetition 445
tcp_ping received 64 bytes back
Round trip time was 2.12671 milliseconds in repetition 446
tcp_ping received 64 bytes back
Round trip time was 1.99463 milliseconds in repetition 447
tcp_ping received 64 bytes back
Round trip time was 2.39477 milliseconds in repetition 448
tcp_ping received 64 bytes back
Round trip time was 2.17749 milliseconds in repetition 449
tcp_ping received 64 bytes back
Round trip time was 2.35178 milliseconds in repetition 450
tcp_ping received 64 bytes back
Round trip time was 1.99324 milliseconds in repetition 451
tcp_ping received 64 bytes back
Round trip time was 2.01085 milliseconds in repetition 452
tcp_ping received 64 bytes back
Round trip time was 2.33189 milliseconds in repetition 453
tcp_ping received 64 bytes back
Round trip time was 1.88346 milliseconds in repetition 454
tcp_ping received 64 bytes back
Round trip time was 1.88418 milliseconds in repetition 455
tcp_ping received 64 bytes back
Round trip time was 1.91886 milliseconds in repetition 456
tcp_ping received 64 bytes back
Round trip time was 1.97805 milliseconds in repetition 457
tcp_ping received 64 bytes back
Round trip time was 2.58536 milliseconds in repetition 458
tcp_ping received 64 bytes back
Round trip time was 1.91791 milliseconds in repetition 459
tcp_ping received 64 bytes back
Round trip time was 2.60807 milliseconds in repetition 460
tcp_ping received 64 bytes back
Round trip time was 1.93012 milliseconds in repetition 461
tcp_ping received 64 bytes back
Round trip time was 2.92579 milliseconds in repetition 462
tcp_ping received 64 bytes back
Round trip time was 2.60163 milliseconds in repetition 463
tcp_ping received 64 bytes back
Round trip time was 2.01141 milliseconds in repetition 464
tcp_ping received 64 bytes back
Round trip time was 2.38591 milliseconds in repetition 465
tcp_ping received 64 bytes back
Round trip time was 1.95879 milliseconds in repetition 466
tcp_ping received 64 bytes back
Round trip time was 2.65205 milliseconds in repetition 467
tcp_ping received 64 bytes back
Round trip time was 1.9613 milliseconds in repetition 468
tcp_ping received 64 bytes back
Round trip time was 1.93771 milliseconds in repetition 469
tcp_ping received 64 bytes back
Round trip time was 1.91426 milliseconds in repetition 470
tcp_ping received 64 bytes back
Round trip time was 2.17122 milliseconds in repetition 471
tcp_ping received 64 bytes back
Round trip time was 2.4821 milliseconds in repetition 472
tcp_ping received 64 bytes back
Round trip time was 2.48465 milliseconds in repetition 473
tcp_ping received 64 bytes back
Round trip time was 1.97299 milliseconds in repetition 474
tcp_ping received 64 bytes back
Round trip time was 1.97328 milliseconds in repetition 475
tcp_ping received 64 bytes back
Round trip time was 1.91703 milliseconds in repetition 476
tcp_ping received 64 bytes back
Round trip time was 1.96109 milliseconds in repetition 477
tcp_ping received 64 bytes back
Round trip time was 2.06598 milliseconds in repetition 478
tcp_ping received 64 bytes back
Round trip time was 2.62242 milliseconds in repetition 479
tcp_ping received 64 bytes back
Round trip time was 1.94151 milliseconds in repetition 480
tcp_ping received 64 bytes back
Round trip time was 2.49191 milliseconds in repetition 481
tcp_ping received 64 bytes back
Round trip time was 1.88458 milliseconds in repetition 482
tcp_ping received 64 bytes back
Round trip time was 1.95107 milliseconds in repetition 483
tcp_ping received 64 bytes back
Round trip time was 2.58471 milliseconds in repetition 484
tcp_ping received 64 bytes back
Round trip time was 1.98047 milliseconds in repetition 485
tcp_ping received 64 bytes back
Round trip time was 2.36425 milliseconds in repetition 486
tcp_ping received 64 bytes back
Round trip time was 1.91654 milliseconds in repetition 487
tcp_ping received 64 bytes back
Round trip time was 1.91875 milliseconds in repetition 488
tcp_ping received 64 bytes back
Round trip time was 2.92986 milliseconds in repetition 489
tcp_ping received 64 bytes back
Round trip time was 2.53087 milliseconds in repetition 490
tcp_ping received 64 bytes back
Round trip time was 2.4311 milliseconds in repetition 491
tcp_ping received 64 bytes back
Round trip time was 1.95024 milliseconds in repetition 492
tcp_ping received 64 bytes back
Round trip time was 2.06115 milliseconds in repetition 493
tcp_ping received 64 bytes back
Round trip time was 1.95797 milliseconds in repetition 494
tcp_ping received 64 bytes back
Round trip time was 2.04915 milliseconds in repetition 495
tcp_ping received 64 bytes back
Round trip time was 1.97082 milliseconds in repetition 496
tcp_ping received 64 bytes back
Round trip time was 2.39896 milliseconds in repetition 497
tcp_ping received 64 bytes back
Round trip time was 1.97809 milliseconds in repetition 498
tcp_ping received 64 bytes back
Round trip time was 1.97968 milliseconds in repetition 499
tcp_ping received 64 bytes back
Round trip time was 1.89844 milliseconds in repetition 500
tcp_ping received 64 bytes back
Round trip time was 2.29484 milliseconds in repetition 501

 ... clock resolution was 1e-06
TCP Ping:  Statistics over 501 repetitions of 64 byte messages

RTT : percentile 10: 1.88633, median: 1.99426, percentile 90: 2.62345, average: 2.16189, variance: 0.108391

RTT histogram:
1.8198 17
1.92278 187
2.02577 92
2.12875 27
2.23173 30
2.33472 24
2.4377 28
2.54069 34
2.64367 36
2.74666 10
2.84964 3
2.95263 5
3.05561 2
3.1586 1
3.26158 0
3.36456 0
3.46755 0
3.57053 1
3.67352 1
3.7765 2
3.87949 1

   median Throughput : 64.1843 KB/s   overall Throughput : 59.2075 KB/s

