TCP Ping trying to connect to server 192.168.1.51 (192.168.1.51) on port 1491
 ... connected to Pong server: asking for 501 repetitions of 98304 bytes TCP messages
 ... Pong server agreed :-)
tcp_ping received 98304 bytes back
Round trip time was 17.3423 milliseconds in repetition 1
tcp_ping received 98304 bytes back
Round trip time was 9.77137 milliseconds in repetition 2
tcp_ping received 98304 bytes back
Round trip time was 16.973 milliseconds in repetition 3
tcp_ping received 98304 bytes back
Round trip time was 10.4809 milliseconds in repetition 4
tcp_ping received 98304 bytes back
Round trip time was 10.6912 milliseconds in repetition 5
tcp_ping received 98304 bytes back
Round trip time was 12.8059 milliseconds in repetition 6
tcp_ping received 98304 bytes back
Round trip time was 10.0867 milliseconds in repetition 7
tcp_ping received 98304 bytes back
Round trip time was 11.3236 milliseconds in repetition 8
tcp_ping received 98304 bytes back
Round trip time was 11.1459 milliseconds in repetition 9
tcp_ping received 98304 bytes back
Round trip time was 9.45421 milliseconds in repetition 10
tcp_ping received 98304 bytes back
Round trip time was 9.73454 milliseconds in repetition 11
tcp_ping received 98304 bytes back
Round trip time was 10.8776 milliseconds in repetition 12
tcp_ping received 98304 bytes back
Round trip time was 10.0751 milliseconds in repetition 13
tcp_ping received 98304 bytes back
Round trip time was 11.4965 milliseconds in repetition 14
tcp_ping received 98304 bytes back
Round trip time was 11.988 milliseconds in repetition 15
tcp_ping received 98304 bytes back
Round trip time was 11.6319 milliseconds in repetition 16
tcp_ping received 98304 bytes back
Round trip time was 13.0072 milliseconds in repetition 17
tcp_ping received 98304 bytes back
Round trip time was 13.0666 milliseconds in repetition 18
tcp_ping received 98304 bytes back
Round trip time was 10.8423 milliseconds in repetition 19
tcp_ping received 98304 bytes back
Round trip time was 10.6223 milliseconds in repetition 20
tcp_ping received 98304 bytes back
Round trip time was 11.3306 milliseconds in repetition 21
tcp_ping received 98304 bytes back
Round trip time was 8.94269 milliseconds in repetition 22
tcp_ping received 98304 bytes back
Round trip time was 9.27782 milliseconds in repetition 23
tcp_ping received 98304 bytes back
Round trip time was 9.12921 milliseconds in repetition 24
tcp_ping received 98304 bytes back
Round trip time was 10.0265 milliseconds in repetition 25
tcp_ping received 98304 bytes back
Round trip time was 9.42397 milliseconds in repetition 26
tcp_ping received 98304 bytes back
Round trip time was 11.0178 milliseconds in repetition 27
tcp_ping received 98304 bytes back
Round trip time was 9.94338 milliseconds in repetition 28
tcp_ping received 98304 bytes back
Round trip time was 10.7129 milliseconds in repetition 29
tcp_ping received 98304 bytes back
Round trip time was 8.6437 milliseconds in repetition 30
tcp_ping received 98304 bytes back
Round trip time was 10.5569 milliseconds in repetition 31
tcp_ping received 98304 bytes back
Round trip time was 9.52867 milliseconds in repetition 32
tcp_ping received 98304 bytes back
Round trip time was 9.38744 milliseconds in repetition 33
tcp_ping received 98304 bytes back
Round trip time was 11.1107 milliseconds in repetition 34
tcp_ping received 98304 bytes back
Round trip time was 8.90543 milliseconds in repetition 35
tcp_ping received 98304 bytes back
Round trip time was 8.80909 milliseconds in repetition 36
tcp_ping received 98304 bytes back
Round trip time was 10.1919 milliseconds in repetition 37
tcp_ping received 98304 bytes back
Round trip time was 11.206 milliseconds in repetition 38
tcp_ping received 98304 bytes back
Round trip time was 9.23511 milliseconds in repetition 39
tcp_ping received 98304 bytes back
Round trip time was 9.135 milliseconds in repetition 40
tcp_ping received 98304 bytes back
Round trip time was 10.4204 milliseconds in repetition 41
tcp_ping received 98304 bytes back
Round trip time was 10.2838 milliseconds in repetition 42
tcp_ping received 98304 bytes back
Round trip time was 9.1133 milliseconds in repetition 43
tcp_ping received 98304 bytes back
Round trip time was 9.12191 milliseconds in repetition 44
tcp_ping received 98304 bytes back
Round trip time was 9.14784 milliseconds in repetition 45
tcp_ping received 98304 bytes back
Round trip time was 10.4788 milliseconds in repetition 46
tcp_ping received 98304 bytes back
Round trip time was 9.82189 milliseconds in repetition 47
tcp_ping received 98304 bytes back
Round trip time was 9.47259 milliseconds in repetition 48
tcp_ping received 98304 bytes back
Round trip time was 9.54011 milliseconds in repetition 49
tcp_ping received 98304 bytes back
Round trip time was 9.51853 milliseconds in repetition 50
tcp_ping received 98304 bytes back
Round trip time was 9.45083 milliseconds in repetition 51
tcp_ping received 98304 bytes back
Round trip time was 9.41664 milliseconds in repetition 52
tcp_ping received 98304 bytes back
Round trip time was 8.77738 milliseconds in repetition 53
tcp_ping received 98304 bytes back
Round trip time was 10.6193 milliseconds in repetition 54
tcp_ping received 98304 bytes back
Round trip time was 10.6196 milliseconds in repetition 55
tcp_ping received 98304 bytes back
Round trip time was 8.88197 milliseconds in repetition 56
tcp_ping received 98304 bytes back
Round trip time was 10.1415 milliseconds in repetition 57
tcp_ping received 98304 bytes back
Round trip time was 9.79684 milliseconds in repetition 58
tcp_ping received 98304 bytes back
Round trip time was 11.498 milliseconds in repetition 59
tcp_ping received 98304 bytes back
Round trip time was 9.0917 milliseconds in repetition 60
tcp_ping received 98304 bytes back
Round trip time was 9.17787 milliseconds in repetition 61
tcp_ping received 98304 bytes back
Round trip time was 9.67695 milliseconds in repetition 62
tcp_ping received 98304 bytes back
Round trip time was 9.03611 milliseconds in repetition 63
tcp_ping received 98304 bytes back
Round trip time was 9.36854 milliseconds in repetition 64
tcp_ping received 98304 bytes back
Round trip time was 9.01386 milliseconds in repetition 65
tcp_ping received 98304 bytes back
Round trip time was 9.54957 milliseconds in repetition 66
tcp_ping received 98304 bytes back
Round trip time was 9.0232 milliseconds in repetition 67
tcp_ping received 98304 bytes back
Round trip time was 10.4182 milliseconds in repetition 68
tcp_ping received 98304 bytes back
Round trip time was 10.0277 milliseconds in repetition 69
tcp_ping received 98304 bytes back
Round trip time was 9.68547 milliseconds in repetition 70
tcp_ping received 98304 bytes back
Round trip time was 10.3497 milliseconds in repetition 71
tcp_ping received 98304 bytes back
Round trip time was 9.14856 milliseconds in repetition 72
tcp_ping received 98304 bytes back
Round trip time was 9.4946 milliseconds in repetition 73
tcp_ping received 98304 bytes back
Round trip time was 9.46574 milliseconds in repetition 74
tcp_ping received 98304 bytes back
Round trip time was 8.92253 milliseconds in repetition 75
tcp_ping received 98304 bytes back
Round trip time was 9.74925 milliseconds in repetition 76
tcp_ping received 98304 bytes back
Round trip time was 9.62446 milliseconds in repetition 77
tcp_ping received 98304 bytes back
Round trip time was 9.21125 milliseconds in repetition 78
tcp_ping received 98304 bytes back
Round trip time was 10.6557 milliseconds in repetition 79
tcp_ping received 98304 bytes back
Round trip time was 9.3571 milliseconds in repetition 80
tcp_ping received 98304 bytes back
Round trip time was 9.66807 milliseconds in repetition 81
tcp_ping received 98304 bytes back
Round trip time was 9.17707 milliseconds in repetition 82
tcp_ping received 98304 bytes back
Round trip time was 9.17293 milliseconds in repetition 83
tcp_ping received 98304 bytes back
Round trip time was 9.55202 milliseconds in repetition 84
tcp_ping received 98304 bytes back
Round trip time was 9.04645 milliseconds in repetition 85
tcp_ping received 98304 bytes back
Round trip time was 9.07651 milliseconds in repetition 86
tcp_ping received 98304 bytes back
Round trip time was 9.30833 milliseconds in repetition 87
tcp_ping received 98304 bytes back
Round trip time was 9.40461 milliseconds in repetition 88
tcp_ping received 98304 bytes back
Round trip time was 9.49114 milliseconds in repetition 89
tcp_ping received 98304 bytes back
Round trip time was 9.30725 milliseconds in repetition 90
tcp_ping received 98304 bytes back
Round trip time was 10.3257 milliseconds in repetition 91
tcp_ping received 98304 bytes back
Round trip time was 8.97946 milliseconds in repetition 92
tcp_ping received 98304 bytes back
Round trip time was 9.21834 milliseconds in repetition 93
tcp_ping received 98304 bytes back
Round trip time was 8.69987 milliseconds in repetition 94
tcp_ping received 98304 bytes back
Round trip time was 9.06603 milliseconds in repetition 95
tcp_ping received 98304 bytes back
Round trip time was 11.1218 milliseconds in repetition 96
tcp_ping received 98304 bytes back
Round trip time was 9.17806 milliseconds in repetition 97
tcp_ping received 98304 bytes back
Round trip time was 9.2708 milliseconds in repetition 98
tcp_ping received 98304 bytes back
Round trip time was 9.58497 milliseconds in repetition 99
tcp_ping received 98304 bytes back
Round trip time was 9.46581 milliseconds in repetition 100
tcp_ping received 98304 bytes back
Round trip time was 10.3323 milliseconds in repetition 101
tcp_ping received 98304 bytes back
Round trip time was 9.76484 milliseconds in repetition 102
tcp_ping received 98304 bytes back
Round trip time was 9.44352 milliseconds in repetition 103
tcp_ping received 98304 bytes back
Round trip time was 10.0731 milliseconds in repetition 104
tcp_ping received 98304 bytes back
Round trip time was 9.4674 milliseconds in repetition 105
tcp_ping received 98304 bytes back
Round trip time was 9.57125 milliseconds in repetition 106
tcp_ping received 98304 bytes back
Round trip time was 9.23625 milliseconds in repetition 107
tcp_ping received 98304 bytes back
Round trip time was 9.18395 milliseconds in repetition 108
tcp_ping received 98304 bytes back
Round trip time was 9.14245 milliseconds in repetition 109
tcp_ping received 98304 bytes back
Round trip time was 9.60919 milliseconds in repetition 110
tcp_ping received 98304 bytes back
Round trip time was 9.60002 milliseconds in repetition 111
tcp_ping received 98304 bytes back
Round trip time was 9.72059 milliseconds in repetition 112
tcp_ping received 98304 bytes back
Round trip time was 10.3006 milliseconds in repetition 113
tcp_ping received 98304 bytes back
Round trip time was 8.8797 milliseconds in repetition 114
tcp_ping received 98304 bytes back
Round trip time was 9.8069 milliseconds in repetition 115
tcp_ping received 98304 bytes back
Round trip time was 9.3291 milliseconds in repetition 116
tcp_ping received 98304 bytes back
Round trip time was 9.64952 milliseconds in repetition 117
tcp_ping received 98304 bytes back
Round trip time was 9.94411 milliseconds in repetition 118
tcp_ping received 98304 bytes back
Round trip time was 9.32335 milliseconds in repetition 119
tcp_ping received 98304 bytes back
Round trip time was 9.60369 milliseconds in repetition 120
tcp_ping received 98304 bytes back
Round trip time was 9.21541 milliseconds in repetition 121
tcp_ping received 98304 bytes back
Round trip time was 9.1423 milliseconds in repetition 122
tcp_ping received 98304 bytes back
Round trip time was 9.83645 milliseconds in repetition 123
tcp_ping received 98304 bytes back
Round trip time was 10.3821 milliseconds in repetition 124
tcp_ping received 98304 bytes back
Round trip time was 9.59644 milliseconds in repetition 125
tcp_ping received 98304 bytes back
Round trip time was 10.7793 milliseconds in repetition 126
tcp_ping received 98304 bytes back
Round trip time was 9.25777 milliseconds in repetition 127
tcp_ping received 98304 bytes back
Round trip time was 8.8556 milliseconds in repetition 128
tcp_ping received 98304 bytes back
Round trip time was 9.13867 milliseconds in repetition 129
tcp_ping received 98304 bytes back
Round trip time was 10.6539 milliseconds in repetition 130
tcp_ping received 98304 bytes back
Round trip time was 10.0023 milliseconds in repetition 131
tcp_ping received 98304 bytes back
Round trip time was 11.3173 milliseconds in repetition 132
tcp_ping received 98304 bytes back
Round trip time was 11.9339 milliseconds in repetition 133
tcp_ping received 98304 bytes back
Round trip time was 11.4064 milliseconds in repetition 134
tcp_ping received 98304 bytes back
Round trip time was 12.6699 milliseconds in repetition 135
tcp_ping received 98304 bytes back
Round trip time was 12.2187 milliseconds in repetition 136
tcp_ping received 98304 bytes back
Round trip time was 11.6816 milliseconds in repetition 137
tcp_ping received 98304 bytes back
Round trip time was 10.1469 milliseconds in repetition 138
tcp_ping received 98304 bytes back
Round trip time was 10.6143 milliseconds in repetition 139
tcp_ping received 98304 bytes back
Round trip time was 8.79149 milliseconds in repetition 140
tcp_ping received 98304 bytes back
Round trip time was 9.08813 milliseconds in repetition 141
tcp_ping received 98304 bytes back
Round trip time was 9.60672 milliseconds in repetition 142
tcp_ping received 98304 bytes back
Round trip time was 16.4815 milliseconds in repetition 143
tcp_ping received 98304 bytes back
Round trip time was 9.87906 milliseconds in repetition 144
tcp_ping received 98304 bytes back
Round trip time was 8.92703 milliseconds in repetition 145
tcp_ping received 98304 bytes back
Round trip time was 9.74885 milliseconds in repetition 146
tcp_ping received 98304 bytes back
Round trip time was 8.89332 milliseconds in repetition 147
tcp_ping received 98304 bytes back
Round trip time was 8.706 milliseconds in repetition 148
tcp_ping received 98304 bytes back
Round trip time was 8.97056 milliseconds in repetition 149
tcp_ping received 98304 bytes back
Round trip time was 8.87512 milliseconds in repetition 150
tcp_ping received 98304 bytes back
Round trip time was 10.2224 milliseconds in repetition 151
tcp_ping received 98304 bytes back
Round trip time was 9.16676 milliseconds in repetition 152
tcp_ping received 98304 bytes back
Round trip time was 13.0483 milliseconds in repetition 153
tcp_ping received 98304 bytes back
Round trip time was 9.79879 milliseconds in repetition 154
tcp_ping received 98304 bytes back
Round trip time was 9.16333 milliseconds in repetition 155
tcp_ping received 98304 bytes back
Round trip time was 8.86295 milliseconds in repetition 156
tcp_ping received 98304 bytes back
Round trip time was 9.85632 milliseconds in repetition 157
tcp_ping received 98304 bytes back
Round trip time was 9.39092 milliseconds in repetition 158
tcp_ping received 98304 bytes back
Round trip time was 9.20185 milliseconds in repetition 159
tcp_ping received 98304 bytes back
Round trip time was 9.43767 milliseconds in repetition 160
tcp_ping received 98304 bytes back
Round trip time was 9.35035 milliseconds in repetition 161
tcp_ping received 98304 bytes back
Round trip time was 9.32687 milliseconds in repetition 162
tcp_ping received 98304 bytes back
Round trip time was 11.1245 milliseconds in repetition 163
tcp_ping received 98304 bytes back
Round trip time was 11.0407 milliseconds in repetition 164
tcp_ping received 98304 bytes back
Round trip time was 9.48532 milliseconds in repetition 165
tcp_ping received 98304 bytes back
Round trip time was 9.75923 milliseconds in repetition 166
tcp_ping received 98304 bytes back
Round trip time was 9.58795 milliseconds in repetition 167
tcp_ping received 98304 bytes back
Round trip time was 9.06929 milliseconds in repetition 168
tcp_ping received 98304 bytes back
Round trip time was 9.20804 milliseconds in repetition 169
tcp_ping received 98304 bytes back
Round trip time was 8.9678 milliseconds in repetition 170
tcp_ping received 98304 bytes back
Round trip time was 9.65454 milliseconds in repetition 171
tcp_ping received 98304 bytes back
Round trip time was 9.1763 milliseconds in repetition 172
tcp_ping received 98304 bytes back
Round trip time was 10.6412 milliseconds in repetition 173
tcp_ping received 98304 bytes back
Round trip time was 9.31745 milliseconds in repetition 174
tcp_ping received 98304 bytes back
Round trip time was 10.0589 milliseconds in repetition 175
tcp_ping received 98304 bytes back
Round trip time was 9.46109 milliseconds in repetition 176
tcp_ping received 98304 bytes back
Round trip time was 8.55283 milliseconds in repetition 177
tcp_ping received 98304 bytes back
Round trip time was 9.78753 milliseconds in repetition 178
tcp_ping received 98304 bytes back
Round trip time was 8.67917 milliseconds in repetition 179
tcp_ping received 98304 bytes back
Round trip time was 8.77238 milliseconds in repetition 180
tcp_ping received 98304 bytes back
Round trip time was 9.98333 milliseconds in repetition 181
tcp_ping received 98304 bytes back
Round trip time was 8.66087 milliseconds in repetition 182
tcp_ping received 98304 bytes back
Round trip time was 10.2041 milliseconds in repetition 183
tcp_ping received 98304 bytes back
Round trip time was 9.44124 milliseconds in repetition 184
tcp_ping received 98304 bytes back
Round trip time was 9.73092 milliseconds in repetition 185
tcp_ping received 98304 bytes back
Round trip time was 8.94257 milliseconds in repetition 186
tcp_ping received 98304 bytes back
Round trip time was 9.16547 milliseconds in repetition 187
tcp_ping received 98304 bytes back
Round trip time was 8.97856 milliseconds in repetition 188
tcp_ping received 98304 bytes back
Round trip time was 8.9959 milliseconds in repetition 189
tcp_ping received 98304 bytes back
Round trip time was 9.90426 milliseconds in repetition 190
tcp_ping received 98304 bytes back
Round trip time was 8.93075 milliseconds in repetition 191
tcp_ping received 98304 bytes back
Round trip time was 9.30037 milliseconds in repetition 192
tcp_ping received 98304 bytes back
Round trip time was 9.00144 milliseconds in repetition 193
tcp_ping received 98304 bytes back
Round trip time was 9.58363 milliseconds in repetition 194
tcp_ping received 98304 bytes back
Round trip time was 9.33975 milliseconds in repetition 195
tcp_ping received 98304 bytes back
Round trip time was 10.6297 milliseconds in repetition 196
tcp_ping received 98304 bytes back
Round trip time was 9.78284 milliseconds in repetition 197
tcp_ping received 98304 bytes back
Round trip time was 9.31861 milliseconds in repetition 198
tcp_ping received 98304 bytes back
Round trip time was 10.0927 milliseconds in repetition 199
tcp_ping received 98304 bytes back
Round trip time was 10.2449 milliseconds in repetition 200
tcp_ping received 98304 bytes back
Round trip time was 9.47227 milliseconds in repetition 201
tcp_ping received 98304 bytes back
Round trip time was 9.41858 milliseconds in repetition 202
tcp_ping received 98304 bytes back
Round trip time was 9.22975 milliseconds in repetition 203
tcp_ping received 98304 bytes back
Round trip time was 9.93089 milliseconds in repetition 204
tcp_ping received 98304 bytes back
Round trip time was 9.85766 milliseconds in repetition 205
tcp_ping received 98304 bytes back
Round trip time was 12.416 milliseconds in repetition 206
tcp_ping received 98304 bytes back
Round trip time was 10.0286 milliseconds in repetition 207
tcp_ping received 98304 bytes back
Round trip time was 8.56206 milliseconds in repetition 208
tcp_ping received 98304 bytes back
Round trip time was 10.4833 milliseconds in repetition 209
tcp_ping received 98304 bytes back
Round trip time was 9.32072 milliseconds in repetition 210
tcp_ping received 98304 bytes back
Round trip time was 8.89473 milliseconds in repetition 211
tcp_ping received 98304 bytes back
Round trip time was 9.60296 milliseconds in repetition 212
tcp_ping received 98304 bytes back
Round trip time was 9.36813 milliseconds in repetition 213
tcp_ping received 98304 bytes back
Round trip time was 9.75842 milliseconds in repetition 214
tcp_ping received 98304 bytes back
Round trip time was 9.04589 milliseconds in repetition 215
tcp_ping received 98304 bytes back
Round trip time was 9.32806 milliseconds in repetition 216
tcp_ping received 98304 bytes back
Round trip time was 10.1115 milliseconds in repetition 217
tcp_ping received 98304 bytes back
Round trip time was 9.42156 milliseconds in repetition 218
tcp_ping received 98304 bytes back
Round trip time was 10.4029 milliseconds in repetition 219
tcp_ping received 98304 bytes back
Round trip time was 9.54441 milliseconds in repetition 220
tcp_ping received 98304 bytes back
Round trip time was 10.1386 milliseconds in repetition 221
tcp_ping received 98304 bytes back
Round trip time was 9.53214 milliseconds in repetition 222
tcp_ping received 98304 bytes back
Round trip time was 9.64941 milliseconds in repetition 223
tcp_ping received 98304 bytes back
Round trip time was 9.13037 milliseconds in repetition 224
tcp_ping received 98304 bytes back
Round trip time was 8.87988 milliseconds in repetition 225
tcp_ping received 98304 bytes back
Round trip time was 8.86905 milliseconds in repetition 226
tcp_ping received 98304 bytes back
Round trip time was 13.569 milliseconds in repetition 227
tcp_ping received 98304 bytes back
Round trip time was 10.0128 milliseconds in repetition 228
tcp_ping received 98304 bytes back
Round trip time was 8.96067 milliseconds in repetition 229
tcp_ping received 98304 bytes back
Round trip time was 9.70167 milliseconds in repetition 230
tcp_ping received 98304 bytes back
Round trip time was 9.49101 milliseconds in repetition 231
tcp_ping received 98304 bytes back
Round trip time was 9.34869 milliseconds in repetition 232
tcp_ping received 98304 bytes back
Round trip time was 9.24384 milliseconds in repetition 233
tcp_ping received 98304 bytes back
Round trip time was 10.0063 milliseconds in repetition 234
tcp_ping received 98304 bytes back
Round trip time was 9.48038 milliseconds in repetition 235
tcp_ping received 98304 bytes back
Round trip time was 9.10378 milliseconds in repetition 236
tcp_ping received 98304 bytes back
Round trip time was 9.31424 milliseconds in repetition 237
tcp_ping received 98304 bytes back
Round trip time was 9.1666 milliseconds in repetition 238
tcp_ping received 98304 bytes back
Round trip time was 9.01496 milliseconds in repetition 239
tcp_ping received 98304 bytes back
Round trip time was 8.65729 milliseconds in repetition 240
tcp_ping received 98304 bytes back
Round trip time was 9.59396 milliseconds in repetition 241
tcp_ping received 98304 bytes back
Round trip time was 9.59221 milliseconds in repetition 242
tcp_ping received 98304 bytes back
Round trip time was 9.53027 milliseconds in repetition 243
tcp_ping received 98304 bytes back
Round trip time was 9.15614 milliseconds in repetition 244
tcp_ping received 98304 bytes back
Round trip time was 9.47219 milliseconds in repetition 245
tcp_ping received 98304 bytes back
Round trip time was 8.911 milliseconds in repetition 246
tcp_ping received 98304 bytes back
Round trip time was 9.9282 milliseconds in repetition 247
tcp_ping received 98304 bytes back
Round trip time was 8.70823 milliseconds in repetition 248
tcp_ping received 98304 bytes back
Round trip time was 10.0732 milliseconds in repetition 249
tcp_ping received 98304 bytes back
Round trip time was 9.04834 milliseconds in repetition 250
tcp_ping received 98304 bytes back
Round trip time was 10.9072 milliseconds in repetition 251
tcp_ping received 98304 bytes back
Round trip time was 9.86287 milliseconds in repetition 252
tcp_ping received 98304 bytes back
Round trip time was 11.3125 milliseconds in repetition 253
tcp_ping received 98304 bytes back
Round trip time was 11.4387 milliseconds in repetition 254
tcp_ping received 98304 bytes back
Round trip time was 11.4773 milliseconds in repetition 255
tcp_ping received 98304 bytes back
Round trip time was 10.9196 milliseconds in repetition 256
tcp_ping received 98304 bytes back
Round trip time was 11.7884 milliseconds in repetition 257
tcp_ping received 98304 bytes back
Round trip time was 10.9224 milliseconds in repetition 258
tcp_ping received 98304 bytes back
Round trip time was 12.1211 milliseconds in repetition 259
tcp_ping received 98304 bytes back
Round trip time was 8.76319 milliseconds in repetition 260
tcp_ping received 98304 bytes back
Round trip time was 10.1788 milliseconds in repetition 261
tcp_ping received 98304 bytes back
Round trip time was 9.32125 milliseconds in repetition 262
tcp_ping received 98304 bytes back
Round trip time was 9.15776 milliseconds in repetition 263
tcp_ping received 98304 bytes back
Round trip time was 9.81839 milliseconds in repetition 264
tcp_ping received 98304 bytes back
Round trip time was 8.69361 milliseconds in repetition 265
tcp_ping received 98304 bytes back
Round trip time was 9.57912 milliseconds in repetition 266
tcp_ping received 98304 bytes back
Round trip time was 9.25679 milliseconds in repetition 267
tcp_ping received 98304 bytes back
Round trip time was 10.2528 milliseconds in repetition 268
tcp_ping received 98304 bytes back
Round trip time was 11.6481 milliseconds in repetition 269
tcp_ping received 98304 bytes back
Round trip time was 9.93163 milliseconds in repetition 270
tcp_ping received 98304 bytes back
Round trip time was 8.83169 milliseconds in repetition 271
tcp_ping received 98304 bytes back
Round trip time was 9.06294 milliseconds in repetition 272
tcp_ping received 98304 bytes back
Round trip time was 14.91 milliseconds in repetition 273
tcp_ping received 98304 bytes back
Round trip time was 9.49395 milliseconds in repetition 274
tcp_ping received 98304 bytes back
Round trip time was 10.6231 milliseconds in repetition 275
tcp_ping received 98304 bytes back
Round trip time was 10.0886 milliseconds in repetition 276
tcp_ping received 98304 bytes back
Round trip time was 8.86553 milliseconds in repetition 277
tcp_ping received 98304 bytes back
Round trip time was 9.70797 milliseconds in repetition 278
tcp_ping received 98304 bytes back
Round trip time was 10.473 milliseconds in repetition 279
tcp_ping received 98304 bytes back
Round trip time was 10.0324 milliseconds in repetition 280
tcp_ping received 98304 bytes back
Round trip time was 11.0288 milliseconds in repetition 281
tcp_ping received 98304 bytes back
Round trip time was 9.54777 milliseconds in repetition 282
tcp_ping received 98304 bytes back
Round trip time was 8.7831 milliseconds in repetition 283
tcp_ping received 98304 bytes back
Round trip time was 9.62699 milliseconds in repetition 284
tcp_ping received 98304 bytes back
Round trip time was 9.795 milliseconds in repetition 285
tcp_ping received 98304 bytes back
Round trip time was 9.41716 milliseconds in repetition 286
tcp_ping received 98304 bytes back
Round trip time was 9.83575 milliseconds in repetition 287
tcp_ping received 98304 bytes back
Round trip time was 9.11504 milliseconds in repetition 288
tcp_ping received 98304 bytes back
Round trip time was 10.9033 milliseconds in repetition 289
tcp_ping received 98304 bytes back
Round trip time was 12.1929 milliseconds in repetition 290
tcp_ping received 98304 bytes back
Round trip time was 9.71512 milliseconds in repetition 291
tcp_ping received 98304 bytes back
Round trip time was 9.70285 milliseconds in repetition 292
tcp_ping received 98304 bytes back
Round trip time was 8.92761 milliseconds in repetition 293
tcp_ping received 98304 bytes back
Round trip time was 9.18306 milliseconds in repetition 294
tcp_ping received 98304 bytes back
Round trip time was 9.07985 milliseconds in repetition 295
tcp_ping received 98304 bytes back
Round trip time was 9.73627 milliseconds in repetition 296
tcp_ping received 98304 bytes back
Round trip time was 9.6944 milliseconds in repetition 297
tcp_ping received 98304 bytes back
Round trip time was 10.5316 milliseconds in repetition 298
tcp_ping received 98304 bytes back
Round trip time was 10.7012 milliseconds in repetition 299
tcp_ping received 98304 bytes back
Round trip time was 9.4603 milliseconds in repetition 300
tcp_ping received 98304 bytes back
Round trip time was 8.90182 milliseconds in repetition 301
tcp_ping received 98304 bytes back
Round trip time was 9.6884 milliseconds in repetition 302
tcp_ping received 98304 bytes back
Round trip time was 8.95263 milliseconds in repetition 303
tcp_ping received 98304 bytes back
Round trip time was 9.61902 milliseconds in repetition 304
tcp_ping received 98304 bytes back
Round trip time was 9.01043 milliseconds in repetition 305
tcp_ping received 98304 bytes back
Round trip time was 9.1307 milliseconds in repetition 306
tcp_ping received 98304 bytes back
Round trip time was 8.36325 milliseconds in repetition 307
tcp_ping received 98304 bytes back
Round trip time was 10.6612 milliseconds in repetition 308
tcp_ping received 98304 bytes back
Round trip time was 9.27925 milliseconds in repetition 309
tcp_ping received 98304 bytes back
Round trip time was 9.59265 milliseconds in repetition 310
tcp_ping received 98304 bytes back
Round trip time was 9.58358 milliseconds in repetition 311
tcp_ping received 98304 bytes back
Round trip time was 9.82146 milliseconds in repetition 312
tcp_ping received 98304 bytes back
Round trip time was 9.26159 milliseconds in repetition 313
tcp_ping received 98304 bytes back
Round trip time was 8.90546 milliseconds in repetition 314
tcp_ping received 98304 bytes back
Round trip time was 9.05321 milliseconds in repetition 315
tcp_ping received 98304 bytes back
Round trip time was 9.57034 milliseconds in repetition 316
tcp_ping received 98304 bytes back
Round trip time was 8.83451 milliseconds in repetition 317
tcp_ping received 98304 bytes back
Round trip time was 9.06188 milliseconds in repetition 318
tcp_ping received 98304 bytes back
Round trip time was 9.22234 milliseconds in repetition 319
tcp_ping received 98304 bytes back
Round trip time was 8.70511 milliseconds in repetition 320
tcp_ping received 98304 bytes back
Round trip time was 11.3663 milliseconds in repetition 321
tcp_ping received 98304 bytes back
Round trip time was 9.24047 milliseconds in repetition 322
tcp_ping received 98304 bytes back
Round trip time was 9.55059 milliseconds in repetition 323
tcp_ping received 98304 bytes back
Round trip time was 9.72529 milliseconds in repetition 324
tcp_ping received 98304 bytes back
Round trip time was 10.07 milliseconds in repetition 325
tcp_ping received 98304 bytes back
Round trip time was 9.32045 milliseconds in repetition 326
tcp_ping received 98304 bytes back
Round trip time was 9.23166 milliseconds in repetition 327
tcp_ping received 98304 bytes back
Round trip time was 9.1829 milliseconds in repetition 328
tcp_ping received 98304 bytes back
Round trip time was 9.57037 milliseconds in repetition 329
tcp_ping received 98304 bytes back
Round trip time was 9.07253 milliseconds in repetition 330
tcp_ping received 98304 bytes back
Round trip time was 9.22946 milliseconds in repetition 331
tcp_ping received 98304 bytes back
Round trip time was 10.9061 milliseconds in repetition 332
tcp_ping received 98304 bytes back
Round trip time was 10.1033 milliseconds in repetition 333
tcp_ping received 98304 bytes back
Round trip time was 9.54843 milliseconds in repetition 334
tcp_ping received 98304 bytes back
Round trip time was 8.82526 milliseconds in repetition 335
tcp_ping received 98304 bytes back
Round trip time was 9.42946 milliseconds in repetition 336
tcp_ping received 98304 bytes back
Round trip time was 10.0287 milliseconds in repetition 337
tcp_ping received 98304 bytes back
Round trip time was 9.60921 milliseconds in repetition 338
tcp_ping received 98304 bytes back
Round trip time was 9.87726 milliseconds in repetition 339
tcp_ping received 98304 bytes back
Round trip time was 9.47531 milliseconds in repetition 340
tcp_ping received 98304 bytes back
Round trip time was 9.05245 milliseconds in repetition 341
tcp_ping received 98304 bytes back
Round trip time was 9.22686 milliseconds in repetition 342
tcp_ping received 98304 bytes back
Round trip time was 8.85355 milliseconds in repetition 343
tcp_ping received 98304 bytes back
Round trip time was 9.36302 milliseconds in repetition 344
tcp_ping received 98304 bytes back
Round trip time was 9.12517 milliseconds in repetition 345
tcp_ping received 98304 bytes back
Round trip time was 10.3393 milliseconds in repetition 346
tcp_ping received 98304 bytes back
Round trip time was 8.93994 milliseconds in repetition 347
tcp_ping received 98304 bytes back
Round trip time was 10.2849 milliseconds in repetition 348
tcp_ping received 98304 bytes back
Round trip time was 9.53806 milliseconds in repetition 349
tcp_ping received 98304 bytes back
Round trip time was 9.5145 milliseconds in repetition 350
tcp_ping received 98304 bytes back
Round trip time was 9.16427 milliseconds in repetition 351
tcp_ping received 98304 bytes back
Round trip time was 9.25002 milliseconds in repetition 352
tcp_ping received 98304 bytes back
Round trip time was 9.69858 milliseconds in repetition 353
tcp_ping received 98304 bytes back
Round trip time was 10.038 milliseconds in repetition 354
tcp_ping received 98304 bytes back
Round trip time was 8.91681 milliseconds in repetition 355
tcp_ping received 98304 bytes back
Round trip time was 9.61681 milliseconds in repetition 356
tcp_ping received 98304 bytes back
Round trip time was 9.18949 milliseconds in repetition 357
tcp_ping received 98304 bytes back
Round trip time was 8.51002 milliseconds in repetition 358
tcp_ping received 98304 bytes back
Round trip time was 9.42643 milliseconds in repetition 359
tcp_ping received 98304 bytes back
Round trip time was 9.10622 milliseconds in repetition 360
tcp_ping received 98304 bytes back
Round trip time was 9.27055 milliseconds in repetition 361
tcp_ping received 98304 bytes back
Round trip time was 9.44685 milliseconds in repetition 362
tcp_ping received 98304 bytes back
Round trip time was 8.81597 milliseconds in repetition 363
tcp_ping received 98304 bytes back
Round trip time was 10.327 milliseconds in repetition 364
tcp_ping received 98304 bytes back
Round trip time was 10.6011 milliseconds in repetition 365
tcp_ping received 98304 bytes back
Round trip time was 8.96079 milliseconds in repetition 366
tcp_ping received 98304 bytes back
Round trip time was 9.74944 milliseconds in repetition 367
tcp_ping received 98304 bytes back
Round trip time was 9.61918 milliseconds in repetition 368
tcp_ping received 98304 bytes back
Round trip time was 9.62172 milliseconds in repetition 369
tcp_ping received 98304 bytes back
Round trip time was 9.07289 milliseconds in repetition 370
tcp_ping received 98304 bytes back
Round trip time was 10.87 milliseconds in repetition 371
tcp_ping received 98304 bytes back
Round trip time was 10.5784 milliseconds in repetition 372
tcp_ping received 98304 bytes back
Round trip time was 10.5955 milliseconds in repetition 373
tcp_ping received 98304 bytes back
Round trip time was 13.1031 milliseconds in repetition 374
tcp_ping received 98304 bytes back
Round trip time was 10.2935 milliseconds in repetition 375
tcp_ping received 98304 bytes back
Round trip time was 12.132 milliseconds in repetition 376
tcp_ping received 98304 bytes back
Round trip time was 10.9655 milliseconds in repetition 377
tcp_ping received 98304 bytes back
Round trip time was 10.903 milliseconds in repetition 378
tcp_ping received 98304 bytes back
Round trip time was 11.4932 milliseconds in repetition 379
tcp_ping received 98304 bytes back
Round trip time was 12.0026 milliseconds in repetition 380
tcp_ping received 98304 bytes back
Round trip time was 12.2071 milliseconds in repetition 381
tcp_ping received 98304 bytes back
Round trip time was 10.7681 milliseconds in repetition 382
tcp_ping received 98304 bytes back
Round trip time was 12.8683 milliseconds in repetition 383
tcp_ping received 98304 bytes back
Round trip time was 8.94722 milliseconds in repetition 384
tcp_ping received 98304 bytes back
Round trip time was 9.25792 milliseconds in repetition 385
tcp_ping received 98304 bytes back
Round trip time was 9.59032 milliseconds in repetition 386
tcp_ping received 98304 bytes back
Round trip time was 10.3308 milliseconds in repetition 387
tcp_ping received 98304 bytes back
Round trip time was 9.11565 milliseconds in repetition 388
tcp_ping received 98304 bytes back
Round trip time was 8.77446 milliseconds in repetition 389
tcp_ping received 98304 bytes back
Round trip time was 8.86576 milliseconds in repetition 390
tcp_ping received 98304 bytes back
Round trip time was 9.32561 milliseconds in repetition 391
tcp_ping received 98304 bytes back
Round trip time was 9.57333 milliseconds in repetition 392
tcp_ping received 98304 bytes back
Round trip time was 9.168 milliseconds in repetition 393
tcp_ping received 98304 bytes back
Round trip time was 14.9762 milliseconds in repetition 394
tcp_ping received 98304 bytes back
Round trip time was 8.83828 milliseconds in repetition 395
tcp_ping received 98304 bytes back
Round trip time was 9.53126 milliseconds in repetition 396
tcp_ping received 98304 bytes back
Round trip time was 10.3056 milliseconds in repetition 397
tcp_ping received 98304 bytes back
Round trip time was 9.10815 milliseconds in repetition 398
tcp_ping received 98304 bytes back
Round trip time was 9.49261 milliseconds in repetition 399
tcp_ping received 98304 bytes back
Round trip time was 11.0419 milliseconds in repetition 400
tcp_ping received 98304 bytes back
Round trip time was 9.41235 milliseconds in repetition 401
tcp_ping received 98304 bytes back
Round trip time was 9.38855 milliseconds in repetition 402
tcp_ping received 98304 bytes back
Round trip time was 11.4497 milliseconds in repetition 403
tcp_ping received 98304 bytes back
Round trip time was 13.3733 milliseconds in repetition 404
tcp_ping received 98304 bytes back
Round trip time was 9.98768 milliseconds in repetition 405
tcp_ping received 98304 bytes back
Round trip time was 9.88947 milliseconds in repetition 406
tcp_ping received 98304 bytes back
Round trip time was 9.27307 milliseconds in repetition 407
tcp_ping received 98304 bytes back
Round trip time was 9.19655 milliseconds in repetition 408
tcp_ping received 98304 bytes back
Round trip time was 9.08488 milliseconds in repetition 409
tcp_ping received 98304 bytes back
Round trip time was 11.0598 milliseconds in repetition 410
tcp_ping received 98304 bytes back
Round trip time was 8.96978 milliseconds in repetition 411
tcp_ping received 98304 bytes back
Round trip time was 9.581 milliseconds in repetition 412
tcp_ping received 98304 bytes back
Round trip time was 9.50932 milliseconds in repetition 413
tcp_ping received 98304 bytes back
Round trip time was 9.58171 milliseconds in repetition 414
tcp_ping received 98304 bytes back
Round trip time was 10.4913 milliseconds in repetition 415
tcp_ping received 98304 bytes back
Round trip time was 8.80872 milliseconds in repetition 416
tcp_ping received 98304 bytes back
Round trip time was 8.69844 milliseconds in repetition 417
tcp_ping received 98304 bytes back
Round trip time was 10.3047 milliseconds in repetition 418
tcp_ping received 98304 bytes back
Round trip time was 9.75814 milliseconds in repetition 419
tcp_ping received 98304 bytes back
Round trip time was 9.14484 milliseconds in repetition 420
tcp_ping received 98304 bytes back
Round trip time was 9.22605 milliseconds in repetition 421
tcp_ping received 98304 bytes back
Round trip time was 8.84162 milliseconds in repetition 422
tcp_ping received 98304 bytes back
Round trip time was 9.22784 milliseconds in repetition 423
tcp_ping received 98304 bytes back
Round trip time was 9.16396 milliseconds in repetition 424
tcp_ping received 98304 bytes back
Round trip time was 9.69945 milliseconds in repetition 425
tcp_ping received 98304 bytes back
Round trip time was 9.57289 milliseconds in repetition 426
tcp_ping received 98304 bytes back
Round trip time was 9.46813 milliseconds in repetition 427
tcp_ping received 98304 bytes back
Round trip time was 9.49361 milliseconds in repetition 428
tcp_ping received 98304 bytes back
Round trip time was 9.09263 milliseconds in repetition 429
tcp_ping received 98304 bytes back
Round trip time was 9.33085 milliseconds in repetition 430
tcp_ping received 98304 bytes back
Round trip time was 9.28255 milliseconds in repetition 431
tcp_ping received 98304 bytes back
Round trip time was 9.96167 milliseconds in repetition 432
tcp_ping received 98304 bytes back
Round trip time was 9.30252 milliseconds in repetition 433
tcp_ping received 98304 bytes back
Round trip time was 9.47649 milliseconds in repetition 434
tcp_ping received 98304 bytes back
Round trip time was 9.57135 milliseconds in repetition 435
tcp_ping received 98304 bytes back
Round trip time was 10.7286 milliseconds in repetition 436
tcp_ping received 98304 bytes back
Round trip time was 9.9704 milliseconds in repetition 437
tcp_ping received 98304 bytes back
Round trip time was 10.734 milliseconds in repetition 438
tcp_ping received 98304 bytes back
Round trip time was 10.2214 milliseconds in repetition 439
tcp_ping received 98304 bytes back
Round trip time was 10.8322 milliseconds in repetition 440
tcp_ping received 98304 bytes back
Round trip time was 9.56152 milliseconds in repetition 441
tcp_ping received 98304 bytes back
Round trip time was 9.81821 milliseconds in repetition 442
tcp_ping received 98304 bytes back
Round trip time was 9.0733 milliseconds in repetition 443
tcp_ping received 98304 bytes back
Round trip time was 9.09857 milliseconds in repetition 444
tcp_ping received 98304 bytes back
Round trip time was 10.2579 milliseconds in repetition 445
tcp_ping received 98304 bytes back
Round trip time was 10.0215 milliseconds in repetition 446
tcp_ping received 98304 bytes back
Round trip time was 9.28249 milliseconds in repetition 447
tcp_ping received 98304 bytes back
Round trip time was 9.16137 milliseconds in repetition 448
tcp_ping received 98304 bytes back
Round trip time was 9.20153 milliseconds in repetition 449
tcp_ping received 98304 bytes back
Round trip time was 9.89574 milliseconds in repetition 450
tcp_ping received 98304 bytes back
Round trip time was 9.29249 milliseconds in repetition 451
tcp_ping received 98304 bytes back
Round trip time was 8.94917 milliseconds in repetition 452
tcp_ping received 98304 bytes back
Round trip time was 10.4646 milliseconds in repetition 453
tcp_ping received 98304 bytes back
Round trip time was 9.68972 milliseconds in repetition 454
tcp_ping received 98304 bytes back
Round trip time was 9.43345 milliseconds in repetition 455
tcp_ping received 98304 bytes back
Round trip time was 8.96137 milliseconds in repetition 456
tcp_ping received 98304 bytes back
Round trip time was 10.6214 milliseconds in repetition 457
tcp_ping received 98304 bytes back
Round trip time was 9.49707 milliseconds in repetition 458
tcp_ping received 98304 bytes back
Round trip time was 9.4919 milliseconds in repetition 459
tcp_ping received 98304 bytes back
Round trip time was 10.291 milliseconds in repetition 460
tcp_ping received 98304 bytes back
Round trip time was 9.26961 milliseconds in repetition 461
tcp_ping received 98304 bytes back
Round trip time was 9.61319 milliseconds in repetition 462
tcp_ping received 98304 bytes back
Round trip time was 8.86059 milliseconds in repetition 463
tcp_ping received 98304 bytes back
Round trip time was 8.83172 milliseconds in repetition 464
tcp_ping received 98304 bytes back
Round trip time was 9.49515 milliseconds in repetition 465
tcp_ping received 98304 bytes back
Round trip time was 9.17244 milliseconds in repetition 466
tcp_ping received 98304 bytes back
Round trip time was 8.94398 milliseconds in repetition 467
tcp_ping received 98304 bytes back
Round trip time was 10.865 milliseconds in repetition 468
tcp_ping received 98304 bytes back
Round trip time was 8.68395 milliseconds in repetition 469
tcp_ping received 98304 bytes back
Round trip time was 9.14898 milliseconds in repetition 470
tcp_ping received 98304 bytes back
Round trip time was 9.00687 milliseconds in repetition 471
tcp_ping received 98304 bytes back
Round trip time was 9.39162 milliseconds in repetition 472
tcp_ping received 98304 bytes back
Round trip time was 9.14644 milliseconds in repetition 473
tcp_ping received 98304 bytes back
Round trip time was 9.2616 milliseconds in repetition 474
tcp_ping received 98304 bytes back
Round trip time was 9.61585 milliseconds in repetition 475
tcp_ping received 98304 bytes back
Round trip time was 9.03801 milliseconds in repetition 476
tcp_ping received 98304 bytes back
Round trip time was 10.5734 milliseconds in repetition 477
tcp_ping received 98304 bytes back
Round trip time was 9.03735 milliseconds in repetition 478
tcp_ping received 98304 bytes back
Round trip time was 10.0489 milliseconds in repetition 479
tcp_ping received 98304 bytes back
Round trip time was 9.41651 milliseconds in repetition 480
tcp_ping received 98304 bytes back
Round trip time was 9.44597 milliseconds in repetition 481
tcp_ping received 98304 bytes back
Round trip time was 9.25615 milliseconds in repetition 482
tcp_ping received 98304 bytes back
Round trip time was 9.05143 milliseconds in repetition 483
tcp_ping received 98304 bytes back
Round trip time was 12.9271 milliseconds in repetition 484
tcp_ping received 98304 bytes back
Round trip time was 9.51319 milliseconds in repetition 485
tcp_ping received 98304 bytes back
Round trip time was 8.95736 milliseconds in repetition 486
tcp_ping received 98304 bytes back
Round trip time was 9.62311 milliseconds in repetition 487
tcp_ping received 98304 bytes back
Round trip time was 8.9833 milliseconds in repetition 488
tcp_ping received 98304 bytes back
Round trip time was 12.3954 milliseconds in repetition 489
tcp_ping received 98304 bytes back
Round trip time was 11.3826 milliseconds in repetition 490
tcp_ping received 98304 bytes back
Round trip time was 11.614 milliseconds in repetition 491
tcp_ping received 98304 bytes back
Round trip time was 10.8789 milliseconds in repetition 492
tcp_ping received 98304 bytes back
Round trip time was 11.6485 milliseconds in repetition 493
tcp_ping received 98304 bytes back
Round trip time was 12.5008 milliseconds in repetition 494
tcp_ping received 98304 bytes back
Round trip time was 10.4781 milliseconds in repetition 495
tcp_ping received 98304 bytes back
Round trip time was 11.3441 milliseconds in repetition 496
tcp_ping received 98304 bytes back
Round trip time was 8.95392 milliseconds in repetition 497
tcp_ping received 98304 bytes back
Round trip time was 8.71668 milliseconds in repetition 498
tcp_ping received 98304 bytes back
Round trip time was 11.557 milliseconds in repetition 499
tcp_ping received 98304 bytes back
Round trip time was 9.64024 milliseconds in repetition 500
tcp_ping received 98304 bytes back
Round trip time was 8.84553 milliseconds in repetition 501

 ... clock resolution was 1e-06
TCP Ping:  Statistics over 501 repetitions of 98304 byte messages

RTT : percentile 10: 8.92253, median: 9.53214, percentile 90: 11.1218, average: 9.84416, variance: 1.24201

RTT histogram:
8.36325 4
8.8122 76
9.26115 154
9.7101 111
10.1591 52
10.608 35
11.057 22
11.5059 20
11.9549 6
12.4038 6
12.8528 7
13.3017 2
13.7507 1
14.1996 0
14.6486 0
15.0975 2
15.5465 0
15.9954 0
16.4444 1
16.8933 1
17.3423 1

   median Throughput : 20625.8 KB/s   overall Throughput : 19972 KB/s

