TCP Ping trying to connect to server seti.dibris.unige.it (130.251.61.30) on port 1491
 ... connected to Pong server: asking for 501 repetitions of 131072 bytes TCP messages
 ... Pong server agreed :-)
tcp_ping received 131072 bytes back
Round trip time was 757.469 milliseconds in repetition 1
tcp_ping received 131072 bytes back
Round trip time was 322.542 milliseconds in repetition 2
tcp_ping received 131072 bytes back
Round trip time was 227.786 milliseconds in repetition 3
tcp_ping received 131072 bytes back
Round trip time was 235.517 milliseconds in repetition 4
tcp_ping received 131072 bytes back
Round trip time was 235.648 milliseconds in repetition 5
tcp_ping received 131072 bytes back
Round trip time was 211.378 milliseconds in repetition 6
tcp_ping received 131072 bytes back
Round trip time was 223.995 milliseconds in repetition 7
tcp_ping received 131072 bytes back
Round trip time was 211.995 milliseconds in repetition 8
tcp_ping received 131072 bytes back
Round trip time was 211.003 milliseconds in repetition 9
tcp_ping received 131072 bytes back
Round trip time was 214.227 milliseconds in repetition 10
tcp_ping received 131072 bytes back
Round trip time was 210.994 milliseconds in repetition 11
tcp_ping received 131072 bytes back
Round trip time was 211.244 milliseconds in repetition 12
tcp_ping received 131072 bytes back
Round trip time was 211.692 milliseconds in repetition 13
tcp_ping received 131072 bytes back
Round trip time was 211.628 milliseconds in repetition 14
tcp_ping received 131072 bytes back
Round trip time was 211.698 milliseconds in repetition 15
tcp_ping received 131072 bytes back
Round trip time was 210.557 milliseconds in repetition 16
tcp_ping received 131072 bytes back
Round trip time was 216.752 milliseconds in repetition 17
tcp_ping received 131072 bytes back
Round trip time was 275.773 milliseconds in repetition 18
tcp_ping received 131072 bytes back
Round trip time was 235.491 milliseconds in repetition 19
tcp_ping received 131072 bytes back
Round trip time was 223.686 milliseconds in repetition 20
tcp_ping received 131072 bytes back
Round trip time was 211.311 milliseconds in repetition 21
tcp_ping received 131072 bytes back
Round trip time was 212.013 milliseconds in repetition 22
tcp_ping received 131072 bytes back
Round trip time was 211.691 milliseconds in repetition 23
tcp_ping received 131072 bytes back
Round trip time was 210.998 milliseconds in repetition 24
tcp_ping received 131072 bytes back
Round trip time was 211.274 milliseconds in repetition 25
tcp_ping received 131072 bytes back
Round trip time was 211.034 milliseconds in repetition 26
tcp_ping received 131072 bytes back
Round trip time was 211.969 milliseconds in repetition 27
tcp_ping received 131072 bytes back
Round trip time was 210.998 milliseconds in repetition 28
tcp_ping received 131072 bytes back
Round trip time was 211.305 milliseconds in repetition 29
tcp_ping received 131072 bytes back
Round trip time was 211.519 milliseconds in repetition 30
tcp_ping received 131072 bytes back
Round trip time was 210.73 milliseconds in repetition 31
tcp_ping received 131072 bytes back
Round trip time was 211.274 milliseconds in repetition 32
tcp_ping received 131072 bytes back
Round trip time was 211.994 milliseconds in repetition 33
tcp_ping received 131072 bytes back
Round trip time was 212.776 milliseconds in repetition 34
tcp_ping received 131072 bytes back
Round trip time was 212.747 milliseconds in repetition 35
tcp_ping received 131072 bytes back
Round trip time was 210.998 milliseconds in repetition 36
tcp_ping received 131072 bytes back
Round trip time was 211.7 milliseconds in repetition 37
tcp_ping received 131072 bytes back
Round trip time was 211.3 milliseconds in repetition 38
tcp_ping received 131072 bytes back
Round trip time was 210.7 milliseconds in repetition 39
tcp_ping received 131072 bytes back
Round trip time was 215.548 milliseconds in repetition 40
tcp_ping received 131072 bytes back
Round trip time was 214.964 milliseconds in repetition 41
tcp_ping received 131072 bytes back
Round trip time was 211.302 milliseconds in repetition 42
tcp_ping received 131072 bytes back
Round trip time was 211.595 milliseconds in repetition 43
tcp_ping received 131072 bytes back
Round trip time was 211.622 milliseconds in repetition 44
tcp_ping received 131072 bytes back
Round trip time was 211.449 milliseconds in repetition 45
tcp_ping received 131072 bytes back
Round trip time was 212.322 milliseconds in repetition 46
tcp_ping received 131072 bytes back
Round trip time was 214.943 milliseconds in repetition 47
tcp_ping received 131072 bytes back
Round trip time was 211.303 milliseconds in repetition 48
tcp_ping received 131072 bytes back
Round trip time was 210.992 milliseconds in repetition 49
tcp_ping received 131072 bytes back
Round trip time was 210.948 milliseconds in repetition 50
tcp_ping received 131072 bytes back
Round trip time was 210.95 milliseconds in repetition 51
tcp_ping received 131072 bytes back
Round trip time was 211.624 milliseconds in repetition 52
tcp_ping received 131072 bytes back
Round trip time was 210.962 milliseconds in repetition 53
tcp_ping received 131072 bytes back
Round trip time was 219.552 milliseconds in repetition 54
tcp_ping received 131072 bytes back
Round trip time was 210.73 milliseconds in repetition 55
tcp_ping received 131072 bytes back
Round trip time was 212.269 milliseconds in repetition 56
tcp_ping received 131072 bytes back
Round trip time was 211.709 milliseconds in repetition 57
tcp_ping received 131072 bytes back
Round trip time was 211.308 milliseconds in repetition 58
tcp_ping received 131072 bytes back
Round trip time was 212.5 milliseconds in repetition 59
tcp_ping received 131072 bytes back
Round trip time was 212.258 milliseconds in repetition 60
tcp_ping received 131072 bytes back
Round trip time was 216.487 milliseconds in repetition 61
tcp_ping received 131072 bytes back
Round trip time was 210.996 milliseconds in repetition 62
tcp_ping received 131072 bytes back
Round trip time was 211.522 milliseconds in repetition 63
tcp_ping received 131072 bytes back
Round trip time was 211.006 milliseconds in repetition 64
tcp_ping received 131072 bytes back
Round trip time was 210.697 milliseconds in repetition 65
tcp_ping received 131072 bytes back
Round trip time was 211.561 milliseconds in repetition 66
tcp_ping received 131072 bytes back
Round trip time was 212.01 milliseconds in repetition 67
tcp_ping received 131072 bytes back
Round trip time was 211.747 milliseconds in repetition 68
tcp_ping received 131072 bytes back
Round trip time was 211.003 milliseconds in repetition 69
tcp_ping received 131072 bytes back
Round trip time was 212.263 milliseconds in repetition 70
tcp_ping received 131072 bytes back
Round trip time was 211.745 milliseconds in repetition 71
tcp_ping received 131072 bytes back
Round trip time was 211.746 milliseconds in repetition 72
tcp_ping received 131072 bytes back
Round trip time was 211.981 milliseconds in repetition 73
tcp_ping received 131072 bytes back
Round trip time was 212.034 milliseconds in repetition 74
tcp_ping received 131072 bytes back
Round trip time was 210.999 milliseconds in repetition 75
tcp_ping received 131072 bytes back
Round trip time was 211.706 milliseconds in repetition 76
tcp_ping received 131072 bytes back
Round trip time was 210.817 milliseconds in repetition 77
tcp_ping received 131072 bytes back
Round trip time was 211.001 milliseconds in repetition 78
tcp_ping received 131072 bytes back
Round trip time was 215.003 milliseconds in repetition 79
tcp_ping received 131072 bytes back
Round trip time was 211.243 milliseconds in repetition 80
tcp_ping received 131072 bytes back
Round trip time was 210.639 milliseconds in repetition 81
tcp_ping received 131072 bytes back
Round trip time was 211.324 milliseconds in repetition 82
tcp_ping received 131072 bytes back
Round trip time was 211.556 milliseconds in repetition 83
tcp_ping received 131072 bytes back
Round trip time was 210.712 milliseconds in repetition 84
tcp_ping received 131072 bytes back
Round trip time was 210.547 milliseconds in repetition 85
tcp_ping received 131072 bytes back
Round trip time was 211.438 milliseconds in repetition 86
tcp_ping received 131072 bytes back
Round trip time was 211.513 milliseconds in repetition 87
tcp_ping received 131072 bytes back
Round trip time was 210.495 milliseconds in repetition 88
tcp_ping received 131072 bytes back
Round trip time was 210.756 milliseconds in repetition 89
tcp_ping received 131072 bytes back
Round trip time was 210.944 milliseconds in repetition 90
tcp_ping received 131072 bytes back
Round trip time was 213.066 milliseconds in repetition 91
tcp_ping received 131072 bytes back
Round trip time was 211.002 milliseconds in repetition 92
tcp_ping received 131072 bytes back
Round trip time was 211.01 milliseconds in repetition 93
tcp_ping received 131072 bytes back
Round trip time was 211.509 milliseconds in repetition 94
tcp_ping received 131072 bytes back
Round trip time was 211.001 milliseconds in repetition 95
tcp_ping received 131072 bytes back
Round trip time was 211.005 milliseconds in repetition 96
tcp_ping received 131072 bytes back
Round trip time was 211.249 milliseconds in repetition 97
tcp_ping received 131072 bytes back
Round trip time was 210.998 milliseconds in repetition 98
tcp_ping received 131072 bytes back
Round trip time was 211.001 milliseconds in repetition 99
tcp_ping received 131072 bytes back
Round trip time was 210.693 milliseconds in repetition 100
tcp_ping received 131072 bytes back
Round trip time was 211.828 milliseconds in repetition 101
tcp_ping received 131072 bytes back
Round trip time was 210.966 milliseconds in repetition 102
tcp_ping received 131072 bytes back
Round trip time was 210.742 milliseconds in repetition 103
tcp_ping received 131072 bytes back
Round trip time was 211.247 milliseconds in repetition 104
tcp_ping received 131072 bytes back
Round trip time was 211.3 milliseconds in repetition 105
tcp_ping received 131072 bytes back
Round trip time was 211.274 milliseconds in repetition 106
tcp_ping received 131072 bytes back
Round trip time was 211.743 milliseconds in repetition 107
tcp_ping received 131072 bytes back
Round trip time was 213.756 milliseconds in repetition 108
tcp_ping received 131072 bytes back
Round trip time was 211.445 milliseconds in repetition 109
tcp_ping received 131072 bytes back
Round trip time was 211.302 milliseconds in repetition 110
tcp_ping received 131072 bytes back
Round trip time was 211.524 milliseconds in repetition 111
tcp_ping received 131072 bytes back
Round trip time was 211.002 milliseconds in repetition 112
tcp_ping received 131072 bytes back
Round trip time was 211.001 milliseconds in repetition 113
tcp_ping received 131072 bytes back
Round trip time was 211.002 milliseconds in repetition 114
tcp_ping received 131072 bytes back
Round trip time was 211.25 milliseconds in repetition 115
tcp_ping received 131072 bytes back
Round trip time was 210.26 milliseconds in repetition 116
tcp_ping received 131072 bytes back
Round trip time was 210.998 milliseconds in repetition 117
tcp_ping received 131072 bytes back
Round trip time was 211.247 milliseconds in repetition 118
tcp_ping received 131072 bytes back
Round trip time was 211.744 milliseconds in repetition 119
tcp_ping received 131072 bytes back
Round trip time was 210.531 milliseconds in repetition 120
tcp_ping received 131072 bytes back
Round trip time was 239.184 milliseconds in repetition 121
tcp_ping received 131072 bytes back
Round trip time was 210.56 milliseconds in repetition 122
tcp_ping received 131072 bytes back
Round trip time was 244.768 milliseconds in repetition 123
tcp_ping received 131072 bytes back
Round trip time was 210.258 milliseconds in repetition 124
tcp_ping received 131072 bytes back
Round trip time was 211.707 milliseconds in repetition 125
tcp_ping received 131072 bytes back
Round trip time was 211.729 milliseconds in repetition 126
tcp_ping received 131072 bytes back
Round trip time was 211.307 milliseconds in repetition 127
tcp_ping received 131072 bytes back
Round trip time was 213.503 milliseconds in repetition 128
tcp_ping received 131072 bytes back
Round trip time was 211.252 milliseconds in repetition 129
tcp_ping received 131072 bytes back
Round trip time was 211.238 milliseconds in repetition 130
tcp_ping received 131072 bytes back
Round trip time was 211.003 milliseconds in repetition 131
tcp_ping received 131072 bytes back
Round trip time was 211.251 milliseconds in repetition 132
tcp_ping received 131072 bytes back
Round trip time was 210.703 milliseconds in repetition 133
tcp_ping received 131072 bytes back
Round trip time was 211.003 milliseconds in repetition 134
tcp_ping received 131072 bytes back
Round trip time was 211.001 milliseconds in repetition 135
tcp_ping received 131072 bytes back
Round trip time was 211.187 milliseconds in repetition 136
tcp_ping received 131072 bytes back
Round trip time was 210.882 milliseconds in repetition 137
tcp_ping received 131072 bytes back
Round trip time was 211.003 milliseconds in repetition 138
tcp_ping received 131072 bytes back
Round trip time was 211.258 milliseconds in repetition 139
tcp_ping received 131072 bytes back
Round trip time was 210.998 milliseconds in repetition 140
tcp_ping received 131072 bytes back
Round trip time was 210.998 milliseconds in repetition 141
tcp_ping received 131072 bytes back
Round trip time was 211.001 milliseconds in repetition 142
tcp_ping received 131072 bytes back
Round trip time was 213.01 milliseconds in repetition 143
tcp_ping received 131072 bytes back
Round trip time was 210.708 milliseconds in repetition 144
tcp_ping received 131072 bytes back
Round trip time was 210.552 milliseconds in repetition 145
tcp_ping received 131072 bytes back
Round trip time was 211.249 milliseconds in repetition 146
tcp_ping received 131072 bytes back
Round trip time was 211.003 milliseconds in repetition 147
tcp_ping received 131072 bytes back
Round trip time was 210.997 milliseconds in repetition 148
tcp_ping received 131072 bytes back
Round trip time was 212.021 milliseconds in repetition 149
tcp_ping received 131072 bytes back
Round trip time was 216.377 milliseconds in repetition 150
tcp_ping received 131072 bytes back
Round trip time was 219.617 milliseconds in repetition 151
tcp_ping received 131072 bytes back
Round trip time was 211.994 milliseconds in repetition 152
tcp_ping received 131072 bytes back
Round trip time was 216.016 milliseconds in repetition 153
tcp_ping received 131072 bytes back
Round trip time was 215.267 milliseconds in repetition 154
tcp_ping received 131072 bytes back
Round trip time was 228.25 milliseconds in repetition 155
tcp_ping received 131072 bytes back
Round trip time was 267.985 milliseconds in repetition 156
tcp_ping received 131072 bytes back
Round trip time was 243.782 milliseconds in repetition 157
tcp_ping received 131072 bytes back
Round trip time was 229.464 milliseconds in repetition 158
tcp_ping received 131072 bytes back
Round trip time was 222.292 milliseconds in repetition 159
tcp_ping received 131072 bytes back
Round trip time was 215.742 milliseconds in repetition 160
tcp_ping received 131072 bytes back
Round trip time was 213.508 milliseconds in repetition 161
tcp_ping received 131072 bytes back
Round trip time was 211.249 milliseconds in repetition 162
tcp_ping received 131072 bytes back
Round trip time was 212.017 milliseconds in repetition 163
tcp_ping received 131072 bytes back
Round trip time was 232.243 milliseconds in repetition 164
tcp_ping received 131072 bytes back
Round trip time was 224.005 milliseconds in repetition 165
tcp_ping received 131072 bytes back
Round trip time was 439.493 milliseconds in repetition 166
tcp_ping received 131072 bytes back
Round trip time was 369.274 milliseconds in repetition 167
tcp_ping received 131072 bytes back
Round trip time was 230.776 milliseconds in repetition 168
tcp_ping received 131072 bytes back
Round trip time was 224.996 milliseconds in repetition 169
tcp_ping received 131072 bytes back
Round trip time was 210.715 milliseconds in repetition 170
tcp_ping received 131072 bytes back
Round trip time was 211.295 milliseconds in repetition 171
tcp_ping received 131072 bytes back
Round trip time was 211.248 milliseconds in repetition 172
tcp_ping received 131072 bytes back
Round trip time was 211.714 milliseconds in repetition 173
tcp_ping received 131072 bytes back
Round trip time was 211.264 milliseconds in repetition 174
tcp_ping received 131072 bytes back
Round trip time was 214.502 milliseconds in repetition 175
tcp_ping received 131072 bytes back
Round trip time was 211.002 milliseconds in repetition 176
tcp_ping received 131072 bytes back
Round trip time was 211.442 milliseconds in repetition 177
tcp_ping received 131072 bytes back
Round trip time was 214.065 milliseconds in repetition 178
tcp_ping received 131072 bytes back
Round trip time was 216.006 milliseconds in repetition 179
tcp_ping received 131072 bytes back
Round trip time was 212.768 milliseconds in repetition 180
tcp_ping received 131072 bytes back
Round trip time was 211.243 milliseconds in repetition 181
tcp_ping received 131072 bytes back
Round trip time was 210.999 milliseconds in repetition 182
tcp_ping received 131072 bytes back
Round trip time was 211.007 milliseconds in repetition 183
tcp_ping received 131072 bytes back
Round trip time was 210.999 milliseconds in repetition 184
tcp_ping received 131072 bytes back
Round trip time was 211.686 milliseconds in repetition 185
tcp_ping received 131072 bytes back
Round trip time was 213.514 milliseconds in repetition 186
tcp_ping received 131072 bytes back
Round trip time was 288.083 milliseconds in repetition 187
tcp_ping received 131072 bytes back
Round trip time was 240.473 milliseconds in repetition 188
tcp_ping received 131072 bytes back
Round trip time was 261.248 milliseconds in repetition 189
tcp_ping received 131072 bytes back
Round trip time was 218.287 milliseconds in repetition 190
tcp_ping received 131072 bytes back
Round trip time was 215.444 milliseconds in repetition 191
tcp_ping received 131072 bytes back
Round trip time was 214.551 milliseconds in repetition 192
tcp_ping received 131072 bytes back
Round trip time was 214.5 milliseconds in repetition 193
tcp_ping received 131072 bytes back
Round trip time was 211.264 milliseconds in repetition 194
tcp_ping received 131072 bytes back
Round trip time was 219.447 milliseconds in repetition 195
tcp_ping received 131072 bytes back
Round trip time was 213.758 milliseconds in repetition 196
tcp_ping received 131072 bytes back
Round trip time was 221.805 milliseconds in repetition 197
tcp_ping received 131072 bytes back
Round trip time was 215.954 milliseconds in repetition 198
tcp_ping received 131072 bytes back
Round trip time was 220.749 milliseconds in repetition 199
tcp_ping received 131072 bytes back
Round trip time was 210.565 milliseconds in repetition 200
tcp_ping received 131072 bytes back
Round trip time was 211.251 milliseconds in repetition 201
tcp_ping received 131072 bytes back
Round trip time was 211.269 milliseconds in repetition 202
tcp_ping received 131072 bytes back
Round trip time was 211.453 milliseconds in repetition 203
tcp_ping received 131072 bytes back
Round trip time was 214.545 milliseconds in repetition 204
tcp_ping received 131072 bytes back
Round trip time was 216.71 milliseconds in repetition 205
tcp_ping received 131072 bytes back
Round trip time was 222.029 milliseconds in repetition 206
tcp_ping received 131072 bytes back
Round trip time was 213.219 milliseconds in repetition 207
tcp_ping received 131072 bytes back
Round trip time was 211.3 milliseconds in repetition 208
tcp_ping received 131072 bytes back
Round trip time was 211.727 milliseconds in repetition 209
tcp_ping received 131072 bytes back
Round trip time was 441.539 milliseconds in repetition 210
tcp_ping received 131072 bytes back
Round trip time was 224.496 milliseconds in repetition 211
tcp_ping received 131072 bytes back
Round trip time was 223.992 milliseconds in repetition 212
tcp_ping received 131072 bytes back
Round trip time was 210.97 milliseconds in repetition 213
tcp_ping received 131072 bytes back
Round trip time was 211.829 milliseconds in repetition 214
tcp_ping received 131072 bytes back
Round trip time was 211.451 milliseconds in repetition 215
tcp_ping received 131072 bytes back
Round trip time was 211.265 milliseconds in repetition 216
tcp_ping received 131072 bytes back
Round trip time was 211.003 milliseconds in repetition 217
tcp_ping received 131072 bytes back
Round trip time was 233.998 milliseconds in repetition 218
tcp_ping received 131072 bytes back
Round trip time was 216.707 milliseconds in repetition 219
tcp_ping received 131072 bytes back
Round trip time was 214.826 milliseconds in repetition 220
tcp_ping received 131072 bytes back
Round trip time was 216.919 milliseconds in repetition 221
tcp_ping received 131072 bytes back
Round trip time was 211.829 milliseconds in repetition 222
tcp_ping received 131072 bytes back
Round trip time was 210.707 milliseconds in repetition 223
tcp_ping received 131072 bytes back
Round trip time was 210.996 milliseconds in repetition 224
tcp_ping received 131072 bytes back
Round trip time was 211.296 milliseconds in repetition 225
tcp_ping received 131072 bytes back
Round trip time was 211.993 milliseconds in repetition 226
tcp_ping received 131072 bytes back
Round trip time was 211.271 milliseconds in repetition 227
tcp_ping received 131072 bytes back
Round trip time was 211.001 milliseconds in repetition 228
tcp_ping received 131072 bytes back
Round trip time was 211.998 milliseconds in repetition 229
tcp_ping received 131072 bytes back
Round trip time was 210.996 milliseconds in repetition 230
tcp_ping received 131072 bytes back
Round trip time was 211.269 milliseconds in repetition 231
tcp_ping received 131072 bytes back
Round trip time was 211.003 milliseconds in repetition 232
tcp_ping received 131072 bytes back
Round trip time was 211.25 milliseconds in repetition 233
tcp_ping received 131072 bytes back
Round trip time was 211.002 milliseconds in repetition 234
tcp_ping received 131072 bytes back
Round trip time was 210.263 milliseconds in repetition 235
tcp_ping received 131072 bytes back
Round trip time was 211.247 milliseconds in repetition 236
tcp_ping received 131072 bytes back
Round trip time was 212.49 milliseconds in repetition 237
tcp_ping received 131072 bytes back
Round trip time was 210.986 milliseconds in repetition 238
tcp_ping received 131072 bytes back
Round trip time was 211.005 milliseconds in repetition 239
tcp_ping received 131072 bytes back
Round trip time was 213.028 milliseconds in repetition 240
tcp_ping received 131072 bytes back
Round trip time was 210.983 milliseconds in repetition 241
tcp_ping received 131072 bytes back
Round trip time was 210.999 milliseconds in repetition 242
tcp_ping received 131072 bytes back
Round trip time was 211.249 milliseconds in repetition 243
tcp_ping received 131072 bytes back
Round trip time was 210.554 milliseconds in repetition 244
tcp_ping received 131072 bytes back
Round trip time was 215.738 milliseconds in repetition 245
tcp_ping received 131072 bytes back
Round trip time was 211.524 milliseconds in repetition 246
tcp_ping received 131072 bytes back
Round trip time was 211.984 milliseconds in repetition 247
tcp_ping received 131072 bytes back
Round trip time was 210.764 milliseconds in repetition 248
tcp_ping received 131072 bytes back
Round trip time was 211.005 milliseconds in repetition 249
tcp_ping received 131072 bytes back
Round trip time was 211.525 milliseconds in repetition 250
tcp_ping received 131072 bytes back
Round trip time was 210.722 milliseconds in repetition 251
tcp_ping received 131072 bytes back
Round trip time was 211.276 milliseconds in repetition 252
tcp_ping received 131072 bytes back
Round trip time was 212 milliseconds in repetition 253
tcp_ping received 131072 bytes back
Round trip time was 210.998 milliseconds in repetition 254
tcp_ping received 131072 bytes back
Round trip time was 210.958 milliseconds in repetition 255
tcp_ping received 131072 bytes back
Round trip time was 211.047 milliseconds in repetition 256
tcp_ping received 131072 bytes back
Round trip time was 213.749 milliseconds in repetition 257
tcp_ping received 131072 bytes back
Round trip time was 211.272 milliseconds in repetition 258
tcp_ping received 131072 bytes back
Round trip time was 211.748 milliseconds in repetition 259
tcp_ping received 131072 bytes back
Round trip time was 212.23 milliseconds in repetition 260
tcp_ping received 131072 bytes back
Round trip time was 210.997 milliseconds in repetition 261
tcp_ping received 131072 bytes back
Round trip time was 210.709 milliseconds in repetition 262
tcp_ping received 131072 bytes back
Round trip time was 211.293 milliseconds in repetition 263
tcp_ping received 131072 bytes back
Round trip time was 217.455 milliseconds in repetition 264
tcp_ping received 131072 bytes back
Round trip time was 213.292 milliseconds in repetition 265
tcp_ping received 131072 bytes back
Round trip time was 211.213 milliseconds in repetition 266
tcp_ping received 131072 bytes back
Round trip time was 210.807 milliseconds in repetition 267
tcp_ping received 131072 bytes back
Round trip time was 210.997 milliseconds in repetition 268
tcp_ping received 131072 bytes back
Round trip time was 211.002 milliseconds in repetition 269
tcp_ping received 131072 bytes back
Round trip time was 211.973 milliseconds in repetition 270
tcp_ping received 131072 bytes back
Round trip time was 230.797 milliseconds in repetition 271
tcp_ping received 131072 bytes back
Round trip time was 211.008 milliseconds in repetition 272
tcp_ping received 131072 bytes back
Round trip time was 211.478 milliseconds in repetition 273
tcp_ping received 131072 bytes back
Round trip time was 211.156 milliseconds in repetition 274
tcp_ping received 131072 bytes back
Round trip time was 210.884 milliseconds in repetition 275
tcp_ping received 131072 bytes back
Round trip time was 213.925 milliseconds in repetition 276
tcp_ping received 131072 bytes back
Round trip time was 210.843 milliseconds in repetition 277
tcp_ping received 131072 bytes back
Round trip time was 210.998 milliseconds in repetition 278
tcp_ping received 131072 bytes back
Round trip time was 211.994 milliseconds in repetition 279
tcp_ping received 131072 bytes back
Round trip time was 218.243 milliseconds in repetition 280
tcp_ping received 131072 bytes back
Round trip time was 218.513 milliseconds in repetition 281
tcp_ping received 131072 bytes back
Round trip time was 211.998 milliseconds in repetition 282
tcp_ping received 131072 bytes back
Round trip time was 212.764 milliseconds in repetition 283
tcp_ping received 131072 bytes back
Round trip time was 211.002 milliseconds in repetition 284
tcp_ping received 131072 bytes back
Round trip time was 224.995 milliseconds in repetition 285
tcp_ping received 131072 bytes back
Round trip time was 212.465 milliseconds in repetition 286
tcp_ping received 131072 bytes back
Round trip time was 221.047 milliseconds in repetition 287
tcp_ping received 131072 bytes back
Round trip time was 213.46 milliseconds in repetition 288
tcp_ping received 131072 bytes back
Round trip time was 224.74 milliseconds in repetition 289
tcp_ping received 131072 bytes back
Round trip time was 214.811 milliseconds in repetition 290
tcp_ping received 131072 bytes back
Round trip time was 211.268 milliseconds in repetition 291
tcp_ping received 131072 bytes back
Round trip time was 215.746 milliseconds in repetition 292
tcp_ping received 131072 bytes back
Round trip time was 214.496 milliseconds in repetition 293
tcp_ping received 131072 bytes back
Round trip time was 220.4 milliseconds in repetition 294
tcp_ping received 131072 bytes back
Round trip time was 216.067 milliseconds in repetition 295
tcp_ping received 131072 bytes back
Round trip time was 211.988 milliseconds in repetition 296
tcp_ping received 131072 bytes back
Round trip time was 220.583 milliseconds in repetition 297
tcp_ping received 131072 bytes back
Round trip time was 213.239 milliseconds in repetition 298
tcp_ping received 131072 bytes back
Round trip time was 213.46 milliseconds in repetition 299
tcp_ping received 131072 bytes back
Round trip time was 210.553 milliseconds in repetition 300
tcp_ping received 131072 bytes back
Round trip time was 217.89 milliseconds in repetition 301
tcp_ping received 131072 bytes back
Round trip time was 219.872 milliseconds in repetition 302
tcp_ping received 131072 bytes back
Round trip time was 226.471 milliseconds in repetition 303
tcp_ping received 131072 bytes back
Round trip time was 219.235 milliseconds in repetition 304
tcp_ping received 131072 bytes back
Round trip time was 230.033 milliseconds in repetition 305
tcp_ping received 131072 bytes back
Round trip time was 211.702 milliseconds in repetition 306
tcp_ping received 131072 bytes back
Round trip time was 220.299 milliseconds in repetition 307
tcp_ping received 131072 bytes back
Round trip time was 226.498 milliseconds in repetition 308
tcp_ping received 131072 bytes back
Round trip time was 213.764 milliseconds in repetition 309
tcp_ping received 131072 bytes back
Round trip time was 232.25 milliseconds in repetition 310
tcp_ping received 131072 bytes back
Round trip time was 226.218 milliseconds in repetition 311
tcp_ping received 131072 bytes back
Round trip time was 219.23 milliseconds in repetition 312
tcp_ping received 131072 bytes back
Round trip time was 227.826 milliseconds in repetition 313
tcp_ping received 131072 bytes back
Round trip time was 222.196 milliseconds in repetition 314
tcp_ping received 131072 bytes back
Round trip time was 218.811 milliseconds in repetition 315
tcp_ping received 131072 bytes back
Round trip time was 232.986 milliseconds in repetition 316
tcp_ping received 131072 bytes back
Round trip time was 213.78 milliseconds in repetition 317
tcp_ping received 131072 bytes back
Round trip time was 217.231 milliseconds in repetition 318
tcp_ping received 131072 bytes back
Round trip time was 218.765 milliseconds in repetition 319
tcp_ping received 131072 bytes back
Round trip time was 215.444 milliseconds in repetition 320
tcp_ping received 131072 bytes back
Round trip time was 212.317 milliseconds in repetition 321
tcp_ping received 131072 bytes back
Round trip time was 214.507 milliseconds in repetition 322
tcp_ping received 131072 bytes back
Round trip time was 220.449 milliseconds in repetition 323
tcp_ping received 131072 bytes back
Round trip time was 219.819 milliseconds in repetition 324
tcp_ping received 131072 bytes back
Round trip time was 219.259 milliseconds in repetition 325
tcp_ping received 131072 bytes back
Round trip time was 220.472 milliseconds in repetition 326
tcp_ping received 131072 bytes back
Round trip time was 225.716 milliseconds in repetition 327
tcp_ping received 131072 bytes back
Round trip time was 213.062 milliseconds in repetition 328
tcp_ping received 131072 bytes back
Round trip time was 214.499 milliseconds in repetition 329
tcp_ping received 131072 bytes back
Round trip time was 212.765 milliseconds in repetition 330
tcp_ping received 131072 bytes back
Round trip time was 216.484 milliseconds in repetition 331
tcp_ping received 131072 bytes back
Round trip time was 212.024 milliseconds in repetition 332
tcp_ping received 131072 bytes back
Round trip time was 213.74 milliseconds in repetition 333
tcp_ping received 131072 bytes back
Round trip time was 213.508 milliseconds in repetition 334
tcp_ping received 131072 bytes back
Round trip time was 210.999 milliseconds in repetition 335
tcp_ping received 131072 bytes back
Round trip time was 210.96 milliseconds in repetition 336
tcp_ping received 131072 bytes back
Round trip time was 210.999 milliseconds in repetition 337
tcp_ping received 131072 bytes back
Round trip time was 211.294 milliseconds in repetition 338
tcp_ping received 131072 bytes back
Round trip time was 211.994 milliseconds in repetition 339
tcp_ping received 131072 bytes back
Round trip time was 211.28 milliseconds in repetition 340
tcp_ping received 131072 bytes back
Round trip time was 211.744 milliseconds in repetition 341
tcp_ping received 131072 bytes back
Round trip time was 213.507 milliseconds in repetition 342
tcp_ping received 131072 bytes back
Round trip time was 212.265 milliseconds in repetition 343
tcp_ping received 131072 bytes back
Round trip time was 212.493 milliseconds in repetition 344
tcp_ping received 131072 bytes back
Round trip time was 211.438 milliseconds in repetition 345
tcp_ping received 131072 bytes back
Round trip time was 215.51 milliseconds in repetition 346
tcp_ping received 131072 bytes back
Round trip time was 213.491 milliseconds in repetition 347
tcp_ping received 131072 bytes back
Round trip time was 213.799 milliseconds in repetition 348
tcp_ping received 131072 bytes back
Round trip time was 211.702 milliseconds in repetition 349
tcp_ping received 131072 bytes back
Round trip time was 211.731 milliseconds in repetition 350
tcp_ping received 131072 bytes back
Round trip time was 211.579 milliseconds in repetition 351
tcp_ping received 131072 bytes back
Round trip time was 211.997 milliseconds in repetition 352
tcp_ping received 131072 bytes back
Round trip time was 210.999 milliseconds in repetition 353
tcp_ping received 131072 bytes back
Round trip time was 211.001 milliseconds in repetition 354
tcp_ping received 131072 bytes back
Round trip time was 211.744 milliseconds in repetition 355
tcp_ping received 131072 bytes back
Round trip time was 213.76 milliseconds in repetition 356
tcp_ping received 131072 bytes back
Round trip time was 211.514 milliseconds in repetition 357
tcp_ping received 131072 bytes back
Round trip time was 211.502 milliseconds in repetition 358
tcp_ping received 131072 bytes back
Round trip time was 211.687 milliseconds in repetition 359
tcp_ping received 131072 bytes back
Round trip time was 214.831 milliseconds in repetition 360
tcp_ping received 131072 bytes back
Round trip time was 211.45 milliseconds in repetition 361
tcp_ping received 131072 bytes back
Round trip time was 219.07 milliseconds in repetition 362
tcp_ping received 131072 bytes back
Round trip time was 217.496 milliseconds in repetition 363
tcp_ping received 131072 bytes back
Round trip time was 212.19 milliseconds in repetition 364
tcp_ping received 131072 bytes back
Round trip time was 212.567 milliseconds in repetition 365
tcp_ping received 131072 bytes back
Round trip time was 211.456 milliseconds in repetition 366
tcp_ping received 131072 bytes back
Round trip time was 214.247 milliseconds in repetition 367
tcp_ping received 131072 bytes back
Round trip time was 212.287 milliseconds in repetition 368
tcp_ping received 131072 bytes back
Round trip time was 212.473 milliseconds in repetition 369
tcp_ping received 131072 bytes back
Round trip time was 213.049 milliseconds in repetition 370
tcp_ping received 131072 bytes back
Round trip time was 215.645 milliseconds in repetition 371
tcp_ping received 131072 bytes back
Round trip time was 215.616 milliseconds in repetition 372
tcp_ping received 131072 bytes back
Round trip time was 214.994 milliseconds in repetition 373
tcp_ping received 131072 bytes back
Round trip time was 212.981 milliseconds in repetition 374
tcp_ping received 131072 bytes back
Round trip time was 211.044 milliseconds in repetition 375
tcp_ping received 131072 bytes back
Round trip time was 211 milliseconds in repetition 376
tcp_ping received 131072 bytes back
Round trip time was 217.454 milliseconds in repetition 377
tcp_ping received 131072 bytes back
Round trip time was 215.256 milliseconds in repetition 378
tcp_ping received 131072 bytes back
Round trip time was 213.543 milliseconds in repetition 379
tcp_ping received 131072 bytes back
Round trip time was 215.755 milliseconds in repetition 380
tcp_ping received 131072 bytes back
Round trip time was 211.509 milliseconds in repetition 381
tcp_ping received 131072 bytes back
Round trip time was 211.275 milliseconds in repetition 382
tcp_ping received 131072 bytes back
Round trip time was 212.19 milliseconds in repetition 383
tcp_ping received 131072 bytes back
Round trip time was 211.25 milliseconds in repetition 384
tcp_ping received 131072 bytes back
Round trip time was 211.572 milliseconds in repetition 385
tcp_ping received 131072 bytes back
Round trip time was 211.453 milliseconds in repetition 386
tcp_ping received 131072 bytes back
Round trip time was 212.294 milliseconds in repetition 387
tcp_ping received 131072 bytes back
Round trip time was 214.251 milliseconds in repetition 388
tcp_ping received 131072 bytes back
Round trip time was 214.488 milliseconds in repetition 389
tcp_ping received 131072 bytes back
Round trip time was 212.744 milliseconds in repetition 390
tcp_ping received 131072 bytes back
Round trip time was 211.269 milliseconds in repetition 391
tcp_ping received 131072 bytes back
Round trip time was 211.452 milliseconds in repetition 392
tcp_ping received 131072 bytes back
Round trip time was 212.725 milliseconds in repetition 393
tcp_ping received 131072 bytes back
Round trip time was 211.301 milliseconds in repetition 394
tcp_ping received 131072 bytes back
Round trip time was 210.536 milliseconds in repetition 395
tcp_ping received 131072 bytes back
Round trip time was 213.238 milliseconds in repetition 396
tcp_ping received 131072 bytes back
Round trip time was 213.753 milliseconds in repetition 397
tcp_ping received 131072 bytes back
Round trip time was 212.015 milliseconds in repetition 398
tcp_ping received 131072 bytes back
Round trip time was 211.458 milliseconds in repetition 399
tcp_ping received 131072 bytes back
Round trip time was 212.289 milliseconds in repetition 400
tcp_ping received 131072 bytes back
Round trip time was 211.27 milliseconds in repetition 401
tcp_ping received 131072 bytes back
Round trip time was 214.252 milliseconds in repetition 402
tcp_ping received 131072 bytes back
Round trip time was 215.247 milliseconds in repetition 403
tcp_ping received 131072 bytes back
Round trip time was 218.214 milliseconds in repetition 404
tcp_ping received 131072 bytes back
Round trip time was 239.791 milliseconds in repetition 405
tcp_ping received 131072 bytes back
Round trip time was 212.012 milliseconds in repetition 406
tcp_ping received 131072 bytes back
Round trip time was 215.001 milliseconds in repetition 407
tcp_ping received 131072 bytes back
Round trip time was 219.746 milliseconds in repetition 408
tcp_ping received 131072 bytes back
Round trip time was 215.741 milliseconds in repetition 409
tcp_ping received 131072 bytes back
Round trip time was 215.283 milliseconds in repetition 410
tcp_ping received 131072 bytes back
Round trip time was 211.75 milliseconds in repetition 411
tcp_ping received 131072 bytes back
Round trip time was 220.006 milliseconds in repetition 412
tcp_ping received 131072 bytes back
Round trip time was 211.993 milliseconds in repetition 413
tcp_ping received 131072 bytes back
Round trip time was 211.272 milliseconds in repetition 414
tcp_ping received 131072 bytes back
Round trip time was 211.003 milliseconds in repetition 415
tcp_ping received 131072 bytes back
Round trip time was 210.712 milliseconds in repetition 416
tcp_ping received 131072 bytes back
Round trip time was 213.028 milliseconds in repetition 417
tcp_ping received 131072 bytes back
Round trip time was 223.532 milliseconds in repetition 418
tcp_ping received 131072 bytes back
Round trip time was 234.745 milliseconds in repetition 419
tcp_ping received 131072 bytes back
Round trip time was 213.237 milliseconds in repetition 420
tcp_ping received 131072 bytes back
Round trip time was 218.022 milliseconds in repetition 421
tcp_ping received 131072 bytes back
Round trip time was 220.467 milliseconds in repetition 422
tcp_ping received 131072 bytes back
Round trip time was 213.044 milliseconds in repetition 423
tcp_ping received 131072 bytes back
Round trip time was 211.998 milliseconds in repetition 424
tcp_ping received 131072 bytes back
Round trip time was 211.745 milliseconds in repetition 425
tcp_ping received 131072 bytes back
Round trip time was 212.763 milliseconds in repetition 426
tcp_ping received 131072 bytes back
Round trip time was 213.018 milliseconds in repetition 427
tcp_ping received 131072 bytes back
Round trip time was 218.683 milliseconds in repetition 428
tcp_ping received 131072 bytes back
Round trip time was 222.814 milliseconds in repetition 429
tcp_ping received 131072 bytes back
Round trip time was 212.738 milliseconds in repetition 430
tcp_ping received 131072 bytes back
Round trip time was 216.756 milliseconds in repetition 431
tcp_ping received 131072 bytes back
Round trip time was 230.982 milliseconds in repetition 432
tcp_ping received 131072 bytes back
Round trip time was 218.694 milliseconds in repetition 433
tcp_ping received 131072 bytes back
Round trip time was 221.293 milliseconds in repetition 434
tcp_ping received 131072 bytes back
Round trip time was 216.014 milliseconds in repetition 435
tcp_ping received 131072 bytes back
Round trip time was 210.998 milliseconds in repetition 436
tcp_ping received 131072 bytes back
Round trip time was 212.766 milliseconds in repetition 437
tcp_ping received 131072 bytes back
Round trip time was 214.233 milliseconds in repetition 438
tcp_ping received 131072 bytes back
Round trip time was 211.284 milliseconds in repetition 439
tcp_ping received 131072 bytes back
Round trip time was 214.981 milliseconds in repetition 440
tcp_ping received 131072 bytes back
Round trip time was 211.652 milliseconds in repetition 441
tcp_ping received 131072 bytes back
Round trip time was 211.621 milliseconds in repetition 442
tcp_ping received 131072 bytes back
Round trip time was 215.44 milliseconds in repetition 443
tcp_ping received 131072 bytes back
Round trip time was 215.53 milliseconds in repetition 444
tcp_ping received 131072 bytes back
Round trip time was 210.544 milliseconds in repetition 445
tcp_ping received 131072 bytes back
Round trip time was 211.002 milliseconds in repetition 446
tcp_ping received 131072 bytes back
Round trip time was 214.502 milliseconds in repetition 447
tcp_ping received 131072 bytes back
Round trip time was 214.996 milliseconds in repetition 448
tcp_ping received 131072 bytes back
Round trip time was 211.278 milliseconds in repetition 449
tcp_ping received 131072 bytes back
Round trip time was 210.982 milliseconds in repetition 450
tcp_ping received 131072 bytes back
Round trip time was 211.267 milliseconds in repetition 451
tcp_ping received 131072 bytes back
Round trip time was 214.248 milliseconds in repetition 452
tcp_ping received 131072 bytes back
Round trip time was 211.001 milliseconds in repetition 453
tcp_ping received 131072 bytes back
Round trip time was 211.698 milliseconds in repetition 454
tcp_ping received 131072 bytes back
Round trip time was 214.822 milliseconds in repetition 455
tcp_ping received 131072 bytes back
Round trip time was 215.003 milliseconds in repetition 456
tcp_ping received 131072 bytes back
Round trip time was 213.009 milliseconds in repetition 457
tcp_ping received 131072 bytes back
Round trip time was 223.71 milliseconds in repetition 458
tcp_ping received 131072 bytes back
Round trip time was 214.042 milliseconds in repetition 459
tcp_ping received 131072 bytes back
Round trip time was 210.999 milliseconds in repetition 460
tcp_ping received 131072 bytes back
Round trip time was 211.002 milliseconds in repetition 461
tcp_ping received 131072 bytes back
Round trip time was 212.763 milliseconds in repetition 462
tcp_ping received 131072 bytes back
Round trip time was 213.486 milliseconds in repetition 463
tcp_ping received 131072 bytes back
Round trip time was 211.275 milliseconds in repetition 464
tcp_ping received 131072 bytes back
Round trip time was 211.744 milliseconds in repetition 465
tcp_ping received 131072 bytes back
Round trip time was 211.644 milliseconds in repetition 466
tcp_ping received 131072 bytes back
Round trip time was 212.08 milliseconds in repetition 467
tcp_ping received 131072 bytes back
Round trip time was 214.987 milliseconds in repetition 468
tcp_ping received 131072 bytes back
Round trip time was 219.82 milliseconds in repetition 469
tcp_ping received 131072 bytes back
Round trip time was 213.955 milliseconds in repetition 470
tcp_ping received 131072 bytes back
Round trip time was 211.735 milliseconds in repetition 471
tcp_ping received 131072 bytes back
Round trip time was 213.315 milliseconds in repetition 472
tcp_ping received 131072 bytes back
Round trip time was 213.509 milliseconds in repetition 473
tcp_ping received 131072 bytes back
Round trip time was 223.258 milliseconds in repetition 474
tcp_ping received 131072 bytes back
Round trip time was 224.223 milliseconds in repetition 475
tcp_ping received 131072 bytes back
Round trip time was 234.744 milliseconds in repetition 476
tcp_ping received 131072 bytes back
Round trip time was 220.01 milliseconds in repetition 477
tcp_ping received 131072 bytes back
Round trip time was 219.26 milliseconds in repetition 478
tcp_ping received 131072 bytes back
Round trip time was 215.248 milliseconds in repetition 479
tcp_ping received 131072 bytes back
Round trip time was 229.76 milliseconds in repetition 480
tcp_ping received 131072 bytes back
Round trip time was 221.439 milliseconds in repetition 481
tcp_ping received 131072 bytes back
Round trip time was 213.515 milliseconds in repetition 482
tcp_ping received 131072 bytes back
Round trip time was 220.254 milliseconds in repetition 483
tcp_ping received 131072 bytes back
Round trip time was 214.517 milliseconds in repetition 484
tcp_ping received 131072 bytes back
Round trip time was 261.805 milliseconds in repetition 485
tcp_ping received 131072 bytes back
Round trip time was 254.248 milliseconds in repetition 486
tcp_ping received 131072 bytes back
Round trip time was 215.269 milliseconds in repetition 487
tcp_ping received 131072 bytes back
Round trip time was 269.488 milliseconds in repetition 488
tcp_ping received 131072 bytes back
Round trip time was 233.258 milliseconds in repetition 489
tcp_ping received 131072 bytes back
Round trip time was 284.497 milliseconds in repetition 490
tcp_ping received 131072 bytes back
Round trip time was 231.225 milliseconds in repetition 491
tcp_ping received 131072 bytes back
Round trip time was 226.035 milliseconds in repetition 492
tcp_ping received 131072 bytes back
Round trip time was 212.768 milliseconds in repetition 493
tcp_ping received 131072 bytes back
Round trip time was 211.273 milliseconds in repetition 494
tcp_ping received 131072 bytes back
Round trip time was 211.251 milliseconds in repetition 495
tcp_ping received 131072 bytes back
Round trip time was 216.482 milliseconds in repetition 496
tcp_ping received 131072 bytes back
Round trip time was 216.016 milliseconds in repetition 497
tcp_ping received 131072 bytes back
Round trip time was 214.499 milliseconds in repetition 498
tcp_ping received 131072 bytes back
Round trip time was 212.02 milliseconds in repetition 499
tcp_ping received 131072 bytes back
Round trip time was 211.002 milliseconds in repetition 500
tcp_ping received 131072 bytes back
Round trip time was 211.95 milliseconds in repetition 501

 ... clock resolution was 1e-06
TCP Ping:  Statistics over 501 repetitions of 131072 byte messages

RTT : percentile 10: 210.996, median: 211.994, percentile 90: 223.992, average: 217.847, variance: 937.949

RTT histogram:
210.258 450
237.618 38
264.979 6
292.34 2
319.7 1
347.061 0
374.421 1
401.782 0
429.142 2
456.503 0
483.863 0
511.224 0
538.584 0
565.945 0
593.306 0
620.666 0
648.027 0
675.387 0
702.748 0
730.108 0
757.469 1

   median Throughput : 1236.56 KB/s   overall Throughput : 1203.34 KB/s

