TCP Ping trying to connect to server seti.dibris.unige.it (130.251.61.30) on port 1491
 ... connected to Pong server: asking for 501 repetitions of 2048 bytes TCP messages
 ... Pong server agreed :-)
tcp_ping received 2048 bytes back
Round trip time was 50.229 milliseconds in repetition 1
tcp_ping received 2048 bytes back
Round trip time was 32.4925 milliseconds in repetition 2
tcp_ping received 2048 bytes back
Round trip time was 31.6869 milliseconds in repetition 3
tcp_ping received 2048 bytes back
Round trip time was 31.7925 milliseconds in repetition 4
tcp_ping received 2048 bytes back
Round trip time was 31.5392 milliseconds in repetition 5
tcp_ping received 2048 bytes back
Round trip time was 32.4521 milliseconds in repetition 6
tcp_ping received 2048 bytes back
Round trip time was 32.2323 milliseconds in repetition 7
tcp_ping received 2048 bytes back
Round trip time was 31.4795 milliseconds in repetition 8
tcp_ping received 2048 bytes back
Round trip time was 32.3117 milliseconds in repetition 9
tcp_ping received 2048 bytes back
Round trip time was 31.4574 milliseconds in repetition 10
tcp_ping received 2048 bytes back
Round trip time was 31.949 milliseconds in repetition 11
tcp_ping received 2048 bytes back
Round trip time was 36.56 milliseconds in repetition 12
tcp_ping received 2048 bytes back
Round trip time was 32.3054 milliseconds in repetition 13
tcp_ping received 2048 bytes back
Round trip time was 31.8746 milliseconds in repetition 14
tcp_ping received 2048 bytes back
Round trip time was 32.0059 milliseconds in repetition 15
tcp_ping received 2048 bytes back
Round trip time was 31.8105 milliseconds in repetition 16
tcp_ping received 2048 bytes back
Round trip time was 31.5525 milliseconds in repetition 17
tcp_ping received 2048 bytes back
Round trip time was 30.7085 milliseconds in repetition 18
tcp_ping received 2048 bytes back
Round trip time was 30.6974 milliseconds in repetition 19
tcp_ping received 2048 bytes back
Round trip time was 30.5633 milliseconds in repetition 20
tcp_ping received 2048 bytes back
Round trip time was 30.447 milliseconds in repetition 21
tcp_ping received 2048 bytes back
Round trip time was 30.8691 milliseconds in repetition 22
tcp_ping received 2048 bytes back
Round trip time was 30.3146 milliseconds in repetition 23
tcp_ping received 2048 bytes back
Round trip time was 30.2723 milliseconds in repetition 24
tcp_ping received 2048 bytes back
Round trip time was 30.7125 milliseconds in repetition 25
tcp_ping received 2048 bytes back
Round trip time was 30.9312 milliseconds in repetition 26
tcp_ping received 2048 bytes back
Round trip time was 33.5908 milliseconds in repetition 27
tcp_ping received 2048 bytes back
Round trip time was 30.5145 milliseconds in repetition 28
tcp_ping received 2048 bytes back
Round trip time was 30.4381 milliseconds in repetition 29
tcp_ping received 2048 bytes back
Round trip time was 30.7004 milliseconds in repetition 30
tcp_ping received 2048 bytes back
Round trip time was 30.2663 milliseconds in repetition 31
tcp_ping received 2048 bytes back
Round trip time was 30.228 milliseconds in repetition 32
tcp_ping received 2048 bytes back
Round trip time was 31.0164 milliseconds in repetition 33
tcp_ping received 2048 bytes back
Round trip time was 30.2447 milliseconds in repetition 34
tcp_ping received 2048 bytes back
Round trip time was 30.718 milliseconds in repetition 35
tcp_ping received 2048 bytes back
Round trip time was 30.1068 milliseconds in repetition 36
tcp_ping received 2048 bytes back
Round trip time was 30.439 milliseconds in repetition 37
tcp_ping received 2048 bytes back
Round trip time was 30.1951 milliseconds in repetition 38
tcp_ping received 2048 bytes back
Round trip time was 30.6088 milliseconds in repetition 39
tcp_ping received 2048 bytes back
Round trip time was 30.2459 milliseconds in repetition 40
tcp_ping received 2048 bytes back
Round trip time was 30.4402 milliseconds in repetition 41
tcp_ping received 2048 bytes back
Round trip time was 30.2898 milliseconds in repetition 42
tcp_ping received 2048 bytes back
Round trip time was 30.2493 milliseconds in repetition 43
tcp_ping received 2048 bytes back
Round trip time was 30.2161 milliseconds in repetition 44
tcp_ping received 2048 bytes back
Round trip time was 34.9688 milliseconds in repetition 45
tcp_ping received 2048 bytes back
Round trip time was 30.4024 milliseconds in repetition 46
tcp_ping received 2048 bytes back
Round trip time was 30.2243 milliseconds in repetition 47
tcp_ping received 2048 bytes back
Round trip time was 30.3347 milliseconds in repetition 48
tcp_ping received 2048 bytes back
Round trip time was 30.5349 milliseconds in repetition 49
tcp_ping received 2048 bytes back
Round trip time was 30.7725 milliseconds in repetition 50
tcp_ping received 2048 bytes back
Round trip time was 30.4819 milliseconds in repetition 51
tcp_ping received 2048 bytes back
Round trip time was 30.4235 milliseconds in repetition 52
tcp_ping received 2048 bytes back
Round trip time was 30.2144 milliseconds in repetition 53
tcp_ping received 2048 bytes back
Round trip time was 30.7196 milliseconds in repetition 54
tcp_ping received 2048 bytes back
Round trip time was 30.5474 milliseconds in repetition 55
tcp_ping received 2048 bytes back
Round trip time was 30.7298 milliseconds in repetition 56
tcp_ping received 2048 bytes back
Round trip time was 30.9753 milliseconds in repetition 57
tcp_ping received 2048 bytes back
Round trip time was 31.0443 milliseconds in repetition 58
tcp_ping received 2048 bytes back
Round trip time was 30.5209 milliseconds in repetition 59
tcp_ping received 2048 bytes back
Round trip time was 30.4125 milliseconds in repetition 60
tcp_ping received 2048 bytes back
Round trip time was 30.0796 milliseconds in repetition 61
tcp_ping received 2048 bytes back
Round trip time was 30.4356 milliseconds in repetition 62
tcp_ping received 2048 bytes back
Round trip time was 30.9587 milliseconds in repetition 63
tcp_ping received 2048 bytes back
Round trip time was 30.3145 milliseconds in repetition 64
tcp_ping received 2048 bytes back
Round trip time was 30.722 milliseconds in repetition 65
tcp_ping received 2048 bytes back
Round trip time was 30.94 milliseconds in repetition 66
tcp_ping received 2048 bytes back
Round trip time was 31.0481 milliseconds in repetition 67
tcp_ping received 2048 bytes back
Round trip time was 31.6862 milliseconds in repetition 68
tcp_ping received 2048 bytes back
Round trip time was 30.3243 milliseconds in repetition 69
tcp_ping received 2048 bytes back
Round trip time was 30.207 milliseconds in repetition 70
tcp_ping received 2048 bytes back
Round trip time was 30.7246 milliseconds in repetition 71
tcp_ping received 2048 bytes back
Round trip time was 30.8138 milliseconds in repetition 72
tcp_ping received 2048 bytes back
Round trip time was 29.9851 milliseconds in repetition 73
tcp_ping received 2048 bytes back
Round trip time was 30.6971 milliseconds in repetition 74
tcp_ping received 2048 bytes back
Round trip time was 30.2742 milliseconds in repetition 75
tcp_ping received 2048 bytes back
Round trip time was 31.2611 milliseconds in repetition 76
tcp_ping received 2048 bytes back
Round trip time was 30.4441 milliseconds in repetition 77
tcp_ping received 2048 bytes back
Round trip time was 30.5314 milliseconds in repetition 78
tcp_ping received 2048 bytes back
Round trip time was 30.4159 milliseconds in repetition 79
tcp_ping received 2048 bytes back
Round trip time was 30.2217 milliseconds in repetition 80
tcp_ping received 2048 bytes back
Round trip time was 30.5855 milliseconds in repetition 81
tcp_ping received 2048 bytes back
Round trip time was 30.2354 milliseconds in repetition 82
tcp_ping received 2048 bytes back
Round trip time was 30.4171 milliseconds in repetition 83
tcp_ping received 2048 bytes back
Round trip time was 30.5595 milliseconds in repetition 84
tcp_ping received 2048 bytes back
Round trip time was 30.7178 milliseconds in repetition 85
tcp_ping received 2048 bytes back
Round trip time was 30.2875 milliseconds in repetition 86
tcp_ping received 2048 bytes back
Round trip time was 30.6677 milliseconds in repetition 87
tcp_ping received 2048 bytes back
Round trip time was 30.6109 milliseconds in repetition 88
tcp_ping received 2048 bytes back
Round trip time was 30.7887 milliseconds in repetition 89
tcp_ping received 2048 bytes back
Round trip time was 30.558 milliseconds in repetition 90
tcp_ping received 2048 bytes back
Round trip time was 30.2711 milliseconds in repetition 91
tcp_ping received 2048 bytes back
Round trip time was 30.8228 milliseconds in repetition 92
tcp_ping received 2048 bytes back
Round trip time was 30.1946 milliseconds in repetition 93
tcp_ping received 2048 bytes back
Round trip time was 30.6948 milliseconds in repetition 94
tcp_ping received 2048 bytes back
Round trip time was 30.4958 milliseconds in repetition 95
tcp_ping received 2048 bytes back
Round trip time was 30.439 milliseconds in repetition 96
tcp_ping received 2048 bytes back
Round trip time was 30.2467 milliseconds in repetition 97
tcp_ping received 2048 bytes back
Round trip time was 30.5842 milliseconds in repetition 98
tcp_ping received 2048 bytes back
Round trip time was 30.5293 milliseconds in repetition 99
tcp_ping received 2048 bytes back
Round trip time was 30.7421 milliseconds in repetition 100
tcp_ping received 2048 bytes back
Round trip time was 30.7047 milliseconds in repetition 101
tcp_ping received 2048 bytes back
Round trip time was 30.0888 milliseconds in repetition 102
tcp_ping received 2048 bytes back
Round trip time was 30.6709 milliseconds in repetition 103
tcp_ping received 2048 bytes back
Round trip time was 30.7378 milliseconds in repetition 104
tcp_ping received 2048 bytes back
Round trip time was 32.1572 milliseconds in repetition 105
tcp_ping received 2048 bytes back
Round trip time was 30.3116 milliseconds in repetition 106
tcp_ping received 2048 bytes back
Round trip time was 30.3703 milliseconds in repetition 107
tcp_ping received 2048 bytes back
Round trip time was 30.1186 milliseconds in repetition 108
tcp_ping received 2048 bytes back
Round trip time was 30.4427 milliseconds in repetition 109
tcp_ping received 2048 bytes back
Round trip time was 30.5917 milliseconds in repetition 110
tcp_ping received 2048 bytes back
Round trip time was 30.2024 milliseconds in repetition 111
tcp_ping received 2048 bytes back
Round trip time was 30.2786 milliseconds in repetition 112
tcp_ping received 2048 bytes back
Round trip time was 31.2884 milliseconds in repetition 113
tcp_ping received 2048 bytes back
Round trip time was 30.2631 milliseconds in repetition 114
tcp_ping received 2048 bytes back
Round trip time was 30.8958 milliseconds in repetition 115
tcp_ping received 2048 bytes back
Round trip time was 30.5095 milliseconds in repetition 116
tcp_ping received 2048 bytes back
Round trip time was 30.4301 milliseconds in repetition 117
tcp_ping received 2048 bytes back
Round trip time was 30.0555 milliseconds in repetition 118
tcp_ping received 2048 bytes back
Round trip time was 30.7603 milliseconds in repetition 119
tcp_ping received 2048 bytes back
Round trip time was 30.2461 milliseconds in repetition 120
tcp_ping received 2048 bytes back
Round trip time was 31.014 milliseconds in repetition 121
tcp_ping received 2048 bytes back
Round trip time was 30.8262 milliseconds in repetition 122
tcp_ping received 2048 bytes back
Round trip time was 31.3292 milliseconds in repetition 123
tcp_ping received 2048 bytes back
Round trip time was 30.808 milliseconds in repetition 124
tcp_ping received 2048 bytes back
Round trip time was 30.7611 milliseconds in repetition 125
tcp_ping received 2048 bytes back
Round trip time was 30.5075 milliseconds in repetition 126
tcp_ping received 2048 bytes back
Round trip time was 30.3147 milliseconds in repetition 127
tcp_ping received 2048 bytes back
Round trip time was 30.2689 milliseconds in repetition 128
tcp_ping received 2048 bytes back
Round trip time was 34.6557 milliseconds in repetition 129
tcp_ping received 2048 bytes back
Round trip time was 30.6967 milliseconds in repetition 130
tcp_ping received 2048 bytes back
Round trip time was 31.2808 milliseconds in repetition 131
tcp_ping received 2048 bytes back
Round trip time was 30.7026 milliseconds in repetition 132
tcp_ping received 2048 bytes back
Round trip time was 30.5236 milliseconds in repetition 133
tcp_ping received 2048 bytes back
Round trip time was 30.7031 milliseconds in repetition 134
tcp_ping received 2048 bytes back
Round trip time was 30.5357 milliseconds in repetition 135
tcp_ping received 2048 bytes back
Round trip time was 30.4026 milliseconds in repetition 136
tcp_ping received 2048 bytes back
Round trip time was 30.2386 milliseconds in repetition 137
tcp_ping received 2048 bytes back
Round trip time was 31.0299 milliseconds in repetition 138
tcp_ping received 2048 bytes back
Round trip time was 30.5424 milliseconds in repetition 139
tcp_ping received 2048 bytes back
Round trip time was 30.404 milliseconds in repetition 140
tcp_ping received 2048 bytes back
Round trip time was 30.8277 milliseconds in repetition 141
tcp_ping received 2048 bytes back
Round trip time was 30.4334 milliseconds in repetition 142
tcp_ping received 2048 bytes back
Round trip time was 30.2301 milliseconds in repetition 143
tcp_ping received 2048 bytes back
Round trip time was 30.582 milliseconds in repetition 144
tcp_ping received 2048 bytes back
Round trip time was 30.2482 milliseconds in repetition 145
tcp_ping received 2048 bytes back
Round trip time was 30.7368 milliseconds in repetition 146
tcp_ping received 2048 bytes back
Round trip time was 30.6623 milliseconds in repetition 147
tcp_ping received 2048 bytes back
Round trip time was 31.0652 milliseconds in repetition 148
tcp_ping received 2048 bytes back
Round trip time was 31.5535 milliseconds in repetition 149
tcp_ping received 2048 bytes back
Round trip time was 30.5911 milliseconds in repetition 150
tcp_ping received 2048 bytes back
Round trip time was 30.8369 milliseconds in repetition 151
tcp_ping received 2048 bytes back
Round trip time was 30.2922 milliseconds in repetition 152
tcp_ping received 2048 bytes back
Round trip time was 30.2644 milliseconds in repetition 153
tcp_ping received 2048 bytes back
Round trip time was 30.7078 milliseconds in repetition 154
tcp_ping received 2048 bytes back
Round trip time was 38.5189 milliseconds in repetition 155
tcp_ping received 2048 bytes back
Round trip time was 30.6932 milliseconds in repetition 156
tcp_ping received 2048 bytes back
Round trip time was 30.7021 milliseconds in repetition 157
tcp_ping received 2048 bytes back
Round trip time was 30.5668 milliseconds in repetition 158
tcp_ping received 2048 bytes back
Round trip time was 30.7134 milliseconds in repetition 159
tcp_ping received 2048 bytes back
Round trip time was 30.5286 milliseconds in repetition 160
tcp_ping received 2048 bytes back
Round trip time was 30.6906 milliseconds in repetition 161
tcp_ping received 2048 bytes back
Round trip time was 30.552 milliseconds in repetition 162
tcp_ping received 2048 bytes back
Round trip time was 30.4361 milliseconds in repetition 163
tcp_ping received 2048 bytes back
Round trip time was 30.2474 milliseconds in repetition 164
tcp_ping received 2048 bytes back
Round trip time was 30.6898 milliseconds in repetition 165
tcp_ping received 2048 bytes back
Round trip time was 31.0552 milliseconds in repetition 166
tcp_ping received 2048 bytes back
Round trip time was 30.2155 milliseconds in repetition 167
tcp_ping received 2048 bytes back
Round trip time was 30.2185 milliseconds in repetition 168
tcp_ping received 2048 bytes back
Round trip time was 30.5766 milliseconds in repetition 169
tcp_ping received 2048 bytes back
Round trip time was 30.2384 milliseconds in repetition 170
tcp_ping received 2048 bytes back
Round trip time was 30.4397 milliseconds in repetition 171
tcp_ping received 2048 bytes back
Round trip time was 30.2217 milliseconds in repetition 172
tcp_ping received 2048 bytes back
Round trip time was 30.5868 milliseconds in repetition 173
tcp_ping received 2048 bytes back
Round trip time was 30.2459 milliseconds in repetition 174
tcp_ping received 2048 bytes back
Round trip time was 30.4435 milliseconds in repetition 175
tcp_ping received 2048 bytes back
Round trip time was 30.289 milliseconds in repetition 176
tcp_ping received 2048 bytes back
Round trip time was 30.2025 milliseconds in repetition 177
tcp_ping received 2048 bytes back
Round trip time was 30.2843 milliseconds in repetition 178
tcp_ping received 2048 bytes back
Round trip time was 30.6699 milliseconds in repetition 179
tcp_ping received 2048 bytes back
Round trip time was 30.2859 milliseconds in repetition 180
tcp_ping received 2048 bytes back
Round trip time was 30.2412 milliseconds in repetition 181
tcp_ping received 2048 bytes back
Round trip time was 30.7191 milliseconds in repetition 182
tcp_ping received 2048 bytes back
Round trip time was 30.5367 milliseconds in repetition 183
tcp_ping received 2048 bytes back
Round trip time was 30.4203 milliseconds in repetition 184
tcp_ping received 2048 bytes back
Round trip time was 30.2496 milliseconds in repetition 185
tcp_ping received 2048 bytes back
Round trip time was 30.5803 milliseconds in repetition 186
tcp_ping received 2048 bytes back
Round trip time was 30.2593 milliseconds in repetition 187
tcp_ping received 2048 bytes back
Round trip time was 30.4208 milliseconds in repetition 188
tcp_ping received 2048 bytes back
Round trip time was 30.2195 milliseconds in repetition 189
tcp_ping received 2048 bytes back
Round trip time was 30.5887 milliseconds in repetition 190
tcp_ping received 2048 bytes back
Round trip time was 30.2353 milliseconds in repetition 191
tcp_ping received 2048 bytes back
Round trip time was 30.4427 milliseconds in repetition 192
tcp_ping received 2048 bytes back
Round trip time was 30.5279 milliseconds in repetition 193
tcp_ping received 2048 bytes back
Round trip time was 30.7207 milliseconds in repetition 194
tcp_ping received 2048 bytes back
Round trip time was 30.7297 milliseconds in repetition 195
tcp_ping received 2048 bytes back
Round trip time was 30.5279 milliseconds in repetition 196
tcp_ping received 2048 bytes back
Round trip time was 30.6695 milliseconds in repetition 197
tcp_ping received 2048 bytes back
Round trip time was 30.5757 milliseconds in repetition 198
tcp_ping received 2048 bytes back
Round trip time was 30.7232 milliseconds in repetition 199
tcp_ping received 2048 bytes back
Round trip time was 30.6647 milliseconds in repetition 200
tcp_ping received 2048 bytes back
Round trip time was 30.2946 milliseconds in repetition 201
tcp_ping received 2048 bytes back
Round trip time was 30.2432 milliseconds in repetition 202
tcp_ping received 2048 bytes back
Round trip time was 30.7235 milliseconds in repetition 203
tcp_ping received 2048 bytes back
Round trip time was 30.8511 milliseconds in repetition 204
tcp_ping received 2048 bytes back
Round trip time was 30.439 milliseconds in repetition 205
tcp_ping received 2048 bytes back
Round trip time was 30.4258 milliseconds in repetition 206
tcp_ping received 2048 bytes back
Round trip time was 30.5077 milliseconds in repetition 207
tcp_ping received 2048 bytes back
Round trip time was 30.5662 milliseconds in repetition 208
tcp_ping received 2048 bytes back
Round trip time was 30.7337 milliseconds in repetition 209
tcp_ping received 2048 bytes back
Round trip time was 30.5419 milliseconds in repetition 210
tcp_ping received 2048 bytes back
Round trip time was 30.2712 milliseconds in repetition 211
tcp_ping received 2048 bytes back
Round trip time was 30.6878 milliseconds in repetition 212
tcp_ping received 2048 bytes back
Round trip time was 30.7291 milliseconds in repetition 213
tcp_ping received 2048 bytes back
Round trip time was 30.4382 milliseconds in repetition 214
tcp_ping received 2048 bytes back
Round trip time was 30.825 milliseconds in repetition 215
tcp_ping received 2048 bytes back
Round trip time was 30.7175 milliseconds in repetition 216
tcp_ping received 2048 bytes back
Round trip time was 30.5442 milliseconds in repetition 217
tcp_ping received 2048 bytes back
Round trip time was 30.7247 milliseconds in repetition 218
tcp_ping received 2048 bytes back
Round trip time was 30.5378 milliseconds in repetition 219
tcp_ping received 2048 bytes back
Round trip time was 30.3832 milliseconds in repetition 220
tcp_ping received 2048 bytes back
Round trip time was 30.2004 milliseconds in repetition 221
tcp_ping received 2048 bytes back
Round trip time was 30.599 milliseconds in repetition 222
tcp_ping received 2048 bytes back
Round trip time was 30.8277 milliseconds in repetition 223
tcp_ping received 2048 bytes back
Round trip time was 30.5636 milliseconds in repetition 224
tcp_ping received 2048 bytes back
Round trip time was 30.5698 milliseconds in repetition 225
tcp_ping received 2048 bytes back
Round trip time was 30.7295 milliseconds in repetition 226
tcp_ping received 2048 bytes back
Round trip time was 30.9426 milliseconds in repetition 227
tcp_ping received 2048 bytes back
Round trip time was 30.6083 milliseconds in repetition 228
tcp_ping received 2048 bytes back
Round trip time was 30.836 milliseconds in repetition 229
tcp_ping received 2048 bytes back
Round trip time was 30.1262 milliseconds in repetition 230
tcp_ping received 2048 bytes back
Round trip time was 30.2437 milliseconds in repetition 231
tcp_ping received 2048 bytes back
Round trip time was 30.7185 milliseconds in repetition 232
tcp_ping received 2048 bytes back
Round trip time was 30.5335 milliseconds in repetition 233
tcp_ping received 2048 bytes back
Round trip time was 30.3965 milliseconds in repetition 234
tcp_ping received 2048 bytes back
Round trip time was 30.2427 milliseconds in repetition 235
tcp_ping received 2048 bytes back
Round trip time was 30.3181 milliseconds in repetition 236
tcp_ping received 2048 bytes back
Round trip time was 30.7543 milliseconds in repetition 237
tcp_ping received 2048 bytes back
Round trip time was 30.8765 milliseconds in repetition 238
tcp_ping received 2048 bytes back
Round trip time was 30.54 milliseconds in repetition 239
tcp_ping received 2048 bytes back
Round trip time was 30.7842 milliseconds in repetition 240
tcp_ping received 2048 bytes back
Round trip time was 30.2935 milliseconds in repetition 241
tcp_ping received 2048 bytes back
Round trip time was 30.5125 milliseconds in repetition 242
tcp_ping received 2048 bytes back
Round trip time was 30.4631 milliseconds in repetition 243
tcp_ping received 2048 bytes back
Round trip time was 30.5212 milliseconds in repetition 244
tcp_ping received 2048 bytes back
Round trip time was 30.3839 milliseconds in repetition 245
tcp_ping received 2048 bytes back
Round trip time was 30.2422 milliseconds in repetition 246
tcp_ping received 2048 bytes back
Round trip time was 30.714 milliseconds in repetition 247
tcp_ping received 2048 bytes back
Round trip time was 30.1367 milliseconds in repetition 248
tcp_ping received 2048 bytes back
Round trip time was 30.3992 milliseconds in repetition 249
tcp_ping received 2048 bytes back
Round trip time was 30.2361 milliseconds in repetition 250
tcp_ping received 2048 bytes back
Round trip time was 30.6131 milliseconds in repetition 251
tcp_ping received 2048 bytes back
Round trip time was 30.2424 milliseconds in repetition 252
tcp_ping received 2048 bytes back
Round trip time was 30.3963 milliseconds in repetition 253
tcp_ping received 2048 bytes back
Round trip time was 30.2419 milliseconds in repetition 254
tcp_ping received 2048 bytes back
Round trip time was 30.5752 milliseconds in repetition 255
tcp_ping received 2048 bytes back
Round trip time was 30.4715 milliseconds in repetition 256
tcp_ping received 2048 bytes back
Round trip time was 30.7318 milliseconds in repetition 257
tcp_ping received 2048 bytes back
Round trip time was 31.5627 milliseconds in repetition 258
tcp_ping received 2048 bytes back
Round trip time was 30.2425 milliseconds in repetition 259
tcp_ping received 2048 bytes back
Round trip time was 30.4114 milliseconds in repetition 260
tcp_ping received 2048 bytes back
Round trip time was 30.2279 milliseconds in repetition 261
tcp_ping received 2048 bytes back
Round trip time was 30.5906 milliseconds in repetition 262
tcp_ping received 2048 bytes back
Round trip time was 30.2304 milliseconds in repetition 263
tcp_ping received 2048 bytes back
Round trip time was 30.4162 milliseconds in repetition 264
tcp_ping received 2048 bytes back
Round trip time was 30.2129 milliseconds in repetition 265
tcp_ping received 2048 bytes back
Round trip time was 30.6091 milliseconds in repetition 266
tcp_ping received 2048 bytes back
Round trip time was 30.2216 milliseconds in repetition 267
tcp_ping received 2048 bytes back
Round trip time was 30.4305 milliseconds in repetition 268
tcp_ping received 2048 bytes back
Round trip time was 30.2305 milliseconds in repetition 269
tcp_ping received 2048 bytes back
Round trip time was 31.3504 milliseconds in repetition 270
tcp_ping received 2048 bytes back
Round trip time was 30.6709 milliseconds in repetition 271
tcp_ping received 2048 bytes back
Round trip time was 32.495 milliseconds in repetition 272
tcp_ping received 2048 bytes back
Round trip time was 30.213 milliseconds in repetition 273
tcp_ping received 2048 bytes back
Round trip time was 30.5882 milliseconds in repetition 274
tcp_ping received 2048 bytes back
Round trip time was 30.2365 milliseconds in repetition 275
tcp_ping received 2048 bytes back
Round trip time was 30.4359 milliseconds in repetition 276
tcp_ping received 2048 bytes back
Round trip time was 30.2873 milliseconds in repetition 277
tcp_ping received 2048 bytes back
Round trip time was 30.25 milliseconds in repetition 278
tcp_ping received 2048 bytes back
Round trip time was 31.4544 milliseconds in repetition 279
tcp_ping received 2048 bytes back
Round trip time was 30.9543 milliseconds in repetition 280
tcp_ping received 2048 bytes back
Round trip time was 30.5876 milliseconds in repetition 281
tcp_ping received 2048 bytes back
Round trip time was 30.2504 milliseconds in repetition 282
tcp_ping received 2048 bytes back
Round trip time was 30.7158 milliseconds in repetition 283
tcp_ping received 2048 bytes back
Round trip time was 30.6531 milliseconds in repetition 284
tcp_ping received 2048 bytes back
Round trip time was 30.3022 milliseconds in repetition 285
tcp_ping received 2048 bytes back
Round trip time was 30.9779 milliseconds in repetition 286
tcp_ping received 2048 bytes back
Round trip time was 30.2899 milliseconds in repetition 287
tcp_ping received 2048 bytes back
Round trip time was 30.2408 milliseconds in repetition 288
tcp_ping received 2048 bytes back
Round trip time was 30.7187 milliseconds in repetition 289
tcp_ping received 2048 bytes back
Round trip time was 30.9659 milliseconds in repetition 290
tcp_ping received 2048 bytes back
Round trip time was 30.3397 milliseconds in repetition 291
tcp_ping received 2048 bytes back
Round trip time was 30.2206 milliseconds in repetition 292
tcp_ping received 2048 bytes back
Round trip time was 30.7168 milliseconds in repetition 293
tcp_ping received 2048 bytes back
Round trip time was 30.5255 milliseconds in repetition 294
tcp_ping received 2048 bytes back
Round trip time was 30.4166 milliseconds in repetition 295
tcp_ping received 2048 bytes back
Round trip time was 30.0995 milliseconds in repetition 296
tcp_ping received 2048 bytes back
Round trip time was 30.7191 milliseconds in repetition 297
tcp_ping received 2048 bytes back
Round trip time was 30.4204 milliseconds in repetition 298
tcp_ping received 2048 bytes back
Round trip time was 30.8509 milliseconds in repetition 299
tcp_ping received 2048 bytes back
Round trip time was 30.4361 milliseconds in repetition 300
tcp_ping received 2048 bytes back
Round trip time was 30.9517 milliseconds in repetition 301
tcp_ping received 2048 bytes back
Round trip time was 30.5906 milliseconds in repetition 302
tcp_ping received 2048 bytes back
Round trip time was 30.6917 milliseconds in repetition 303
tcp_ping received 2048 bytes back
Round trip time was 30.2867 milliseconds in repetition 304
tcp_ping received 2048 bytes back
Round trip time was 30.6886 milliseconds in repetition 305
tcp_ping received 2048 bytes back
Round trip time was 31.1995 milliseconds in repetition 306
tcp_ping received 2048 bytes back
Round trip time was 30.8139 milliseconds in repetition 307
tcp_ping received 2048 bytes back
Round trip time was 30.304 milliseconds in repetition 308
tcp_ping received 2048 bytes back
Round trip time was 30.1904 milliseconds in repetition 309
tcp_ping received 2048 bytes back
Round trip time was 30.7099 milliseconds in repetition 310
tcp_ping received 2048 bytes back
Round trip time was 30.7112 milliseconds in repetition 311
tcp_ping received 2048 bytes back
Round trip time was 30.5777 milliseconds in repetition 312
tcp_ping received 2048 bytes back
Round trip time was 30.9645 milliseconds in repetition 313
tcp_ping received 2048 bytes back
Round trip time was 30.7261 milliseconds in repetition 314
tcp_ping received 2048 bytes back
Round trip time was 30.4466 milliseconds in repetition 315
tcp_ping received 2048 bytes back
Round trip time was 31.5142 milliseconds in repetition 316
tcp_ping received 2048 bytes back
Round trip time was 30.9581 milliseconds in repetition 317
tcp_ping received 2048 bytes back
Round trip time was 30.7763 milliseconds in repetition 318
tcp_ping received 2048 bytes back
Round trip time was 30.5278 milliseconds in repetition 319
tcp_ping received 2048 bytes back
Round trip time was 30.828 milliseconds in repetition 320
tcp_ping received 2048 bytes back
Round trip time was 30.2947 milliseconds in repetition 321
tcp_ping received 2048 bytes back
Round trip time was 30.1372 milliseconds in repetition 322
tcp_ping received 2048 bytes back
Round trip time was 30.6854 milliseconds in repetition 323
tcp_ping received 2048 bytes back
Round trip time was 30.7693 milliseconds in repetition 324
tcp_ping received 2048 bytes back
Round trip time was 30.5275 milliseconds in repetition 325
tcp_ping received 2048 bytes back
Round trip time was 30.5432 milliseconds in repetition 326
tcp_ping received 2048 bytes back
Round trip time was 30.3832 milliseconds in repetition 327
tcp_ping received 2048 bytes back
Round trip time was 30.1105 milliseconds in repetition 328
tcp_ping received 2048 bytes back
Round trip time was 30.4575 milliseconds in repetition 329
tcp_ping received 2048 bytes back
Round trip time was 30.5155 milliseconds in repetition 330
tcp_ping received 2048 bytes back
Round trip time was 30.3902 milliseconds in repetition 331
tcp_ping received 2048 bytes back
Round trip time was 30.5799 milliseconds in repetition 332
tcp_ping received 2048 bytes back
Round trip time was 30.7001 milliseconds in repetition 333
tcp_ping received 2048 bytes back
Round trip time was 30.5496 milliseconds in repetition 334
tcp_ping received 2048 bytes back
Round trip time was 30.3822 milliseconds in repetition 335
tcp_ping received 2048 bytes back
Round trip time was 30.1044 milliseconds in repetition 336
tcp_ping received 2048 bytes back
Round trip time was 30.7434 milliseconds in repetition 337
tcp_ping received 2048 bytes back
Round trip time was 30.2263 milliseconds in repetition 338
tcp_ping received 2048 bytes back
Round trip time was 30.3968 milliseconds in repetition 339
tcp_ping received 2048 bytes back
Round trip time was 30.3191 milliseconds in repetition 340
tcp_ping received 2048 bytes back
Round trip time was 30.2222 milliseconds in repetition 341
tcp_ping received 2048 bytes back
Round trip time was 30.6903 milliseconds in repetition 342
tcp_ping received 2048 bytes back
Round trip time was 30.5895 milliseconds in repetition 343
tcp_ping received 2048 bytes back
Round trip time was 30.7001 milliseconds in repetition 344
tcp_ping received 2048 bytes back
Round trip time was 39.5191 milliseconds in repetition 345
tcp_ping received 2048 bytes back
Round trip time was 30.4575 milliseconds in repetition 346
tcp_ping received 2048 bytes back
Round trip time was 30.5232 milliseconds in repetition 347
tcp_ping received 2048 bytes back
Round trip time was 32.1946 milliseconds in repetition 348
tcp_ping received 2048 bytes back
Round trip time was 30.227 milliseconds in repetition 349
tcp_ping received 2048 bytes back
Round trip time was 30.6217 milliseconds in repetition 350
tcp_ping received 2048 bytes back
Round trip time was 30.6848 milliseconds in repetition 351
tcp_ping received 2048 bytes back
Round trip time was 30.6758 milliseconds in repetition 352
tcp_ping received 2048 bytes back
Round trip time was 30.5475 milliseconds in repetition 353
tcp_ping received 2048 bytes back
Round trip time was 30.7158 milliseconds in repetition 354
tcp_ping received 2048 bytes back
Round trip time was 30.5215 milliseconds in repetition 355
tcp_ping received 2048 bytes back
Round trip time was 30.4044 milliseconds in repetition 356
tcp_ping received 2048 bytes back
Round trip time was 30.1004 milliseconds in repetition 357
tcp_ping received 2048 bytes back
Round trip time was 30.4815 milliseconds in repetition 358
tcp_ping received 2048 bytes back
Round trip time was 30.5174 milliseconds in repetition 359
tcp_ping received 2048 bytes back
Round trip time was 30.3922 milliseconds in repetition 360
tcp_ping received 2048 bytes back
Round trip time was 30.548 milliseconds in repetition 361
tcp_ping received 2048 bytes back
Round trip time was 31.4489 milliseconds in repetition 362
tcp_ping received 2048 bytes back
Round trip time was 30.2449 milliseconds in repetition 363
tcp_ping received 2048 bytes back
Round trip time was 30.6146 milliseconds in repetition 364
tcp_ping received 2048 bytes back
Round trip time was 30.6972 milliseconds in repetition 365
tcp_ping received 2048 bytes back
Round trip time was 30.6782 milliseconds in repetition 366
tcp_ping received 2048 bytes back
Round trip time was 30.5948 milliseconds in repetition 367
tcp_ping received 2048 bytes back
Round trip time was 30.2337 milliseconds in repetition 368
tcp_ping received 2048 bytes back
Round trip time was 30.4309 milliseconds in repetition 369
tcp_ping received 2048 bytes back
Round trip time was 30.2274 milliseconds in repetition 370
tcp_ping received 2048 bytes back
Round trip time was 30.5926 milliseconds in repetition 371
tcp_ping received 2048 bytes back
Round trip time was 30.2357 milliseconds in repetition 372
tcp_ping received 2048 bytes back
Round trip time was 30.447 milliseconds in repetition 373
tcp_ping received 2048 bytes back
Round trip time was 30.2116 milliseconds in repetition 374
tcp_ping received 2048 bytes back
Round trip time was 30.7132 milliseconds in repetition 375
tcp_ping received 2048 bytes back
Round trip time was 30.8411 milliseconds in repetition 376
tcp_ping received 2048 bytes back
Round trip time was 30.4358 milliseconds in repetition 377
tcp_ping received 2048 bytes back
Round trip time was 30.2365 milliseconds in repetition 378
tcp_ping received 2048 bytes back
Round trip time was 30.5974 milliseconds in repetition 379
tcp_ping received 2048 bytes back
Round trip time was 30.2279 milliseconds in repetition 380
tcp_ping received 2048 bytes back
Round trip time was 30.4397 milliseconds in repetition 381
tcp_ping received 2048 bytes back
Round trip time was 30.2065 milliseconds in repetition 382
tcp_ping received 2048 bytes back
Round trip time was 30.5856 milliseconds in repetition 383
tcp_ping received 2048 bytes back
Round trip time was 30.2503 milliseconds in repetition 384
tcp_ping received 2048 bytes back
Round trip time was 30.4561 milliseconds in repetition 385
tcp_ping received 2048 bytes back
Round trip time was 30.2758 milliseconds in repetition 386
tcp_ping received 2048 bytes back
Round trip time was 30.2426 milliseconds in repetition 387
tcp_ping received 2048 bytes back
Round trip time was 30.2401 milliseconds in repetition 388
tcp_ping received 2048 bytes back
Round trip time was 30.7152 milliseconds in repetition 389
tcp_ping received 2048 bytes back
Round trip time was 30.261 milliseconds in repetition 390
tcp_ping received 2048 bytes back
Round trip time was 30.233 milliseconds in repetition 391
tcp_ping received 2048 bytes back
Round trip time was 32.2109 milliseconds in repetition 392
tcp_ping received 2048 bytes back
Round trip time was 30.1866 milliseconds in repetition 393
tcp_ping received 2048 bytes back
Round trip time was 30.6058 milliseconds in repetition 394
tcp_ping received 2048 bytes back
Round trip time was 30.2213 milliseconds in repetition 395
tcp_ping received 2048 bytes back
Round trip time was 30.4351 milliseconds in repetition 396
tcp_ping received 2048 bytes back
Round trip time was 30.2036 milliseconds in repetition 397
tcp_ping received 2048 bytes back
Round trip time was 30.7232 milliseconds in repetition 398
tcp_ping received 2048 bytes back
Round trip time was 30.5386 milliseconds in repetition 399
tcp_ping received 2048 bytes back
Round trip time was 30.7298 milliseconds in repetition 400
tcp_ping received 2048 bytes back
Round trip time was 30.5503 milliseconds in repetition 401
tcp_ping received 2048 bytes back
Round trip time was 30.7103 milliseconds in repetition 402
tcp_ping received 2048 bytes back
Round trip time was 30.5113 milliseconds in repetition 403
tcp_ping received 2048 bytes back
Round trip time was 30.4239 milliseconds in repetition 404
tcp_ping received 2048 bytes back
Round trip time was 30.5782 milliseconds in repetition 405
tcp_ping received 2048 bytes back
Round trip time was 30.688 milliseconds in repetition 406
tcp_ping received 2048 bytes back
Round trip time was 30.6976 milliseconds in repetition 407
tcp_ping received 2048 bytes back
Round trip time was 30.8466 milliseconds in repetition 408
tcp_ping received 2048 bytes back
Round trip time was 30.4405 milliseconds in repetition 409
tcp_ping received 2048 bytes back
Round trip time was 30.9372 milliseconds in repetition 410
tcp_ping received 2048 bytes back
Round trip time was 30.6012 milliseconds in repetition 411
tcp_ping received 2048 bytes back
Round trip time was 30.215 milliseconds in repetition 412
tcp_ping received 2048 bytes back
Round trip time was 30.4564 milliseconds in repetition 413
tcp_ping received 2048 bytes back
Round trip time was 30.2325 milliseconds in repetition 414
tcp_ping received 2048 bytes back
Round trip time was 30.5496 milliseconds in repetition 415
tcp_ping received 2048 bytes back
Round trip time was 30.2318 milliseconds in repetition 416
tcp_ping received 2048 bytes back
Round trip time was 30.428 milliseconds in repetition 417
tcp_ping received 2048 bytes back
Round trip time was 30.243 milliseconds in repetition 418
tcp_ping received 2048 bytes back
Round trip time was 30.7075 milliseconds in repetition 419
tcp_ping received 2048 bytes back
Round trip time was 30.8459 milliseconds in repetition 420
tcp_ping received 2048 bytes back
Round trip time was 30.4381 milliseconds in repetition 421
tcp_ping received 2048 bytes back
Round trip time was 30.2194 milliseconds in repetition 422
tcp_ping received 2048 bytes back
Round trip time was 30.5863 milliseconds in repetition 423
tcp_ping received 2048 bytes back
Round trip time was 30.2463 milliseconds in repetition 424
tcp_ping received 2048 bytes back
Round trip time was 30.4355 milliseconds in repetition 425
tcp_ping received 2048 bytes back
Round trip time was 30.2969 milliseconds in repetition 426
tcp_ping received 2048 bytes back
Round trip time was 30.2477 milliseconds in repetition 427
tcp_ping received 2048 bytes back
Round trip time was 30.2649 milliseconds in repetition 428
tcp_ping received 2048 bytes back
Round trip time was 30.6906 milliseconds in repetition 429
tcp_ping received 2048 bytes back
Round trip time was 30.2931 milliseconds in repetition 430
tcp_ping received 2048 bytes back
Round trip time was 30.244 milliseconds in repetition 431
tcp_ping received 2048 bytes back
Round trip time was 30.318 milliseconds in repetition 432
tcp_ping received 2048 bytes back
Round trip time was 30.6825 milliseconds in repetition 433
tcp_ping received 2048 bytes back
Round trip time was 30.2829 milliseconds in repetition 434
tcp_ping received 2048 bytes back
Round trip time was 30.6291 milliseconds in repetition 435
tcp_ping received 2048 bytes back
Round trip time was 30.5943 milliseconds in repetition 436
tcp_ping received 2048 bytes back
Round trip time was 30.6797 milliseconds in repetition 437
tcp_ping received 2048 bytes back
Round trip time was 30.7016 milliseconds in repetition 438
tcp_ping received 2048 bytes back
Round trip time was 30.8466 milliseconds in repetition 439
tcp_ping received 2048 bytes back
Round trip time was 30.4317 milliseconds in repetition 440
tcp_ping received 2048 bytes back
Round trip time was 30.2086 milliseconds in repetition 441
tcp_ping received 2048 bytes back
Round trip time was 30.6935 milliseconds in repetition 442
tcp_ping received 2048 bytes back
Round trip time was 30.5567 milliseconds in repetition 443
tcp_ping received 2048 bytes back
Round trip time was 30.7207 milliseconds in repetition 444
tcp_ping received 2048 bytes back
Round trip time was 30.9456 milliseconds in repetition 445
tcp_ping received 2048 bytes back
Round trip time was 30.3066 milliseconds in repetition 446
tcp_ping received 2048 bytes back
Round trip time was 30.7571 milliseconds in repetition 447
tcp_ping received 2048 bytes back
Round trip time was 30.9193 milliseconds in repetition 448
tcp_ping received 2048 bytes back
Round trip time was 31.0572 milliseconds in repetition 449
tcp_ping received 2048 bytes back
Round trip time was 30.5178 milliseconds in repetition 450
tcp_ping received 2048 bytes back
Round trip time was 30.3872 milliseconds in repetition 451
tcp_ping received 2048 bytes back
Round trip time was 30.1199 milliseconds in repetition 452
tcp_ping received 2048 bytes back
Round trip time was 30.4358 milliseconds in repetition 453
tcp_ping received 2048 bytes back
Round trip time was 30.5322 milliseconds in repetition 454
tcp_ping received 2048 bytes back
Round trip time was 30.4045 milliseconds in repetition 455
tcp_ping received 2048 bytes back
Round trip time was 30.216 milliseconds in repetition 456
tcp_ping received 2048 bytes back
Round trip time was 30.6004 milliseconds in repetition 457
tcp_ping received 2048 bytes back
Round trip time was 30.2264 milliseconds in repetition 458
tcp_ping received 2048 bytes back
Round trip time was 30.4008 milliseconds in repetition 459
tcp_ping received 2048 bytes back
Round trip time was 30.2405 milliseconds in repetition 460
tcp_ping received 2048 bytes back
Round trip time was 30.5929 milliseconds in repetition 461
tcp_ping received 2048 bytes back
Round trip time was 30.242 milliseconds in repetition 462
tcp_ping received 2048 bytes back
Round trip time was 30.4296 milliseconds in repetition 463
tcp_ping received 2048 bytes back
Round trip time was 30.5373 milliseconds in repetition 464
tcp_ping received 2048 bytes back
Round trip time was 31.0143 milliseconds in repetition 465
tcp_ping received 2048 bytes back
Round trip time was 31.1331 milliseconds in repetition 466
tcp_ping received 2048 bytes back
Round trip time was 30.2413 milliseconds in repetition 467
tcp_ping received 2048 bytes back
Round trip time was 30.599 milliseconds in repetition 468
tcp_ping received 2048 bytes back
Round trip time was 30.2389 milliseconds in repetition 469
tcp_ping received 2048 bytes back
Round trip time was 30.4015 milliseconds in repetition 470
tcp_ping received 2048 bytes back
Round trip time was 30.2249 milliseconds in repetition 471
tcp_ping received 2048 bytes back
Round trip time was 30.6026 milliseconds in repetition 472
tcp_ping received 2048 bytes back
Round trip time was 30.2431 milliseconds in repetition 473
tcp_ping received 2048 bytes back
Round trip time was 30.3991 milliseconds in repetition 474
tcp_ping received 2048 bytes back
Round trip time was 30.2348 milliseconds in repetition 475
tcp_ping received 2048 bytes back
Round trip time was 33.5564 milliseconds in repetition 476
tcp_ping received 2048 bytes back
Round trip time was 31.7323 milliseconds in repetition 477
tcp_ping received 2048 bytes back
Round trip time was 30.2866 milliseconds in repetition 478
tcp_ping received 2048 bytes back
Round trip time was 30.4916 milliseconds in repetition 479
tcp_ping received 2048 bytes back
Round trip time was 30.4428 milliseconds in repetition 480
tcp_ping received 2048 bytes back
Round trip time was 30.9444 milliseconds in repetition 481
tcp_ping received 2048 bytes back
Round trip time was 30.3045 milliseconds in repetition 482
tcp_ping received 2048 bytes back
Round trip time was 30.2337 milliseconds in repetition 483
tcp_ping received 2048 bytes back
Round trip time was 30.7292 milliseconds in repetition 484
tcp_ping received 2048 bytes back
Round trip time was 30.4863 milliseconds in repetition 485
tcp_ping received 2048 bytes back
Round trip time was 30.2555 milliseconds in repetition 486
tcp_ping received 2048 bytes back
Round trip time was 37.4707 milliseconds in repetition 487
tcp_ping received 2048 bytes back
Round trip time was 30.3893 milliseconds in repetition 488
tcp_ping received 2048 bytes back
Round trip time was 30.234 milliseconds in repetition 489
tcp_ping received 2048 bytes back
Round trip time was 30.3268 milliseconds in repetition 490
tcp_ping received 2048 bytes back
Round trip time was 30.9618 milliseconds in repetition 491
tcp_ping received 2048 bytes back
Round trip time was 30.2659 milliseconds in repetition 492
tcp_ping received 2048 bytes back
Round trip time was 30.4155 milliseconds in repetition 493
tcp_ping received 2048 bytes back
Round trip time was 30.5604 milliseconds in repetition 494
tcp_ping received 2048 bytes back
Round trip time was 30.7089 milliseconds in repetition 495
tcp_ping received 2048 bytes back
Round trip time was 30.5317 milliseconds in repetition 496
tcp_ping received 2048 bytes back
Round trip time was 30.7034 milliseconds in repetition 497
tcp_ping received 2048 bytes back
Round trip time was 30.5345 milliseconds in repetition 498
tcp_ping received 2048 bytes back
Round trip time was 30.4169 milliseconds in repetition 499
tcp_ping received 2048 bytes back
Round trip time was 30.2433 milliseconds in repetition 500
tcp_ping received 2048 bytes back
Round trip time was 30.5888 milliseconds in repetition 501

 ... clock resolution was 1e-06
TCP Ping:  Statistics over 501 repetitions of 2048 byte messages

RTT : percentile 10: 30.228, median: 30.5317, percentile 90: 31.014, average: 30.7096, variance: 1.47107

RTT histogram:
29.9851 226
30.9973 244
32.0095 22
33.0217 0
34.0339 2
35.0461 2
36.0582 1
37.0704 1
38.0826 1
39.0948 1
40.107 0
41.1192 0
42.1314 0
43.1436 0
44.1558 0
45.168 0
46.1802 0
47.1924 0
48.2046 0
49.2168 0
50.229 1

   median Throughput : 134.156 KB/s   overall Throughput : 133.379 KB/s

