TCP Ping trying to connect to server seti.dibris.unige.it (130.251.61.30) on port 1491
 ... connected to Pong server: asking for 501 repetitions of 512 bytes TCP messages
 ... Pong server agreed :-)
tcp_ping received 512 bytes back
Round trip time was 39.2614 milliseconds in repetition 1
tcp_ping received 512 bytes back
Round trip time was 30.5183 milliseconds in repetition 2
tcp_ping received 512 bytes back
Round trip time was 30.7333 milliseconds in repetition 3
tcp_ping received 512 bytes back
Round trip time was 30.2401 milliseconds in repetition 4
tcp_ping received 512 bytes back
Round trip time was 31.7595 milliseconds in repetition 5
tcp_ping received 512 bytes back
Round trip time was 30.9706 milliseconds in repetition 6
tcp_ping received 512 bytes back
Round trip time was 30.7354 milliseconds in repetition 7
tcp_ping received 512 bytes back
Round trip time was 30.9914 milliseconds in repetition 8
tcp_ping received 512 bytes back
Round trip time was 30.2542 milliseconds in repetition 9
tcp_ping received 512 bytes back
Round trip time was 29.9976 milliseconds in repetition 10
tcp_ping received 512 bytes back
Round trip time was 30.2302 milliseconds in repetition 11
tcp_ping received 512 bytes back
Round trip time was 30.7316 milliseconds in repetition 12
tcp_ping received 512 bytes back
Round trip time was 30.2417 milliseconds in repetition 13
tcp_ping received 512 bytes back
Round trip time was 30.2598 milliseconds in repetition 14
tcp_ping received 512 bytes back
Round trip time was 30.2398 milliseconds in repetition 15
tcp_ping received 512 bytes back
Round trip time was 30.2589 milliseconds in repetition 16
tcp_ping received 512 bytes back
Round trip time was 30.2325 milliseconds in repetition 17
tcp_ping received 512 bytes back
Round trip time was 30.467 milliseconds in repetition 18
tcp_ping received 512 bytes back
Round trip time was 30.5006 milliseconds in repetition 19
tcp_ping received 512 bytes back
Round trip time was 29.9945 milliseconds in repetition 20
tcp_ping received 512 bytes back
Round trip time was 30.4291 milliseconds in repetition 21
tcp_ping received 512 bytes back
Round trip time was 29.9825 milliseconds in repetition 22
tcp_ping received 512 bytes back
Round trip time was 30.9834 milliseconds in repetition 23
tcp_ping received 512 bytes back
Round trip time was 29.995 milliseconds in repetition 24
tcp_ping received 512 bytes back
Round trip time was 30.5131 milliseconds in repetition 25
tcp_ping received 512 bytes back
Round trip time was 29.9892 milliseconds in repetition 26
tcp_ping received 512 bytes back
Round trip time was 30.2495 milliseconds in repetition 27
tcp_ping received 512 bytes back
Round trip time was 29.9861 milliseconds in repetition 28
tcp_ping received 512 bytes back
Round trip time was 29.9899 milliseconds in repetition 29
tcp_ping received 512 bytes back
Round trip time was 29.9649 milliseconds in repetition 30
tcp_ping received 512 bytes back
Round trip time was 30.2588 milliseconds in repetition 31
tcp_ping received 512 bytes back
Round trip time was 30.5078 milliseconds in repetition 32
tcp_ping received 512 bytes back
Round trip time was 30.4545 milliseconds in repetition 33
tcp_ping received 512 bytes back
Round trip time was 29.7662 milliseconds in repetition 34
tcp_ping received 512 bytes back
Round trip time was 29.2501 milliseconds in repetition 35
tcp_ping received 512 bytes back
Round trip time was 29.5029 milliseconds in repetition 36
tcp_ping received 512 bytes back
Round trip time was 29.2322 milliseconds in repetition 37
tcp_ping received 512 bytes back
Round trip time was 29.4994 milliseconds in repetition 38
tcp_ping received 512 bytes back
Round trip time was 29.2375 milliseconds in repetition 39
tcp_ping received 512 bytes back
Round trip time was 29.2351 milliseconds in repetition 40
tcp_ping received 512 bytes back
Round trip time was 30.2579 milliseconds in repetition 41
tcp_ping received 512 bytes back
Round trip time was 29.2458 milliseconds in repetition 42
tcp_ping received 512 bytes back
Round trip time was 29.2192 milliseconds in repetition 43
tcp_ping received 512 bytes back
Round trip time was 29.4856 milliseconds in repetition 44
tcp_ping received 512 bytes back
Round trip time was 29.2184 milliseconds in repetition 45
tcp_ping received 512 bytes back
Round trip time was 29.2422 milliseconds in repetition 46
tcp_ping received 512 bytes back
Round trip time was 29.494 milliseconds in repetition 47
tcp_ping received 512 bytes back
Round trip time was 29.2462 milliseconds in repetition 48
tcp_ping received 512 bytes back
Round trip time was 29.2151 milliseconds in repetition 49
tcp_ping received 512 bytes back
Round trip time was 29.5213 milliseconds in repetition 50
tcp_ping received 512 bytes back
Round trip time was 29.49 milliseconds in repetition 51
tcp_ping received 512 bytes back
Round trip time was 29.2455 milliseconds in repetition 52
tcp_ping received 512 bytes back
Round trip time was 29.2468 milliseconds in repetition 53
tcp_ping received 512 bytes back
Round trip time was 29.5072 milliseconds in repetition 54
tcp_ping received 512 bytes back
Round trip time was 29.2433 milliseconds in repetition 55
tcp_ping received 512 bytes back
Round trip time was 29.2197 milliseconds in repetition 56
tcp_ping received 512 bytes back
Round trip time was 29.2444 milliseconds in repetition 57
tcp_ping received 512 bytes back
Round trip time was 29.4944 milliseconds in repetition 58
tcp_ping received 512 bytes back
Round trip time was 29.2357 milliseconds in repetition 59
tcp_ping received 512 bytes back
Round trip time was 29.229 milliseconds in repetition 60
tcp_ping received 512 bytes back
Round trip time was 29.9884 milliseconds in repetition 61
tcp_ping received 512 bytes back
Round trip time was 29.7708 milliseconds in repetition 62
tcp_ping received 512 bytes back
Round trip time was 29.9958 milliseconds in repetition 63
tcp_ping received 512 bytes back
Round trip time was 29.4904 milliseconds in repetition 64
tcp_ping received 512 bytes back
Round trip time was 29.2522 milliseconds in repetition 65
tcp_ping received 512 bytes back
Round trip time was 29.2561 milliseconds in repetition 66
tcp_ping received 512 bytes back
Round trip time was 29.4916 milliseconds in repetition 67
tcp_ping received 512 bytes back
Round trip time was 29.2551 milliseconds in repetition 68
tcp_ping received 512 bytes back
Round trip time was 29.1923 milliseconds in repetition 69
tcp_ping received 512 bytes back
Round trip time was 29.5206 milliseconds in repetition 70
tcp_ping received 512 bytes back
Round trip time was 29.9863 milliseconds in repetition 71
tcp_ping received 512 bytes back
Round trip time was 29.5119 milliseconds in repetition 72
tcp_ping received 512 bytes back
Round trip time was 29.2184 milliseconds in repetition 73
tcp_ping received 512 bytes back
Round trip time was 29.5195 milliseconds in repetition 74
tcp_ping received 512 bytes back
Round trip time was 29.4987 milliseconds in repetition 75
tcp_ping received 512 bytes back
Round trip time was 28.9651 milliseconds in repetition 76
tcp_ping received 512 bytes back
Round trip time was 29.2436 milliseconds in repetition 77
tcp_ping received 512 bytes back
Round trip time was 29.4947 milliseconds in repetition 78
tcp_ping received 512 bytes back
Round trip time was 29.7215 milliseconds in repetition 79
tcp_ping received 512 bytes back
Round trip time was 29.4809 milliseconds in repetition 80
tcp_ping received 512 bytes back
Round trip time was 29.5138 milliseconds in repetition 81
tcp_ping received 512 bytes back
Round trip time was 29.4855 milliseconds in repetition 82
tcp_ping received 512 bytes back
Round trip time was 30.2668 milliseconds in repetition 83
tcp_ping received 512 bytes back
Round trip time was 29.665 milliseconds in repetition 84
tcp_ping received 512 bytes back
Round trip time was 29.2625 milliseconds in repetition 85
tcp_ping received 512 bytes back
Round trip time was 29.0233 milliseconds in repetition 86
tcp_ping received 512 bytes back
Round trip time was 29.7198 milliseconds in repetition 87
tcp_ping received 512 bytes back
Round trip time was 29.7673 milliseconds in repetition 88
tcp_ping received 512 bytes back
Round trip time was 29.7108 milliseconds in repetition 89
tcp_ping received 512 bytes back
Round trip time was 29.198 milliseconds in repetition 90
tcp_ping received 512 bytes back
Round trip time was 29.0393 milliseconds in repetition 91
tcp_ping received 512 bytes back
Round trip time was 29.7057 milliseconds in repetition 92
tcp_ping received 512 bytes back
Round trip time was 29.7699 milliseconds in repetition 93
tcp_ping received 512 bytes back
Round trip time was 29.2369 milliseconds in repetition 94
tcp_ping received 512 bytes back
Round trip time was 29.2332 milliseconds in repetition 95
tcp_ping received 512 bytes back
Round trip time was 29.5132 milliseconds in repetition 96
tcp_ping received 512 bytes back
Round trip time was 29.5061 milliseconds in repetition 97
tcp_ping received 512 bytes back
Round trip time was 29.2435 milliseconds in repetition 98
tcp_ping received 512 bytes back
Round trip time was 29.4939 milliseconds in repetition 99
tcp_ping received 512 bytes back
Round trip time was 29.7166 milliseconds in repetition 100
tcp_ping received 512 bytes back
Round trip time was 29.5031 milliseconds in repetition 101
tcp_ping received 512 bytes back
Round trip time was 29.5061 milliseconds in repetition 102
tcp_ping received 512 bytes back
Round trip time was 29.247 milliseconds in repetition 103
tcp_ping received 512 bytes back
Round trip time was 29.2244 milliseconds in repetition 104
tcp_ping received 512 bytes back
Round trip time was 29.6976 milliseconds in repetition 105
tcp_ping received 512 bytes back
Round trip time was 29.5098 milliseconds in repetition 106
tcp_ping received 512 bytes back
Round trip time was 29.5204 milliseconds in repetition 107
tcp_ping received 512 bytes back
Round trip time was 29.9457 milliseconds in repetition 108
tcp_ping received 512 bytes back
Round trip time was 29.542 milliseconds in repetition 109
tcp_ping received 512 bytes back
Round trip time was 29.4843 milliseconds in repetition 110
tcp_ping received 512 bytes back
Round trip time was 29.2461 milliseconds in repetition 111
tcp_ping received 512 bytes back
Round trip time was 29.4885 milliseconds in repetition 112
tcp_ping received 512 bytes back
Round trip time was 29.2452 milliseconds in repetition 113
tcp_ping received 512 bytes back
Round trip time was 29.7179 milliseconds in repetition 114
tcp_ping received 512 bytes back
Round trip time was 29.5093 milliseconds in repetition 115
tcp_ping received 512 bytes back
Round trip time was 29.5177 milliseconds in repetition 116
tcp_ping received 512 bytes back
Round trip time was 29.4985 milliseconds in repetition 117
tcp_ping received 512 bytes back
Round trip time was 29.7095 milliseconds in repetition 118
tcp_ping received 512 bytes back
Round trip time was 29.7752 milliseconds in repetition 119
tcp_ping received 512 bytes back
Round trip time was 29.249 milliseconds in repetition 120
tcp_ping received 512 bytes back
Round trip time was 29.9658 milliseconds in repetition 121
tcp_ping received 512 bytes back
Round trip time was 29.5212 milliseconds in repetition 122
tcp_ping received 512 bytes back
Round trip time was 29.4929 milliseconds in repetition 123
tcp_ping received 512 bytes back
Round trip time was 29.9855 milliseconds in repetition 124
tcp_ping received 512 bytes back
Round trip time was 29.4957 milliseconds in repetition 125
tcp_ping received 512 bytes back
Round trip time was 29.2401 milliseconds in repetition 126
tcp_ping received 512 bytes back
Round trip time was 29.2488 milliseconds in repetition 127
tcp_ping received 512 bytes back
Round trip time was 29.4962 milliseconds in repetition 128
tcp_ping received 512 bytes back
Round trip time was 29.2473 milliseconds in repetition 129
tcp_ping received 512 bytes back
Round trip time was 29.9699 milliseconds in repetition 130
tcp_ping received 512 bytes back
Round trip time was 29.51 milliseconds in repetition 131
tcp_ping received 512 bytes back
Round trip time was 29.2301 milliseconds in repetition 132
tcp_ping received 512 bytes back
Round trip time was 29.5086 milliseconds in repetition 133
tcp_ping received 512 bytes back
Round trip time was 29.1954 milliseconds in repetition 134
tcp_ping received 512 bytes back
Round trip time was 29.5333 milliseconds in repetition 135
tcp_ping received 512 bytes back
Round trip time was 29.4738 milliseconds in repetition 136
tcp_ping received 512 bytes back
Round trip time was 28.9688 milliseconds in repetition 137
tcp_ping received 512 bytes back
Round trip time was 29.9577 milliseconds in repetition 138
tcp_ping received 512 bytes back
Round trip time was 29.5321 milliseconds in repetition 139
tcp_ping received 512 bytes back
Round trip time was 29.2554 milliseconds in repetition 140
tcp_ping received 512 bytes back
Round trip time was 29.2161 milliseconds in repetition 141
tcp_ping received 512 bytes back
Round trip time was 29.2419 milliseconds in repetition 142
tcp_ping received 512 bytes back
Round trip time was 29.4989 milliseconds in repetition 143
tcp_ping received 512 bytes back
Round trip time was 29.248 milliseconds in repetition 144
tcp_ping received 512 bytes back
Round trip time was 29.022 milliseconds in repetition 145
tcp_ping received 512 bytes back
Round trip time was 29.2445 milliseconds in repetition 146
tcp_ping received 512 bytes back
Round trip time was 29.5015 milliseconds in repetition 147
tcp_ping received 512 bytes back
Round trip time was 29.244 milliseconds in repetition 148
tcp_ping received 512 bytes back
Round trip time was 29.2183 milliseconds in repetition 149
tcp_ping received 512 bytes back
Round trip time was 29.2502 milliseconds in repetition 150
tcp_ping received 512 bytes back
Round trip time was 29.2728 milliseconds in repetition 151
tcp_ping received 512 bytes back
Round trip time was 29.4665 milliseconds in repetition 152
tcp_ping received 512 bytes back
Round trip time was 29.2437 milliseconds in repetition 153
tcp_ping received 512 bytes back
Round trip time was 29.2257 milliseconds in repetition 154
tcp_ping received 512 bytes back
Round trip time was 29.52 milliseconds in repetition 155
tcp_ping received 512 bytes back
Round trip time was 29.5 milliseconds in repetition 156
tcp_ping received 512 bytes back
Round trip time was 29.7216 milliseconds in repetition 157
tcp_ping received 512 bytes back
Round trip time was 29.7591 milliseconds in repetition 158
tcp_ping received 512 bytes back
Round trip time was 29.2456 milliseconds in repetition 159
tcp_ping received 512 bytes back
Round trip time was 29.5043 milliseconds in repetition 160
tcp_ping received 512 bytes back
Round trip time was 29.2353 milliseconds in repetition 161
tcp_ping received 512 bytes back
Round trip time was 29.7116 milliseconds in repetition 162
tcp_ping received 512 bytes back
Round trip time was 29.4968 milliseconds in repetition 163
tcp_ping received 512 bytes back
Round trip time was 29.5326 milliseconds in repetition 164
tcp_ping received 512 bytes back
Round trip time was 29.4824 milliseconds in repetition 165
tcp_ping received 512 bytes back
Round trip time was 29.7146 milliseconds in repetition 166
tcp_ping received 512 bytes back
Round trip time was 29.7646 milliseconds in repetition 167
tcp_ping received 512 bytes back
Round trip time was 28.9856 milliseconds in repetition 168
tcp_ping received 512 bytes back
Round trip time was 29.4825 milliseconds in repetition 169
tcp_ping received 512 bytes back
Round trip time was 29.2434 milliseconds in repetition 170
tcp_ping received 512 bytes back
Round trip time was 29.2216 milliseconds in repetition 171
tcp_ping received 512 bytes back
Round trip time was 29.5183 milliseconds in repetition 172
tcp_ping received 512 bytes back
Round trip time was 30.2423 milliseconds in repetition 173
tcp_ping received 512 bytes back
Round trip time was 29.2474 milliseconds in repetition 174
tcp_ping received 512 bytes back
Round trip time was 29.2425 milliseconds in repetition 175
tcp_ping received 512 bytes back
Round trip time was 28.7524 milliseconds in repetition 176
tcp_ping received 512 bytes back
Round trip time was 29.2514 milliseconds in repetition 177
tcp_ping received 512 bytes back
Round trip time was 29.4836 milliseconds in repetition 178
tcp_ping received 512 bytes back
Round trip time was 29.2184 milliseconds in repetition 179
tcp_ping received 512 bytes back
Round trip time was 29.4941 milliseconds in repetition 180
tcp_ping received 512 bytes back
Round trip time was 29.7208 milliseconds in repetition 181
tcp_ping received 512 bytes back
Round trip time was 29.7597 milliseconds in repetition 182
tcp_ping received 512 bytes back
Round trip time was 28.9722 milliseconds in repetition 183
tcp_ping received 512 bytes back
Round trip time was 29.4949 milliseconds in repetition 184
tcp_ping received 512 bytes back
Round trip time was 29.7051 milliseconds in repetition 185
tcp_ping received 512 bytes back
Round trip time was 29.5271 milliseconds in repetition 186
tcp_ping received 512 bytes back
Round trip time was 29.7671 milliseconds in repetition 187
tcp_ping received 512 bytes back
Round trip time was 28.9709 milliseconds in repetition 188
tcp_ping received 512 bytes back
Round trip time was 29.4999 milliseconds in repetition 189
tcp_ping received 512 bytes back
Round trip time was 29.2408 milliseconds in repetition 190
tcp_ping received 512 bytes back
Round trip time was 29.2181 milliseconds in repetition 191
tcp_ping received 512 bytes back
Round trip time was 29.2435 milliseconds in repetition 192
tcp_ping received 512 bytes back
Round trip time was 29.4947 milliseconds in repetition 193
tcp_ping received 512 bytes back
Round trip time was 29.2468 milliseconds in repetition 194
tcp_ping received 512 bytes back
Round trip time was 29.0236 milliseconds in repetition 195
tcp_ping received 512 bytes back
Round trip time was 29.7117 milliseconds in repetition 196
tcp_ping received 512 bytes back
Round trip time was 29.7672 milliseconds in repetition 197
tcp_ping received 512 bytes back
Round trip time was 29.7135 milliseconds in repetition 198
tcp_ping received 512 bytes back
Round trip time was 29.2504 milliseconds in repetition 199
tcp_ping received 512 bytes back
Round trip time was 29.1987 milliseconds in repetition 200
tcp_ping received 512 bytes back
Round trip time was 29.5325 milliseconds in repetition 201
tcp_ping received 512 bytes back
Round trip time was 29.4996 milliseconds in repetition 202
tcp_ping received 512 bytes back
Round trip time was 29.2512 milliseconds in repetition 203
tcp_ping received 512 bytes back
Round trip time was 29.4902 milliseconds in repetition 204
tcp_ping received 512 bytes back
Round trip time was 29.2405 milliseconds in repetition 205
tcp_ping received 512 bytes back
Round trip time was 29.2136 milliseconds in repetition 206
tcp_ping received 512 bytes back
Round trip time was 29.52 milliseconds in repetition 207
tcp_ping received 512 bytes back
Round trip time was 29.4956 milliseconds in repetition 208
tcp_ping received 512 bytes back
Round trip time was 29.2458 milliseconds in repetition 209
tcp_ping received 512 bytes back
Round trip time was 29.7213 milliseconds in repetition 210
tcp_ping received 512 bytes back
Round trip time was 29.5042 milliseconds in repetition 211
tcp_ping received 512 bytes back
Round trip time was 29.511 milliseconds in repetition 212
tcp_ping received 512 bytes back
Round trip time was 29.4984 milliseconds in repetition 213
tcp_ping received 512 bytes back
Round trip time was 29.9966 milliseconds in repetition 214
tcp_ping received 512 bytes back
Round trip time was 29.2203 milliseconds in repetition 215
tcp_ping received 512 bytes back
Round trip time was 29.5272 milliseconds in repetition 216
tcp_ping received 512 bytes back
Round trip time was 29.4917 milliseconds in repetition 217
tcp_ping received 512 bytes back
Round trip time was 29.7167 milliseconds in repetition 218
tcp_ping received 512 bytes back
Round trip time was 29.7738 milliseconds in repetition 219
tcp_ping received 512 bytes back
Round trip time was 29.7159 milliseconds in repetition 220
tcp_ping received 512 bytes back
Round trip time was 29.0227 milliseconds in repetition 221
tcp_ping received 512 bytes back
Round trip time was 29.248 milliseconds in repetition 222
tcp_ping received 512 bytes back
Round trip time was 29.6861 milliseconds in repetition 223
tcp_ping received 512 bytes back
Round trip time was 29.5034 milliseconds in repetition 224
tcp_ping received 512 bytes back
Round trip time was 29.5276 milliseconds in repetition 225
tcp_ping received 512 bytes back
Round trip time was 29.4744 milliseconds in repetition 226
tcp_ping received 512 bytes back
Round trip time was 29.7252 milliseconds in repetition 227
tcp_ping received 512 bytes back
Round trip time was 29.4929 milliseconds in repetition 228
tcp_ping received 512 bytes back
Round trip time was 29.2446 milliseconds in repetition 229
tcp_ping received 512 bytes back
Round trip time was 29.2255 milliseconds in repetition 230
tcp_ping received 512 bytes back
Round trip time was 29.5199 milliseconds in repetition 231
tcp_ping received 512 bytes back
Round trip time was 29.2173 milliseconds in repetition 232
tcp_ping received 512 bytes back
Round trip time was 29.2483 milliseconds in repetition 233
tcp_ping received 512 bytes back
Round trip time was 29.516 milliseconds in repetition 234
tcp_ping received 512 bytes back
Round trip time was 29.4975 milliseconds in repetition 235
tcp_ping received 512 bytes back
Round trip time was 29.2498 milliseconds in repetition 236
tcp_ping received 512 bytes back
Round trip time was 29.4936 milliseconds in repetition 237
tcp_ping received 512 bytes back
Round trip time was 29.2375 milliseconds in repetition 238
tcp_ping received 512 bytes back
Round trip time was 29.2192 milliseconds in repetition 239
tcp_ping received 512 bytes back
Round trip time was 29.5344 milliseconds in repetition 240
tcp_ping received 512 bytes back
Round trip time was 29.4852 milliseconds in repetition 241
tcp_ping received 512 bytes back
Round trip time was 29.7196 milliseconds in repetition 242
tcp_ping received 512 bytes back
Round trip time was 29.496 milliseconds in repetition 243
tcp_ping received 512 bytes back
Round trip time was 34.7328 milliseconds in repetition 244
tcp_ping received 512 bytes back
Round trip time was 29.4953 milliseconds in repetition 245
tcp_ping received 512 bytes back
Round trip time was 29.5185 milliseconds in repetition 246
tcp_ping received 512 bytes back
Round trip time was 29.5108 milliseconds in repetition 247
tcp_ping received 512 bytes back
Round trip time was 29.7183 milliseconds in repetition 248
tcp_ping received 512 bytes back
Round trip time was 29.5188 milliseconds in repetition 249
tcp_ping received 512 bytes back
Round trip time was 29.5069 milliseconds in repetition 250
tcp_ping received 512 bytes back
Round trip time was 29.2309 milliseconds in repetition 251
tcp_ping received 512 bytes back
Round trip time was 29.4934 milliseconds in repetition 252
tcp_ping received 512 bytes back
Round trip time was 29.25 milliseconds in repetition 253
tcp_ping received 512 bytes back
Round trip time was 29.232 milliseconds in repetition 254
tcp_ping received 512 bytes back
Round trip time was 29.2359 milliseconds in repetition 255
tcp_ping received 512 bytes back
Round trip time was 29.496 milliseconds in repetition 256
tcp_ping received 512 bytes back
Round trip time was 29.262 milliseconds in repetition 257
tcp_ping received 512 bytes back
Round trip time was 29.2063 milliseconds in repetition 258
tcp_ping received 512 bytes back
Round trip time was 29.5178 milliseconds in repetition 259
tcp_ping received 512 bytes back
Round trip time was 29.7179 milliseconds in repetition 260
tcp_ping received 512 bytes back
Round trip time was 29.7728 milliseconds in repetition 261
tcp_ping received 512 bytes back
Round trip time was 29.2409 milliseconds in repetition 262
tcp_ping received 512 bytes back
Round trip time was 29.2245 milliseconds in repetition 263
tcp_ping received 512 bytes back
Round trip time was 29.5301 milliseconds in repetition 264
tcp_ping received 512 bytes back
Round trip time was 29.4846 milliseconds in repetition 265
tcp_ping received 512 bytes back
Round trip time was 29.2434 milliseconds in repetition 266
tcp_ping received 512 bytes back
Round trip time was 29.5008 milliseconds in repetition 267
tcp_ping received 512 bytes back
Round trip time was 29.2195 milliseconds in repetition 268
tcp_ping received 512 bytes back
Round trip time was 29.2264 milliseconds in repetition 269
tcp_ping received 512 bytes back
Round trip time was 29.2402 milliseconds in repetition 270
tcp_ping received 512 bytes back
Round trip time was 29.5019 milliseconds in repetition 271
tcp_ping received 512 bytes back
Round trip time was 29.6988 milliseconds in repetition 272
tcp_ping received 512 bytes back
Round trip time was 29.2663 milliseconds in repetition 273
tcp_ping received 512 bytes back
Round trip time was 29.0264 milliseconds in repetition 274
tcp_ping received 512 bytes back
Round trip time was 29.7229 milliseconds in repetition 275
tcp_ping received 512 bytes back
Round trip time was 29.7659 milliseconds in repetition 276
tcp_ping received 512 bytes back
Round trip time was 29.2465 milliseconds in repetition 277
tcp_ping received 512 bytes back
Round trip time was 29.2318 milliseconds in repetition 278
tcp_ping received 512 bytes back
Round trip time was 29.5213 milliseconds in repetition 279
tcp_ping received 512 bytes back
Round trip time was 29.4874 milliseconds in repetition 280
tcp_ping received 512 bytes back
Round trip time was 29.2633 milliseconds in repetition 281
tcp_ping received 512 bytes back
Round trip time was 29.4998 milliseconds in repetition 282
tcp_ping received 512 bytes back
Round trip time was 29.7075 milliseconds in repetition 283
tcp_ping received 512 bytes back
Round trip time was 29.5178 milliseconds in repetition 284
tcp_ping received 512 bytes back
Round trip time was 29.5022 milliseconds in repetition 285
tcp_ping received 512 bytes back
Round trip time was 29.7262 milliseconds in repetition 286
tcp_ping received 512 bytes back
Round trip time was 29.4873 milliseconds in repetition 287
tcp_ping received 512 bytes back
Round trip time was 29.5189 milliseconds in repetition 288
tcp_ping received 512 bytes back
Round trip time was 29.97 milliseconds in repetition 289
tcp_ping received 512 bytes back
Round trip time was 29.5219 milliseconds in repetition 290
tcp_ping received 512 bytes back
Round trip time was 29.227 milliseconds in repetition 291
tcp_ping received 512 bytes back
Round trip time was 29.5162 milliseconds in repetition 292
tcp_ping received 512 bytes back
Round trip time was 29.4958 milliseconds in repetition 293
tcp_ping received 512 bytes back
Round trip time was 29.7212 milliseconds in repetition 294
tcp_ping received 512 bytes back
Round trip time was 29.5014 milliseconds in repetition 295
tcp_ping received 512 bytes back
Round trip time was 29.2491 milliseconds in repetition 296
tcp_ping received 512 bytes back
Round trip time was 29.2595 milliseconds in repetition 297
tcp_ping received 512 bytes back
Round trip time was 29.4932 milliseconds in repetition 298
tcp_ping received 512 bytes back
Round trip time was 29.2249 milliseconds in repetition 299
tcp_ping received 512 bytes back
Round trip time was 29.5009 milliseconds in repetition 300
tcp_ping received 512 bytes back
Round trip time was 29.7158 milliseconds in repetition 301
tcp_ping received 512 bytes back
Round trip time was 29.7688 milliseconds in repetition 302
tcp_ping received 512 bytes back
Round trip time was 29.2544 milliseconds in repetition 303
tcp_ping received 512 bytes back
Round trip time was 29.2336 milliseconds in repetition 304
tcp_ping received 512 bytes back
Round trip time was 29.5196 milliseconds in repetition 305
tcp_ping received 512 bytes back
Round trip time was 29.4931 milliseconds in repetition 306
tcp_ping received 512 bytes back
Round trip time was 29.2456 milliseconds in repetition 307
tcp_ping received 512 bytes back
Round trip time was 29.246 milliseconds in repetition 308
tcp_ping received 512 bytes back
Round trip time was 29.4912 milliseconds in repetition 309
tcp_ping received 512 bytes back
Round trip time was 29.2423 milliseconds in repetition 310
tcp_ping received 512 bytes back
Round trip time was 29.2225 milliseconds in repetition 311
tcp_ping received 512 bytes back
Round trip time was 29.243 milliseconds in repetition 312
tcp_ping received 512 bytes back
Round trip time was 29.4622 milliseconds in repetition 313
tcp_ping received 512 bytes back
Round trip time was 29.2445 milliseconds in repetition 314
tcp_ping received 512 bytes back
Round trip time was 29.2264 milliseconds in repetition 315
tcp_ping received 512 bytes back
Round trip time was 29.5122 milliseconds in repetition 316
tcp_ping received 512 bytes back
Round trip time was 29.5038 milliseconds in repetition 317
tcp_ping received 512 bytes back
Round trip time was 29.2412 milliseconds in repetition 318
tcp_ping received 512 bytes back
Round trip time was 29.4935 milliseconds in repetition 319
tcp_ping received 512 bytes back
Round trip time was 29.7168 milliseconds in repetition 320
tcp_ping received 512 bytes back
Round trip time was 29.5183 milliseconds in repetition 321
tcp_ping received 512 bytes back
Round trip time was 29.4934 milliseconds in repetition 322
tcp_ping received 512 bytes back
Round trip time was 29.2445 milliseconds in repetition 323
tcp_ping received 512 bytes back
Round trip time was 29.504 milliseconds in repetition 324
tcp_ping received 512 bytes back
Round trip time was 29.2353 milliseconds in repetition 325
tcp_ping received 512 bytes back
Round trip time was 29.223 milliseconds in repetition 326
tcp_ping received 512 bytes back
Round trip time was 29.246 milliseconds in repetition 327
tcp_ping received 512 bytes back
Round trip time was 29.4923 milliseconds in repetition 328
tcp_ping received 512 bytes back
Round trip time was 29.2511 milliseconds in repetition 329
tcp_ping received 512 bytes back
Round trip time was 29.2229 milliseconds in repetition 330
tcp_ping received 512 bytes back
Round trip time was 29.5119 milliseconds in repetition 331
tcp_ping received 512 bytes back
Round trip time was 29.7149 milliseconds in repetition 332
tcp_ping received 512 bytes back
Round trip time was 29.4965 milliseconds in repetition 333
tcp_ping received 512 bytes back
Round trip time was 29.5195 milliseconds in repetition 334
tcp_ping received 512 bytes back
Round trip time was 29.4944 milliseconds in repetition 335
tcp_ping received 512 bytes back
Round trip time was 29.7153 milliseconds in repetition 336
tcp_ping received 512 bytes back
Round trip time was 30.2369 milliseconds in repetition 337
tcp_ping received 512 bytes back
Round trip time was 29.9941 milliseconds in repetition 338
tcp_ping received 512 bytes back
Round trip time was 29.7628 milliseconds in repetition 339
tcp_ping received 512 bytes back
Round trip time was 28.9727 milliseconds in repetition 340
tcp_ping received 512 bytes back
Round trip time was 29.4965 milliseconds in repetition 341
tcp_ping received 512 bytes back
Round trip time was 29.9882 milliseconds in repetition 342
tcp_ping received 512 bytes back
Round trip time was 29.7727 milliseconds in repetition 343
tcp_ping received 512 bytes back
Round trip time was 29.7171 milliseconds in repetition 344
tcp_ping received 512 bytes back
Round trip time was 29.2441 milliseconds in repetition 345
tcp_ping received 512 bytes back
Round trip time was 29.7656 milliseconds in repetition 346
tcp_ping received 512 bytes back
Round trip time was 29.2412 milliseconds in repetition 347
tcp_ping received 512 bytes back
Round trip time was 32.0053 milliseconds in repetition 348
tcp_ping received 512 bytes back
Round trip time was 29.2425 milliseconds in repetition 349
tcp_ping received 512 bytes back
Round trip time was 29.4947 milliseconds in repetition 350
tcp_ping received 512 bytes back
Round trip time was 29.2476 milliseconds in repetition 351
tcp_ping received 512 bytes back
Round trip time was 29.2218 milliseconds in repetition 352
tcp_ping received 512 bytes back
Round trip time was 29.2479 milliseconds in repetition 353
tcp_ping received 512 bytes back
Round trip time was 29.4959 milliseconds in repetition 354
tcp_ping received 512 bytes back
Round trip time was 29.6988 milliseconds in repetition 355
tcp_ping received 512 bytes back
Round trip time was 29.0425 milliseconds in repetition 356
tcp_ping received 512 bytes back
Round trip time was 29.6899 milliseconds in repetition 357
tcp_ping received 512 bytes back
Round trip time was 29.9784 milliseconds in repetition 358
tcp_ping received 512 bytes back
Round trip time was 29.5045 milliseconds in repetition 359
tcp_ping received 512 bytes back
Round trip time was 29.2435 milliseconds in repetition 360
tcp_ping received 512 bytes back
Round trip time was 29.7658 milliseconds in repetition 361
tcp_ping received 512 bytes back
Round trip time was 29.246 milliseconds in repetition 362
tcp_ping received 512 bytes back
Round trip time was 29.4974 milliseconds in repetition 363
tcp_ping received 512 bytes back
Round trip time was 29.2498 milliseconds in repetition 364
tcp_ping received 512 bytes back
Round trip time was 29.4948 milliseconds in repetition 365
tcp_ping received 512 bytes back
Round trip time was 29.7067 milliseconds in repetition 366
tcp_ping received 512 bytes back
Round trip time was 29.771 milliseconds in repetition 367
tcp_ping received 512 bytes back
Round trip time was 30.0073 milliseconds in repetition 368
tcp_ping received 512 bytes back
Round trip time was 29.4903 milliseconds in repetition 369
tcp_ping received 512 bytes back
Round trip time was 29.2417 milliseconds in repetition 370
tcp_ping received 512 bytes back
Round trip time was 29.2527 milliseconds in repetition 371
tcp_ping received 512 bytes back
Round trip time was 29.5033 milliseconds in repetition 372
tcp_ping received 512 bytes back
Round trip time was 29.2444 milliseconds in repetition 373
tcp_ping received 512 bytes back
Round trip time was 29.4882 milliseconds in repetition 374
tcp_ping received 512 bytes back
Round trip time was 29.724 milliseconds in repetition 375
tcp_ping received 512 bytes back
Round trip time was 29.7764 milliseconds in repetition 376
tcp_ping received 512 bytes back
Round trip time was 29.2421 milliseconds in repetition 377
tcp_ping received 512 bytes back
Round trip time was 29.2348 milliseconds in repetition 378
tcp_ping received 512 bytes back
Round trip time was 29.5433 milliseconds in repetition 379
tcp_ping received 512 bytes back
Round trip time was 29.497 milliseconds in repetition 380
tcp_ping received 512 bytes back
Round trip time was 28.9754 milliseconds in repetition 381
tcp_ping received 512 bytes back
Round trip time was 29.6936 milliseconds in repetition 382
tcp_ping received 512 bytes back
Round trip time was 29.7861 milliseconds in repetition 383
tcp_ping received 512 bytes back
Round trip time was 29.2451 milliseconds in repetition 384
tcp_ping received 512 bytes back
Round trip time was 29.2185 milliseconds in repetition 385
tcp_ping received 512 bytes back
Round trip time was 29.5204 milliseconds in repetition 386
tcp_ping received 512 bytes back
Round trip time was 29.4935 milliseconds in repetition 387
tcp_ping received 512 bytes back
Round trip time was 29.7173 milliseconds in repetition 388
tcp_ping received 512 bytes back
Round trip time was 29.4941 milliseconds in repetition 389
tcp_ping received 512 bytes back
Round trip time was 29.5174 milliseconds in repetition 390
tcp_ping received 512 bytes back
Round trip time was 29.5001 milliseconds in repetition 391
tcp_ping received 512 bytes back
Round trip time was 29.2377 milliseconds in repetition 392
tcp_ping received 512 bytes back
Round trip time was 29.4975 milliseconds in repetition 393
tcp_ping received 512 bytes back
Round trip time was 29.2443 milliseconds in repetition 394
tcp_ping received 512 bytes back
Round trip time was 29.2434 milliseconds in repetition 395
tcp_ping received 512 bytes back
Round trip time was 29.4972 milliseconds in repetition 396
tcp_ping received 512 bytes back
Round trip time was 29.2442 milliseconds in repetition 397
tcp_ping received 512 bytes back
Round trip time was 29.4919 milliseconds in repetition 398
tcp_ping received 512 bytes back
Round trip time was 29.7164 milliseconds in repetition 399
tcp_ping received 512 bytes back
Round trip time was 29.7746 milliseconds in repetition 400
tcp_ping received 512 bytes back
Round trip time was 28.9671 milliseconds in repetition 401
tcp_ping received 512 bytes back
Round trip time was 29.4618 milliseconds in repetition 402
tcp_ping received 512 bytes back
Round trip time was 29.2403 milliseconds in repetition 403
tcp_ping received 512 bytes back
Round trip time was 29.4935 milliseconds in repetition 404
tcp_ping received 512 bytes back
Round trip time was 29.2251 milliseconds in repetition 405
tcp_ping received 512 bytes back
Round trip time was 29.7339 milliseconds in repetition 406
tcp_ping received 512 bytes back
Round trip time was 29.7696 milliseconds in repetition 407
tcp_ping received 512 bytes back
Round trip time was 29.2458 milliseconds in repetition 408
tcp_ping received 512 bytes back
Round trip time was 29.1989 milliseconds in repetition 409
tcp_ping received 512 bytes back
Round trip time was 29.5387 milliseconds in repetition 410
tcp_ping received 512 bytes back
Round trip time was 29.4945 milliseconds in repetition 411
tcp_ping received 512 bytes back
Round trip time was 29.719 milliseconds in repetition 412
tcp_ping received 512 bytes back
Round trip time was 29.7647 milliseconds in repetition 413
tcp_ping received 512 bytes back
Round trip time was 29.2496 milliseconds in repetition 414
tcp_ping received 512 bytes back
Round trip time was 29.4898 milliseconds in repetition 415
tcp_ping received 512 bytes back
Round trip time was 32.2234 milliseconds in repetition 416
tcp_ping received 512 bytes back
Round trip time was 29.2122 milliseconds in repetition 417
tcp_ping received 512 bytes back
Round trip time was 29.2551 milliseconds in repetition 418
tcp_ping received 512 bytes back
Round trip time was 30.2451 milliseconds in repetition 419
tcp_ping received 512 bytes back
Round trip time was 29.4961 milliseconds in repetition 420
tcp_ping received 512 bytes back
Round trip time was 29.2632 milliseconds in repetition 421
tcp_ping received 512 bytes back
Round trip time was 29.2193 milliseconds in repetition 422
tcp_ping received 512 bytes back
Round trip time was 29.5204 milliseconds in repetition 423
tcp_ping received 512 bytes back
Round trip time was 29.9622 milliseconds in repetition 424
tcp_ping received 512 bytes back
Round trip time was 29.5175 milliseconds in repetition 425
tcp_ping received 512 bytes back
Round trip time was 29.2208 milliseconds in repetition 426
tcp_ping received 512 bytes back
Round trip time was 29.5213 milliseconds in repetition 427
tcp_ping received 512 bytes back
Round trip time was 29.4934 milliseconds in repetition 428
tcp_ping received 512 bytes back
Round trip time was 29.6968 milliseconds in repetition 429
tcp_ping received 512 bytes back
Round trip time was 29.4966 milliseconds in repetition 430
tcp_ping received 512 bytes back
Round trip time was 29.2542 milliseconds in repetition 431
tcp_ping received 512 bytes back
Round trip time was 29.5034 milliseconds in repetition 432
tcp_ping received 512 bytes back
Round trip time was 29.9646 milliseconds in repetition 433
tcp_ping received 512 bytes back
Round trip time was 29.5199 milliseconds in repetition 434
tcp_ping received 512 bytes back
Round trip time was 29.2275 milliseconds in repetition 435
tcp_ping received 512 bytes back
Round trip time was 29.5112 milliseconds in repetition 436
tcp_ping received 512 bytes back
Round trip time was 29.4945 milliseconds in repetition 437
tcp_ping received 512 bytes back
Round trip time was 29.7195 milliseconds in repetition 438
tcp_ping received 512 bytes back
Round trip time was 29.5046 milliseconds in repetition 439
tcp_ping received 512 bytes back
Round trip time was 29.5079 milliseconds in repetition 440
tcp_ping received 512 bytes back
Round trip time was 29.4981 milliseconds in repetition 441
tcp_ping received 512 bytes back
Round trip time was 29.235 milliseconds in repetition 442
tcp_ping received 512 bytes back
Round trip time was 29.5306 milliseconds in repetition 443
tcp_ping received 512 bytes back
Round trip time was 29.2182 milliseconds in repetition 444
tcp_ping received 512 bytes back
Round trip time was 29.2414 milliseconds in repetition 445
tcp_ping received 512 bytes back
Round trip time was 29.1852 milliseconds in repetition 446
tcp_ping received 512 bytes back
Round trip time was 29.2439 milliseconds in repetition 447
tcp_ping received 512 bytes back
Round trip time was 29.5068 milliseconds in repetition 448
tcp_ping received 512 bytes back
Round trip time was 29.2319 milliseconds in repetition 449
tcp_ping received 512 bytes back
Round trip time was 29.4899 milliseconds in repetition 450
tcp_ping received 512 bytes back
Round trip time was 29.2458 milliseconds in repetition 451
tcp_ping received 512 bytes back
Round trip time was 29.5014 milliseconds in repetition 452
tcp_ping received 512 bytes back
Round trip time was 29.7115 milliseconds in repetition 453
tcp_ping received 512 bytes back
Round trip time was 29.4917 milliseconds in repetition 454
tcp_ping received 512 bytes back
Round trip time was 29.2477 milliseconds in repetition 455
tcp_ping received 512 bytes back
Round trip time was 29.5268 milliseconds in repetition 456
tcp_ping received 512 bytes back
Round trip time was 29.5085 milliseconds in repetition 457
tcp_ping received 512 bytes back
Round trip time was 29.2227 milliseconds in repetition 458
tcp_ping received 512 bytes back
Round trip time was 29.4755 milliseconds in repetition 459
tcp_ping received 512 bytes back
Round trip time was 29.2537 milliseconds in repetition 460
tcp_ping received 512 bytes back
Round trip time was 29.2089 milliseconds in repetition 461
tcp_ping received 512 bytes back
Round trip time was 29.7 milliseconds in repetition 462
tcp_ping received 512 bytes back
Round trip time was 33.3124 milliseconds in repetition 463
tcp_ping received 512 bytes back
Round trip time was 29.2516 milliseconds in repetition 464
tcp_ping received 512 bytes back
Round trip time was 29.2236 milliseconds in repetition 465
tcp_ping received 512 bytes back
Round trip time was 33.2418 milliseconds in repetition 466
tcp_ping received 512 bytes back
Round trip time was 29.2254 milliseconds in repetition 467
tcp_ping received 512 bytes back
Round trip time was 29.9794 milliseconds in repetition 468
tcp_ping received 512 bytes back
Round trip time was 29.7854 milliseconds in repetition 469
tcp_ping received 512 bytes back
Round trip time was 29.7066 milliseconds in repetition 470
tcp_ping received 512 bytes back
Round trip time was 29.2482 milliseconds in repetition 471
tcp_ping received 512 bytes back
Round trip time was 29.5126 milliseconds in repetition 472
tcp_ping received 512 bytes back
Round trip time was 29.5268 milliseconds in repetition 473
tcp_ping received 512 bytes back
Round trip time was 29.4991 milliseconds in repetition 474
tcp_ping received 512 bytes back
Round trip time was 29.2784 milliseconds in repetition 475
tcp_ping received 512 bytes back
Round trip time was 29.2051 milliseconds in repetition 476
tcp_ping received 512 bytes back
Round trip time was 29.5159 milliseconds in repetition 477
tcp_ping received 512 bytes back
Round trip time was 29.4893 milliseconds in repetition 478
tcp_ping received 512 bytes back
Round trip time was 29.2381 milliseconds in repetition 479
tcp_ping received 512 bytes back
Round trip time was 29.5119 milliseconds in repetition 480
tcp_ping received 512 bytes back
Round trip time was 29.6987 milliseconds in repetition 481
tcp_ping received 512 bytes back
Round trip time was 29.5144 milliseconds in repetition 482
tcp_ping received 512 bytes back
Round trip time was 29.4951 milliseconds in repetition 483
tcp_ping received 512 bytes back
Round trip time was 29.2632 milliseconds in repetition 484
tcp_ping received 512 bytes back
Round trip time was 29.4725 milliseconds in repetition 485
tcp_ping received 512 bytes back
Round trip time was 29.7135 milliseconds in repetition 486
tcp_ping received 512 bytes back
Round trip time was 29.4953 milliseconds in repetition 487
tcp_ping received 512 bytes back
Round trip time was 29.2685 milliseconds in repetition 488
tcp_ping received 512 bytes back
Round trip time was 29.1805 milliseconds in repetition 489
tcp_ping received 512 bytes back
Round trip time was 29.5383 milliseconds in repetition 490
tcp_ping received 512 bytes back
Round trip time was 29.4547 milliseconds in repetition 491
tcp_ping received 512 bytes back
Round trip time was 29.2586 milliseconds in repetition 492
tcp_ping received 512 bytes back
Round trip time was 29.4786 milliseconds in repetition 493
tcp_ping received 512 bytes back
Round trip time was 29.7168 milliseconds in repetition 494
tcp_ping received 512 bytes back
Round trip time was 29.5185 milliseconds in repetition 495
tcp_ping received 512 bytes back
Round trip time was 29.4987 milliseconds in repetition 496
tcp_ping received 512 bytes back
Round trip time was 29.2352 milliseconds in repetition 497
tcp_ping received 512 bytes back
Round trip time was 29.4959 milliseconds in repetition 498
tcp_ping received 512 bytes back
Round trip time was 29.2429 milliseconds in repetition 499
tcp_ping received 512 bytes back
Round trip time was 29.219 milliseconds in repetition 500
tcp_ping received 512 bytes back
Round trip time was 32.7648 milliseconds in repetition 501

 ... clock resolution was 1e-06
TCP Ping:  Statistics over 501 repetitions of 512 byte messages

RTT : percentile 10: 29.2229, median: 29.4959, percentile 90: 29.9825, average: 29.5739, variance: 0.460516

RTT histogram:
28.7524 9
29.2778 353
29.8033 103
30.3287 22
30.8542 6
31.3796 0
31.9051 2
32.4306 1
32.956 1
33.4815 2
34.0069 0
34.5324 1
35.0578 0
35.5833 0
36.1087 0
36.6342 0
37.1596 0
37.6851 0
38.2105 0
38.736 0
39.2614 1

   median Throughput : 34.7167 KB/s   overall Throughput : 34.6251 KB/s

