TCP Ping trying to connect to server seti.dibris.unige.it (130.251.61.30) on port 1491
 ... connected to Pong server: asking for 501 repetitions of 256 bytes TCP messages
 ... Pong server agreed :-)
tcp_ping received 256 bytes back
Round trip time was 30.9623 milliseconds in repetition 1
tcp_ping received 256 bytes back
Round trip time was 26.0287 milliseconds in repetition 2
tcp_ping received 256 bytes back
Round trip time was 25.9777 milliseconds in repetition 3
tcp_ping received 256 bytes back
Round trip time was 26.7142 milliseconds in repetition 4
tcp_ping received 256 bytes back
Round trip time was 26.27 milliseconds in repetition 5
tcp_ping received 256 bytes back
Round trip time was 26.2513 milliseconds in repetition 6
tcp_ping received 256 bytes back
Round trip time was 25.986 milliseconds in repetition 7
tcp_ping received 256 bytes back
Round trip time was 26.2403 milliseconds in repetition 8
tcp_ping received 256 bytes back
Round trip time was 25.9917 milliseconds in repetition 9
tcp_ping received 256 bytes back
Round trip time was 26.4649 milliseconds in repetition 10
tcp_ping received 256 bytes back
Round trip time was 26.5279 milliseconds in repetition 11
tcp_ping received 256 bytes back
Round trip time was 25.9746 milliseconds in repetition 12
tcp_ping received 256 bytes back
Round trip time was 25.9704 milliseconds in repetition 13
tcp_ping received 256 bytes back
Round trip time was 26.2665 milliseconds in repetition 14
tcp_ping received 256 bytes back
Round trip time was 26.4613 milliseconds in repetition 15
tcp_ping received 256 bytes back
Round trip time was 26.5251 milliseconds in repetition 16
tcp_ping received 256 bytes back
Round trip time was 25.9817 milliseconds in repetition 17
tcp_ping received 256 bytes back
Round trip time was 26.2383 milliseconds in repetition 18
tcp_ping received 256 bytes back
Round trip time was 26.4563 milliseconds in repetition 19
tcp_ping received 256 bytes back
Round trip time was 26.7557 milliseconds in repetition 20
tcp_ping received 256 bytes back
Round trip time was 26.2393 milliseconds in repetition 21
tcp_ping received 256 bytes back
Round trip time was 25.9918 milliseconds in repetition 22
tcp_ping received 256 bytes back
Round trip time was 26.2503 milliseconds in repetition 23
tcp_ping received 256 bytes back
Round trip time was 26.0222 milliseconds in repetition 24
tcp_ping received 256 bytes back
Round trip time was 26.4133 milliseconds in repetition 25
tcp_ping received 256 bytes back
Round trip time was 26.1086 milliseconds in repetition 26
tcp_ping received 256 bytes back
Round trip time was 26.1455 milliseconds in repetition 27
tcp_ping received 256 bytes back
Round trip time was 26.0283 milliseconds in repetition 28
tcp_ping received 256 bytes back
Round trip time was 26.6799 milliseconds in repetition 29
tcp_ping received 256 bytes back
Round trip time was 26.2717 milliseconds in repetition 30
tcp_ping received 256 bytes back
Round trip time was 26.3442 milliseconds in repetition 31
tcp_ping received 256 bytes back
Round trip time was 26.5371 milliseconds in repetition 32
tcp_ping received 256 bytes back
Round trip time was 26.2552 milliseconds in repetition 33
tcp_ping received 256 bytes back
Round trip time was 25.8596 milliseconds in repetition 34
tcp_ping received 256 bytes back
Round trip time was 25.2335 milliseconds in repetition 35
tcp_ping received 256 bytes back
Round trip time was 24.9772 milliseconds in repetition 36
tcp_ping received 256 bytes back
Round trip time was 25.2547 milliseconds in repetition 37
tcp_ping received 256 bytes back
Round trip time was 25.5026 milliseconds in repetition 38
tcp_ping received 256 bytes back
Round trip time was 25.2825 milliseconds in repetition 39
tcp_ping received 256 bytes back
Round trip time was 24.949 milliseconds in repetition 40
tcp_ping received 256 bytes back
Round trip time was 25.5231 milliseconds in repetition 41
tcp_ping received 256 bytes back
Round trip time was 24.9548 milliseconds in repetition 42
tcp_ping received 256 bytes back
Round trip time was 25.516 milliseconds in repetition 43
tcp_ping received 256 bytes back
Round trip time was 25.206 milliseconds in repetition 44
tcp_ping received 256 bytes back
Round trip time was 25.2341 milliseconds in repetition 45
tcp_ping received 256 bytes back
Round trip time was 25.2239 milliseconds in repetition 46
tcp_ping received 256 bytes back
Round trip time was 25.2541 milliseconds in repetition 47
tcp_ping received 256 bytes back
Round trip time was 25.4966 milliseconds in repetition 48
tcp_ping received 256 bytes back
Round trip time was 25.2479 milliseconds in repetition 49
tcp_ping received 256 bytes back
Round trip time was 24.9687 milliseconds in repetition 50
tcp_ping received 256 bytes back
Round trip time was 25.5053 milliseconds in repetition 51
tcp_ping received 256 bytes back
Round trip time was 25.0065 milliseconds in repetition 52
tcp_ping received 256 bytes back
Round trip time was 25.5035 milliseconds in repetition 53
tcp_ping received 256 bytes back
Round trip time was 25.2546 milliseconds in repetition 54
tcp_ping received 256 bytes back
Round trip time was 25.3996 milliseconds in repetition 55
tcp_ping received 256 bytes back
Round trip time was 25.2269 milliseconds in repetition 56
tcp_ping received 256 bytes back
Round trip time was 25.2457 milliseconds in repetition 57
tcp_ping received 256 bytes back
Round trip time was 25.1037 milliseconds in repetition 58
tcp_ping received 256 bytes back
Round trip time was 25.9702 milliseconds in repetition 59
tcp_ping received 256 bytes back
Round trip time was 25.2785 milliseconds in repetition 60
tcp_ping received 256 bytes back
Round trip time was 25.2234 milliseconds in repetition 61
tcp_ping received 256 bytes back
Round trip time was 25.2537 milliseconds in repetition 62
tcp_ping received 256 bytes back
Round trip time was 25.0302 milliseconds in repetition 63
tcp_ping received 256 bytes back
Round trip time was 24.9657 milliseconds in repetition 64
tcp_ping received 256 bytes back
Round trip time was 25.7133 milliseconds in repetition 65
tcp_ping received 256 bytes back
Round trip time was 25.5215 milliseconds in repetition 66
tcp_ping received 256 bytes back
Round trip time was 25.2443 milliseconds in repetition 67
tcp_ping received 256 bytes back
Round trip time was 25.2316 milliseconds in repetition 68
tcp_ping received 256 bytes back
Round trip time was 25.2535 milliseconds in repetition 69
tcp_ping received 256 bytes back
Round trip time was 25.2614 milliseconds in repetition 70
tcp_ping received 256 bytes back
Round trip time was 25.2185 milliseconds in repetition 71
tcp_ping received 256 bytes back
Round trip time was 25.3987 milliseconds in repetition 72
tcp_ping received 256 bytes back
Round trip time was 25.323 milliseconds in repetition 73
tcp_ping received 256 bytes back
Round trip time was 25.4337 milliseconds in repetition 74
tcp_ping received 256 bytes back
Round trip time was 25.2463 milliseconds in repetition 75
tcp_ping received 256 bytes back
Round trip time was 25.616 milliseconds in repetition 76
tcp_ping received 256 bytes back
Round trip time was 24.7315 milliseconds in repetition 77
tcp_ping received 256 bytes back
Round trip time was 25.2512 milliseconds in repetition 78
tcp_ping received 256 bytes back
Round trip time was 25.2473 milliseconds in repetition 79
tcp_ping received 256 bytes back
Round trip time was 25.2362 milliseconds in repetition 80
tcp_ping received 256 bytes back
Round trip time was 25.23 milliseconds in repetition 81
tcp_ping received 256 bytes back
Round trip time was 25.6663 milliseconds in repetition 82
tcp_ping received 256 bytes back
Round trip time was 25.5849 milliseconds in repetition 83
tcp_ping received 256 bytes back
Round trip time was 24.7597 milliseconds in repetition 84
tcp_ping received 256 bytes back
Round trip time was 24.9804 milliseconds in repetition 85
tcp_ping received 256 bytes back
Round trip time was 25.5025 milliseconds in repetition 86
tcp_ping received 256 bytes back
Round trip time was 25.2544 milliseconds in repetition 87
tcp_ping received 256 bytes back
Round trip time was 25.2524 milliseconds in repetition 88
tcp_ping received 256 bytes back
Round trip time was 25.2309 milliseconds in repetition 89
tcp_ping received 256 bytes back
Round trip time was 25.2174 milliseconds in repetition 90
tcp_ping received 256 bytes back
Round trip time was 26.5068 milliseconds in repetition 91
tcp_ping received 256 bytes back
Round trip time was 27.244 milliseconds in repetition 92
tcp_ping received 256 bytes back
Round trip time was 25.2336 milliseconds in repetition 93
tcp_ping received 256 bytes back
Round trip time was 24.7624 milliseconds in repetition 94
tcp_ping received 256 bytes back
Round trip time was 25.4486 milliseconds in repetition 95
tcp_ping received 256 bytes back
Round trip time was 25.0323 milliseconds in repetition 96
tcp_ping received 256 bytes back
Round trip time was 24.9801 milliseconds in repetition 97
tcp_ping received 256 bytes back
Round trip time was 25.2563 milliseconds in repetition 98
tcp_ping received 256 bytes back
Round trip time was 25.2275 milliseconds in repetition 99
tcp_ping received 256 bytes back
Round trip time was 25.2528 milliseconds in repetition 100
tcp_ping received 256 bytes back
Round trip time was 25.6619 milliseconds in repetition 101
tcp_ping received 256 bytes back
Round trip time was 25.0918 milliseconds in repetition 102
tcp_ping received 256 bytes back
Round trip time was 24.9821 milliseconds in repetition 103
tcp_ping received 256 bytes back
Round trip time was 25.5036 milliseconds in repetition 104
tcp_ping received 256 bytes back
Round trip time was 24.9829 milliseconds in repetition 105
tcp_ping received 256 bytes back
Round trip time was 25.7739 milliseconds in repetition 106
tcp_ping received 256 bytes back
Round trip time was 24.9801 milliseconds in repetition 107
tcp_ping received 256 bytes back
Round trip time was 25.2538 milliseconds in repetition 108
tcp_ping received 256 bytes back
Round trip time was 25.2315 milliseconds in repetition 109
tcp_ping received 256 bytes back
Round trip time was 25.2523 milliseconds in repetition 110
tcp_ping received 256 bytes back
Round trip time was 25.2519 milliseconds in repetition 111
tcp_ping received 256 bytes back
Round trip time was 25.5069 milliseconds in repetition 112
tcp_ping received 256 bytes back
Round trip time was 24.9807 milliseconds in repetition 113
tcp_ping received 256 bytes back
Round trip time was 25.4993 milliseconds in repetition 114
tcp_ping received 256 bytes back
Round trip time was 24.9803 milliseconds in repetition 115
tcp_ping received 256 bytes back
Round trip time was 25.2522 milliseconds in repetition 116
tcp_ping received 256 bytes back
Round trip time was 24.7601 milliseconds in repetition 117
tcp_ping received 256 bytes back
Round trip time was 25.2527 milliseconds in repetition 118
tcp_ping received 256 bytes back
Round trip time was 24.9605 milliseconds in repetition 119
tcp_ping received 256 bytes back
Round trip time was 25.5476 milliseconds in repetition 120
tcp_ping received 256 bytes back
Round trip time was 24.9489 milliseconds in repetition 121
tcp_ping received 256 bytes back
Round trip time was 25.3723 milliseconds in repetition 122
tcp_ping received 256 bytes back
Round trip time was 25.0917 milliseconds in repetition 123
tcp_ping received 256 bytes back
Round trip time was 25.5028 milliseconds in repetition 124
tcp_ping received 256 bytes back
Round trip time was 25.2543 milliseconds in repetition 125
tcp_ping received 256 bytes back
Round trip time was 25.2529 milliseconds in repetition 126
tcp_ping received 256 bytes back
Round trip time was 25.234 milliseconds in repetition 127
tcp_ping received 256 bytes back
Round trip time was 25.2527 milliseconds in repetition 128
tcp_ping received 256 bytes back
Round trip time was 25.2545 milliseconds in repetition 129
tcp_ping received 256 bytes back
Round trip time was 25.4993 milliseconds in repetition 130
tcp_ping received 256 bytes back
Round trip time was 24.9816 milliseconds in repetition 131
tcp_ping received 256 bytes back
Round trip time was 25.9779 milliseconds in repetition 132
tcp_ping received 256 bytes back
Round trip time was 25.2555 milliseconds in repetition 133
tcp_ping received 256 bytes back
Round trip time was 25.4765 milliseconds in repetition 134
tcp_ping received 256 bytes back
Round trip time was 25.2515 milliseconds in repetition 135
tcp_ping received 256 bytes back
Round trip time was 24.9806 milliseconds in repetition 136
tcp_ping received 256 bytes back
Round trip time was 25.5042 milliseconds in repetition 137
tcp_ping received 256 bytes back
Round trip time was 24.9834 milliseconds in repetition 138
tcp_ping received 256 bytes back
Round trip time was 25.5266 milliseconds in repetition 139
tcp_ping received 256 bytes back
Round trip time was 25.2345 milliseconds in repetition 140
tcp_ping received 256 bytes back
Round trip time was 25.2835 milliseconds in repetition 141
tcp_ping received 256 bytes back
Round trip time was 25.1975 milliseconds in repetition 142
tcp_ping received 256 bytes back
Round trip time was 25.2519 milliseconds in repetition 143
tcp_ping received 256 bytes back
Round trip time was 25.2572 milliseconds in repetition 144
tcp_ping received 256 bytes back
Round trip time was 25.5043 milliseconds in repetition 145
tcp_ping received 256 bytes back
Round trip time was 24.9952 milliseconds in repetition 146
tcp_ping received 256 bytes back
Round trip time was 25.5026 milliseconds in repetition 147
tcp_ping received 256 bytes back
Round trip time was 25.2504 milliseconds in repetition 148
tcp_ping received 256 bytes back
Round trip time was 25.9941 milliseconds in repetition 149
tcp_ping received 256 bytes back
Round trip time was 25.2266 milliseconds in repetition 150
tcp_ping received 256 bytes back
Round trip time was 25.2536 milliseconds in repetition 151
tcp_ping received 256 bytes back
Round trip time was 25.2215 milliseconds in repetition 152
tcp_ping received 256 bytes back
Round trip time was 25.2483 milliseconds in repetition 153
tcp_ping received 256 bytes back
Round trip time was 24.981 milliseconds in repetition 154
tcp_ping received 256 bytes back
Round trip time was 25.0684 milliseconds in repetition 155
tcp_ping received 256 bytes back
Round trip time was 24.9658 milliseconds in repetition 156
tcp_ping received 256 bytes back
Round trip time was 25.5005 milliseconds in repetition 157
tcp_ping received 256 bytes back
Round trip time was 25.2531 milliseconds in repetition 158
tcp_ping received 256 bytes back
Round trip time was 25.1267 milliseconds in repetition 159
tcp_ping received 256 bytes back
Round trip time was 25.5056 milliseconds in repetition 160
tcp_ping received 256 bytes back
Round trip time was 25.7372 milliseconds in repetition 161
tcp_ping received 256 bytes back
Round trip time was 25.3416 milliseconds in repetition 162
tcp_ping received 256 bytes back
Round trip time was 25.2521 milliseconds in repetition 163
tcp_ping received 256 bytes back
Round trip time was 25.2458 milliseconds in repetition 164
tcp_ping received 256 bytes back
Round trip time was 25.2305 milliseconds in repetition 165
tcp_ping received 256 bytes back
Round trip time was 25.2497 milliseconds in repetition 166
tcp_ping received 256 bytes back
Round trip time was 25.4966 milliseconds in repetition 167
tcp_ping received 256 bytes back
Round trip time was 25.2569 milliseconds in repetition 168
tcp_ping received 256 bytes back
Round trip time was 24.9776 milliseconds in repetition 169
tcp_ping received 256 bytes back
Round trip time was 25.4892 milliseconds in repetition 170
tcp_ping received 256 bytes back
Round trip time was 24.9746 milliseconds in repetition 171
tcp_ping received 256 bytes back
Round trip time was 25.5182 milliseconds in repetition 172
tcp_ping received 256 bytes back
Round trip time was 25.2217 milliseconds in repetition 173
tcp_ping received 256 bytes back
Round trip time was 25.2461 milliseconds in repetition 174
tcp_ping received 256 bytes back
Round trip time was 25.2281 milliseconds in repetition 175
tcp_ping received 256 bytes back
Round trip time was 25.2442 milliseconds in repetition 176
tcp_ping received 256 bytes back
Round trip time was 25.2326 milliseconds in repetition 177
tcp_ping received 256 bytes back
Round trip time was 25.5075 milliseconds in repetition 178
tcp_ping received 256 bytes back
Round trip time was 24.9405 milliseconds in repetition 179
tcp_ping received 256 bytes back
Round trip time was 25.5283 milliseconds in repetition 180
tcp_ping received 256 bytes back
Round trip time was 25.2349 milliseconds in repetition 181
tcp_ping received 256 bytes back
Round trip time was 25.0099 milliseconds in repetition 182
tcp_ping received 256 bytes back
Round trip time was 24.7143 milliseconds in repetition 183
tcp_ping received 256 bytes back
Round trip time was 25.2479 milliseconds in repetition 184
tcp_ping received 256 bytes back
Round trip time was 24.9611 milliseconds in repetition 185
tcp_ping received 256 bytes back
Round trip time was 25.5071 milliseconds in repetition 186
tcp_ping received 256 bytes back
Round trip time was 24.9726 milliseconds in repetition 187
tcp_ping received 256 bytes back
Round trip time was 25.2311 milliseconds in repetition 188
tcp_ping received 256 bytes back
Round trip time was 25.2351 milliseconds in repetition 189
tcp_ping received 256 bytes back
Round trip time was 28.0044 milliseconds in repetition 190
tcp_ping received 256 bytes back
Round trip time was 25.2313 milliseconds in repetition 191
tcp_ping received 256 bytes back
Round trip time was 25.2548 milliseconds in repetition 192
tcp_ping received 256 bytes back
Round trip time was 25.2415 milliseconds in repetition 193
tcp_ping received 256 bytes back
Round trip time was 25.248 milliseconds in repetition 194
tcp_ping received 256 bytes back
Round trip time was 25.5047 milliseconds in repetition 195
tcp_ping received 256 bytes back
Round trip time was 27.4809 milliseconds in repetition 196
tcp_ping received 256 bytes back
Round trip time was 27.2066 milliseconds in repetition 197
tcp_ping received 256 bytes back
Round trip time was 27.5316 milliseconds in repetition 198
tcp_ping received 256 bytes back
Round trip time was 24.9766 milliseconds in repetition 199
tcp_ping received 256 bytes back
Round trip time was 25.5061 milliseconds in repetition 200
tcp_ping received 256 bytes back
Round trip time was 25.2359 milliseconds in repetition 201
tcp_ping received 256 bytes back
Round trip time was 25.2518 milliseconds in repetition 202
tcp_ping received 256 bytes back
Round trip time was 25.6987 milliseconds in repetition 203
tcp_ping received 256 bytes back
Round trip time was 25.5159 milliseconds in repetition 204
tcp_ping received 256 bytes back
Round trip time was 25.2395 milliseconds in repetition 205
tcp_ping received 256 bytes back
Round trip time was 25.5041 milliseconds in repetition 206
tcp_ping received 256 bytes back
Round trip time was 25.7297 milliseconds in repetition 207
tcp_ping received 256 bytes back
Round trip time was 25.2198 milliseconds in repetition 208
tcp_ping received 256 bytes back
Round trip time was 26.2726 milliseconds in repetition 209
tcp_ping received 256 bytes back
Round trip time was 25.2057 milliseconds in repetition 210
tcp_ping received 256 bytes back
Round trip time was 25.249 milliseconds in repetition 211
tcp_ping received 256 bytes back
Round trip time was 25.2564 milliseconds in repetition 212
tcp_ping received 256 bytes back
Round trip time was 25.4727 milliseconds in repetition 213
tcp_ping received 256 bytes back
Round trip time was 24.9799 milliseconds in repetition 214
tcp_ping received 256 bytes back
Round trip time was 25.5047 milliseconds in repetition 215
tcp_ping received 256 bytes back
Round trip time was 25.2489 milliseconds in repetition 216
tcp_ping received 256 bytes back
Round trip time was 25 milliseconds in repetition 217
tcp_ping received 256 bytes back
Round trip time was 24.7495 milliseconds in repetition 218
tcp_ping received 256 bytes back
Round trip time was 25.2486 milliseconds in repetition 219
tcp_ping received 256 bytes back
Round trip time was 24.9772 milliseconds in repetition 220
tcp_ping received 256 bytes back
Round trip time was 25.4938 milliseconds in repetition 221
tcp_ping received 256 bytes back
Round trip time was 24.9722 milliseconds in repetition 222
tcp_ping received 256 bytes back
Round trip time was 25.937 milliseconds in repetition 223
tcp_ping received 256 bytes back
Round trip time was 24.7743 milliseconds in repetition 224
tcp_ping received 256 bytes back
Round trip time was 26.4629 milliseconds in repetition 225
tcp_ping received 256 bytes back
Round trip time was 25.0248 milliseconds in repetition 226
tcp_ping received 256 bytes back
Round trip time was 24.9718 milliseconds in repetition 227
tcp_ping received 256 bytes back
Round trip time was 24.7497 milliseconds in repetition 228
tcp_ping received 256 bytes back
Round trip time was 25.4461 milliseconds in repetition 229
tcp_ping received 256 bytes back
Round trip time was 24.7843 milliseconds in repetition 230
tcp_ping received 256 bytes back
Round trip time was 25.2092 milliseconds in repetition 231
tcp_ping received 256 bytes back
Round trip time was 25.2509 milliseconds in repetition 232
tcp_ping received 256 bytes back
Round trip time was 25.5047 milliseconds in repetition 233
tcp_ping received 256 bytes back
Round trip time was 25.7084 milliseconds in repetition 234
tcp_ping received 256 bytes back
Round trip time was 25.2338 milliseconds in repetition 235
tcp_ping received 256 bytes back
Round trip time was 25.5007 milliseconds in repetition 236
tcp_ping received 256 bytes back
Round trip time was 24.9804 milliseconds in repetition 237
tcp_ping received 256 bytes back
Round trip time was 24.7619 milliseconds in repetition 238
tcp_ping received 256 bytes back
Round trip time was 25.2508 milliseconds in repetition 239
tcp_ping received 256 bytes back
Round trip time was 25.2534 milliseconds in repetition 240
tcp_ping received 256 bytes back
Round trip time was 25.2295 milliseconds in repetition 241
tcp_ping received 256 bytes back
Round trip time was 25.2555 milliseconds in repetition 242
tcp_ping received 256 bytes back
Round trip time was 26.9225 milliseconds in repetition 243
tcp_ping received 256 bytes back
Round trip time was 25.3335 milliseconds in repetition 244
tcp_ping received 256 bytes back
Round trip time was 24.9973 milliseconds in repetition 245
tcp_ping received 256 bytes back
Round trip time was 25.3718 milliseconds in repetition 246
tcp_ping received 256 bytes back
Round trip time was 25.631 milliseconds in repetition 247
tcp_ping received 256 bytes back
Round trip time was 25.1322 milliseconds in repetition 248
tcp_ping received 256 bytes back
Round trip time was 25.5797 milliseconds in repetition 249
tcp_ping received 256 bytes back
Round trip time was 24.7793 milliseconds in repetition 250
tcp_ping received 256 bytes back
Round trip time was 24.7537 milliseconds in repetition 251
tcp_ping received 256 bytes back
Round trip time was 25.7198 milliseconds in repetition 252
tcp_ping received 256 bytes back
Round trip time was 24.5034 milliseconds in repetition 253
tcp_ping received 256 bytes back
Round trip time was 25.2166 milliseconds in repetition 254
tcp_ping received 256 bytes back
Round trip time was 25.2508 milliseconds in repetition 255
tcp_ping received 256 bytes back
Round trip time was 25.2334 milliseconds in repetition 256
tcp_ping received 256 bytes back
Round trip time was 24.9797 milliseconds in repetition 257
tcp_ping received 256 bytes back
Round trip time was 25.4196 milliseconds in repetition 258
tcp_ping received 256 bytes back
Round trip time was 25.0358 milliseconds in repetition 259
tcp_ping received 256 bytes back
Round trip time was 25.444 milliseconds in repetition 260
tcp_ping received 256 bytes back
Round trip time was 24.8718 milliseconds in repetition 261
tcp_ping received 256 bytes back
Round trip time was 25.3079 milliseconds in repetition 262
tcp_ping received 256 bytes back
Round trip time was 24.9514 milliseconds in repetition 263
tcp_ping received 256 bytes back
Round trip time was 25.5136 milliseconds in repetition 264
tcp_ping received 256 bytes back
Round trip time was 24.9762 milliseconds in repetition 265
tcp_ping received 256 bytes back
Round trip time was 25.4835 milliseconds in repetition 266
tcp_ping received 256 bytes back
Round trip time was 25.2575 milliseconds in repetition 267
tcp_ping received 256 bytes back
Round trip time was 25.202 milliseconds in repetition 268
tcp_ping received 256 bytes back
Round trip time was 25.2329 milliseconds in repetition 269
tcp_ping received 256 bytes back
Round trip time was 25.2483 milliseconds in repetition 270
tcp_ping received 256 bytes back
Round trip time was 25.2445 milliseconds in repetition 271
tcp_ping received 256 bytes back
Round trip time was 25.2353 milliseconds in repetition 272
tcp_ping received 256 bytes back
Round trip time was 25.2591 milliseconds in repetition 273
tcp_ping received 256 bytes back
Round trip time was 25.5022 milliseconds in repetition 274
tcp_ping received 256 bytes back
Round trip time was 24.9894 milliseconds in repetition 275
tcp_ping received 256 bytes back
Round trip time was 25.5002 milliseconds in repetition 276
tcp_ping received 256 bytes back
Round trip time was 24.9553 milliseconds in repetition 277
tcp_ping received 256 bytes back
Round trip time was 25.2523 milliseconds in repetition 278
tcp_ping received 256 bytes back
Round trip time was 24.7464 milliseconds in repetition 279
tcp_ping received 256 bytes back
Round trip time was 24.9864 milliseconds in repetition 280
tcp_ping received 256 bytes back
Round trip time was 25.2447 milliseconds in repetition 281
tcp_ping received 256 bytes back
Round trip time was 25.24 milliseconds in repetition 282
tcp_ping received 256 bytes back
Round trip time was 25.2505 milliseconds in repetition 283
tcp_ping received 256 bytes back
Round trip time was 25.2608 milliseconds in repetition 284
tcp_ping received 256 bytes back
Round trip time was 25.2152 milliseconds in repetition 285
tcp_ping received 256 bytes back
Round trip time was 25.2441 milliseconds in repetition 286
tcp_ping received 256 bytes back
Round trip time was 25.5064 milliseconds in repetition 287
tcp_ping received 256 bytes back
Round trip time was 24.5003 milliseconds in repetition 288
tcp_ping received 256 bytes back
Round trip time was 25.2271 milliseconds in repetition 289
tcp_ping received 256 bytes back
Round trip time was 25.2477 milliseconds in repetition 290
tcp_ping received 256 bytes back
Round trip time was 25.243 milliseconds in repetition 291
tcp_ping received 256 bytes back
Round trip time was 24.9556 milliseconds in repetition 292
tcp_ping received 256 bytes back
Round trip time was 25.2498 milliseconds in repetition 293
tcp_ping received 256 bytes back
Round trip time was 25.0526 milliseconds in repetition 294
tcp_ping received 256 bytes back
Round trip time was 24.9767 milliseconds in repetition 295
tcp_ping received 256 bytes back
Round trip time was 25.2554 milliseconds in repetition 296
tcp_ping received 256 bytes back
Round trip time was 25.227 milliseconds in repetition 297
tcp_ping received 256 bytes back
Round trip time was 25.2379 milliseconds in repetition 298
tcp_ping received 256 bytes back
Round trip time was 25.5254 milliseconds in repetition 299
tcp_ping received 256 bytes back
Round trip time was 25.2552 milliseconds in repetition 300
tcp_ping received 256 bytes back
Round trip time was 24.9494 milliseconds in repetition 301
tcp_ping received 256 bytes back
Round trip time was 24.7667 milliseconds in repetition 302
tcp_ping received 256 bytes back
Round trip time was 24.9724 milliseconds in repetition 303
tcp_ping received 256 bytes back
Round trip time was 25.2368 milliseconds in repetition 304
tcp_ping received 256 bytes back
Round trip time was 24.7597 milliseconds in repetition 305
tcp_ping received 256 bytes back
Round trip time was 24.9829 milliseconds in repetition 306
tcp_ping received 256 bytes back
Round trip time was 24.7585 milliseconds in repetition 307
tcp_ping received 256 bytes back
Round trip time was 25.4541 milliseconds in repetition 308
tcp_ping received 256 bytes back
Round trip time was 24.7817 milliseconds in repetition 309
tcp_ping received 256 bytes back
Round trip time was 25.5056 milliseconds in repetition 310
tcp_ping received 256 bytes back
Round trip time was 24.9852 milliseconds in repetition 311
tcp_ping received 256 bytes back
Round trip time was 25.4606 milliseconds in repetition 312
tcp_ping received 256 bytes back
Round trip time was 25.2522 milliseconds in repetition 313
tcp_ping received 256 bytes back
Round trip time was 24.981 milliseconds in repetition 314
tcp_ping received 256 bytes back
Round trip time was 24.7649 milliseconds in repetition 315
tcp_ping received 256 bytes back
Round trip time was 24.9968 milliseconds in repetition 316
tcp_ping received 256 bytes back
Round trip time was 25.2221 milliseconds in repetition 317
tcp_ping received 256 bytes back
Round trip time was 25.2549 milliseconds in repetition 318
tcp_ping received 256 bytes back
Round trip time was 25.2468 milliseconds in repetition 319
tcp_ping received 256 bytes back
Round trip time was 25.2277 milliseconds in repetition 320
tcp_ping received 256 bytes back
Round trip time was 25.2468 milliseconds in repetition 321
tcp_ping received 256 bytes back
Round trip time was 25.2241 milliseconds in repetition 322
tcp_ping received 256 bytes back
Round trip time was 25.5247 milliseconds in repetition 323
tcp_ping received 256 bytes back
Round trip time was 24.9796 milliseconds in repetition 324
tcp_ping received 256 bytes back
Round trip time was 25.487 milliseconds in repetition 325
tcp_ping received 256 bytes back
Round trip time was 24.9835 milliseconds in repetition 326
tcp_ping received 256 bytes back
Round trip time was 25.5174 milliseconds in repetition 327
tcp_ping received 256 bytes back
Round trip time was 24.7558 milliseconds in repetition 328
tcp_ping received 256 bytes back
Round trip time was 24.9916 milliseconds in repetition 329
tcp_ping received 256 bytes back
Round trip time was 24.7461 milliseconds in repetition 330
tcp_ping received 256 bytes back
Round trip time was 25.4483 milliseconds in repetition 331
tcp_ping received 256 bytes back
Round trip time was 25.2537 milliseconds in repetition 332
tcp_ping received 256 bytes back
Round trip time was 25.5008 milliseconds in repetition 333
tcp_ping received 256 bytes back
Round trip time was 24.9777 milliseconds in repetition 334
tcp_ping received 256 bytes back
Round trip time was 25.5062 milliseconds in repetition 335
tcp_ping received 256 bytes back
Round trip time was 25.2621 milliseconds in repetition 336
tcp_ping received 256 bytes back
Round trip time was 25.2638 milliseconds in repetition 337
tcp_ping received 256 bytes back
Round trip time was 25.2118 milliseconds in repetition 338
tcp_ping received 256 bytes back
Round trip time was 25.2502 milliseconds in repetition 339
tcp_ping received 256 bytes back
Round trip time was 25.2335 milliseconds in repetition 340
tcp_ping received 256 bytes back
Round trip time was 25.5288 milliseconds in repetition 341
tcp_ping received 256 bytes back
Round trip time was 25.4275 milliseconds in repetition 342
tcp_ping received 256 bytes back
Round trip time was 25.3575 milliseconds in repetition 343
tcp_ping received 256 bytes back
Round trip time was 25.1216 milliseconds in repetition 344
tcp_ping received 256 bytes back
Round trip time was 25.3606 milliseconds in repetition 345
tcp_ping received 256 bytes back
Round trip time was 24.9873 milliseconds in repetition 346
tcp_ping received 256 bytes back
Round trip time was 25.9885 milliseconds in repetition 347
tcp_ping received 256 bytes back
Round trip time was 25.215 milliseconds in repetition 348
tcp_ping received 256 bytes back
Round trip time was 24.7878 milliseconds in repetition 349
tcp_ping received 256 bytes back
Round trip time was 25.1582 milliseconds in repetition 350
tcp_ping received 256 bytes back
Round trip time was 25.4885 milliseconds in repetition 351
tcp_ping received 256 bytes back
Round trip time was 25.5842 milliseconds in repetition 352
tcp_ping received 256 bytes back
Round trip time was 25.2156 milliseconds in repetition 353
tcp_ping received 256 bytes back
Round trip time was 25.2529 milliseconds in repetition 354
tcp_ping received 256 bytes back
Round trip time was 25.7809 milliseconds in repetition 355
tcp_ping received 256 bytes back
Round trip time was 25.247 milliseconds in repetition 356
tcp_ping received 256 bytes back
Round trip time was 24.9387 milliseconds in repetition 357
tcp_ping received 256 bytes back
Round trip time was 25.2262 milliseconds in repetition 358
tcp_ping received 256 bytes back
Round trip time was 24.7816 milliseconds in repetition 359
tcp_ping received 256 bytes back
Round trip time was 24.9714 milliseconds in repetition 360
tcp_ping received 256 bytes back
Round trip time was 24.7653 milliseconds in repetition 361
tcp_ping received 256 bytes back
Round trip time was 24.9761 milliseconds in repetition 362
tcp_ping received 256 bytes back
Round trip time was 25.2176 milliseconds in repetition 363
tcp_ping received 256 bytes back
Round trip time was 25.2574 milliseconds in repetition 364
tcp_ping received 256 bytes back
Round trip time was 25.2604 milliseconds in repetition 365
tcp_ping received 256 bytes back
Round trip time was 25.2227 milliseconds in repetition 366
tcp_ping received 256 bytes back
Round trip time was 25.2553 milliseconds in repetition 367
tcp_ping received 256 bytes back
Round trip time was 25.2325 milliseconds in repetition 368
tcp_ping received 256 bytes back
Round trip time was 25.5197 milliseconds in repetition 369
tcp_ping received 256 bytes back
Round trip time was 25.0084 milliseconds in repetition 370
tcp_ping received 256 bytes back
Round trip time was 25.475 milliseconds in repetition 371
tcp_ping received 256 bytes back
Round trip time was 24.9747 milliseconds in repetition 372
tcp_ping received 256 bytes back
Round trip time was 25.4909 milliseconds in repetition 373
tcp_ping received 256 bytes back
Round trip time was 25.2371 milliseconds in repetition 374
tcp_ping received 256 bytes back
Round trip time was 25.2674 milliseconds in repetition 375
tcp_ping received 256 bytes back
Round trip time was 24.7389 milliseconds in repetition 376
tcp_ping received 256 bytes back
Round trip time was 24.9804 milliseconds in repetition 377
tcp_ping received 256 bytes back
Round trip time was 25.235 milliseconds in repetition 378
tcp_ping received 256 bytes back
Round trip time was 25.2574 milliseconds in repetition 379
tcp_ping received 256 bytes back
Round trip time was 24.9871 milliseconds in repetition 380
tcp_ping received 256 bytes back
Round trip time was 25.4921 milliseconds in repetition 381
tcp_ping received 256 bytes back
Round trip time was 24.9814 milliseconds in repetition 382
tcp_ping received 256 bytes back
Round trip time was 25.5298 milliseconds in repetition 383
tcp_ping received 256 bytes back
Round trip time was 25.2294 milliseconds in repetition 384
tcp_ping received 256 bytes back
Round trip time was 25.2531 milliseconds in repetition 385
tcp_ping received 256 bytes back
Round trip time was 25.232 milliseconds in repetition 386
tcp_ping received 256 bytes back
Round trip time was 25.2556 milliseconds in repetition 387
tcp_ping received 256 bytes back
Round trip time was 25.253 milliseconds in repetition 388
tcp_ping received 256 bytes back
Round trip time was 25.5053 milliseconds in repetition 389
tcp_ping received 256 bytes back
Round trip time was 24.9793 milliseconds in repetition 390
tcp_ping received 256 bytes back
Round trip time was 25.5024 milliseconds in repetition 391
tcp_ping received 256 bytes back
Round trip time was 25.2576 milliseconds in repetition 392
tcp_ping received 256 bytes back
Round trip time was 25.2544 milliseconds in repetition 393
tcp_ping received 256 bytes back
Round trip time was 25.2615 milliseconds in repetition 394
tcp_ping received 256 bytes back
Round trip time was 25.2367 milliseconds in repetition 395
tcp_ping received 256 bytes back
Round trip time was 25.2293 milliseconds in repetition 396
tcp_ping received 256 bytes back
Round trip time was 25.5166 milliseconds in repetition 397
tcp_ping received 256 bytes back
Round trip time was 24.9754 milliseconds in repetition 398
tcp_ping received 256 bytes back
Round trip time was 25.4996 milliseconds in repetition 399
tcp_ping received 256 bytes back
Round trip time was 25.2695 milliseconds in repetition 400
tcp_ping received 256 bytes back
Round trip time was 25.239 milliseconds in repetition 401
tcp_ping received 256 bytes back
Round trip time was 25.1988 milliseconds in repetition 402
tcp_ping received 256 bytes back
Round trip time was 25.2614 milliseconds in repetition 403
tcp_ping received 256 bytes back
Round trip time was 25.2177 milliseconds in repetition 404
tcp_ping received 256 bytes back
Round trip time was 25.2479 milliseconds in repetition 405
tcp_ping received 256 bytes back
Round trip time was 25.269 milliseconds in repetition 406
tcp_ping received 256 bytes back
Round trip time was 25.2281 milliseconds in repetition 407
tcp_ping received 256 bytes back
Round trip time was 25.2525 milliseconds in repetition 408
tcp_ping received 256 bytes back
Round trip time was 25.492 milliseconds in repetition 409
tcp_ping received 256 bytes back
Round trip time was 24.9816 milliseconds in repetition 410
tcp_ping received 256 bytes back
Round trip time was 25.2541 milliseconds in repetition 411
tcp_ping received 256 bytes back
Round trip time was 24.7517 milliseconds in repetition 412
tcp_ping received 256 bytes back
Round trip time was 25.6994 milliseconds in repetition 413
tcp_ping received 256 bytes back
Round trip time was 24.7451 milliseconds in repetition 414
tcp_ping received 256 bytes back
Round trip time was 25.256 milliseconds in repetition 415
tcp_ping received 256 bytes back
Round trip time was 24.9805 milliseconds in repetition 416
tcp_ping received 256 bytes back
Round trip time was 25.5108 milliseconds in repetition 417
tcp_ping received 256 bytes back
Round trip time was 24.9752 milliseconds in repetition 418
tcp_ping received 256 bytes back
Round trip time was 25.5118 milliseconds in repetition 419
tcp_ping received 256 bytes back
Round trip time was 25.2482 milliseconds in repetition 420
tcp_ping received 256 bytes back
Round trip time was 24.981 milliseconds in repetition 421
tcp_ping received 256 bytes back
Round trip time was 24.7611 milliseconds in repetition 422
tcp_ping received 256 bytes back
Round trip time was 25.2506 milliseconds in repetition 423
tcp_ping received 256 bytes back
Round trip time was 24.4835 milliseconds in repetition 424
tcp_ping received 256 bytes back
Round trip time was 25.2392 milliseconds in repetition 425
tcp_ping received 256 bytes back
Round trip time was 24.9772 milliseconds in repetition 426
tcp_ping received 256 bytes back
Round trip time was 24.76 milliseconds in repetition 427
tcp_ping received 256 bytes back
Round trip time was 25.2578 milliseconds in repetition 428
tcp_ping received 256 bytes back
Round trip time was 24.9297 milliseconds in repetition 429
tcp_ping received 256 bytes back
Round trip time was 25.5202 milliseconds in repetition 430
tcp_ping received 256 bytes back
Round trip time was 24.9788 milliseconds in repetition 431
tcp_ping received 256 bytes back
Round trip time was 25.5087 milliseconds in repetition 432
tcp_ping received 256 bytes back
Round trip time was 24.5098 milliseconds in repetition 433
tcp_ping received 256 bytes back
Round trip time was 25.2567 milliseconds in repetition 434
tcp_ping received 256 bytes back
Round trip time was 24.96 milliseconds in repetition 435
tcp_ping received 256 bytes back
Round trip time was 25.5293 milliseconds in repetition 436
tcp_ping received 256 bytes back
Round trip time was 25.5298 milliseconds in repetition 437
tcp_ping received 256 bytes back
Round trip time was 24.9814 milliseconds in repetition 438
tcp_ping received 256 bytes back
Round trip time was 24.5006 milliseconds in repetition 439
tcp_ping received 256 bytes back
Round trip time was 25.2208 milliseconds in repetition 440
tcp_ping received 256 bytes back
Round trip time was 25.2536 milliseconds in repetition 441
tcp_ping received 256 bytes back
Round trip time was 25.2226 milliseconds in repetition 442
tcp_ping received 256 bytes back
Round trip time was 25.5406 milliseconds in repetition 443
tcp_ping received 256 bytes back
Round trip time was 24.9657 milliseconds in repetition 444
tcp_ping received 256 bytes back
Round trip time was 25.2442 milliseconds in repetition 445
tcp_ping received 256 bytes back
Round trip time was 25.2168 milliseconds in repetition 446
tcp_ping received 256 bytes back
Round trip time was 25.4968 milliseconds in repetition 447
tcp_ping received 256 bytes back
Round trip time was 25.2677 milliseconds in repetition 448
tcp_ping received 256 bytes back
Round trip time was 24.9592 milliseconds in repetition 449
tcp_ping received 256 bytes back
Round trip time was 24.7575 milliseconds in repetition 450
tcp_ping received 256 bytes back
Round trip time was 25.2597 milliseconds in repetition 451
tcp_ping received 256 bytes back
Round trip time was 24.9601 milliseconds in repetition 452
tcp_ping received 256 bytes back
Round trip time was 25.5204 milliseconds in repetition 453
tcp_ping received 256 bytes back
Round trip time was 24.9812 milliseconds in repetition 454
tcp_ping received 256 bytes back
Round trip time was 25.5067 milliseconds in repetition 455
tcp_ping received 256 bytes back
Round trip time was 24.9823 milliseconds in repetition 456
tcp_ping received 256 bytes back
Round trip time was 25.2765 milliseconds in repetition 457
tcp_ping received 256 bytes back
Round trip time was 24.7612 milliseconds in repetition 458
tcp_ping received 256 bytes back
Round trip time was 25.2571 milliseconds in repetition 459
tcp_ping received 256 bytes back
Round trip time was 24.9397 milliseconds in repetition 460
tcp_ping received 256 bytes back
Round trip time was 26.275 milliseconds in repetition 461
tcp_ping received 256 bytes back
Round trip time was 25.2521 milliseconds in repetition 462
tcp_ping received 256 bytes back
Round trip time was 25.4982 milliseconds in repetition 463
tcp_ping received 256 bytes back
Round trip time was 24.9809 milliseconds in repetition 464
tcp_ping received 256 bytes back
Round trip time was 25.5016 milliseconds in repetition 465
tcp_ping received 256 bytes back
Round trip time was 24.9829 milliseconds in repetition 466
tcp_ping received 256 bytes back
Round trip time was 25.2771 milliseconds in repetition 467
tcp_ping received 256 bytes back
Round trip time was 24.7573 milliseconds in repetition 468
tcp_ping received 256 bytes back
Round trip time was 25.2502 milliseconds in repetition 469
tcp_ping received 256 bytes back
Round trip time was 24.934 milliseconds in repetition 470
tcp_ping received 256 bytes back
Round trip time was 25.5177 milliseconds in repetition 471
tcp_ping received 256 bytes back
Round trip time was 24.9866 milliseconds in repetition 472
tcp_ping received 256 bytes back
Round trip time was 25.5046 milliseconds in repetition 473
tcp_ping received 256 bytes back
Round trip time was 24.9744 milliseconds in repetition 474
tcp_ping received 256 bytes back
Round trip time was 25.505 milliseconds in repetition 475
tcp_ping received 256 bytes back
Round trip time was 27.7562 milliseconds in repetition 476
tcp_ping received 256 bytes back
Round trip time was 24.9708 milliseconds in repetition 477
tcp_ping received 256 bytes back
Round trip time was 25.224 milliseconds in repetition 478
tcp_ping received 256 bytes back
Round trip time was 24.7834 milliseconds in repetition 479
tcp_ping received 256 bytes back
Round trip time was 25.2298 milliseconds in repetition 480
tcp_ping received 256 bytes back
Round trip time was 25.2461 milliseconds in repetition 481
tcp_ping received 256 bytes back
Round trip time was 25.256 milliseconds in repetition 482
tcp_ping received 256 bytes back
Round trip time was 25.2158 milliseconds in repetition 483
tcp_ping received 256 bytes back
Round trip time was 25.2579 milliseconds in repetition 484
tcp_ping received 256 bytes back
Round trip time was 25.2179 milliseconds in repetition 485
tcp_ping received 256 bytes back
Round trip time was 25.2514 milliseconds in repetition 486
tcp_ping received 256 bytes back
Round trip time was 25.2522 milliseconds in repetition 487
tcp_ping received 256 bytes back
Round trip time was 25.4953 milliseconds in repetition 488
tcp_ping received 256 bytes back
Round trip time was 24.9735 milliseconds in repetition 489
tcp_ping received 256 bytes back
Round trip time was 25.2423 milliseconds in repetition 490
tcp_ping received 256 bytes back
Round trip time was 24.7236 milliseconds in repetition 491
tcp_ping received 256 bytes back
Round trip time was 24.9847 milliseconds in repetition 492
tcp_ping received 256 bytes back
Round trip time was 25.22 milliseconds in repetition 493
tcp_ping received 256 bytes back
Round trip time was 24.7725 milliseconds in repetition 494
tcp_ping received 256 bytes back
Round trip time was 24.9927 milliseconds in repetition 495
tcp_ping received 256 bytes back
Round trip time was 25.4955 milliseconds in repetition 496
tcp_ping received 256 bytes back
Round trip time was 25.7117 milliseconds in repetition 497
tcp_ping received 256 bytes back
Round trip time was 25.5047 milliseconds in repetition 498
tcp_ping received 256 bytes back
Round trip time was 25.2549 milliseconds in repetition 499
tcp_ping received 256 bytes back
Round trip time was 25.2616 milliseconds in repetition 500
tcp_ping received 256 bytes back
Round trip time was 25.2266 milliseconds in repetition 501

 ... clock resolution was 1e-06
TCP Ping:  Statistics over 501 repetitions of 256 byte messages

RTT : percentile 10: 24.9553, median: 25.2502, percentile 90: 25.7809, average: 25.3375, variance: 0.266389

RTT histogram:
24.4835 5
24.8075 56
25.1314 276
25.4553 101
25.7793 15
26.1032 22
26.4272 15
26.7511 3
27.075 2
27.399 3
27.7229 1
28.0468 1
28.3708 0
28.6947 0
29.0186 0
29.3426 0
29.6665 0
29.9905 0
30.3144 0
30.6383 0
30.9623 1

   median Throughput : 20.277 KB/s   overall Throughput : 20.2072 KB/s

