TCP Ping trying to connect to server seti.dibris.unige.it (130.251.61.30) on port 1491
 ... connected to Pong server: asking for 501 repetitions of 32768 bytes TCP messages
 ... Pong server agreed :-)
tcp_ping received 32768 bytes back
Round trip time was 150.418 milliseconds in repetition 1
tcp_ping received 32768 bytes back
Round trip time was 75.7928 milliseconds in repetition 2
tcp_ping received 32768 bytes back
Round trip time was 76.0256 milliseconds in repetition 3
tcp_ping received 32768 bytes back
Round trip time was 76.4483 milliseconds in repetition 4
tcp_ping received 32768 bytes back
Round trip time was 75.7423 milliseconds in repetition 5
tcp_ping received 32768 bytes back
Round trip time was 75.7137 milliseconds in repetition 6
tcp_ping received 32768 bytes back
Round trip time was 76.4437 milliseconds in repetition 7
tcp_ping received 32768 bytes back
Round trip time was 76.0949 milliseconds in repetition 8
tcp_ping received 32768 bytes back
Round trip time was 76.3811 milliseconds in repetition 9
tcp_ping received 32768 bytes back
Round trip time was 75.9988 milliseconds in repetition 10
tcp_ping received 32768 bytes back
Round trip time was 75.7012 milliseconds in repetition 11
tcp_ping received 32768 bytes back
Round trip time was 75.7805 milliseconds in repetition 12
tcp_ping received 32768 bytes back
Round trip time was 77.2154 milliseconds in repetition 13
tcp_ping received 32768 bytes back
Round trip time was 76.0384 milliseconds in repetition 14
tcp_ping received 32768 bytes back
Round trip time was 76.4255 milliseconds in repetition 15
tcp_ping received 32768 bytes back
Round trip time was 76.0603 milliseconds in repetition 16
tcp_ping received 32768 bytes back
Round trip time was 75.4261 milliseconds in repetition 17
tcp_ping received 32768 bytes back
Round trip time was 76.0005 milliseconds in repetition 18
tcp_ping received 32768 bytes back
Round trip time was 75.4772 milliseconds in repetition 19
tcp_ping received 32768 bytes back
Round trip time was 75.9958 milliseconds in repetition 20
tcp_ping received 32768 bytes back
Round trip time was 75.7388 milliseconds in repetition 21
tcp_ping received 32768 bytes back
Round trip time was 75.3164 milliseconds in repetition 22
tcp_ping received 32768 bytes back
Round trip time was 75.7435 milliseconds in repetition 23
tcp_ping received 32768 bytes back
Round trip time was 75.7461 milliseconds in repetition 24
tcp_ping received 32768 bytes back
Round trip time was 75.742 milliseconds in repetition 25
tcp_ping received 32768 bytes back
Round trip time was 75.9909 milliseconds in repetition 26
tcp_ping received 32768 bytes back
Round trip time was 75.4346 milliseconds in repetition 27
tcp_ping received 32768 bytes back
Round trip time was 75.3016 milliseconds in repetition 28
tcp_ping received 32768 bytes back
Round trip time was 76.4884 milliseconds in repetition 29
tcp_ping received 32768 bytes back
Round trip time was 76.0196 milliseconds in repetition 30
tcp_ping received 32768 bytes back
Round trip time was 76.4508 milliseconds in repetition 31
tcp_ping received 32768 bytes back
Round trip time was 76.031 milliseconds in repetition 32
tcp_ping received 32768 bytes back
Round trip time was 76.1783 milliseconds in repetition 33
tcp_ping received 32768 bytes back
Round trip time was 75.7554 milliseconds in repetition 34
tcp_ping received 32768 bytes back
Round trip time was 76.0402 milliseconds in repetition 35
tcp_ping received 32768 bytes back
Round trip time was 75.7439 milliseconds in repetition 36
tcp_ping received 32768 bytes back
Round trip time was 75.9849 milliseconds in repetition 37
tcp_ping received 32768 bytes back
Round trip time was 75.7534 milliseconds in repetition 38
tcp_ping received 32768 bytes back
Round trip time was 75.7532 milliseconds in repetition 39
tcp_ping received 32768 bytes back
Round trip time was 75.9949 milliseconds in repetition 40
tcp_ping received 32768 bytes back
Round trip time was 75.4798 milliseconds in repetition 41
tcp_ping received 32768 bytes back
Round trip time was 76.2689 milliseconds in repetition 42
tcp_ping received 32768 bytes back
Round trip time was 75.7387 milliseconds in repetition 43
tcp_ping received 32768 bytes back
Round trip time was 75.6878 milliseconds in repetition 44
tcp_ping received 32768 bytes back
Round trip time was 75.4739 milliseconds in repetition 45
tcp_ping received 32768 bytes back
Round trip time was 76.0132 milliseconds in repetition 46
tcp_ping received 32768 bytes back
Round trip time was 76.1886 milliseconds in repetition 47
tcp_ping received 32768 bytes back
Round trip time was 76.2908 milliseconds in repetition 48
tcp_ping received 32768 bytes back
Round trip time was 76.183 milliseconds in repetition 49
tcp_ping received 32768 bytes back
Round trip time was 75.312 milliseconds in repetition 50
tcp_ping received 32768 bytes back
Round trip time was 76.1674 milliseconds in repetition 51
tcp_ping received 32768 bytes back
Round trip time was 75.7476 milliseconds in repetition 52
tcp_ping received 32768 bytes back
Round trip time was 75.9887 milliseconds in repetition 53
tcp_ping received 32768 bytes back
Round trip time was 76.0774 milliseconds in repetition 54
tcp_ping received 32768 bytes back
Round trip time was 75.7013 milliseconds in repetition 55
tcp_ping received 32768 bytes back
Round trip time was 75.7566 milliseconds in repetition 56
tcp_ping received 32768 bytes back
Round trip time was 75.7364 milliseconds in repetition 57
tcp_ping received 32768 bytes back
Round trip time was 76.0199 milliseconds in repetition 58
tcp_ping received 32768 bytes back
Round trip time was 75.9958 milliseconds in repetition 59
tcp_ping received 32768 bytes back
Round trip time was 75.7404 milliseconds in repetition 60
tcp_ping received 32768 bytes back
Round trip time was 75.4747 milliseconds in repetition 61
tcp_ping received 32768 bytes back
Round trip time was 76.0142 milliseconds in repetition 62
tcp_ping received 32768 bytes back
Round trip time was 76.1838 milliseconds in repetition 63
tcp_ping received 32768 bytes back
Round trip time was 76.2863 milliseconds in repetition 64
tcp_ping received 32768 bytes back
Round trip time was 75.7471 milliseconds in repetition 65
tcp_ping received 32768 bytes back
Round trip time was 75.7497 milliseconds in repetition 66
tcp_ping received 32768 bytes back
Round trip time was 75.737 milliseconds in repetition 67
tcp_ping received 32768 bytes back
Round trip time was 75.7362 milliseconds in repetition 68
tcp_ping received 32768 bytes back
Round trip time was 76.1749 milliseconds in repetition 69
tcp_ping received 32768 bytes back
Round trip time was 75.9956 milliseconds in repetition 70
tcp_ping received 32768 bytes back
Round trip time was 75.7377 milliseconds in repetition 71
tcp_ping received 32768 bytes back
Round trip time was 75.3133 milliseconds in repetition 72
tcp_ping received 32768 bytes back
Round trip time was 76.4843 milliseconds in repetition 73
tcp_ping received 32768 bytes back
Round trip time was 76.4736 milliseconds in repetition 74
tcp_ping received 32768 bytes back
Round trip time was 76.5094 milliseconds in repetition 75
tcp_ping received 32768 bytes back
Round trip time was 76.2576 milliseconds in repetition 76
tcp_ping received 32768 bytes back
Round trip time was 75.773 milliseconds in repetition 77
tcp_ping received 32768 bytes back
Round trip time was 75.7119 milliseconds in repetition 78
tcp_ping received 32768 bytes back
Round trip time was 76.1722 milliseconds in repetition 79
tcp_ping received 32768 bytes back
Round trip time was 76.06 milliseconds in repetition 80
tcp_ping received 32768 bytes back
Round trip time was 75.9892 milliseconds in repetition 81
tcp_ping received 32768 bytes back
Round trip time was 75.7447 milliseconds in repetition 82
tcp_ping received 32768 bytes back
Round trip time was 75.7461 milliseconds in repetition 83
tcp_ping received 32768 bytes back
Round trip time was 76.006 milliseconds in repetition 84
tcp_ping received 32768 bytes back
Round trip time was 75.7624 milliseconds in repetition 85
tcp_ping received 32768 bytes back
Round trip time was 76.4269 milliseconds in repetition 86
tcp_ping received 32768 bytes back
Round trip time was 76.4655 milliseconds in repetition 87
tcp_ping received 32768 bytes back
Round trip time was 75.2766 milliseconds in repetition 88
tcp_ping received 32768 bytes back
Round trip time was 76.4886 milliseconds in repetition 89
tcp_ping received 32768 bytes back
Round trip time was 75.7306 milliseconds in repetition 90
tcp_ping received 32768 bytes back
Round trip time was 75.7358 milliseconds in repetition 91
tcp_ping received 32768 bytes back
Round trip time was 75.9982 milliseconds in repetition 92
tcp_ping received 32768 bytes back
Round trip time was 76.0128 milliseconds in repetition 93
tcp_ping received 32768 bytes back
Round trip time was 75.7415 milliseconds in repetition 94
tcp_ping received 32768 bytes back
Round trip time was 76.1994 milliseconds in repetition 95
tcp_ping received 32768 bytes back
Round trip time was 75.749 milliseconds in repetition 96
tcp_ping received 32768 bytes back
Round trip time was 75.9964 milliseconds in repetition 97
tcp_ping received 32768 bytes back
Round trip time was 75.7515 milliseconds in repetition 98
tcp_ping received 32768 bytes back
Round trip time was 75.2892 milliseconds in repetition 99
tcp_ping received 32768 bytes back
Round trip time was 75.7605 milliseconds in repetition 100
tcp_ping received 32768 bytes back
Round trip time was 75.7362 milliseconds in repetition 101
tcp_ping received 32768 bytes back
Round trip time was 76.4311 milliseconds in repetition 102
tcp_ping received 32768 bytes back
Round trip time was 75.3005 milliseconds in repetition 103
tcp_ping received 32768 bytes back
Round trip time was 75.4435 milliseconds in repetition 104
tcp_ping received 32768 bytes back
Round trip time was 75.7434 milliseconds in repetition 105
tcp_ping received 32768 bytes back
Round trip time was 76.017 milliseconds in repetition 106
tcp_ping received 32768 bytes back
Round trip time was 75.7469 milliseconds in repetition 107
tcp_ping received 32768 bytes back
Round trip time was 75.9973 milliseconds in repetition 108
tcp_ping received 32768 bytes back
Round trip time was 76.4529 milliseconds in repetition 109
tcp_ping received 32768 bytes back
Round trip time was 75.799 milliseconds in repetition 110
tcp_ping received 32768 bytes back
Round trip time was 76.1596 milliseconds in repetition 111
tcp_ping received 32768 bytes back
Round trip time was 76.0636 milliseconds in repetition 112
tcp_ping received 32768 bytes back
Round trip time was 76.4739 milliseconds in repetition 113
tcp_ping received 32768 bytes back
Round trip time was 76.2959 milliseconds in repetition 114
tcp_ping received 32768 bytes back
Round trip time was 75.7446 milliseconds in repetition 115
tcp_ping received 32768 bytes back
Round trip time was 76.185 milliseconds in repetition 116
tcp_ping received 32768 bytes back
Round trip time was 76.0528 milliseconds in repetition 117
tcp_ping received 32768 bytes back
Round trip time was 76.4458 milliseconds in repetition 118
tcp_ping received 32768 bytes back
Round trip time was 79.248 milliseconds in repetition 119
tcp_ping received 32768 bytes back
Round trip time was 75.3218 milliseconds in repetition 120
tcp_ping received 32768 bytes back
Round trip time was 75.7493 milliseconds in repetition 121
tcp_ping received 32768 bytes back
Round trip time was 76.4932 milliseconds in repetition 122
tcp_ping received 32768 bytes back
Round trip time was 75.9747 milliseconds in repetition 123
tcp_ping received 32768 bytes back
Round trip time was 76.2122 milliseconds in repetition 124
tcp_ping received 32768 bytes back
Round trip time was 76.0403 milliseconds in repetition 125
tcp_ping received 32768 bytes back
Round trip time was 75.7512 milliseconds in repetition 126
tcp_ping received 32768 bytes back
Round trip time was 75.7447 milliseconds in repetition 127
tcp_ping received 32768 bytes back
Round trip time was 75.7466 milliseconds in repetition 128
tcp_ping received 32768 bytes back
Round trip time was 75.7471 milliseconds in repetition 129
tcp_ping received 32768 bytes back
Round trip time was 75.9933 milliseconds in repetition 130
tcp_ping received 32768 bytes back
Round trip time was 76.1501 milliseconds in repetition 131
tcp_ping received 32768 bytes back
Round trip time was 75.7463 milliseconds in repetition 132
tcp_ping received 32768 bytes back
Round trip time was 75.7479 milliseconds in repetition 133
tcp_ping received 32768 bytes back
Round trip time was 75.592 milliseconds in repetition 134
tcp_ping received 32768 bytes back
Round trip time was 76.4684 milliseconds in repetition 135
tcp_ping received 32768 bytes back
Round trip time was 75.7304 milliseconds in repetition 136
tcp_ping received 32768 bytes back
Round trip time was 75.7468 milliseconds in repetition 137
tcp_ping received 32768 bytes back
Round trip time was 75.7482 milliseconds in repetition 138
tcp_ping received 32768 bytes back
Round trip time was 76.0358 milliseconds in repetition 139
tcp_ping received 32768 bytes back
Round trip time was 76.1827 milliseconds in repetition 140
tcp_ping received 32768 bytes back
Round trip time was 75.5573 milliseconds in repetition 141
tcp_ping received 32768 bytes back
Round trip time was 76.1854 milliseconds in repetition 142
tcp_ping received 32768 bytes back
Round trip time was 76.0551 milliseconds in repetition 143
tcp_ping received 32768 bytes back
Round trip time was 75.9776 milliseconds in repetition 144
tcp_ping received 32768 bytes back
Round trip time was 75.5193 milliseconds in repetition 145
tcp_ping received 32768 bytes back
Round trip time was 76.4265 milliseconds in repetition 146
tcp_ping received 32768 bytes back
Round trip time was 75.745 milliseconds in repetition 147
tcp_ping received 32768 bytes back
Round trip time was 76.063 milliseconds in repetition 148
tcp_ping received 32768 bytes back
Round trip time was 75.746 milliseconds in repetition 149
tcp_ping received 32768 bytes back
Round trip time was 75.7541 milliseconds in repetition 150
tcp_ping received 32768 bytes back
Round trip time was 76.0121 milliseconds in repetition 151
tcp_ping received 32768 bytes back
Round trip time was 75.7118 milliseconds in repetition 152
tcp_ping received 32768 bytes back
Round trip time was 76.7787 milliseconds in repetition 153
tcp_ping received 32768 bytes back
Round trip time was 75.7462 milliseconds in repetition 154
tcp_ping received 32768 bytes back
Round trip time was 76.1753 milliseconds in repetition 155
tcp_ping received 32768 bytes back
Round trip time was 76.0637 milliseconds in repetition 156
tcp_ping received 32768 bytes back
Round trip time was 75.9981 milliseconds in repetition 157
tcp_ping received 32768 bytes back
Round trip time was 76.0184 milliseconds in repetition 158
tcp_ping received 32768 bytes back
Round trip time was 75.4752 milliseconds in repetition 159
tcp_ping received 32768 bytes back
Round trip time was 76.0212 milliseconds in repetition 160
tcp_ping received 32768 bytes back
Round trip time was 76.2032 milliseconds in repetition 161
tcp_ping received 32768 bytes back
Round trip time was 76.4682 milliseconds in repetition 162
tcp_ping received 32768 bytes back
Round trip time was 75.9999 milliseconds in repetition 163
tcp_ping received 32768 bytes back
Round trip time was 76.0094 milliseconds in repetition 164
tcp_ping received 32768 bytes back
Round trip time was 75.7941 milliseconds in repetition 165
tcp_ping received 32768 bytes back
Round trip time was 75.7499 milliseconds in repetition 166
tcp_ping received 32768 bytes back
Round trip time was 76.172 milliseconds in repetition 167
tcp_ping received 32768 bytes back
Round trip time was 76.0017 milliseconds in repetition 168
tcp_ping received 32768 bytes back
Round trip time was 75.317 milliseconds in repetition 169
tcp_ping received 32768 bytes back
Round trip time was 75.7481 milliseconds in repetition 170
tcp_ping received 32768 bytes back
Round trip time was 75.7455 milliseconds in repetition 171
tcp_ping received 32768 bytes back
Round trip time was 76.0239 milliseconds in repetition 172
tcp_ping received 32768 bytes back
Round trip time was 75.748 milliseconds in repetition 173
tcp_ping received 32768 bytes back
Round trip time was 76.1475 milliseconds in repetition 174
tcp_ping received 32768 bytes back
Round trip time was 76.0125 milliseconds in repetition 175
tcp_ping received 32768 bytes back
Round trip time was 75.7467 milliseconds in repetition 176
tcp_ping received 32768 bytes back
Round trip time was 76.0327 milliseconds in repetition 177
tcp_ping received 32768 bytes back
Round trip time was 75.7464 milliseconds in repetition 178
tcp_ping received 32768 bytes back
Round trip time was 76.4368 milliseconds in repetition 179
tcp_ping received 32768 bytes back
Round trip time was 84.7645 milliseconds in repetition 180
tcp_ping received 32768 bytes back
Round trip time was 76.0384 milliseconds in repetition 181
tcp_ping received 32768 bytes back
Round trip time was 75.7483 milliseconds in repetition 182
tcp_ping received 32768 bytes back
Round trip time was 76.4917 milliseconds in repetition 183
tcp_ping received 32768 bytes back
Round trip time was 75.9973 milliseconds in repetition 184
tcp_ping received 32768 bytes back
Round trip time was 75.7471 milliseconds in repetition 185
tcp_ping received 32768 bytes back
Round trip time was 75.748 milliseconds in repetition 186
tcp_ping received 32768 bytes back
Round trip time was 77.2202 milliseconds in repetition 187
tcp_ping received 32768 bytes back
Round trip time was 76.2607 milliseconds in repetition 188
tcp_ping received 32768 bytes back
Round trip time was 76.2054 milliseconds in repetition 189
tcp_ping received 32768 bytes back
Round trip time was 75.3157 milliseconds in repetition 190
tcp_ping received 32768 bytes back
Round trip time was 76.179 milliseconds in repetition 191
tcp_ping received 32768 bytes back
Round trip time was 75.3107 milliseconds in repetition 192
tcp_ping received 32768 bytes back
Round trip time was 77.7355 milliseconds in repetition 193
tcp_ping received 32768 bytes back
Round trip time was 75.973 milliseconds in repetition 194
tcp_ping received 32768 bytes back
Round trip time was 75.9969 milliseconds in repetition 195
tcp_ping received 32768 bytes back
Round trip time was 75.7469 milliseconds in repetition 196
tcp_ping received 32768 bytes back
Round trip time was 76.0374 milliseconds in repetition 197
tcp_ping received 32768 bytes back
Round trip time was 75.9741 milliseconds in repetition 198
tcp_ping received 32768 bytes back
Round trip time was 75.9559 milliseconds in repetition 199
tcp_ping received 32768 bytes back
Round trip time was 76.3043 milliseconds in repetition 200
tcp_ping received 32768 bytes back
Round trip time was 75.7468 milliseconds in repetition 201
tcp_ping received 32768 bytes back
Round trip time was 75.7472 milliseconds in repetition 202
tcp_ping received 32768 bytes back
Round trip time was 75.7473 milliseconds in repetition 203
tcp_ping received 32768 bytes back
Round trip time was 76.0199 milliseconds in repetition 204
tcp_ping received 32768 bytes back
Round trip time was 75.7459 milliseconds in repetition 205
tcp_ping received 32768 bytes back
Round trip time was 75.9985 milliseconds in repetition 206
tcp_ping received 32768 bytes back
Round trip time was 75.7455 milliseconds in repetition 207
tcp_ping received 32768 bytes back
Round trip time was 75.7017 milliseconds in repetition 208
tcp_ping received 32768 bytes back
Round trip time was 75.7936 milliseconds in repetition 209
tcp_ping received 32768 bytes back
Round trip time was 76.2008 milliseconds in repetition 210
tcp_ping received 32768 bytes back
Round trip time was 76.2847 milliseconds in repetition 211
tcp_ping received 32768 bytes back
Round trip time was 75.747 milliseconds in repetition 212
tcp_ping received 32768 bytes back
Round trip time was 75.7471 milliseconds in repetition 213
tcp_ping received 32768 bytes back
Round trip time was 75.7477 milliseconds in repetition 214
tcp_ping received 32768 bytes back
Round trip time was 76.1775 milliseconds in repetition 215
tcp_ping received 32768 bytes back
Round trip time was 76.0595 milliseconds in repetition 216
tcp_ping received 32768 bytes back
Round trip time was 75.9975 milliseconds in repetition 217
tcp_ping received 32768 bytes back
Round trip time was 76.4931 milliseconds in repetition 218
tcp_ping received 32768 bytes back
Round trip time was 75.9289 milliseconds in repetition 219
tcp_ping received 32768 bytes back
Round trip time was 75.4995 milliseconds in repetition 220
tcp_ping received 32768 bytes back
Round trip time was 75.7478 milliseconds in repetition 221
tcp_ping received 32768 bytes back
Round trip time was 76.7215 milliseconds in repetition 222
tcp_ping received 32768 bytes back
Round trip time was 76.0562 milliseconds in repetition 223
tcp_ping received 32768 bytes back
Round trip time was 75.7466 milliseconds in repetition 224
tcp_ping received 32768 bytes back
Round trip time was 75.7491 milliseconds in repetition 225
tcp_ping received 32768 bytes back
Round trip time was 76.1712 milliseconds in repetition 226
tcp_ping received 32768 bytes back
Round trip time was 76.0632 milliseconds in repetition 227
tcp_ping received 32768 bytes back
Round trip time was 75.6789 milliseconds in repetition 228
tcp_ping received 32768 bytes back
Round trip time was 75.5437 milliseconds in repetition 229
tcp_ping received 32768 bytes back
Round trip time was 75.5234 milliseconds in repetition 230
tcp_ping received 32768 bytes back
Round trip time was 75.7421 milliseconds in repetition 231
tcp_ping received 32768 bytes back
Round trip time was 75.7483 milliseconds in repetition 232
tcp_ping received 32768 bytes back
Round trip time was 76.2728 milliseconds in repetition 233
tcp_ping received 32768 bytes back
Round trip time was 76.1554 milliseconds in repetition 234
tcp_ping received 32768 bytes back
Round trip time was 75.3346 milliseconds in repetition 235
tcp_ping received 32768 bytes back
Round trip time was 75.7463 milliseconds in repetition 236
tcp_ping received 32768 bytes back
Round trip time was 75.7498 milliseconds in repetition 237
tcp_ping received 32768 bytes back
Round trip time was 76.1999 milliseconds in repetition 238
tcp_ping received 32768 bytes back
Round trip time was 76.2857 milliseconds in repetition 239
tcp_ping received 32768 bytes back
Round trip time was 75.9798 milliseconds in repetition 240
tcp_ping received 32768 bytes back
Round trip time was 75.2233 milliseconds in repetition 241
tcp_ping received 32768 bytes back
Round trip time was 76.0446 milliseconds in repetition 242
tcp_ping received 32768 bytes back
Round trip time was 75.7445 milliseconds in repetition 243
tcp_ping received 32768 bytes back
Round trip time was 76.4231 milliseconds in repetition 244
tcp_ping received 32768 bytes back
Round trip time was 75.7481 milliseconds in repetition 245
tcp_ping received 32768 bytes back
Round trip time was 76.0594 milliseconds in repetition 246
tcp_ping received 32768 bytes back
Round trip time was 75.7467 milliseconds in repetition 247
tcp_ping received 32768 bytes back
Round trip time was 76.0196 milliseconds in repetition 248
tcp_ping received 32768 bytes back
Round trip time was 81.481 milliseconds in repetition 249
tcp_ping received 32768 bytes back
Round trip time was 76.445 milliseconds in repetition 250
tcp_ping received 32768 bytes back
Round trip time was 75.7919 milliseconds in repetition 251
tcp_ping received 32768 bytes back
Round trip time was 75.7475 milliseconds in repetition 252
tcp_ping received 32768 bytes back
Round trip time was 76.0191 milliseconds in repetition 253
tcp_ping received 32768 bytes back
Round trip time was 76.2009 milliseconds in repetition 254
tcp_ping received 32768 bytes back
Round trip time was 76.288 milliseconds in repetition 255
tcp_ping received 32768 bytes back
Round trip time was 75.7459 milliseconds in repetition 256
tcp_ping received 32768 bytes back
Round trip time was 75.7485 milliseconds in repetition 257
tcp_ping received 32768 bytes back
Round trip time was 76.1838 milliseconds in repetition 258
tcp_ping received 32768 bytes back
Round trip time was 75.309 milliseconds in repetition 259
tcp_ping received 32768 bytes back
Round trip time was 76.428 milliseconds in repetition 260
tcp_ping received 32768 bytes back
Round trip time was 75.3228 milliseconds in repetition 261
tcp_ping received 32768 bytes back
Round trip time was 75.7078 milliseconds in repetition 262
tcp_ping received 32768 bytes back
Round trip time was 75.742 milliseconds in repetition 263
tcp_ping received 32768 bytes back
Round trip time was 76.1813 milliseconds in repetition 264
tcp_ping received 32768 bytes back
Round trip time was 76.0577 milliseconds in repetition 265
tcp_ping received 32768 bytes back
Round trip time was 75.9971 milliseconds in repetition 266
tcp_ping received 32768 bytes back
Round trip time was 76.0185 milliseconds in repetition 267
tcp_ping received 32768 bytes back
Round trip time was 75.7471 milliseconds in repetition 268
tcp_ping received 32768 bytes back
Round trip time was 75.7457 milliseconds in repetition 269
tcp_ping received 32768 bytes back
Round trip time was 75.748 milliseconds in repetition 270
tcp_ping received 32768 bytes back
Round trip time was 76.4504 milliseconds in repetition 271
tcp_ping received 32768 bytes back
Round trip time was 76.0373 milliseconds in repetition 272
tcp_ping received 32768 bytes back
Round trip time was 75.7468 milliseconds in repetition 273
tcp_ping received 32768 bytes back
Round trip time was 75.7478 milliseconds in repetition 274
tcp_ping received 32768 bytes back
Round trip time was 76.1812 milliseconds in repetition 275
tcp_ping received 32768 bytes back
Round trip time was 76.0075 milliseconds in repetition 276
tcp_ping received 32768 bytes back
Round trip time was 75.525 milliseconds in repetition 277
tcp_ping received 32768 bytes back
Round trip time was 76.2641 milliseconds in repetition 278
tcp_ping received 32768 bytes back
Round trip time was 75.7568 milliseconds in repetition 279
tcp_ping received 32768 bytes back
Round trip time was 75.732 milliseconds in repetition 280
tcp_ping received 32768 bytes back
Round trip time was 76.0182 milliseconds in repetition 281
tcp_ping received 32768 bytes back
Round trip time was 76.4507 milliseconds in repetition 282
tcp_ping received 32768 bytes back
Round trip time was 75.7484 milliseconds in repetition 283
tcp_ping received 32768 bytes back
Round trip time was 75.7492 milliseconds in repetition 284
tcp_ping received 32768 bytes back
Round trip time was 75.7401 milliseconds in repetition 285
tcp_ping received 32768 bytes back
Round trip time was 76.0439 milliseconds in repetition 286
tcp_ping received 32768 bytes back
Round trip time was 75.7465 milliseconds in repetition 287
tcp_ping received 32768 bytes back
Round trip time was 75.9995 milliseconds in repetition 288
tcp_ping received 32768 bytes back
Round trip time was 75.7512 milliseconds in repetition 289
tcp_ping received 32768 bytes back
Round trip time was 75.7421 milliseconds in repetition 290
tcp_ping received 32768 bytes back
Round trip time was 75.9716 milliseconds in repetition 291
tcp_ping received 32768 bytes back
Round trip time was 76.266 milliseconds in repetition 292
tcp_ping received 32768 bytes back
Round trip time was 76.2722 milliseconds in repetition 293
tcp_ping received 32768 bytes back
Round trip time was 76.1979 milliseconds in repetition 294
tcp_ping received 32768 bytes back
Round trip time was 76.0422 milliseconds in repetition 295
tcp_ping received 32768 bytes back
Round trip time was 76.4871 milliseconds in repetition 296
tcp_ping received 32768 bytes back
Round trip time was 76.1765 milliseconds in repetition 297
tcp_ping received 32768 bytes back
Round trip time was 75.7485 milliseconds in repetition 298
tcp_ping received 32768 bytes back
Round trip time was 75.5718 milliseconds in repetition 299
tcp_ping received 32768 bytes back
Round trip time was 76.4393 milliseconds in repetition 300
tcp_ping received 32768 bytes back
Round trip time was 75.7976 milliseconds in repetition 301
tcp_ping received 32768 bytes back
Round trip time was 75.7533 milliseconds in repetition 302
tcp_ping received 32768 bytes back
Round trip time was 76.0012 milliseconds in repetition 303
tcp_ping received 32768 bytes back
Round trip time was 75.986 milliseconds in repetition 304
tcp_ping received 32768 bytes back
Round trip time was 75.7474 milliseconds in repetition 305
tcp_ping received 32768 bytes back
Round trip time was 76.1774 milliseconds in repetition 306
tcp_ping received 32768 bytes back
Round trip time was 75.7456 milliseconds in repetition 307
tcp_ping received 32768 bytes back
Round trip time was 76.0389 milliseconds in repetition 308
tcp_ping received 32768 bytes back
Round trip time was 76.1851 milliseconds in repetition 309
tcp_ping received 32768 bytes back
Round trip time was 75.5746 milliseconds in repetition 310
tcp_ping received 32768 bytes back
Round trip time was 75.7469 milliseconds in repetition 311
tcp_ping received 32768 bytes back
Round trip time was 75.4392 milliseconds in repetition 312
tcp_ping received 32768 bytes back
Round trip time was 75.7447 milliseconds in repetition 313
tcp_ping received 32768 bytes back
Round trip time was 75.7422 milliseconds in repetition 314
tcp_ping received 32768 bytes back
Round trip time was 76.3089 milliseconds in repetition 315
tcp_ping received 32768 bytes back
Round trip time was 76.1793 milliseconds in repetition 316
tcp_ping received 32768 bytes back
Round trip time was 75.7429 milliseconds in repetition 317
tcp_ping received 32768 bytes back
Round trip time was 75.324 milliseconds in repetition 318
tcp_ping received 32768 bytes back
Round trip time was 76.1665 milliseconds in repetition 319
tcp_ping received 32768 bytes back
Round trip time was 76.2857 milliseconds in repetition 320
tcp_ping received 32768 bytes back
Round trip time was 75.7761 milliseconds in repetition 321
tcp_ping received 32768 bytes back
Round trip time was 76.0251 milliseconds in repetition 322
tcp_ping received 32768 bytes back
Round trip time was 75.7415 milliseconds in repetition 323
tcp_ping received 32768 bytes back
Round trip time was 75.7473 milliseconds in repetition 324
tcp_ping received 32768 bytes back
Round trip time was 76.1982 milliseconds in repetition 325
tcp_ping received 32768 bytes back
Round trip time was 76.2901 milliseconds in repetition 326
tcp_ping received 32768 bytes back
Round trip time was 75.7482 milliseconds in repetition 327
tcp_ping received 32768 bytes back
Round trip time was 75.4381 milliseconds in repetition 328
tcp_ping received 32768 bytes back
Round trip time was 77.7706 milliseconds in repetition 329
tcp_ping received 32768 bytes back
Round trip time was 76.0196 milliseconds in repetition 330
tcp_ping received 32768 bytes back
Round trip time was 75.9681 milliseconds in repetition 331
tcp_ping received 32768 bytes back
Round trip time was 76.2914 milliseconds in repetition 332
tcp_ping received 32768 bytes back
Round trip time was 76.1845 milliseconds in repetition 333
tcp_ping received 32768 bytes back
Round trip time was 75.3104 milliseconds in repetition 334
tcp_ping received 32768 bytes back
Round trip time was 75.748 milliseconds in repetition 335
tcp_ping received 32768 bytes back
Round trip time was 75.7473 milliseconds in repetition 336
tcp_ping received 32768 bytes back
Round trip time was 76.4229 milliseconds in repetition 337
tcp_ping received 32768 bytes back
Round trip time was 75.748 milliseconds in repetition 338
tcp_ping received 32768 bytes back
Round trip time was 75.7469 milliseconds in repetition 339
tcp_ping received 32768 bytes back
Round trip time was 75.3232 milliseconds in repetition 340
tcp_ping received 32768 bytes back
Round trip time was 76.1674 milliseconds in repetition 341
tcp_ping received 32768 bytes back
Round trip time was 76.0643 milliseconds in repetition 342
tcp_ping received 32768 bytes back
Round trip time was 75.9977 milliseconds in repetition 343
tcp_ping received 32768 bytes back
Round trip time was 75.7476 milliseconds in repetition 344
tcp_ping received 32768 bytes back
Round trip time was 75.7314 milliseconds in repetition 345
tcp_ping received 32768 bytes back
Round trip time was 76.0325 milliseconds in repetition 346
tcp_ping received 32768 bytes back
Round trip time was 75.7471 milliseconds in repetition 347
tcp_ping received 32768 bytes back
Round trip time was 76.741 milliseconds in repetition 348
tcp_ping received 32768 bytes back
Round trip time was 75.7515 milliseconds in repetition 349
tcp_ping received 32768 bytes back
Round trip time was 75.9369 milliseconds in repetition 350
tcp_ping received 32768 bytes back
Round trip time was 75.7432 milliseconds in repetition 351
tcp_ping received 32768 bytes back
Round trip time was 75.5196 milliseconds in repetition 352
tcp_ping received 32768 bytes back
Round trip time was 76.1794 milliseconds in repetition 353
tcp_ping received 32768 bytes back
Round trip time was 75.5641 milliseconds in repetition 354
tcp_ping received 32768 bytes back
Round trip time was 75.7473 milliseconds in repetition 355
tcp_ping received 32768 bytes back
Round trip time was 75.7471 milliseconds in repetition 356
tcp_ping received 32768 bytes back
Round trip time was 76.4456 milliseconds in repetition 357
tcp_ping received 32768 bytes back
Round trip time was 75.7924 milliseconds in repetition 358
tcp_ping received 32768 bytes back
Round trip time was 76.2701 milliseconds in repetition 359
tcp_ping received 32768 bytes back
Round trip time was 75.7466 milliseconds in repetition 360
tcp_ping received 32768 bytes back
Round trip time was 75.747 milliseconds in repetition 361
tcp_ping received 32768 bytes back
Round trip time was 75.4633 milliseconds in repetition 362
tcp_ping received 32768 bytes back
Round trip time was 76.4664 milliseconds in repetition 363
tcp_ping received 32768 bytes back
Round trip time was 76.0557 milliseconds in repetition 364
tcp_ping received 32768 bytes back
Round trip time was 75.997 milliseconds in repetition 365
tcp_ping received 32768 bytes back
Round trip time was 75.747 milliseconds in repetition 366
tcp_ping received 32768 bytes back
Round trip time was 75.7489 milliseconds in repetition 367
tcp_ping received 32768 bytes back
Round trip time was 76.4897 milliseconds in repetition 368
tcp_ping received 32768 bytes back
Round trip time was 75.7466 milliseconds in repetition 369
tcp_ping received 32768 bytes back
Round trip time was 76.2693 milliseconds in repetition 370
tcp_ping received 32768 bytes back
Round trip time was 76.2014 milliseconds in repetition 371
tcp_ping received 32768 bytes back
Round trip time was 76.4791 milliseconds in repetition 372
tcp_ping received 32768 bytes back
Round trip time was 75.0172 milliseconds in repetition 373
tcp_ping received 32768 bytes back
Round trip time was 76.0349 milliseconds in repetition 374
tcp_ping received 32768 bytes back
Round trip time was 76.1846 milliseconds in repetition 375
tcp_ping received 32768 bytes back
Round trip time was 76.3086 milliseconds in repetition 376
tcp_ping received 32768 bytes back
Round trip time was 75.7384 milliseconds in repetition 377
tcp_ping received 32768 bytes back
Round trip time was 75.7465 milliseconds in repetition 378
tcp_ping received 32768 bytes back
Round trip time was 76.4917 milliseconds in repetition 379
tcp_ping received 32768 bytes back
Round trip time was 76.4691 milliseconds in repetition 380
tcp_ping received 32768 bytes back
Round trip time was 75.9964 milliseconds in repetition 381
tcp_ping received 32768 bytes back
Round trip time was 76.0335 milliseconds in repetition 382
tcp_ping received 32768 bytes back
Round trip time was 75.7471 milliseconds in repetition 383
tcp_ping received 32768 bytes back
Round trip time was 75.982 milliseconds in repetition 384
tcp_ping received 32768 bytes back
Round trip time was 75.5112 milliseconds in repetition 385
tcp_ping received 32768 bytes back
Round trip time was 76.1784 milliseconds in repetition 386
tcp_ping received 32768 bytes back
Round trip time was 75.5659 milliseconds in repetition 387
tcp_ping received 32768 bytes back
Round trip time was 76.4931 milliseconds in repetition 388
tcp_ping received 32768 bytes back
Round trip time was 76.487 milliseconds in repetition 389
tcp_ping received 32768 bytes back
Round trip time was 76.0203 milliseconds in repetition 390
tcp_ping received 32768 bytes back
Round trip time was 75.7459 milliseconds in repetition 391
tcp_ping received 32768 bytes back
Round trip time was 76.2245 milliseconds in repetition 392
tcp_ping received 32768 bytes back
Round trip time was 75.4904 milliseconds in repetition 393
tcp_ping received 32768 bytes back
Round trip time was 76.1811 milliseconds in repetition 394
tcp_ping received 32768 bytes back
Round trip time was 75.7481 milliseconds in repetition 395
tcp_ping received 32768 bytes back
Round trip time was 76.0086 milliseconds in repetition 396
tcp_ping received 32768 bytes back
Round trip time was 75.7917 milliseconds in repetition 397
tcp_ping received 32768 bytes back
Round trip time was 76.0041 milliseconds in repetition 398
tcp_ping received 32768 bytes back
Round trip time was 75.7397 milliseconds in repetition 399
tcp_ping received 32768 bytes back
Round trip time was 75.7477 milliseconds in repetition 400
tcp_ping received 32768 bytes back
Round trip time was 76.1832 milliseconds in repetition 401
tcp_ping received 32768 bytes back
Round trip time was 75.5851 milliseconds in repetition 402
tcp_ping received 32768 bytes back
Round trip time was 76.4675 milliseconds in repetition 403
tcp_ping received 32768 bytes back
Round trip time was 76.0193 milliseconds in repetition 404
tcp_ping received 32768 bytes back
Round trip time was 76.197 milliseconds in repetition 405
tcp_ping received 32768 bytes back
Round trip time was 76.7855 milliseconds in repetition 406
tcp_ping received 32768 bytes back
Round trip time was 76.1753 milliseconds in repetition 407
tcp_ping received 32768 bytes back
Round trip time was 76.3121 milliseconds in repetition 408
tcp_ping received 32768 bytes back
Round trip time was 75.7465 milliseconds in repetition 409
tcp_ping received 32768 bytes back
Round trip time was 75.748 milliseconds in repetition 410
tcp_ping received 32768 bytes back
Round trip time was 75.7428 milliseconds in repetition 411
tcp_ping received 32768 bytes back
Round trip time was 76.0206 milliseconds in repetition 412
tcp_ping received 32768 bytes back
Round trip time was 76.1972 milliseconds in repetition 413
tcp_ping received 32768 bytes back
Round trip time was 76.2913 milliseconds in repetition 414
tcp_ping received 32768 bytes back
Round trip time was 76.9233 milliseconds in repetition 415
tcp_ping received 32768 bytes back
Round trip time was 75.7422 milliseconds in repetition 416
tcp_ping received 32768 bytes back
Round trip time was 76.0648 milliseconds in repetition 417
tcp_ping received 32768 bytes back
Round trip time was 75.9744 milliseconds in repetition 418
tcp_ping received 32768 bytes back
Round trip time was 76.0416 milliseconds in repetition 419
tcp_ping received 32768 bytes back
Round trip time was 83.7413 milliseconds in repetition 420
tcp_ping received 32768 bytes back
Round trip time was 76.4861 milliseconds in repetition 421
tcp_ping received 32768 bytes back
Round trip time was 76.1804 milliseconds in repetition 422
tcp_ping received 32768 bytes back
Round trip time was 76.0427 milliseconds in repetition 423
tcp_ping received 32768 bytes back
Round trip time was 76.2859 milliseconds in repetition 424
tcp_ping received 32768 bytes back
Round trip time was 76.1853 milliseconds in repetition 425
tcp_ping received 32768 bytes back
Round trip time was 75.7481 milliseconds in repetition 426
tcp_ping received 32768 bytes back
Round trip time was 75.7433 milliseconds in repetition 427
tcp_ping received 32768 bytes back
Round trip time was 76.0139 milliseconds in repetition 428
tcp_ping received 32768 bytes back
Round trip time was 76.4714 milliseconds in repetition 429
tcp_ping received 32768 bytes back
Round trip time was 76.0685 milliseconds in repetition 430
tcp_ping received 32768 bytes back
Round trip time was 75.742 milliseconds in repetition 431
tcp_ping received 32768 bytes back
Round trip time was 78.2554 milliseconds in repetition 432
tcp_ping received 32768 bytes back
Round trip time was 75.7472 milliseconds in repetition 433
tcp_ping received 32768 bytes back
Round trip time was 76.4416 milliseconds in repetition 434
tcp_ping received 32768 bytes back
Round trip time was 75.302 milliseconds in repetition 435
tcp_ping received 32768 bytes back
Round trip time was 76.0211 milliseconds in repetition 436
tcp_ping received 32768 bytes back
Round trip time was 75.4233 milliseconds in repetition 437
tcp_ping received 32768 bytes back
Round trip time was 78.9923 milliseconds in repetition 438
tcp_ping received 32768 bytes back
Round trip time was 76.4734 milliseconds in repetition 439
tcp_ping received 32768 bytes back
Round trip time was 79.2489 milliseconds in repetition 440
tcp_ping received 32768 bytes back
Round trip time was 75.7522 milliseconds in repetition 441
tcp_ping received 32768 bytes back
Round trip time was 76.4641 milliseconds in repetition 442
tcp_ping received 32768 bytes back
Round trip time was 76.0621 milliseconds in repetition 443
tcp_ping received 32768 bytes back
Round trip time was 75.7474 milliseconds in repetition 444
tcp_ping received 32768 bytes back
Round trip time was 76.2232 milliseconds in repetition 445
tcp_ping received 32768 bytes back
Round trip time was 75.5244 milliseconds in repetition 446
tcp_ping received 32768 bytes back
Round trip time was 76.1713 milliseconds in repetition 447
tcp_ping received 32768 bytes back
Round trip time was 75.7466 milliseconds in repetition 448
tcp_ping received 32768 bytes back
Round trip time was 76.0677 milliseconds in repetition 449
tcp_ping received 32768 bytes back
Round trip time was 76.0211 milliseconds in repetition 450
tcp_ping received 32768 bytes back
Round trip time was 75.7084 milliseconds in repetition 451
tcp_ping received 32768 bytes back
Round trip time was 78.5414 milliseconds in repetition 452
tcp_ping received 32768 bytes back
Round trip time was 75.7487 milliseconds in repetition 453
tcp_ping received 32768 bytes back
Round trip time was 76.1987 milliseconds in repetition 454
tcp_ping received 32768 bytes back
Round trip time was 76.4728 milliseconds in repetition 455
tcp_ping received 32768 bytes back
Round trip time was 76.262 milliseconds in repetition 456
tcp_ping received 32768 bytes back
Round trip time was 75.796 milliseconds in repetition 457
tcp_ping received 32768 bytes back
Round trip time was 75.7508 milliseconds in repetition 458
tcp_ping received 32768 bytes back
Round trip time was 76.1719 milliseconds in repetition 459
tcp_ping received 32768 bytes back
Round trip time was 76.0676 milliseconds in repetition 460
tcp_ping received 32768 bytes back
Round trip time was 76.6723 milliseconds in repetition 461
tcp_ping received 32768 bytes back
Round trip time was 76.5193 milliseconds in repetition 462
tcp_ping received 32768 bytes back
Round trip time was 76.0582 milliseconds in repetition 463
tcp_ping received 32768 bytes back
Round trip time was 76.4923 milliseconds in repetition 464
tcp_ping received 32768 bytes back
Round trip time was 75.9728 milliseconds in repetition 465
tcp_ping received 32768 bytes back
Round trip time was 75.794 milliseconds in repetition 466
tcp_ping received 32768 bytes back
Round trip time was 75.7261 milliseconds in repetition 467
tcp_ping received 32768 bytes back
Round trip time was 75.748 milliseconds in repetition 468
tcp_ping received 32768 bytes back
Round trip time was 75.7479 milliseconds in repetition 469
tcp_ping received 32768 bytes back
Round trip time was 76.0196 milliseconds in repetition 470
tcp_ping received 32768 bytes back
Round trip time was 75.7487 milliseconds in repetition 471
tcp_ping received 32768 bytes back
Round trip time was 76.4563 milliseconds in repetition 472
tcp_ping received 32768 bytes back
Round trip time was 76.0329 milliseconds in repetition 473
tcp_ping received 32768 bytes back
Round trip time was 75.747 milliseconds in repetition 474
tcp_ping received 32768 bytes back
Round trip time was 75.7473 milliseconds in repetition 475
tcp_ping received 32768 bytes back
Round trip time was 76.1837 milliseconds in repetition 476
tcp_ping received 32768 bytes back
Round trip time was 76.0571 milliseconds in repetition 477
tcp_ping received 32768 bytes back
Round trip time was 75.9981 milliseconds in repetition 478
tcp_ping received 32768 bytes back
Round trip time was 75.7486 milliseconds in repetition 479
tcp_ping received 32768 bytes back
Round trip time was 75.7122 milliseconds in repetition 480
tcp_ping received 32768 bytes back
Round trip time was 76.013 milliseconds in repetition 481
tcp_ping received 32768 bytes back
Round trip time was 75.7476 milliseconds in repetition 482
tcp_ping received 32768 bytes back
Round trip time was 75.9979 milliseconds in repetition 483
tcp_ping received 32768 bytes back
Round trip time was 76.4918 milliseconds in repetition 484
tcp_ping received 32768 bytes back
Round trip time was 76.4935 milliseconds in repetition 485
tcp_ping received 32768 bytes back
Round trip time was 75.7474 milliseconds in repetition 486
tcp_ping received 32768 bytes back
Round trip time was 76.172 milliseconds in repetition 487
tcp_ping received 32768 bytes back
Round trip time was 75.7478 milliseconds in repetition 488
tcp_ping received 32768 bytes back
Round trip time was 75.9986 milliseconds in repetition 489
tcp_ping received 32768 bytes back
Round trip time was 76.0675 milliseconds in repetition 490
tcp_ping received 32768 bytes back
Round trip time was 75.7475 milliseconds in repetition 491
tcp_ping received 32768 bytes back
Round trip time was 76.474 milliseconds in repetition 492
tcp_ping received 32768 bytes back
Round trip time was 75.7502 milliseconds in repetition 493
tcp_ping received 32768 bytes back
Round trip time was 75.9971 milliseconds in repetition 494
tcp_ping received 32768 bytes back
Round trip time was 76.0379 milliseconds in repetition 495
tcp_ping received 32768 bytes back
Round trip time was 75.7465 milliseconds in repetition 496
tcp_ping received 32768 bytes back
Round trip time was 75.7498 milliseconds in repetition 497
tcp_ping received 32768 bytes back
Round trip time was 75.7459 milliseconds in repetition 498
tcp_ping received 32768 bytes back
Round trip time was 76.1818 milliseconds in repetition 499
tcp_ping received 32768 bytes back
Round trip time was 75.9845 milliseconds in repetition 500
tcp_ping received 32768 bytes back
Round trip time was 75.9648 milliseconds in repetition 501

 ... clock resolution was 1e-06
TCP Ping:  Statistics over 501 repetitions of 32768 byte messages

RTT : percentile 10: 75.7012, median: 75.9964, percentile 90: 76.4563, average: 76.1842, variance: 11.5719

RTT histogram:
75.0172 487
78.7873 10
82.5573 2
86.3273 1
90.0974 0
93.8674 0
97.6374 0
101.407 0
105.177 0
108.948 0
112.718 0
116.488 0
120.258 0
124.028 0
127.798 0
131.568 0
135.338 0
139.108 0
142.878 0
146.648 0
150.418 1

   median Throughput : 862.357 KB/s   overall Throughput : 860.231 KB/s

