TCP Ping trying to connect to server seti.dibris.unige.it (130.251.61.30) on port 1491
 ... connected to Pong server: asking for 501 repetitions of 196608 bytes TCP messages
 ... Pong server agreed :-)
tcp_ping received 196608 bytes back
Round trip time was 438.074 milliseconds in repetition 1
tcp_ping received 196608 bytes back
Round trip time was 324.631 milliseconds in repetition 2
tcp_ping received 196608 bytes back
Round trip time was 330.163 milliseconds in repetition 3
tcp_ping received 196608 bytes back
Round trip time was 338.719 milliseconds in repetition 4
tcp_ping received 196608 bytes back
Round trip time was 322.752 milliseconds in repetition 5
tcp_ping received 196608 bytes back
Round trip time was 322.306 milliseconds in repetition 6
tcp_ping received 196608 bytes back
Round trip time was 329.713 milliseconds in repetition 7
tcp_ping received 196608 bytes back
Round trip time was 323.492 milliseconds in repetition 8
tcp_ping received 196608 bytes back
Round trip time was 342.997 milliseconds in repetition 9
tcp_ping received 196608 bytes back
Round trip time was 326.552 milliseconds in repetition 10
tcp_ping received 196608 bytes back
Round trip time was 326.295 milliseconds in repetition 11
tcp_ping received 196608 bytes back
Round trip time was 325.254 milliseconds in repetition 12
tcp_ping received 196608 bytes back
Round trip time was 347.44 milliseconds in repetition 13
tcp_ping received 196608 bytes back
Round trip time was 333.058 milliseconds in repetition 14
tcp_ping received 196608 bytes back
Round trip time was 325.025 milliseconds in repetition 15
tcp_ping received 196608 bytes back
Round trip time was 327.021 milliseconds in repetition 16
tcp_ping received 196608 bytes back
Round trip time was 322.763 milliseconds in repetition 17
tcp_ping received 196608 bytes back
Round trip time was 337.935 milliseconds in repetition 18
tcp_ping received 196608 bytes back
Round trip time was 324.086 milliseconds in repetition 19
tcp_ping received 196608 bytes back
Round trip time was 327.916 milliseconds in repetition 20
tcp_ping received 196608 bytes back
Round trip time was 325.271 milliseconds in repetition 21
tcp_ping received 196608 bytes back
Round trip time was 323.51 milliseconds in repetition 22
tcp_ping received 196608 bytes back
Round trip time was 322.585 milliseconds in repetition 23
tcp_ping received 196608 bytes back
Round trip time was 326.457 milliseconds in repetition 24
tcp_ping received 196608 bytes back
Round trip time was 336.537 milliseconds in repetition 25
tcp_ping received 196608 bytes back
Round trip time was 327.438 milliseconds in repetition 26
tcp_ping received 196608 bytes back
Round trip time was 323.344 milliseconds in repetition 27
tcp_ping received 196608 bytes back
Round trip time was 323.188 milliseconds in repetition 28
tcp_ping received 196608 bytes back
Round trip time was 324.243 milliseconds in repetition 29
tcp_ping received 196608 bytes back
Round trip time was 324.765 milliseconds in repetition 30
tcp_ping received 196608 bytes back
Round trip time was 323.814 milliseconds in repetition 31
tcp_ping received 196608 bytes back
Round trip time was 329.518 milliseconds in repetition 32
tcp_ping received 196608 bytes back
Round trip time was 331.499 milliseconds in repetition 33
tcp_ping received 196608 bytes back
Round trip time was 326.5 milliseconds in repetition 34
tcp_ping received 196608 bytes back
Round trip time was 324.745 milliseconds in repetition 35
tcp_ping received 196608 bytes back
Round trip time was 330.458 milliseconds in repetition 36
tcp_ping received 196608 bytes back
Round trip time was 323.054 milliseconds in repetition 37
tcp_ping received 196608 bytes back
Round trip time was 325.557 milliseconds in repetition 38
tcp_ping received 196608 bytes back
Round trip time was 329.211 milliseconds in repetition 39
tcp_ping received 196608 bytes back
Round trip time was 332.042 milliseconds in repetition 40
tcp_ping received 196608 bytes back
Round trip time was 330.439 milliseconds in repetition 41
tcp_ping received 196608 bytes back
Round trip time was 326.337 milliseconds in repetition 42
tcp_ping received 196608 bytes back
Round trip time was 325.639 milliseconds in repetition 43
tcp_ping received 196608 bytes back
Round trip time was 325.517 milliseconds in repetition 44
tcp_ping received 196608 bytes back
Round trip time was 334.773 milliseconds in repetition 45
tcp_ping received 196608 bytes back
Round trip time was 323.477 milliseconds in repetition 46
tcp_ping received 196608 bytes back
Round trip time was 336.758 milliseconds in repetition 47
tcp_ping received 196608 bytes back
Round trip time was 329.3 milliseconds in repetition 48
tcp_ping received 196608 bytes back
Round trip time was 333.799 milliseconds in repetition 49
tcp_ping received 196608 bytes back
Round trip time was 331.452 milliseconds in repetition 50
tcp_ping received 196608 bytes back
Round trip time was 328.81 milliseconds in repetition 51
tcp_ping received 196608 bytes back
Round trip time was 326.987 milliseconds in repetition 52
tcp_ping received 196608 bytes back
Round trip time was 325.032 milliseconds in repetition 53
tcp_ping received 196608 bytes back
Round trip time was 334.961 milliseconds in repetition 54
tcp_ping received 196608 bytes back
Round trip time was 334.244 milliseconds in repetition 55
tcp_ping received 196608 bytes back
Round trip time was 328.223 milliseconds in repetition 56
tcp_ping received 196608 bytes back
Round trip time was 327.338 milliseconds in repetition 57
tcp_ping received 196608 bytes back
Round trip time was 322.738 milliseconds in repetition 58
tcp_ping received 196608 bytes back
Round trip time was 381.515 milliseconds in repetition 59
tcp_ping received 196608 bytes back
Round trip time was 329.996 milliseconds in repetition 60
tcp_ping received 196608 bytes back
Round trip time was 393.774 milliseconds in repetition 61
tcp_ping received 196608 bytes back
Round trip time was 323.495 milliseconds in repetition 62
tcp_ping received 196608 bytes back
Round trip time was 323.262 milliseconds in repetition 63
tcp_ping received 196608 bytes back
Round trip time was 324.536 milliseconds in repetition 64
tcp_ping received 196608 bytes back
Round trip time was 322.981 milliseconds in repetition 65
tcp_ping received 196608 bytes back
Round trip time was 324.221 milliseconds in repetition 66
tcp_ping received 196608 bytes back
Round trip time was 323.054 milliseconds in repetition 67
tcp_ping received 196608 bytes back
Round trip time was 329.03 milliseconds in repetition 68
tcp_ping received 196608 bytes back
Round trip time was 323.727 milliseconds in repetition 69
tcp_ping received 196608 bytes back
Round trip time was 325.731 milliseconds in repetition 70
tcp_ping received 196608 bytes back
Round trip time was 331.329 milliseconds in repetition 71
tcp_ping received 196608 bytes back
Round trip time was 322.737 milliseconds in repetition 72
tcp_ping received 196608 bytes back
Round trip time was 328.454 milliseconds in repetition 73
tcp_ping received 196608 bytes back
Round trip time was 334.54 milliseconds in repetition 74
tcp_ping received 196608 bytes back
Round trip time was 346.795 milliseconds in repetition 75
tcp_ping received 196608 bytes back
Round trip time was 322.749 milliseconds in repetition 76
tcp_ping received 196608 bytes back
Round trip time was 331.738 milliseconds in repetition 77
tcp_ping received 196608 bytes back
Round trip time was 331.75 milliseconds in repetition 78
tcp_ping received 196608 bytes back
Round trip time was 326.744 milliseconds in repetition 79
tcp_ping received 196608 bytes back
Round trip time was 324.792 milliseconds in repetition 80
tcp_ping received 196608 bytes back
Round trip time was 324.236 milliseconds in repetition 81
tcp_ping received 196608 bytes back
Round trip time was 352.041 milliseconds in repetition 82
tcp_ping received 196608 bytes back
Round trip time was 342.199 milliseconds in repetition 83
tcp_ping received 196608 bytes back
Round trip time was 327.051 milliseconds in repetition 84
tcp_ping received 196608 bytes back
Round trip time was 323.012 milliseconds in repetition 85
tcp_ping received 196608 bytes back
Round trip time was 325.028 milliseconds in repetition 86
tcp_ping received 196608 bytes back
Round trip time was 341.449 milliseconds in repetition 87
tcp_ping received 196608 bytes back
Round trip time was 327.802 milliseconds in repetition 88
tcp_ping received 196608 bytes back
Round trip time was 325.968 milliseconds in repetition 89
tcp_ping received 196608 bytes back
Round trip time was 337.494 milliseconds in repetition 90
tcp_ping received 196608 bytes back
Round trip time was 327.763 milliseconds in repetition 91
tcp_ping received 196608 bytes back
Round trip time was 327.494 milliseconds in repetition 92
tcp_ping received 196608 bytes back
Round trip time was 340.3 milliseconds in repetition 93
tcp_ping received 196608 bytes back
Round trip time was 323.229 milliseconds in repetition 94
tcp_ping received 196608 bytes back
Round trip time was 325.276 milliseconds in repetition 95
tcp_ping received 196608 bytes back
Round trip time was 327.757 milliseconds in repetition 96
tcp_ping received 196608 bytes back
Round trip time was 322.013 milliseconds in repetition 97
tcp_ping received 196608 bytes back
Round trip time was 323.207 milliseconds in repetition 98
tcp_ping received 196608 bytes back
Round trip time was 327.792 milliseconds in repetition 99
tcp_ping received 196608 bytes back
Round trip time was 328.269 milliseconds in repetition 100
tcp_ping received 196608 bytes back
Round trip time was 324 milliseconds in repetition 101
tcp_ping received 196608 bytes back
Round trip time was 324.794 milliseconds in repetition 102
tcp_ping received 196608 bytes back
Round trip time was 328.239 milliseconds in repetition 103
tcp_ping received 196608 bytes back
Round trip time was 353.973 milliseconds in repetition 104
tcp_ping received 196608 bytes back
Round trip time was 327.037 milliseconds in repetition 105
tcp_ping received 196608 bytes back
Round trip time was 327.039 milliseconds in repetition 106
tcp_ping received 196608 bytes back
Round trip time was 336.456 milliseconds in repetition 107
tcp_ping received 196608 bytes back
Round trip time was 330.28 milliseconds in repetition 108
tcp_ping received 196608 bytes back
Round trip time was 321.727 milliseconds in repetition 109
tcp_ping received 196608 bytes back
Round trip time was 326.995 milliseconds in repetition 110
tcp_ping received 196608 bytes back
Round trip time was 329.092 milliseconds in repetition 111
tcp_ping received 196608 bytes back
Round trip time was 335.182 milliseconds in repetition 112
tcp_ping received 196608 bytes back
Round trip time was 323.805 milliseconds in repetition 113
tcp_ping received 196608 bytes back
Round trip time was 323.773 milliseconds in repetition 114
tcp_ping received 196608 bytes back
Round trip time was 324.515 milliseconds in repetition 115
tcp_ping received 196608 bytes back
Round trip time was 323.998 milliseconds in repetition 116
tcp_ping received 196608 bytes back
Round trip time was 321.958 milliseconds in repetition 117
tcp_ping received 196608 bytes back
Round trip time was 322.758 milliseconds in repetition 118
tcp_ping received 196608 bytes back
Round trip time was 324.251 milliseconds in repetition 119
tcp_ping received 196608 bytes back
Round trip time was 325.085 milliseconds in repetition 120
tcp_ping received 196608 bytes back
Round trip time was 321.735 milliseconds in repetition 121
tcp_ping received 196608 bytes back
Round trip time was 336.476 milliseconds in repetition 122
tcp_ping received 196608 bytes back
Round trip time was 322.306 milliseconds in repetition 123
tcp_ping received 196608 bytes back
Round trip time was 322.767 milliseconds in repetition 124
tcp_ping received 196608 bytes back
Round trip time was 321.714 milliseconds in repetition 125
tcp_ping received 196608 bytes back
Round trip time was 324.278 milliseconds in repetition 126
tcp_ping received 196608 bytes back
Round trip time was 325.204 milliseconds in repetition 127
tcp_ping received 196608 bytes back
Round trip time was 322.284 milliseconds in repetition 128
tcp_ping received 196608 bytes back
Round trip time was 322.059 milliseconds in repetition 129
tcp_ping received 196608 bytes back
Round trip time was 328.215 milliseconds in repetition 130
tcp_ping received 196608 bytes back
Round trip time was 321.517 milliseconds in repetition 131
tcp_ping received 196608 bytes back
Round trip time was 326.438 milliseconds in repetition 132
tcp_ping received 196608 bytes back
Round trip time was 333.251 milliseconds in repetition 133
tcp_ping received 196608 bytes back
Round trip time was 321.318 milliseconds in repetition 134
tcp_ping received 196608 bytes back
Round trip time was 320.767 milliseconds in repetition 135
tcp_ping received 196608 bytes back
Round trip time was 322.956 milliseconds in repetition 136
tcp_ping received 196608 bytes back
Round trip time was 325.067 milliseconds in repetition 137
tcp_ping received 196608 bytes back
Round trip time was 320.713 milliseconds in repetition 138
tcp_ping received 196608 bytes back
Round trip time was 322.286 milliseconds in repetition 139
tcp_ping received 196608 bytes back
Round trip time was 330.772 milliseconds in repetition 140
tcp_ping received 196608 bytes back
Round trip time was 327.253 milliseconds in repetition 141
tcp_ping received 196608 bytes back
Round trip time was 320.994 milliseconds in repetition 142
tcp_ping received 196608 bytes back
Round trip time was 324.526 milliseconds in repetition 143
tcp_ping received 196608 bytes back
Round trip time was 321.271 milliseconds in repetition 144
tcp_ping received 196608 bytes back
Round trip time was 320.763 milliseconds in repetition 145
tcp_ping received 196608 bytes back
Round trip time was 326.24 milliseconds in repetition 146
tcp_ping received 196608 bytes back
Round trip time was 321.043 milliseconds in repetition 147
tcp_ping received 196608 bytes back
Round trip time was 321.216 milliseconds in repetition 148
tcp_ping received 196608 bytes back
Round trip time was 320.522 milliseconds in repetition 149
tcp_ping received 196608 bytes back
Round trip time was 320.026 milliseconds in repetition 150
tcp_ping received 196608 bytes back
Round trip time was 320.513 milliseconds in repetition 151
tcp_ping received 196608 bytes back
Round trip time was 322.757 milliseconds in repetition 152
tcp_ping received 196608 bytes back
Round trip time was 320.957 milliseconds in repetition 153
tcp_ping received 196608 bytes back
Round trip time was 320.519 milliseconds in repetition 154
tcp_ping received 196608 bytes back
Round trip time was 319.977 milliseconds in repetition 155
tcp_ping received 196608 bytes back
Round trip time was 320.289 milliseconds in repetition 156
tcp_ping received 196608 bytes back
Round trip time was 320.503 milliseconds in repetition 157
tcp_ping received 196608 bytes back
Round trip time was 319.504 milliseconds in repetition 158
tcp_ping received 196608 bytes back
Round trip time was 320.797 milliseconds in repetition 159
tcp_ping received 196608 bytes back
Round trip time was 319.506 milliseconds in repetition 160
tcp_ping received 196608 bytes back
Round trip time was 320.723 milliseconds in repetition 161
tcp_ping received 196608 bytes back
Round trip time was 320.568 milliseconds in repetition 162
tcp_ping received 196608 bytes back
Round trip time was 320.212 milliseconds in repetition 163
tcp_ping received 196608 bytes back
Round trip time was 319.508 milliseconds in repetition 164
tcp_ping received 196608 bytes back
Round trip time was 319.779 milliseconds in repetition 165
tcp_ping received 196608 bytes back
Round trip time was 320.252 milliseconds in repetition 166
tcp_ping received 196608 bytes back
Round trip time was 321.982 milliseconds in repetition 167
tcp_ping received 196608 bytes back
Round trip time was 323.57 milliseconds in repetition 168
tcp_ping received 196608 bytes back
Round trip time was 320.683 milliseconds in repetition 169
tcp_ping received 196608 bytes back
Round trip time was 321.591 milliseconds in repetition 170
tcp_ping received 196608 bytes back
Round trip time was 323.73 milliseconds in repetition 171
tcp_ping received 196608 bytes back
Round trip time was 319.954 milliseconds in repetition 172
tcp_ping received 196608 bytes back
Round trip time was 319.77 milliseconds in repetition 173
tcp_ping received 196608 bytes back
Round trip time was 320.247 milliseconds in repetition 174
tcp_ping received 196608 bytes back
Round trip time was 319.51 milliseconds in repetition 175
tcp_ping received 196608 bytes back
Round trip time was 319.525 milliseconds in repetition 176
tcp_ping received 196608 bytes back
Round trip time was 320.733 milliseconds in repetition 177
tcp_ping received 196608 bytes back
Round trip time was 320.043 milliseconds in repetition 178
tcp_ping received 196608 bytes back
Round trip time was 321 milliseconds in repetition 179
tcp_ping received 196608 bytes back
Round trip time was 319.521 milliseconds in repetition 180
tcp_ping received 196608 bytes back
Round trip time was 319.192 milliseconds in repetition 181
tcp_ping received 196608 bytes back
Round trip time was 320.82 milliseconds in repetition 182
tcp_ping received 196608 bytes back
Round trip time was 320.709 milliseconds in repetition 183
tcp_ping received 196608 bytes back
Round trip time was 320.235 milliseconds in repetition 184
tcp_ping received 196608 bytes back
Round trip time was 319.821 milliseconds in repetition 185
tcp_ping received 196608 bytes back
Round trip time was 320.233 milliseconds in repetition 186
tcp_ping received 196608 bytes back
Round trip time was 321.991 milliseconds in repetition 187
tcp_ping received 196608 bytes back
Round trip time was 320.253 milliseconds in repetition 188
tcp_ping received 196608 bytes back
Round trip time was 319.507 milliseconds in repetition 189
tcp_ping received 196608 bytes back
Round trip time was 319.251 milliseconds in repetition 190
tcp_ping received 196608 bytes back
Round trip time was 319.768 milliseconds in repetition 191
tcp_ping received 196608 bytes back
Round trip time was 320.072 milliseconds in repetition 192
tcp_ping received 196608 bytes back
Round trip time was 320.249 milliseconds in repetition 193
tcp_ping received 196608 bytes back
Round trip time was 319.958 milliseconds in repetition 194
tcp_ping received 196608 bytes back
Round trip time was 319.504 milliseconds in repetition 195
tcp_ping received 196608 bytes back
Round trip time was 319.803 milliseconds in repetition 196
tcp_ping received 196608 bytes back
Round trip time was 319.782 milliseconds in repetition 197
tcp_ping received 196608 bytes back
Round trip time was 320.997 milliseconds in repetition 198
tcp_ping received 196608 bytes back
Round trip time was 319.531 milliseconds in repetition 199
tcp_ping received 196608 bytes back
Round trip time was 318.755 milliseconds in repetition 200
tcp_ping received 196608 bytes back
Round trip time was 324.531 milliseconds in repetition 201
tcp_ping received 196608 bytes back
Round trip time was 324.245 milliseconds in repetition 202
tcp_ping received 196608 bytes back
Round trip time was 319.509 milliseconds in repetition 203
tcp_ping received 196608 bytes back
Round trip time was 319.966 milliseconds in repetition 204
tcp_ping received 196608 bytes back
Round trip time was 319.809 milliseconds in repetition 205
tcp_ping received 196608 bytes back
Round trip time was 319.517 milliseconds in repetition 206
tcp_ping received 196608 bytes back
Round trip time was 320.532 milliseconds in repetition 207
tcp_ping received 196608 bytes back
Round trip time was 319.514 milliseconds in repetition 208
tcp_ping received 196608 bytes back
Round trip time was 319.52 milliseconds in repetition 209
tcp_ping received 196608 bytes back
Round trip time was 321.003 milliseconds in repetition 210
tcp_ping received 196608 bytes back
Round trip time was 319.026 milliseconds in repetition 211
tcp_ping received 196608 bytes back
Round trip time was 322.767 milliseconds in repetition 212
tcp_ping received 196608 bytes back
Round trip time was 320.72 milliseconds in repetition 213
tcp_ping received 196608 bytes back
Round trip time was 320.533 milliseconds in repetition 214
tcp_ping received 196608 bytes back
Round trip time was 321.032 milliseconds in repetition 215
tcp_ping received 196608 bytes back
Round trip time was 319.996 milliseconds in repetition 216
tcp_ping received 196608 bytes back
Round trip time was 321.941 milliseconds in repetition 217
tcp_ping received 196608 bytes back
Round trip time was 319.759 milliseconds in repetition 218
tcp_ping received 196608 bytes back
Round trip time was 319.346 milliseconds in repetition 219
tcp_ping received 196608 bytes back
Round trip time was 319.512 milliseconds in repetition 220
tcp_ping received 196608 bytes back
Round trip time was 319.518 milliseconds in repetition 221
tcp_ping received 196608 bytes back
Round trip time was 319.983 milliseconds in repetition 222
tcp_ping received 196608 bytes back
Round trip time was 320.234 milliseconds in repetition 223
tcp_ping received 196608 bytes back
Round trip time was 320.565 milliseconds in repetition 224
tcp_ping received 196608 bytes back
Round trip time was 321.714 milliseconds in repetition 225
tcp_ping received 196608 bytes back
Round trip time was 319.51 milliseconds in repetition 226
tcp_ping received 196608 bytes back
Round trip time was 320.094 milliseconds in repetition 227
tcp_ping received 196608 bytes back
Round trip time was 319.513 milliseconds in repetition 228
tcp_ping received 196608 bytes back
Round trip time was 319.99 milliseconds in repetition 229
tcp_ping received 196608 bytes back
Round trip time was 319.043 milliseconds in repetition 230
tcp_ping received 196608 bytes back
Round trip time was 319.515 milliseconds in repetition 231
tcp_ping received 196608 bytes back
Round trip time was 320.702 milliseconds in repetition 232
tcp_ping received 196608 bytes back
Round trip time was 319.341 milliseconds in repetition 233
tcp_ping received 196608 bytes back
Round trip time was 321.002 milliseconds in repetition 234
tcp_ping received 196608 bytes back
Round trip time was 326.764 milliseconds in repetition 235
tcp_ping received 196608 bytes back
Round trip time was 318.78 milliseconds in repetition 236
tcp_ping received 196608 bytes back
Round trip time was 323.767 milliseconds in repetition 237
tcp_ping received 196608 bytes back
Round trip time was 328.249 milliseconds in repetition 238
tcp_ping received 196608 bytes back
Round trip time was 326.735 milliseconds in repetition 239
tcp_ping received 196608 bytes back
Round trip time was 339.049 milliseconds in repetition 240
tcp_ping received 196608 bytes back
Round trip time was 319.255 milliseconds in repetition 241
tcp_ping received 196608 bytes back
Round trip time was 321.527 milliseconds in repetition 242
tcp_ping received 196608 bytes back
Round trip time was 321.285 milliseconds in repetition 243
tcp_ping received 196608 bytes back
Round trip time was 320.998 milliseconds in repetition 244
tcp_ping received 196608 bytes back
Round trip time was 319.502 milliseconds in repetition 245
tcp_ping received 196608 bytes back
Round trip time was 318.811 milliseconds in repetition 246
tcp_ping received 196608 bytes back
Round trip time was 320.706 milliseconds in repetition 247
tcp_ping received 196608 bytes back
Round trip time was 320.057 milliseconds in repetition 248
tcp_ping received 196608 bytes back
Round trip time was 319.97 milliseconds in repetition 249
tcp_ping received 196608 bytes back
Round trip time was 321.302 milliseconds in repetition 250
tcp_ping received 196608 bytes back
Round trip time was 319.768 milliseconds in repetition 251
tcp_ping received 196608 bytes back
Round trip time was 325.024 milliseconds in repetition 252
tcp_ping received 196608 bytes back
Round trip time was 321.246 milliseconds in repetition 253
tcp_ping received 196608 bytes back
Round trip time was 320.536 milliseconds in repetition 254
tcp_ping received 196608 bytes back
Round trip time was 324.507 milliseconds in repetition 255
tcp_ping received 196608 bytes back
Round trip time was 321.001 milliseconds in repetition 256
tcp_ping received 196608 bytes back
Round trip time was 319.286 milliseconds in repetition 257
tcp_ping received 196608 bytes back
Round trip time was 320.761 milliseconds in repetition 258
tcp_ping received 196608 bytes back
Round trip time was 457.282 milliseconds in repetition 259
tcp_ping received 196608 bytes back
Round trip time was 359.451 milliseconds in repetition 260
tcp_ping received 196608 bytes back
Round trip time was 323.523 milliseconds in repetition 261
tcp_ping received 196608 bytes back
Round trip time was 327.782 milliseconds in repetition 262
tcp_ping received 196608 bytes back
Round trip time was 321.447 milliseconds in repetition 263
tcp_ping received 196608 bytes back
Round trip time was 323.074 milliseconds in repetition 264
tcp_ping received 196608 bytes back
Round trip time was 319.251 milliseconds in repetition 265
tcp_ping received 196608 bytes back
Round trip time was 319.29 milliseconds in repetition 266
tcp_ping received 196608 bytes back
Round trip time was 324.233 milliseconds in repetition 267
tcp_ping received 196608 bytes back
Round trip time was 319.275 milliseconds in repetition 268
tcp_ping received 196608 bytes back
Round trip time was 319.499 milliseconds in repetition 269
tcp_ping received 196608 bytes back
Round trip time was 319.787 milliseconds in repetition 270
tcp_ping received 196608 bytes back
Round trip time was 318.963 milliseconds in repetition 271
tcp_ping received 196608 bytes back
Round trip time was 319.769 milliseconds in repetition 272
tcp_ping received 196608 bytes back
Round trip time was 320.564 milliseconds in repetition 273
tcp_ping received 196608 bytes back
Round trip time was 318.787 milliseconds in repetition 274
tcp_ping received 196608 bytes back
Round trip time was 319.757 milliseconds in repetition 275
tcp_ping received 196608 bytes back
Round trip time was 321.001 milliseconds in repetition 276
tcp_ping received 196608 bytes back
Round trip time was 319.52 milliseconds in repetition 277
tcp_ping received 196608 bytes back
Round trip time was 322.032 milliseconds in repetition 278
tcp_ping received 196608 bytes back
Round trip time was 320.506 milliseconds in repetition 279
tcp_ping received 196608 bytes back
Round trip time was 319.515 milliseconds in repetition 280
tcp_ping received 196608 bytes back
Round trip time was 321.006 milliseconds in repetition 281
tcp_ping received 196608 bytes back
Round trip time was 320.003 milliseconds in repetition 282
tcp_ping received 196608 bytes back
Round trip time was 323.76 milliseconds in repetition 283
tcp_ping received 196608 bytes back
Round trip time was 320.278 milliseconds in repetition 284
tcp_ping received 196608 bytes back
Round trip time was 322.276 milliseconds in repetition 285
tcp_ping received 196608 bytes back
Round trip time was 321.748 milliseconds in repetition 286
tcp_ping received 196608 bytes back
Round trip time was 319.804 milliseconds in repetition 287
tcp_ping received 196608 bytes back
Round trip time was 319.499 milliseconds in repetition 288
tcp_ping received 196608 bytes back
Round trip time was 320.539 milliseconds in repetition 289
tcp_ping received 196608 bytes back
Round trip time was 320.725 milliseconds in repetition 290
tcp_ping received 196608 bytes back
Round trip time was 319.788 milliseconds in repetition 291
tcp_ping received 196608 bytes back
Round trip time was 320.255 milliseconds in repetition 292
tcp_ping received 196608 bytes back
Round trip time was 322.517 milliseconds in repetition 293
tcp_ping received 196608 bytes back
Round trip time was 321.524 milliseconds in repetition 294
tcp_ping received 196608 bytes back
Round trip time was 319.978 milliseconds in repetition 295
tcp_ping received 196608 bytes back
Round trip time was 320.543 milliseconds in repetition 296
tcp_ping received 196608 bytes back
Round trip time was 319.261 milliseconds in repetition 297
tcp_ping received 196608 bytes back
Round trip time was 322.749 milliseconds in repetition 298
tcp_ping received 196608 bytes back
Round trip time was 319.797 milliseconds in repetition 299
tcp_ping received 196608 bytes back
Round trip time was 319.762 milliseconds in repetition 300
tcp_ping received 196608 bytes back
Round trip time was 320.286 milliseconds in repetition 301
tcp_ping received 196608 bytes back
Round trip time was 324.501 milliseconds in repetition 302
tcp_ping received 196608 bytes back
Round trip time was 319.227 milliseconds in repetition 303
tcp_ping received 196608 bytes back
Round trip time was 319.533 milliseconds in repetition 304
tcp_ping received 196608 bytes back
Round trip time was 319.197 milliseconds in repetition 305
tcp_ping received 196608 bytes back
Round trip time was 320.831 milliseconds in repetition 306
tcp_ping received 196608 bytes back
Round trip time was 319.516 milliseconds in repetition 307
tcp_ping received 196608 bytes back
Round trip time was 319.515 milliseconds in repetition 308
tcp_ping received 196608 bytes back
Round trip time was 319.243 milliseconds in repetition 309
tcp_ping received 196608 bytes back
Round trip time was 319.777 milliseconds in repetition 310
tcp_ping received 196608 bytes back
Round trip time was 319.245 milliseconds in repetition 311
tcp_ping received 196608 bytes back
Round trip time was 319.491 milliseconds in repetition 312
tcp_ping received 196608 bytes back
Round trip time was 319.517 milliseconds in repetition 313
tcp_ping received 196608 bytes back
Round trip time was 319.258 milliseconds in repetition 314
tcp_ping received 196608 bytes back
Round trip time was 319.32 milliseconds in repetition 315
tcp_ping received 196608 bytes back
Round trip time was 319.515 milliseconds in repetition 316
tcp_ping received 196608 bytes back
Round trip time was 320.255 milliseconds in repetition 317
tcp_ping received 196608 bytes back
Round trip time was 319.788 milliseconds in repetition 318
tcp_ping received 196608 bytes back
Round trip time was 319.513 milliseconds in repetition 319
tcp_ping received 196608 bytes back
Round trip time was 319.525 milliseconds in repetition 320
tcp_ping received 196608 bytes back
Round trip time was 319.502 milliseconds in repetition 321
tcp_ping received 196608 bytes back
Round trip time was 319.513 milliseconds in repetition 322
tcp_ping received 196608 bytes back
Round trip time was 319.514 milliseconds in repetition 323
tcp_ping received 196608 bytes back
Round trip time was 319.517 milliseconds in repetition 324
tcp_ping received 196608 bytes back
Round trip time was 320.26 milliseconds in repetition 325
tcp_ping received 196608 bytes back
Round trip time was 319.784 milliseconds in repetition 326
tcp_ping received 196608 bytes back
Round trip time was 319.512 milliseconds in repetition 327
tcp_ping received 196608 bytes back
Round trip time was 319.516 milliseconds in repetition 328
tcp_ping received 196608 bytes back
Round trip time was 319.511 milliseconds in repetition 329
tcp_ping received 196608 bytes back
Round trip time was 319.514 milliseconds in repetition 330
tcp_ping received 196608 bytes back
Round trip time was 319.514 milliseconds in repetition 331
tcp_ping received 196608 bytes back
Round trip time was 319.514 milliseconds in repetition 332
tcp_ping received 196608 bytes back
Round trip time was 319.515 milliseconds in repetition 333
tcp_ping received 196608 bytes back
Round trip time was 319.786 milliseconds in repetition 334
tcp_ping received 196608 bytes back
Round trip time was 320.747 milliseconds in repetition 335
tcp_ping received 196608 bytes back
Round trip time was 324.788 milliseconds in repetition 336
tcp_ping received 196608 bytes back
Round trip time was 322.016 milliseconds in repetition 337
tcp_ping received 196608 bytes back
Round trip time was 319.246 milliseconds in repetition 338
tcp_ping received 196608 bytes back
Round trip time was 320.252 milliseconds in repetition 339
tcp_ping received 196608 bytes back
Round trip time was 319.513 milliseconds in repetition 340
tcp_ping received 196608 bytes back
Round trip time was 319.037 milliseconds in repetition 341
tcp_ping received 196608 bytes back
Round trip time was 321 milliseconds in repetition 342
tcp_ping received 196608 bytes back
Round trip time was 319.784 milliseconds in repetition 343
tcp_ping received 196608 bytes back
Round trip time was 319.244 milliseconds in repetition 344
tcp_ping received 196608 bytes back
Round trip time was 319.551 milliseconds in repetition 345
tcp_ping received 196608 bytes back
Round trip time was 319.717 milliseconds in repetition 346
tcp_ping received 196608 bytes back
Round trip time was 319.464 milliseconds in repetition 347
tcp_ping received 196608 bytes back
Round trip time was 321.815 milliseconds in repetition 348
tcp_ping received 196608 bytes back
Round trip time was 321.748 milliseconds in repetition 349
tcp_ping received 196608 bytes back
Round trip time was 318.783 milliseconds in repetition 350
tcp_ping received 196608 bytes back
Round trip time was 318.953 milliseconds in repetition 351
tcp_ping received 196608 bytes back
Round trip time was 319.763 milliseconds in repetition 352
tcp_ping received 196608 bytes back
Round trip time was 320.829 milliseconds in repetition 353
tcp_ping received 196608 bytes back
Round trip time was 319.241 milliseconds in repetition 354
tcp_ping received 196608 bytes back
Round trip time was 319.514 milliseconds in repetition 355
tcp_ping received 196608 bytes back
Round trip time was 319.515 milliseconds in repetition 356
tcp_ping received 196608 bytes back
Round trip time was 321.547 milliseconds in repetition 357
tcp_ping received 196608 bytes back
Round trip time was 320.755 milliseconds in repetition 358
tcp_ping received 196608 bytes back
Round trip time was 319.81 milliseconds in repetition 359
tcp_ping received 196608 bytes back
Round trip time was 319.219 milliseconds in repetition 360
tcp_ping received 196608 bytes back
Round trip time was 321.539 milliseconds in repetition 361
tcp_ping received 196608 bytes back
Round trip time was 318.761 milliseconds in repetition 362
tcp_ping received 196608 bytes back
Round trip time was 319.507 milliseconds in repetition 363
tcp_ping received 196608 bytes back
Round trip time was 321.275 milliseconds in repetition 364
tcp_ping received 196608 bytes back
Round trip time was 320.258 milliseconds in repetition 365
tcp_ping received 196608 bytes back
Round trip time was 319.513 milliseconds in repetition 366
tcp_ping received 196608 bytes back
Round trip time was 319.516 milliseconds in repetition 367
tcp_ping received 196608 bytes back
Round trip time was 319.529 milliseconds in repetition 368
tcp_ping received 196608 bytes back
Round trip time was 320.244 milliseconds in repetition 369
tcp_ping received 196608 bytes back
Round trip time was 319.786 milliseconds in repetition 370
tcp_ping received 196608 bytes back
Round trip time was 319.518 milliseconds in repetition 371
tcp_ping received 196608 bytes back
Round trip time was 320.45 milliseconds in repetition 372
tcp_ping received 196608 bytes back
Round trip time was 319.764 milliseconds in repetition 373
tcp_ping received 196608 bytes back
Round trip time was 319.066 milliseconds in repetition 374
tcp_ping received 196608 bytes back
Round trip time was 319.959 milliseconds in repetition 375
tcp_ping received 196608 bytes back
Round trip time was 319.815 milliseconds in repetition 376
tcp_ping received 196608 bytes back
Round trip time was 319.512 milliseconds in repetition 377
tcp_ping received 196608 bytes back
Round trip time was 319.781 milliseconds in repetition 378
tcp_ping received 196608 bytes back
Round trip time was 319.986 milliseconds in repetition 379
tcp_ping received 196608 bytes back
Round trip time was 319.239 milliseconds in repetition 380
tcp_ping received 196608 bytes back
Round trip time was 319.764 milliseconds in repetition 381
tcp_ping received 196608 bytes back
Round trip time was 320.085 milliseconds in repetition 382
tcp_ping received 196608 bytes back
Round trip time was 319.515 milliseconds in repetition 383
tcp_ping received 196608 bytes back
Round trip time was 319.514 milliseconds in repetition 384
tcp_ping received 196608 bytes back
Round trip time was 319.515 milliseconds in repetition 385
tcp_ping received 196608 bytes back
Round trip time was 319.716 milliseconds in repetition 386
tcp_ping received 196608 bytes back
Round trip time was 320.248 milliseconds in repetition 387
tcp_ping received 196608 bytes back
Round trip time was 319.318 milliseconds in repetition 388
tcp_ping received 196608 bytes back
Round trip time was 320.708 milliseconds in repetition 389
tcp_ping received 196608 bytes back
Round trip time was 320.064 milliseconds in repetition 390
tcp_ping received 196608 bytes back
Round trip time was 319.498 milliseconds in repetition 391
tcp_ping received 196608 bytes back
Round trip time was 320.256 milliseconds in repetition 392
tcp_ping received 196608 bytes back
Round trip time was 320.004 milliseconds in repetition 393
tcp_ping received 196608 bytes back
Round trip time was 322.025 milliseconds in repetition 394
tcp_ping received 196608 bytes back
Round trip time was 318.781 milliseconds in repetition 395
tcp_ping received 196608 bytes back
Round trip time was 319.775 milliseconds in repetition 396
tcp_ping received 196608 bytes back
Round trip time was 319.731 milliseconds in repetition 397
tcp_ping received 196608 bytes back
Round trip time was 321.231 milliseconds in repetition 398
tcp_ping received 196608 bytes back
Round trip time was 320.088 milliseconds in repetition 399
tcp_ping received 196608 bytes back
Round trip time was 319.727 milliseconds in repetition 400
tcp_ping received 196608 bytes back
Round trip time was 320.511 milliseconds in repetition 401
tcp_ping received 196608 bytes back
Round trip time was 319.489 milliseconds in repetition 402
tcp_ping received 196608 bytes back
Round trip time was 319.507 milliseconds in repetition 403
tcp_ping received 196608 bytes back
Round trip time was 319.78 milliseconds in repetition 404
tcp_ping received 196608 bytes back
Round trip time was 319.296 milliseconds in repetition 405
tcp_ping received 196608 bytes back
Round trip time was 319.46 milliseconds in repetition 406
tcp_ping received 196608 bytes back
Round trip time was 319.343 milliseconds in repetition 407
tcp_ping received 196608 bytes back
Round trip time was 323.715 milliseconds in repetition 408
tcp_ping received 196608 bytes back
Round trip time was 320.053 milliseconds in repetition 409
tcp_ping received 196608 bytes back
Round trip time was 319.517 milliseconds in repetition 410
tcp_ping received 196608 bytes back
Round trip time was 319.96 milliseconds in repetition 411
tcp_ping received 196608 bytes back
Round trip time was 319.108 milliseconds in repetition 412
tcp_ping received 196608 bytes back
Round trip time was 320.484 milliseconds in repetition 413
tcp_ping received 196608 bytes back
Round trip time was 328 milliseconds in repetition 414
tcp_ping received 196608 bytes back
Round trip time was 319.484 milliseconds in repetition 415
tcp_ping received 196608 bytes back
Round trip time was 320.535 milliseconds in repetition 416
tcp_ping received 196608 bytes back
Round trip time was 321.547 milliseconds in repetition 417
tcp_ping received 196608 bytes back
Round trip time was 324.753 milliseconds in repetition 418
tcp_ping received 196608 bytes back
Round trip time was 322.284 milliseconds in repetition 419
tcp_ping received 196608 bytes back
Round trip time was 327.234 milliseconds in repetition 420
tcp_ping received 196608 bytes back
Round trip time was 320.782 milliseconds in repetition 421
tcp_ping received 196608 bytes back
Round trip time was 325.737 milliseconds in repetition 422
tcp_ping received 196608 bytes back
Round trip time was 325.514 milliseconds in repetition 423
tcp_ping received 196608 bytes back
Round trip time was 324.035 milliseconds in repetition 424
tcp_ping received 196608 bytes back
Round trip time was 327.523 milliseconds in repetition 425
tcp_ping received 196608 bytes back
Round trip time was 324.523 milliseconds in repetition 426
tcp_ping received 196608 bytes back
Round trip time was 320.262 milliseconds in repetition 427
tcp_ping received 196608 bytes back
Round trip time was 323.233 milliseconds in repetition 428
tcp_ping received 196608 bytes back
Round trip time was 323.037 milliseconds in repetition 429
tcp_ping received 196608 bytes back
Round trip time was 321.725 milliseconds in repetition 430
tcp_ping received 196608 bytes back
Round trip time was 324.588 milliseconds in repetition 431
tcp_ping received 196608 bytes back
Round trip time was 325.186 milliseconds in repetition 432
tcp_ping received 196608 bytes back
Round trip time was 319.782 milliseconds in repetition 433
tcp_ping received 196608 bytes back
Round trip time was 320.255 milliseconds in repetition 434
tcp_ping received 196608 bytes back
Round trip time was 320.255 milliseconds in repetition 435
tcp_ping received 196608 bytes back
Round trip time was 321.472 milliseconds in repetition 436
tcp_ping received 196608 bytes back
Round trip time was 320.559 milliseconds in repetition 437
tcp_ping received 196608 bytes back
Round trip time was 323.287 milliseconds in repetition 438
tcp_ping received 196608 bytes back
Round trip time was 319.508 milliseconds in repetition 439
tcp_ping received 196608 bytes back
Round trip time was 320.256 milliseconds in repetition 440
tcp_ping received 196608 bytes back
Round trip time was 319.512 milliseconds in repetition 441
tcp_ping received 196608 bytes back
Round trip time was 319.515 milliseconds in repetition 442
tcp_ping received 196608 bytes back
Round trip time was 322.959 milliseconds in repetition 443
tcp_ping received 196608 bytes back
Round trip time was 319.765 milliseconds in repetition 444
tcp_ping received 196608 bytes back
Round trip time was 319.503 milliseconds in repetition 445
tcp_ping received 196608 bytes back
Round trip time was 320.092 milliseconds in repetition 446
tcp_ping received 196608 bytes back
Round trip time was 320.027 milliseconds in repetition 447
tcp_ping received 196608 bytes back
Round trip time was 328.22 milliseconds in repetition 448
tcp_ping received 196608 bytes back
Round trip time was 321.549 milliseconds in repetition 449
tcp_ping received 196608 bytes back
Round trip time was 322.006 milliseconds in repetition 450
tcp_ping received 196608 bytes back
Round trip time was 319.51 milliseconds in repetition 451
tcp_ping received 196608 bytes back
Round trip time was 319.785 milliseconds in repetition 452
tcp_ping received 196608 bytes back
Round trip time was 319.736 milliseconds in repetition 453
tcp_ping received 196608 bytes back
Round trip time was 320.035 milliseconds in repetition 454
tcp_ping received 196608 bytes back
Round trip time was 319.285 milliseconds in repetition 455
tcp_ping received 196608 bytes back
Round trip time was 320.215 milliseconds in repetition 456
tcp_ping received 196608 bytes back
Round trip time was 319.784 milliseconds in repetition 457
tcp_ping received 196608 bytes back
Round trip time was 319.212 milliseconds in repetition 458
tcp_ping received 196608 bytes back
Round trip time was 327.808 milliseconds in repetition 459
tcp_ping received 196608 bytes back
Round trip time was 328.048 milliseconds in repetition 460
tcp_ping received 196608 bytes back
Round trip time was 323.513 milliseconds in repetition 461
tcp_ping received 196608 bytes back
Round trip time was 333.994 milliseconds in repetition 462
tcp_ping received 196608 bytes back
Round trip time was 329.542 milliseconds in repetition 463
tcp_ping received 196608 bytes back
Round trip time was 327.505 milliseconds in repetition 464
tcp_ping received 196608 bytes back
Round trip time was 320.249 milliseconds in repetition 465
tcp_ping received 196608 bytes back
Round trip time was 320.531 milliseconds in repetition 466
tcp_ping received 196608 bytes back
Round trip time was 334.987 milliseconds in repetition 467
tcp_ping received 196608 bytes back
Round trip time was 365.068 milliseconds in repetition 468
tcp_ping received 196608 bytes back
Round trip time was 327.752 milliseconds in repetition 469
tcp_ping received 196608 bytes back
Round trip time was 322.518 milliseconds in repetition 470
tcp_ping received 196608 bytes back
Round trip time was 398.472 milliseconds in repetition 471
tcp_ping received 196608 bytes back
Round trip time was 343.807 milliseconds in repetition 472
tcp_ping received 196608 bytes back
Round trip time was 321.007 milliseconds in repetition 473
tcp_ping received 196608 bytes back
Round trip time was 340.021 milliseconds in repetition 474
tcp_ping received 196608 bytes back
Round trip time was 327.493 milliseconds in repetition 475
tcp_ping received 196608 bytes back
Round trip time was 320.422 milliseconds in repetition 476
tcp_ping received 196608 bytes back
Round trip time was 326.84 milliseconds in repetition 477
tcp_ping received 196608 bytes back
Round trip time was 321.005 milliseconds in repetition 478
tcp_ping received 196608 bytes back
Round trip time was 318.962 milliseconds in repetition 479
tcp_ping received 196608 bytes back
Round trip time was 325.071 milliseconds in repetition 480
tcp_ping received 196608 bytes back
Round trip time was 325.003 milliseconds in repetition 481
tcp_ping received 196608 bytes back
Round trip time was 335.54 milliseconds in repetition 482
tcp_ping received 196608 bytes back
Round trip time was 324.254 milliseconds in repetition 483
tcp_ping received 196608 bytes back
Round trip time was 349.511 milliseconds in repetition 484
tcp_ping received 196608 bytes back
Round trip time was 329.262 milliseconds in repetition 485
tcp_ping received 196608 bytes back
Round trip time was 321.751 milliseconds in repetition 486
tcp_ping received 196608 bytes back
Round trip time was 321.752 milliseconds in repetition 487
tcp_ping received 196608 bytes back
Round trip time was 325.058 milliseconds in repetition 488
tcp_ping received 196608 bytes back
Round trip time was 321.789 milliseconds in repetition 489
tcp_ping received 196608 bytes back
Round trip time was 321.236 milliseconds in repetition 490
tcp_ping received 196608 bytes back
Round trip time was 324.733 milliseconds in repetition 491
tcp_ping received 196608 bytes back
Round trip time was 327.314 milliseconds in repetition 492
tcp_ping received 196608 bytes back
Round trip time was 333.966 milliseconds in repetition 493
tcp_ping received 196608 bytes back
Round trip time was 328.783 milliseconds in repetition 494
tcp_ping received 196608 bytes back
Round trip time was 330.014 milliseconds in repetition 495
tcp_ping received 196608 bytes back
Round trip time was 324.52 milliseconds in repetition 496
tcp_ping received 196608 bytes back
Round trip time was 322.034 milliseconds in repetition 497
tcp_ping received 196608 bytes back
Round trip time was 334.262 milliseconds in repetition 498
tcp_ping received 196608 bytes back
Round trip time was 328.719 milliseconds in repetition 499
tcp_ping received 196608 bytes back
Round trip time was 336.306 milliseconds in repetition 500
tcp_ping received 196608 bytes back
Round trip time was 323.997 milliseconds in repetition 501

 ... clock resolution was 1e-06
TCP Ping:  Statistics over 501 repetitions of 196608 byte messages

RTT : percentile 10: 319.502, median: 321.007, percentile 90: 330.163, average: 324.329, variance: 123.664

RTT histogram:
318.755 294
325.682 148
332.608 32
339.534 14
346.461 4
353.387 2
360.313 1
367.24 1
374.166 0
381.092 1
388.019 0
394.945 1
401.871 1
408.798 0
415.724 0
422.65 0
429.577 0
436.503 1
443.429 0
450.356 0
457.282 1

   median Throughput : 1224.95 KB/s   overall Throughput : 1212.4 KB/s

