TCP Ping trying to connect to server seti.dibris.unige.it (130.251.61.30) on port 1491
 ... connected to Pong server: asking for 501 repetitions of 384 bytes TCP messages
 ... Pong server agreed :-)
tcp_ping received 384 bytes back
Round trip time was 32.9509 milliseconds in repetition 1
tcp_ping received 384 bytes back
Round trip time was 25.7604 milliseconds in repetition 2
tcp_ping received 384 bytes back
Round trip time was 26.0011 milliseconds in repetition 3
tcp_ping received 384 bytes back
Round trip time was 25.7348 milliseconds in repetition 4
tcp_ping received 384 bytes back
Round trip time was 25.4914 milliseconds in repetition 5
tcp_ping received 384 bytes back
Round trip time was 25.999 milliseconds in repetition 6
tcp_ping received 384 bytes back
Round trip time was 25.518 milliseconds in repetition 7
tcp_ping received 384 bytes back
Round trip time was 25.985 milliseconds in repetition 8
tcp_ping received 384 bytes back
Round trip time was 24.9756 milliseconds in repetition 9
tcp_ping received 384 bytes back
Round trip time was 25.9826 milliseconds in repetition 10
tcp_ping received 384 bytes back
Round trip time was 25.9942 milliseconds in repetition 11
tcp_ping received 384 bytes back
Round trip time was 25.507 milliseconds in repetition 12
tcp_ping received 384 bytes back
Round trip time was 26.267 milliseconds in repetition 13
tcp_ping received 384 bytes back
Round trip time was 25.7288 milliseconds in repetition 14
tcp_ping received 384 bytes back
Round trip time was 25.2172 milliseconds in repetition 15
tcp_ping received 384 bytes back
Round trip time was 25.5507 milliseconds in repetition 16
tcp_ping received 384 bytes back
Round trip time was 25.5397 milliseconds in repetition 17
tcp_ping received 384 bytes back
Round trip time was 25.986 milliseconds in repetition 18
tcp_ping received 384 bytes back
Round trip time was 25.7193 milliseconds in repetition 19
tcp_ping received 384 bytes back
Round trip time was 26.2496 milliseconds in repetition 20
tcp_ping received 384 bytes back
Round trip time was 25.259 milliseconds in repetition 21
tcp_ping received 384 bytes back
Round trip time was 25.9498 milliseconds in repetition 22
tcp_ping received 384 bytes back
Round trip time was 26.275 milliseconds in repetition 23
tcp_ping received 384 bytes back
Round trip time was 25.2504 milliseconds in repetition 24
tcp_ping received 384 bytes back
Round trip time was 26.2383 milliseconds in repetition 25
tcp_ping received 384 bytes back
Round trip time was 25.9879 milliseconds in repetition 26
tcp_ping received 384 bytes back
Round trip time was 25.2453 milliseconds in repetition 27
tcp_ping received 384 bytes back
Round trip time was 25.7176 milliseconds in repetition 28
tcp_ping received 384 bytes back
Round trip time was 26.0006 milliseconds in repetition 29
tcp_ping received 384 bytes back
Round trip time was 25.4777 milliseconds in repetition 30
tcp_ping received 384 bytes back
Round trip time was 25.5448 milliseconds in repetition 31
tcp_ping received 384 bytes back
Round trip time was 25.6911 milliseconds in repetition 32
tcp_ping received 384 bytes back
Round trip time was 25.5338 milliseconds in repetition 33
tcp_ping received 384 bytes back
Round trip time was 25.2556 milliseconds in repetition 34
tcp_ping received 384 bytes back
Round trip time was 24.944 milliseconds in repetition 35
tcp_ping received 384 bytes back
Round trip time was 28.5154 milliseconds in repetition 36
tcp_ping received 384 bytes back
Round trip time was 24.7388 milliseconds in repetition 37
tcp_ping received 384 bytes back
Round trip time was 25.1342 milliseconds in repetition 38
tcp_ping received 384 bytes back
Round trip time was 24.6385 milliseconds in repetition 39
tcp_ping received 384 bytes back
Round trip time was 24.6274 milliseconds in repetition 40
tcp_ping received 384 bytes back
Round trip time was 25.1232 milliseconds in repetition 41
tcp_ping received 384 bytes back
Round trip time was 24.518 milliseconds in repetition 42
tcp_ping received 384 bytes back
Round trip time was 24.3694 milliseconds in repetition 43
tcp_ping received 384 bytes back
Round trip time was 26.4606 milliseconds in repetition 44
tcp_ping received 384 bytes back
Round trip time was 24.4601 milliseconds in repetition 45
tcp_ping received 384 bytes back
Round trip time was 25.2466 milliseconds in repetition 46
tcp_ping received 384 bytes back
Round trip time was 24.0057 milliseconds in repetition 47
tcp_ping received 384 bytes back
Round trip time was 24.4893 milliseconds in repetition 48
tcp_ping received 384 bytes back
Round trip time was 24.2449 milliseconds in repetition 49
tcp_ping received 384 bytes back
Round trip time was 24.7512 milliseconds in repetition 50
tcp_ping received 384 bytes back
Round trip time was 24.237 milliseconds in repetition 51
tcp_ping received 384 bytes back
Round trip time was 24.237 milliseconds in repetition 52
tcp_ping received 384 bytes back
Round trip time was 28.4929 milliseconds in repetition 53
tcp_ping received 384 bytes back
Round trip time was 24.7707 milliseconds in repetition 54
tcp_ping received 384 bytes back
Round trip time was 24.4886 milliseconds in repetition 55
tcp_ping received 384 bytes back
Round trip time was 24.2365 milliseconds in repetition 56
tcp_ping received 384 bytes back
Round trip time was 24.5103 milliseconds in repetition 57
tcp_ping received 384 bytes back
Round trip time was 24.4816 milliseconds in repetition 58
tcp_ping received 384 bytes back
Round trip time was 24.5149 milliseconds in repetition 59
tcp_ping received 384 bytes back
Round trip time was 24.9671 milliseconds in repetition 60
tcp_ping received 384 bytes back
Round trip time was 24.7782 milliseconds in repetition 61
tcp_ping received 384 bytes back
Round trip time was 24.7086 milliseconds in repetition 62
tcp_ping received 384 bytes back
Round trip time was 24.7602 milliseconds in repetition 63
tcp_ping received 384 bytes back
Round trip time was 24.5063 milliseconds in repetition 64
tcp_ping received 384 bytes back
Round trip time was 24.5167 milliseconds in repetition 65
tcp_ping received 384 bytes back
Round trip time was 24.4877 milliseconds in repetition 66
tcp_ping received 384 bytes back
Round trip time was 24.5049 milliseconds in repetition 67
tcp_ping received 384 bytes back
Round trip time was 24.4934 milliseconds in repetition 68
tcp_ping received 384 bytes back
Round trip time was 24.2461 milliseconds in repetition 69
tcp_ping received 384 bytes back
Round trip time was 24.9733 milliseconds in repetition 70
tcp_ping received 384 bytes back
Round trip time was 24.4686 milliseconds in repetition 71
tcp_ping received 384 bytes back
Round trip time was 24.5312 milliseconds in repetition 72
tcp_ping received 384 bytes back
Round trip time was 25.0385 milliseconds in repetition 73
tcp_ping received 384 bytes back
Round trip time was 24.7001 milliseconds in repetition 74
tcp_ping received 384 bytes back
Round trip time was 24.5108 milliseconds in repetition 75
tcp_ping received 384 bytes back
Round trip time was 24.4826 milliseconds in repetition 76
tcp_ping received 384 bytes back
Round trip time was 24.787 milliseconds in repetition 77
tcp_ping received 384 bytes back
Round trip time was 24.9791 milliseconds in repetition 78
tcp_ping received 384 bytes back
Round trip time was 24.4927 milliseconds in repetition 79
tcp_ping received 384 bytes back
Round trip time was 24.5179 milliseconds in repetition 80
tcp_ping received 384 bytes back
Round trip time was 24.4723 milliseconds in repetition 81
tcp_ping received 384 bytes back
Round trip time was 24.5156 milliseconds in repetition 82
tcp_ping received 384 bytes back
Round trip time was 24.715 milliseconds in repetition 83
tcp_ping received 384 bytes back
Round trip time was 24.7536 milliseconds in repetition 84
tcp_ping received 384 bytes back
Round trip time was 24.5022 milliseconds in repetition 85
tcp_ping received 384 bytes back
Round trip time was 24.5115 milliseconds in repetition 86
tcp_ping received 384 bytes back
Round trip time was 24.4866 milliseconds in repetition 87
tcp_ping received 384 bytes back
Round trip time was 24.2385 milliseconds in repetition 88
tcp_ping received 384 bytes back
Round trip time was 24.4987 milliseconds in repetition 89
tcp_ping received 384 bytes back
Round trip time was 24.7386 milliseconds in repetition 90
tcp_ping received 384 bytes back
Round trip time was 24.235 milliseconds in repetition 91
tcp_ping received 384 bytes back
Round trip time was 24.4909 milliseconds in repetition 92
tcp_ping received 384 bytes back
Round trip time was 24.5092 milliseconds in repetition 93
tcp_ping received 384 bytes back
Round trip time was 24.4871 milliseconds in repetition 94
tcp_ping received 384 bytes back
Round trip time was 24.5134 milliseconds in repetition 95
tcp_ping received 384 bytes back
Round trip time was 24.2384 milliseconds in repetition 96
tcp_ping received 384 bytes back
Round trip time was 24.7582 milliseconds in repetition 97
tcp_ping received 384 bytes back
Round trip time was 24.2611 milliseconds in repetition 98
tcp_ping received 384 bytes back
Round trip time was 24.7011 milliseconds in repetition 99
tcp_ping received 384 bytes back
Round trip time was 24.4467 milliseconds in repetition 100
tcp_ping received 384 bytes back
Round trip time was 24.8277 milliseconds in repetition 101
tcp_ping received 384 bytes back
Round trip time was 24.6059 milliseconds in repetition 102
tcp_ping received 384 bytes back
Round trip time was 24.8438 milliseconds in repetition 103
tcp_ping received 384 bytes back
Round trip time was 24.7747 milliseconds in repetition 104
tcp_ping received 384 bytes back
Round trip time was 24.506 milliseconds in repetition 105
tcp_ping received 384 bytes back
Round trip time was 24.4904 milliseconds in repetition 106
tcp_ping received 384 bytes back
Round trip time was 24.5087 milliseconds in repetition 107
tcp_ping received 384 bytes back
Round trip time was 24.5119 milliseconds in repetition 108
tcp_ping received 384 bytes back
Round trip time was 24.9764 milliseconds in repetition 109
tcp_ping received 384 bytes back
Round trip time was 24.012 milliseconds in repetition 110
tcp_ping received 384 bytes back
Round trip time was 24.7081 milliseconds in repetition 111
tcp_ping received 384 bytes back
Round trip time was 24.7815 milliseconds in repetition 112
tcp_ping received 384 bytes back
Round trip time was 24.4859 milliseconds in repetition 113
tcp_ping received 384 bytes back
Round trip time was 24.5228 milliseconds in repetition 114
tcp_ping received 384 bytes back
Round trip time was 24.9457 milliseconds in repetition 115
tcp_ping received 384 bytes back
Round trip time was 24.7798 milliseconds in repetition 116
tcp_ping received 384 bytes back
Round trip time was 24.2162 milliseconds in repetition 117
tcp_ping received 384 bytes back
Round trip time was 24.5085 milliseconds in repetition 118
tcp_ping received 384 bytes back
Round trip time was 24.4903 milliseconds in repetition 119
tcp_ping received 384 bytes back
Round trip time was 24.254 milliseconds in repetition 120
tcp_ping received 384 bytes back
Round trip time was 24.4867 milliseconds in repetition 121
tcp_ping received 384 bytes back
Round trip time was 24.5109 milliseconds in repetition 122
tcp_ping received 384 bytes back
Round trip time was 24.758 milliseconds in repetition 123
tcp_ping received 384 bytes back
Round trip time was 24.707 milliseconds in repetition 124
tcp_ping received 384 bytes back
Round trip time was 24.7787 milliseconds in repetition 125
tcp_ping received 384 bytes back
Round trip time was 25.3793 milliseconds in repetition 126
tcp_ping received 384 bytes back
Round trip time was 24.8694 milliseconds in repetition 127
tcp_ping received 384 bytes back
Round trip time was 24.7562 milliseconds in repetition 128
tcp_ping received 384 bytes back
Round trip time was 24.5316 milliseconds in repetition 129
tcp_ping received 384 bytes back
Round trip time was 24.9472 milliseconds in repetition 130
tcp_ping received 384 bytes back
Round trip time was 25.2113 milliseconds in repetition 131
tcp_ping received 384 bytes back
Round trip time was 24.8344 milliseconds in repetition 132
tcp_ping received 384 bytes back
Round trip time was 24.6253 milliseconds in repetition 133
tcp_ping received 384 bytes back
Round trip time was 24.7031 milliseconds in repetition 134
tcp_ping received 384 bytes back
Round trip time was 24.5107 milliseconds in repetition 135
tcp_ping received 384 bytes back
Round trip time was 24.7887 milliseconds in repetition 136
tcp_ping received 384 bytes back
Round trip time was 24.675 milliseconds in repetition 137
tcp_ping received 384 bytes back
Round trip time was 24.1863 milliseconds in repetition 138
tcp_ping received 384 bytes back
Round trip time was 25.334 milliseconds in repetition 139
tcp_ping received 384 bytes back
Round trip time was 24.4208 milliseconds in repetition 140
tcp_ping received 384 bytes back
Round trip time was 24.5367 milliseconds in repetition 141
tcp_ping received 384 bytes back
Round trip time was 25.1958 milliseconds in repetition 142
tcp_ping received 384 bytes back
Round trip time was 24.0887 milliseconds in repetition 143
tcp_ping received 384 bytes back
Round trip time was 24.625 milliseconds in repetition 144
tcp_ping received 384 bytes back
Round trip time was 25.1144 milliseconds in repetition 145
tcp_ping received 384 bytes back
Round trip time was 24.2386 milliseconds in repetition 146
tcp_ping received 384 bytes back
Round trip time was 24.0396 milliseconds in repetition 147
tcp_ping received 384 bytes back
Round trip time was 24.4861 milliseconds in repetition 148
tcp_ping received 384 bytes back
Round trip time was 24.4872 milliseconds in repetition 149
tcp_ping received 384 bytes back
Round trip time was 24.6962 milliseconds in repetition 150
tcp_ping received 384 bytes back
Round trip time was 24.0384 milliseconds in repetition 151
tcp_ping received 384 bytes back
Round trip time was 24.7015 milliseconds in repetition 152
tcp_ping received 384 bytes back
Round trip time was 25.0411 milliseconds in repetition 153
tcp_ping received 384 bytes back
Round trip time was 24.215 milliseconds in repetition 154
tcp_ping received 384 bytes back
Round trip time was 24.7825 milliseconds in repetition 155
tcp_ping received 384 bytes back
Round trip time was 24.7074 milliseconds in repetition 156
tcp_ping received 384 bytes back
Round trip time was 24.2943 milliseconds in repetition 157
tcp_ping received 384 bytes back
Round trip time was 24.2514 milliseconds in repetition 158
tcp_ping received 384 bytes back
Round trip time was 24.4939 milliseconds in repetition 159
tcp_ping received 384 bytes back
Round trip time was 25.2349 milliseconds in repetition 160
tcp_ping received 384 bytes back
Round trip time was 24.4914 milliseconds in repetition 161
tcp_ping received 384 bytes back
Round trip time was 24.4923 milliseconds in repetition 162
tcp_ping received 384 bytes back
Round trip time was 25.1222 milliseconds in repetition 163
tcp_ping received 384 bytes back
Round trip time was 25.1155 milliseconds in repetition 164
tcp_ping received 384 bytes back
Round trip time was 24.7561 milliseconds in repetition 165
tcp_ping received 384 bytes back
Round trip time was 24.2342 milliseconds in repetition 166
tcp_ping received 384 bytes back
Round trip time was 24.4857 milliseconds in repetition 167
tcp_ping received 384 bytes back
Round trip time was 24.5164 milliseconds in repetition 168
tcp_ping received 384 bytes back
Round trip time was 24.9841 milliseconds in repetition 169
tcp_ping received 384 bytes back
Round trip time was 24.0042 milliseconds in repetition 170
tcp_ping received 384 bytes back
Round trip time was 25.1361 milliseconds in repetition 171
tcp_ping received 384 bytes back
Round trip time was 24.3551 milliseconds in repetition 172
tcp_ping received 384 bytes back
Round trip time was 24.4813 milliseconds in repetition 173
tcp_ping received 384 bytes back
Round trip time was 24.9683 milliseconds in repetition 174
tcp_ping received 384 bytes back
Round trip time was 24.7563 milliseconds in repetition 175
tcp_ping received 384 bytes back
Round trip time was 24.5115 milliseconds in repetition 176
tcp_ping received 384 bytes back
Round trip time was 24.697 milliseconds in repetition 177
tcp_ping received 384 bytes back
Round trip time was 24.774 milliseconds in repetition 178
tcp_ping received 384 bytes back
Round trip time was 24.4785 milliseconds in repetition 179
tcp_ping received 384 bytes back
Round trip time was 24.7708 milliseconds in repetition 180
tcp_ping received 384 bytes back
Round trip time was 24.9621 milliseconds in repetition 181
tcp_ping received 384 bytes back
Round trip time was 24.5097 milliseconds in repetition 182
tcp_ping received 384 bytes back
Round trip time was 24.4886 milliseconds in repetition 183
tcp_ping received 384 bytes back
Round trip time was 25.2572 milliseconds in repetition 184
tcp_ping received 384 bytes back
Round trip time was 24.5087 milliseconds in repetition 185
tcp_ping received 384 bytes back
Round trip time was 24.4992 milliseconds in repetition 186
tcp_ping received 384 bytes back
Round trip time was 25.2529 milliseconds in repetition 187
tcp_ping received 384 bytes back
Round trip time was 24.4827 milliseconds in repetition 188
tcp_ping received 384 bytes back
Round trip time was 24.5127 milliseconds in repetition 189
tcp_ping received 384 bytes back
Round trip time was 24.2392 milliseconds in repetition 190
tcp_ping received 384 bytes back
Round trip time was 24.4847 milliseconds in repetition 191
tcp_ping received 384 bytes back
Round trip time was 25.9923 milliseconds in repetition 192
tcp_ping received 384 bytes back
Round trip time was 24.4806 milliseconds in repetition 193
tcp_ping received 384 bytes back
Round trip time was 24.53 milliseconds in repetition 194
tcp_ping received 384 bytes back
Round trip time was 25.0016 milliseconds in repetition 195
tcp_ping received 384 bytes back
Round trip time was 24.0129 milliseconds in repetition 196
tcp_ping received 384 bytes back
Round trip time was 24.2185 milliseconds in repetition 197
tcp_ping received 384 bytes back
Round trip time was 25.0082 milliseconds in repetition 198
tcp_ping received 384 bytes back
Round trip time was 23.9709 milliseconds in repetition 199
tcp_ping received 384 bytes back
Round trip time was 24.2717 milliseconds in repetition 200
tcp_ping received 384 bytes back
Round trip time was 24.7577 milliseconds in repetition 201
tcp_ping received 384 bytes back
Round trip time was 24.5096 milliseconds in repetition 202
tcp_ping received 384 bytes back
Round trip time was 24.3805 milliseconds in repetition 203
tcp_ping received 384 bytes back
Round trip time was 24.7587 milliseconds in repetition 204
tcp_ping received 384 bytes back
Round trip time was 25.0976 milliseconds in repetition 205
tcp_ping received 384 bytes back
Round trip time was 24.403 milliseconds in repetition 206
tcp_ping received 384 bytes back
Round trip time was 25.2225 milliseconds in repetition 207
tcp_ping received 384 bytes back
Round trip time was 24.8501 milliseconds in repetition 208
tcp_ping received 384 bytes back
Round trip time was 24.9066 milliseconds in repetition 209
tcp_ping received 384 bytes back
Round trip time was 25.4971 milliseconds in repetition 210
tcp_ping received 384 bytes back
Round trip time was 24.5112 milliseconds in repetition 211
tcp_ping received 384 bytes back
Round trip time was 24.804 milliseconds in repetition 212
tcp_ping received 384 bytes back
Round trip time was 24.4801 milliseconds in repetition 213
tcp_ping received 384 bytes back
Round trip time was 24.208 milliseconds in repetition 214
tcp_ping received 384 bytes back
Round trip time was 24.7721 milliseconds in repetition 215
tcp_ping received 384 bytes back
Round trip time was 24.7095 milliseconds in repetition 216
tcp_ping received 384 bytes back
Round trip time was 24.0112 milliseconds in repetition 217
tcp_ping received 384 bytes back
Round trip time was 24.5091 milliseconds in repetition 218
tcp_ping received 384 bytes back
Round trip time was 24.707 milliseconds in repetition 219
tcp_ping received 384 bytes back
Round trip time was 24.7699 milliseconds in repetition 220
tcp_ping received 384 bytes back
Round trip time was 24.5157 milliseconds in repetition 221
tcp_ping received 384 bytes back
Round trip time was 24.0033 milliseconds in repetition 222
tcp_ping received 384 bytes back
Round trip time was 24.9374 milliseconds in repetition 223
tcp_ping received 384 bytes back
Round trip time was 24.5077 milliseconds in repetition 224
tcp_ping received 384 bytes back
Round trip time was 24.4832 milliseconds in repetition 225
tcp_ping received 384 bytes back
Round trip time was 24.5015 milliseconds in repetition 226
tcp_ping received 384 bytes back
Round trip time was 24.9535 milliseconds in repetition 227
tcp_ping received 384 bytes back
Round trip time was 24.2129 milliseconds in repetition 228
tcp_ping received 384 bytes back
Round trip time was 27.0245 milliseconds in repetition 229
tcp_ping received 384 bytes back
Round trip time was 24.74 milliseconds in repetition 230
tcp_ping received 384 bytes back
Round trip time was 24.5114 milliseconds in repetition 231
tcp_ping received 384 bytes back
Round trip time was 24.9804 milliseconds in repetition 232
tcp_ping received 384 bytes back
Round trip time was 28.756 milliseconds in repetition 233
tcp_ping received 384 bytes back
Round trip time was 24.2633 milliseconds in repetition 234
tcp_ping received 384 bytes back
Round trip time was 24.2484 milliseconds in repetition 235
tcp_ping received 384 bytes back
Round trip time was 24.7455 milliseconds in repetition 236
tcp_ping received 384 bytes back
Round trip time was 25.1317 milliseconds in repetition 237
tcp_ping received 384 bytes back
Round trip time was 24.4731 milliseconds in repetition 238
tcp_ping received 384 bytes back
Round trip time was 24.8121 milliseconds in repetition 239
tcp_ping received 384 bytes back
Round trip time was 24.4555 milliseconds in repetition 240
tcp_ping received 384 bytes back
Round trip time was 25.2602 milliseconds in repetition 241
tcp_ping received 384 bytes back
Round trip time was 24.835 milliseconds in repetition 242
tcp_ping received 384 bytes back
Round trip time was 24.1559 milliseconds in repetition 243
tcp_ping received 384 bytes back
Round trip time was 24.7111 milliseconds in repetition 244
tcp_ping received 384 bytes back
Round trip time was 24.8881 milliseconds in repetition 245
tcp_ping received 384 bytes back
Round trip time was 24.2409 milliseconds in repetition 246
tcp_ping received 384 bytes back
Round trip time was 24.5047 milliseconds in repetition 247
tcp_ping received 384 bytes back
Round trip time was 24.4924 milliseconds in repetition 248
tcp_ping received 384 bytes back
Round trip time was 24.5027 milliseconds in repetition 249
tcp_ping received 384 bytes back
Round trip time was 24.7062 milliseconds in repetition 250
tcp_ping received 384 bytes back
Round trip time was 24.764 milliseconds in repetition 251
tcp_ping received 384 bytes back
Round trip time was 24.5042 milliseconds in repetition 252
tcp_ping received 384 bytes back
Round trip time was 24.4934 milliseconds in repetition 253
tcp_ping received 384 bytes back
Round trip time was 24.2258 milliseconds in repetition 254
tcp_ping received 384 bytes back
Round trip time was 24.4989 milliseconds in repetition 255
tcp_ping received 384 bytes back
Round trip time was 24.4773 milliseconds in repetition 256
tcp_ping received 384 bytes back
Round trip time was 24.4992 milliseconds in repetition 257
tcp_ping received 384 bytes back
Round trip time was 24.7549 milliseconds in repetition 258
tcp_ping received 384 bytes back
Round trip time was 24.2378 milliseconds in repetition 259
tcp_ping received 384 bytes back
Round trip time was 24.2359 milliseconds in repetition 260
tcp_ping received 384 bytes back
Round trip time was 24.7466 milliseconds in repetition 261
tcp_ping received 384 bytes back
Round trip time was 24.513 milliseconds in repetition 262
tcp_ping received 384 bytes back
Round trip time was 24.9737 milliseconds in repetition 263
tcp_ping received 384 bytes back
Round trip time was 24.4716 milliseconds in repetition 264
tcp_ping received 384 bytes back
Round trip time was 24.505 milliseconds in repetition 265
tcp_ping received 384 bytes back
Round trip time was 24.4793 milliseconds in repetition 266
tcp_ping received 384 bytes back
Round trip time was 24.5098 milliseconds in repetition 267
tcp_ping received 384 bytes back
Round trip time was 24.1755 milliseconds in repetition 268
tcp_ping received 384 bytes back
Round trip time was 24.7593 milliseconds in repetition 269
tcp_ping received 384 bytes back
Round trip time was 24.2234 milliseconds in repetition 270
tcp_ping received 384 bytes back
Round trip time was 24.5149 milliseconds in repetition 271
tcp_ping received 384 bytes back
Round trip time was 24.935 milliseconds in repetition 272
tcp_ping received 384 bytes back
Round trip time was 24.5075 milliseconds in repetition 273
tcp_ping received 384 bytes back
Round trip time was 24.0194 milliseconds in repetition 274
tcp_ping received 384 bytes back
Round trip time was 24.6967 milliseconds in repetition 275
tcp_ping received 384 bytes back
Round trip time was 24.515 milliseconds in repetition 276
tcp_ping received 384 bytes back
Round trip time was 24.7499 milliseconds in repetition 277
tcp_ping received 384 bytes back
Round trip time was 24.498 milliseconds in repetition 278
tcp_ping received 384 bytes back
Round trip time was 24.4886 milliseconds in repetition 279
tcp_ping received 384 bytes back
Round trip time was 24.5129 milliseconds in repetition 280
tcp_ping received 384 bytes back
Round trip time was 24.9741 milliseconds in repetition 281
tcp_ping received 384 bytes back
Round trip time was 24.7644 milliseconds in repetition 282
tcp_ping received 384 bytes back
Round trip time was 24.2239 milliseconds in repetition 283
tcp_ping received 384 bytes back
Round trip time was 24.504 milliseconds in repetition 284
tcp_ping received 384 bytes back
Round trip time was 24.2121 milliseconds in repetition 285
tcp_ping received 384 bytes back
Round trip time was 24.5059 milliseconds in repetition 286
tcp_ping received 384 bytes back
Round trip time was 24.7557 milliseconds in repetition 287
tcp_ping received 384 bytes back
Round trip time was 24.2384 milliseconds in repetition 288
tcp_ping received 384 bytes back
Round trip time was 24.2274 milliseconds in repetition 289
tcp_ping received 384 bytes back
Round trip time was 24.7554 milliseconds in repetition 290
tcp_ping received 384 bytes back
Round trip time was 24.231 milliseconds in repetition 291
tcp_ping received 384 bytes back
Round trip time was 24.2309 milliseconds in repetition 292
tcp_ping received 384 bytes back
Round trip time was 24.76 milliseconds in repetition 293
tcp_ping received 384 bytes back
Round trip time was 24.5019 milliseconds in repetition 294
tcp_ping received 384 bytes back
Round trip time was 24.4834 milliseconds in repetition 295
tcp_ping received 384 bytes back
Round trip time was 25.2481 milliseconds in repetition 296
tcp_ping received 384 bytes back
Round trip time was 24.5238 milliseconds in repetition 297
tcp_ping received 384 bytes back
Round trip time was 24.449 milliseconds in repetition 298
tcp_ping received 384 bytes back
Round trip time was 24.2435 milliseconds in repetition 299
tcp_ping received 384 bytes back
Round trip time was 24.7497 milliseconds in repetition 300
tcp_ping received 384 bytes back
Round trip time was 24.7064 milliseconds in repetition 301
tcp_ping received 384 bytes back
Round trip time was 24.5089 milliseconds in repetition 302
tcp_ping received 384 bytes back
Round trip time was 24.7624 milliseconds in repetition 303
tcp_ping received 384 bytes back
Round trip time was 24.5134 milliseconds in repetition 304
tcp_ping received 384 bytes back
Round trip time was 24.234 milliseconds in repetition 305
tcp_ping received 384 bytes back
Round trip time was 24.7631 milliseconds in repetition 306
tcp_ping received 384 bytes back
Round trip time was 25.1759 milliseconds in repetition 307
tcp_ping received 384 bytes back
Round trip time was 24.5696 milliseconds in repetition 308
tcp_ping received 384 bytes back
Round trip time was 24.7089 milliseconds in repetition 309
tcp_ping received 384 bytes back
Round trip time was 24.8108 milliseconds in repetition 310
tcp_ping received 384 bytes back
Round trip time was 24.1996 milliseconds in repetition 311
tcp_ping received 384 bytes back
Round trip time was 24.7776 milliseconds in repetition 312
tcp_ping received 384 bytes back
Round trip time was 24.448 milliseconds in repetition 313
tcp_ping received 384 bytes back
Round trip time was 24.2171 milliseconds in repetition 314
tcp_ping received 384 bytes back
Round trip time was 25.2711 milliseconds in repetition 315
tcp_ping received 384 bytes back
Round trip time was 24.469 milliseconds in repetition 316
tcp_ping received 384 bytes back
Round trip time was 24.5169 milliseconds in repetition 317
tcp_ping received 384 bytes back
Round trip time was 24.9817 milliseconds in repetition 318
tcp_ping received 384 bytes back
Round trip time was 24.7666 milliseconds in repetition 319
tcp_ping received 384 bytes back
Round trip time was 24.4919 milliseconds in repetition 320
tcp_ping received 384 bytes back
Round trip time was 24.9572 milliseconds in repetition 321
tcp_ping received 384 bytes back
Round trip time was 24.4976 milliseconds in repetition 322
tcp_ping received 384 bytes back
Round trip time was 24.504 milliseconds in repetition 323
tcp_ping received 384 bytes back
Round trip time was 24.7655 milliseconds in repetition 324
tcp_ping received 384 bytes back
Round trip time was 24.2452 milliseconds in repetition 325
tcp_ping received 384 bytes back
Round trip time was 24.4731 milliseconds in repetition 326
tcp_ping received 384 bytes back
Round trip time was 24.5049 milliseconds in repetition 327
tcp_ping received 384 bytes back
Round trip time was 24.9809 milliseconds in repetition 328
tcp_ping received 384 bytes back
Round trip time was 24.0167 milliseconds in repetition 329
tcp_ping received 384 bytes back
Round trip time was 24.222 milliseconds in repetition 330
tcp_ping received 384 bytes back
Round trip time was 24.9765 milliseconds in repetition 331
tcp_ping received 384 bytes back
Round trip time was 24.7668 milliseconds in repetition 332
tcp_ping received 384 bytes back
Round trip time was 24.4939 milliseconds in repetition 333
tcp_ping received 384 bytes back
Round trip time was 24.2205 milliseconds in repetition 334
tcp_ping received 384 bytes back
Round trip time was 24.7626 milliseconds in repetition 335
tcp_ping received 384 bytes back
Round trip time was 24.7169 milliseconds in repetition 336
tcp_ping received 384 bytes back
Round trip time was 24.0019 milliseconds in repetition 337
tcp_ping received 384 bytes back
Round trip time was 24.971 milliseconds in repetition 338
tcp_ping received 384 bytes back
Round trip time was 24.4922 milliseconds in repetition 339
tcp_ping received 384 bytes back
Round trip time was 24.4863 milliseconds in repetition 340
tcp_ping received 384 bytes back
Round trip time was 24.5119 milliseconds in repetition 341
tcp_ping received 384 bytes back
Round trip time was 24.7693 milliseconds in repetition 342
tcp_ping received 384 bytes back
Round trip time was 24.2319 milliseconds in repetition 343
tcp_ping received 384 bytes back
Round trip time was 24.9789 milliseconds in repetition 344
tcp_ping received 384 bytes back
Round trip time was 24.7643 milliseconds in repetition 345
tcp_ping received 384 bytes back
Round trip time was 24.5077 milliseconds in repetition 346
tcp_ping received 384 bytes back
Round trip time was 24.9844 milliseconds in repetition 347
tcp_ping received 384 bytes back
Round trip time was 24.9519 milliseconds in repetition 348
tcp_ping received 384 bytes back
Round trip time was 24.2082 milliseconds in repetition 349
tcp_ping received 384 bytes back
Round trip time was 25.1375 milliseconds in repetition 350
tcp_ping received 384 bytes back
Round trip time was 24.4601 milliseconds in repetition 351
tcp_ping received 384 bytes back
Round trip time was 24.5132 milliseconds in repetition 352
tcp_ping received 384 bytes back
Round trip time was 24.5029 milliseconds in repetition 353
tcp_ping received 384 bytes back
Round trip time was 24.6286 milliseconds in repetition 354
tcp_ping received 384 bytes back
Round trip time was 24.3638 milliseconds in repetition 355
tcp_ping received 384 bytes back
Round trip time was 25.2333 milliseconds in repetition 356
tcp_ping received 384 bytes back
Round trip time was 24.6664 milliseconds in repetition 357
tcp_ping received 384 bytes back
Round trip time was 24.2877 milliseconds in repetition 358
tcp_ping received 384 bytes back
Round trip time was 24.5352 milliseconds in repetition 359
tcp_ping received 384 bytes back
Round trip time was 24.9321 milliseconds in repetition 360
tcp_ping received 384 bytes back
Round trip time was 24.2419 milliseconds in repetition 361
tcp_ping received 384 bytes back
Round trip time was 24.497 milliseconds in repetition 362
tcp_ping received 384 bytes back
Round trip time was 24.5084 milliseconds in repetition 363
tcp_ping received 384 bytes back
Round trip time was 24.4724 milliseconds in repetition 364
tcp_ping received 384 bytes back
Round trip time was 24.5088 milliseconds in repetition 365
tcp_ping received 384 bytes back
Round trip time was 24.487 milliseconds in repetition 366
tcp_ping received 384 bytes back
Round trip time was 24.5091 milliseconds in repetition 367
tcp_ping received 384 bytes back
Round trip time was 25.225 milliseconds in repetition 368
tcp_ping received 384 bytes back
Round trip time was 24.9853 milliseconds in repetition 369
tcp_ping received 384 bytes back
Round trip time was 24.77 milliseconds in repetition 370
tcp_ping received 384 bytes back
Round trip time was 24.4815 milliseconds in repetition 371
tcp_ping received 384 bytes back
Round trip time was 24.2334 milliseconds in repetition 372
tcp_ping received 384 bytes back
Round trip time was 24.4767 milliseconds in repetition 373
tcp_ping received 384 bytes back
Round trip time was 24.2383 milliseconds in repetition 374
tcp_ping received 384 bytes back
Round trip time was 24.5021 milliseconds in repetition 375
tcp_ping received 384 bytes back
Round trip time was 24.4831 milliseconds in repetition 376
tcp_ping received 384 bytes back
Round trip time was 24.7791 milliseconds in repetition 377
tcp_ping received 384 bytes back
Round trip time was 24.2324 milliseconds in repetition 378
tcp_ping received 384 bytes back
Round trip time was 24.4772 milliseconds in repetition 379
tcp_ping received 384 bytes back
Round trip time was 24.5128 milliseconds in repetition 380
tcp_ping received 384 bytes back
Round trip time was 24.4817 milliseconds in repetition 381
tcp_ping received 384 bytes back
Round trip time was 24.2361 milliseconds in repetition 382
tcp_ping received 384 bytes back
Round trip time was 24.5074 milliseconds in repetition 383
tcp_ping received 384 bytes back
Round trip time was 24.4771 milliseconds in repetition 384
tcp_ping received 384 bytes back
Round trip time was 24.507 milliseconds in repetition 385
tcp_ping received 384 bytes back
Round trip time was 24.4976 milliseconds in repetition 386
tcp_ping received 384 bytes back
Round trip time was 24.4849 milliseconds in repetition 387
tcp_ping received 384 bytes back
Round trip time was 24.7036 milliseconds in repetition 388
tcp_ping received 384 bytes back
Round trip time was 24.7587 milliseconds in repetition 389
tcp_ping received 384 bytes back
Round trip time was 24.4863 milliseconds in repetition 390
tcp_ping received 384 bytes back
Round trip time was 24.5092 milliseconds in repetition 391
tcp_ping received 384 bytes back
Round trip time was 24.4871 milliseconds in repetition 392
tcp_ping received 384 bytes back
Round trip time was 24.2362 milliseconds in repetition 393
tcp_ping received 384 bytes back
Round trip time was 24.4859 milliseconds in repetition 394
tcp_ping received 384 bytes back
Round trip time was 24.7804 milliseconds in repetition 395
tcp_ping received 384 bytes back
Round trip time was 24.2453 milliseconds in repetition 396
tcp_ping received 384 bytes back
Round trip time was 24.483 milliseconds in repetition 397
tcp_ping received 384 bytes back
Round trip time was 24.6796 milliseconds in repetition 398
tcp_ping received 384 bytes back
Round trip time was 24.7487 milliseconds in repetition 399
tcp_ping received 384 bytes back
Round trip time was 25.4584 milliseconds in repetition 400
tcp_ping received 384 bytes back
Round trip time was 24.6407 milliseconds in repetition 401
tcp_ping received 384 bytes back
Round trip time was 24.1788 milliseconds in repetition 402
tcp_ping received 384 bytes back
Round trip time was 24.789 milliseconds in repetition 403
tcp_ping received 384 bytes back
Round trip time was 24.6915 milliseconds in repetition 404
tcp_ping received 384 bytes back
Round trip time was 24.0195 milliseconds in repetition 405
tcp_ping received 384 bytes back
Round trip time was 24.5152 milliseconds in repetition 406
tcp_ping received 384 bytes back
Round trip time was 24.9413 milliseconds in repetition 407
tcp_ping received 384 bytes back
Round trip time was 24.4953 milliseconds in repetition 408
tcp_ping received 384 bytes back
Round trip time was 24.5099 milliseconds in repetition 409
tcp_ping received 384 bytes back
Round trip time was 24.4827 milliseconds in repetition 410
tcp_ping received 384 bytes back
Round trip time was 24.5088 milliseconds in repetition 411
tcp_ping received 384 bytes back
Round trip time was 24.9705 milliseconds in repetition 412
tcp_ping received 384 bytes back
Round trip time was 24.7497 milliseconds in repetition 413
tcp_ping received 384 bytes back
Round trip time was 24.5083 milliseconds in repetition 414
tcp_ping received 384 bytes back
Round trip time was 24.2049 milliseconds in repetition 415
tcp_ping received 384 bytes back
Round trip time was 24.2201 milliseconds in repetition 416
tcp_ping received 384 bytes back
Round trip time was 24.7875 milliseconds in repetition 417
tcp_ping received 384 bytes back
Round trip time was 24.2121 milliseconds in repetition 418
tcp_ping received 384 bytes back
Round trip time was 24.4985 milliseconds in repetition 419
tcp_ping received 384 bytes back
Round trip time was 25.247 milliseconds in repetition 420
tcp_ping received 384 bytes back
Round trip time was 24.4818 milliseconds in repetition 421
tcp_ping received 384 bytes back
Round trip time was 24.5018 milliseconds in repetition 422
tcp_ping received 384 bytes back
Round trip time was 24.7619 milliseconds in repetition 423
tcp_ping received 384 bytes back
Round trip time was 24.6827 milliseconds in repetition 424
tcp_ping received 384 bytes back
Round trip time was 24.0537 milliseconds in repetition 425
tcp_ping received 384 bytes back
Round trip time was 24.4763 milliseconds in repetition 426
tcp_ping received 384 bytes back
Round trip time was 24.4887 milliseconds in repetition 427
tcp_ping received 384 bytes back
Round trip time was 24.4872 milliseconds in repetition 428
tcp_ping received 384 bytes back
Round trip time was 24.2375 milliseconds in repetition 429
tcp_ping received 384 bytes back
Round trip time was 24.5094 milliseconds in repetition 430
tcp_ping received 384 bytes back
Round trip time was 24.5109 milliseconds in repetition 431
tcp_ping received 384 bytes back
Round trip time was 24.5059 milliseconds in repetition 432
tcp_ping received 384 bytes back
Round trip time was 24.9753 milliseconds in repetition 433
tcp_ping received 384 bytes back
Round trip time was 24.7542 milliseconds in repetition 434
tcp_ping received 384 bytes back
Round trip time was 24.2199 milliseconds in repetition 435
tcp_ping received 384 bytes back
Round trip time was 24.4879 milliseconds in repetition 436
tcp_ping received 384 bytes back
Round trip time was 24.9935 milliseconds in repetition 437
tcp_ping received 384 bytes back
Round trip time was 24.4927 milliseconds in repetition 438
tcp_ping received 384 bytes back
Round trip time was 24.4965 milliseconds in repetition 439
tcp_ping received 384 bytes back
Round trip time was 24.7862 milliseconds in repetition 440
tcp_ping received 384 bytes back
Round trip time was 25.2272 milliseconds in repetition 441
tcp_ping received 384 bytes back
Round trip time was 24.5099 milliseconds in repetition 442
tcp_ping received 384 bytes back
Round trip time was 24.2291 milliseconds in repetition 443
tcp_ping received 384 bytes back
Round trip time was 24.7431 milliseconds in repetition 444
tcp_ping received 384 bytes back
Round trip time was 24.2429 milliseconds in repetition 445
tcp_ping received 384 bytes back
Round trip time was 24.4488 milliseconds in repetition 446
tcp_ping received 384 bytes back
Round trip time was 24.482 milliseconds in repetition 447
tcp_ping received 384 bytes back
Round trip time was 24.2388 milliseconds in repetition 448
tcp_ping received 384 bytes back
Round trip time was 24.4919 milliseconds in repetition 449
tcp_ping received 384 bytes back
Round trip time was 24.52 milliseconds in repetition 450
tcp_ping received 384 bytes back
Round trip time was 24.9635 milliseconds in repetition 451
tcp_ping received 384 bytes back
Round trip time was 24.0411 milliseconds in repetition 452
tcp_ping received 384 bytes back
Round trip time was 24.2525 milliseconds in repetition 453
tcp_ping received 384 bytes back
Round trip time was 24.4843 milliseconds in repetition 454
tcp_ping received 384 bytes back
Round trip time was 24.4893 milliseconds in repetition 455
tcp_ping received 384 bytes back
Round trip time was 24.499 milliseconds in repetition 456
tcp_ping received 384 bytes back
Round trip time was 24.484 milliseconds in repetition 457
tcp_ping received 384 bytes back
Round trip time was 24.5032 milliseconds in repetition 458
tcp_ping received 384 bytes back
Round trip time was 24.2503 milliseconds in repetition 459
tcp_ping received 384 bytes back
Round trip time was 24.4676 milliseconds in repetition 460
tcp_ping received 384 bytes back
Round trip time was 24.5045 milliseconds in repetition 461
tcp_ping received 384 bytes back
Round trip time was 24.7562 milliseconds in repetition 462
tcp_ping received 384 bytes back
Round trip time was 24.2203 milliseconds in repetition 463
tcp_ping received 384 bytes back
Round trip time was 24.227 milliseconds in repetition 464
tcp_ping received 384 bytes back
Round trip time was 24.7619 milliseconds in repetition 465
tcp_ping received 384 bytes back
Round trip time was 24.7025 milliseconds in repetition 466
tcp_ping received 384 bytes back
Round trip time was 24.0254 milliseconds in repetition 467
tcp_ping received 384 bytes back
Round trip time was 24.4855 milliseconds in repetition 468
tcp_ping received 384 bytes back
Round trip time was 24.5082 milliseconds in repetition 469
tcp_ping received 384 bytes back
Round trip time was 24.4787 milliseconds in repetition 470
tcp_ping received 384 bytes back
Round trip time was 24.6869 milliseconds in repetition 471
tcp_ping received 384 bytes back
Round trip time was 24.8031 milliseconds in repetition 472
tcp_ping received 384 bytes back
Round trip time was 24.1918 milliseconds in repetition 473
tcp_ping received 384 bytes back
Round trip time was 24.5016 milliseconds in repetition 474
tcp_ping received 384 bytes back
Round trip time was 24.2296 milliseconds in repetition 475
tcp_ping received 384 bytes back
Round trip time was 24.283 milliseconds in repetition 476
tcp_ping received 384 bytes back
Round trip time was 24.7065 milliseconds in repetition 477
tcp_ping received 384 bytes back
Round trip time was 24.0136 milliseconds in repetition 478
tcp_ping received 384 bytes back
Round trip time was 24.5042 milliseconds in repetition 479
tcp_ping received 384 bytes back
Round trip time was 24.7043 milliseconds in repetition 480
tcp_ping received 384 bytes back
Round trip time was 24.2832 milliseconds in repetition 481
tcp_ping received 384 bytes back
Round trip time was 24.2342 milliseconds in repetition 482
tcp_ping received 384 bytes back
Round trip time was 24.2302 milliseconds in repetition 483
tcp_ping received 384 bytes back
Round trip time was 32.4612 milliseconds in repetition 484
tcp_ping received 384 bytes back
Round trip time was 25.2521 milliseconds in repetition 485
tcp_ping received 384 bytes back
Round trip time was 25.0343 milliseconds in repetition 486
tcp_ping received 384 bytes back
Round trip time was 24.2722 milliseconds in repetition 487
tcp_ping received 384 bytes back
Round trip time was 24.4708 milliseconds in repetition 488
tcp_ping received 384 bytes back
Round trip time was 24.98 milliseconds in repetition 489
tcp_ping received 384 bytes back
Round trip time was 24.5247 milliseconds in repetition 490
tcp_ping received 384 bytes back
Round trip time was 24.7118 milliseconds in repetition 491
tcp_ping received 384 bytes back
Round trip time was 24.6885 milliseconds in repetition 492
tcp_ping received 384 bytes back
Round trip time was 24.0676 milliseconds in repetition 493
tcp_ping received 384 bytes back
Round trip time was 24.4931 milliseconds in repetition 494
tcp_ping received 384 bytes back
Round trip time was 24.9566 milliseconds in repetition 495
tcp_ping received 384 bytes back
Round trip time was 24.4889 milliseconds in repetition 496
tcp_ping received 384 bytes back
Round trip time was 24.9237 milliseconds in repetition 497
tcp_ping received 384 bytes back
Round trip time was 24.7007 milliseconds in repetition 498
tcp_ping received 384 bytes back
Round trip time was 24.8748 milliseconds in repetition 499
tcp_ping received 384 bytes back
Round trip time was 24.8802 milliseconds in repetition 500
tcp_ping received 384 bytes back
Round trip time was 25.0384 milliseconds in repetition 501

 ... clock resolution was 1e-06
TCP Ping:  Statistics over 501 repetitions of 384 byte messages

RTT : percentile 10: 24.2319, median: 24.5127, percentile 90: 25.2453, average: 24.7249, variance: 0.53267

RTT histogram:
23.9709 24
24.4199 261
24.8689 147
25.3179 40
25.7669 13
26.2159 9
26.6649 1
27.1139 1
27.5629 0
28.0119 0
28.4609 2
28.9099 1
29.3589 0
29.8079 0
30.2569 0
30.7059 0
31.1549 0
31.6039 0
32.0529 0
32.5019 1
32.9509 1

   median Throughput : 31.3307 KB/s   overall Throughput : 31.0618 KB/s

