TCP Ping trying to connect to server seti.dibris.unige.it (130.251.61.30) on port 1491
 ... connected to Pong server: asking for 501 repetitions of 24576 bytes TCP messages
 ... Pong server agreed :-)
tcp_ping received 24576 bytes back
Round trip time was 131.418 milliseconds in repetition 1
tcp_ping received 24576 bytes back
Round trip time was 62.2156 milliseconds in repetition 2
tcp_ping received 24576 bytes back
Round trip time was 62.0002 milliseconds in repetition 3
tcp_ping received 24576 bytes back
Round trip time was 61.7277 milliseconds in repetition 4
tcp_ping received 24576 bytes back
Round trip time was 62.0006 milliseconds in repetition 5
tcp_ping received 24576 bytes back
Round trip time was 62.1946 milliseconds in repetition 6
tcp_ping received 24576 bytes back
Round trip time was 62.0031 milliseconds in repetition 7
tcp_ping received 24576 bytes back
Round trip time was 62.5897 milliseconds in repetition 8
tcp_ping received 24576 bytes back
Round trip time was 62.1513 milliseconds in repetition 9
tcp_ping received 24576 bytes back
Round trip time was 62.5461 milliseconds in repetition 10
tcp_ping received 24576 bytes back
Round trip time was 62.2181 milliseconds in repetition 11
tcp_ping received 24576 bytes back
Round trip time was 61.9739 milliseconds in repetition 12
tcp_ping received 24576 bytes back
Round trip time was 66.4595 milliseconds in repetition 13
tcp_ping received 24576 bytes back
Round trip time was 62.0031 milliseconds in repetition 14
tcp_ping received 24576 bytes back
Round trip time was 63.4903 milliseconds in repetition 15
tcp_ping received 24576 bytes back
Round trip time was 62.2568 milliseconds in repetition 16
tcp_ping received 24576 bytes back
Round trip time was 62.0212 milliseconds in repetition 17
tcp_ping received 24576 bytes back
Round trip time was 62.4937 milliseconds in repetition 18
tcp_ping received 24576 bytes back
Round trip time was 61.9817 milliseconds in repetition 19
tcp_ping received 24576 bytes back
Round trip time was 62.1952 milliseconds in repetition 20
tcp_ping received 24576 bytes back
Round trip time was 62.0005 milliseconds in repetition 21
tcp_ping received 24576 bytes back
Round trip time was 62.2708 milliseconds in repetition 22
tcp_ping received 24576 bytes back
Round trip time was 62.0021 milliseconds in repetition 23
tcp_ping received 24576 bytes back
Round trip time was 61.9999 milliseconds in repetition 24
tcp_ping received 24576 bytes back
Round trip time was 62.4727 milliseconds in repetition 25
tcp_ping received 24576 bytes back
Round trip time was 62.5281 milliseconds in repetition 26
tcp_ping received 24576 bytes back
Round trip time was 62.2175 milliseconds in repetition 27
tcp_ping received 24576 bytes back
Round trip time was 62.2952 milliseconds in repetition 28
tcp_ping received 24576 bytes back
Round trip time was 62.4485 milliseconds in repetition 29
tcp_ping received 24576 bytes back
Round trip time was 62.2948 milliseconds in repetition 30
tcp_ping received 24576 bytes back
Round trip time was 62.4545 milliseconds in repetition 31
tcp_ping received 24576 bytes back
Round trip time was 62.7411 milliseconds in repetition 32
tcp_ping received 24576 bytes back
Round trip time was 61.7319 milliseconds in repetition 33
tcp_ping received 24576 bytes back
Round trip time was 61.9998 milliseconds in repetition 34
tcp_ping received 24576 bytes back
Round trip time was 62 milliseconds in repetition 35
tcp_ping received 24576 bytes back
Round trip time was 62.001 milliseconds in repetition 36
tcp_ping received 24576 bytes back
Round trip time was 62 milliseconds in repetition 37
tcp_ping received 24576 bytes back
Round trip time was 61.5333 milliseconds in repetition 38
tcp_ping received 24576 bytes back
Round trip time was 62.1951 milliseconds in repetition 39
tcp_ping received 24576 bytes back
Round trip time was 61.5256 milliseconds in repetition 40
tcp_ping received 24576 bytes back
Round trip time was 62.0012 milliseconds in repetition 41
tcp_ping received 24576 bytes back
Round trip time was 61.7303 milliseconds in repetition 42
tcp_ping received 24576 bytes back
Round trip time was 61.7273 milliseconds in repetition 43
tcp_ping received 24576 bytes back
Round trip time was 61.9627 milliseconds in repetition 44
tcp_ping received 24576 bytes back
Round trip time was 62.0019 milliseconds in repetition 45
tcp_ping received 24576 bytes back
Round trip time was 62.2722 milliseconds in repetition 46
tcp_ping received 24576 bytes back
Round trip time was 66.4685 milliseconds in repetition 47
tcp_ping received 24576 bytes back
Round trip time was 62.0003 milliseconds in repetition 48
tcp_ping received 24576 bytes back
Round trip time was 62.2713 milliseconds in repetition 49
tcp_ping received 24576 bytes back
Round trip time was 62.4731 milliseconds in repetition 50
tcp_ping received 24576 bytes back
Round trip time was 62.0256 milliseconds in repetition 51
tcp_ping received 24576 bytes back
Round trip time was 62.4687 milliseconds in repetition 52
tcp_ping received 24576 bytes back
Round trip time was 62.0009 milliseconds in repetition 53
tcp_ping received 24576 bytes back
Round trip time was 62 milliseconds in repetition 54
tcp_ping received 24576 bytes back
Round trip time was 62.4732 milliseconds in repetition 55
tcp_ping received 24576 bytes back
Round trip time was 62.2734 milliseconds in repetition 56
tcp_ping received 24576 bytes back
Round trip time was 62.4703 milliseconds in repetition 57
tcp_ping received 24576 bytes back
Round trip time was 62.2742 milliseconds in repetition 58
tcp_ping received 24576 bytes back
Round trip time was 62.4713 milliseconds in repetition 59
tcp_ping received 24576 bytes back
Round trip time was 62.3573 milliseconds in repetition 60
tcp_ping received 24576 bytes back
Round trip time was 62.3894 milliseconds in repetition 61
tcp_ping received 24576 bytes back
Round trip time was 62.2751 milliseconds in repetition 62
tcp_ping received 24576 bytes back
Round trip time was 62.0012 milliseconds in repetition 63
tcp_ping received 24576 bytes back
Round trip time was 62.4707 milliseconds in repetition 64
tcp_ping received 24576 bytes back
Round trip time was 63.7622 milliseconds in repetition 65
tcp_ping received 24576 bytes back
Round trip time was 61.7308 milliseconds in repetition 66
tcp_ping received 24576 bytes back
Round trip time was 62.0002 milliseconds in repetition 67
tcp_ping received 24576 bytes back
Round trip time was 61.9981 milliseconds in repetition 68
tcp_ping received 24576 bytes back
Round trip time was 62.0001 milliseconds in repetition 69
tcp_ping received 24576 bytes back
Round trip time was 61.9988 milliseconds in repetition 70
tcp_ping received 24576 bytes back
Round trip time was 61.7297 milliseconds in repetition 71
tcp_ping received 24576 bytes back
Round trip time was 61.9994 milliseconds in repetition 72
tcp_ping received 24576 bytes back
Round trip time was 62.0453 milliseconds in repetition 73
tcp_ping received 24576 bytes back
Round trip time was 61.9575 milliseconds in repetition 74
tcp_ping received 24576 bytes back
Round trip time was 61.7934 milliseconds in repetition 75
tcp_ping received 24576 bytes back
Round trip time was 61.9346 milliseconds in repetition 76
tcp_ping received 24576 bytes back
Round trip time was 62.0006 milliseconds in repetition 77
tcp_ping received 24576 bytes back
Round trip time was 62.0007 milliseconds in repetition 78
tcp_ping received 24576 bytes back
Round trip time was 62.0816 milliseconds in repetition 79
tcp_ping received 24576 bytes back
Round trip time was 62.1938 milliseconds in repetition 80
tcp_ping received 24576 bytes back
Round trip time was 62.47 milliseconds in repetition 81
tcp_ping received 24576 bytes back
Round trip time was 62.7491 milliseconds in repetition 82
tcp_ping received 24576 bytes back
Round trip time was 62.0172 milliseconds in repetition 83
tcp_ping received 24576 bytes back
Round trip time was 62.5165 milliseconds in repetition 84
tcp_ping received 24576 bytes back
Round trip time was 62.2521 milliseconds in repetition 85
tcp_ping received 24576 bytes back
Round trip time was 62.1757 milliseconds in repetition 86
tcp_ping received 24576 bytes back
Round trip time was 62.0116 milliseconds in repetition 87
tcp_ping received 24576 bytes back
Round trip time was 62.9731 milliseconds in repetition 88
tcp_ping received 24576 bytes back
Round trip time was 62.5213 milliseconds in repetition 89
tcp_ping received 24576 bytes back
Round trip time was 62.2201 milliseconds in repetition 90
tcp_ping received 24576 bytes back
Round trip time was 62.4725 milliseconds in repetition 91
tcp_ping received 24576 bytes back
Round trip time was 62.2738 milliseconds in repetition 92
tcp_ping received 24576 bytes back
Round trip time was 62.4836 milliseconds in repetition 93
tcp_ping received 24576 bytes back
Round trip time was 62.3293 milliseconds in repetition 94
tcp_ping received 24576 bytes back
Round trip time was 62.4052 milliseconds in repetition 95
tcp_ping received 24576 bytes back
Round trip time was 62.2733 milliseconds in repetition 96
tcp_ping received 24576 bytes back
Round trip time was 61.9984 milliseconds in repetition 97
tcp_ping received 24576 bytes back
Round trip time was 62.0198 milliseconds in repetition 98
tcp_ping received 24576 bytes back
Round trip time was 61.7111 milliseconds in repetition 99
tcp_ping received 24576 bytes back
Round trip time was 61.9998 milliseconds in repetition 100
tcp_ping received 24576 bytes back
Round trip time was 61.7277 milliseconds in repetition 101
tcp_ping received 24576 bytes back
Round trip time was 61.9997 milliseconds in repetition 102
tcp_ping received 24576 bytes back
Round trip time was 62.0031 milliseconds in repetition 103
tcp_ping received 24576 bytes back
Round trip time was 61.9947 milliseconds in repetition 104
tcp_ping received 24576 bytes back
Round trip time was 62.0842 milliseconds in repetition 105
tcp_ping received 24576 bytes back
Round trip time was 62.3813 milliseconds in repetition 106
tcp_ping received 24576 bytes back
Round trip time was 61.5307 milliseconds in repetition 107
tcp_ping received 24576 bytes back
Round trip time was 62.0012 milliseconds in repetition 108
tcp_ping received 24576 bytes back
Round trip time was 61.999 milliseconds in repetition 109
tcp_ping received 24576 bytes back
Round trip time was 62.4747 milliseconds in repetition 110
tcp_ping received 24576 bytes back
Round trip time was 61.9997 milliseconds in repetition 111
tcp_ping received 24576 bytes back
Round trip time was 62.2745 milliseconds in repetition 112
tcp_ping received 24576 bytes back
Round trip time was 62.4701 milliseconds in repetition 113
tcp_ping received 24576 bytes back
Round trip time was 62.0317 milliseconds in repetition 114
tcp_ping received 24576 bytes back
Round trip time was 62.1921 milliseconds in repetition 115
tcp_ping received 24576 bytes back
Round trip time was 62.0007 milliseconds in repetition 116
tcp_ping received 24576 bytes back
Round trip time was 62.2742 milliseconds in repetition 117
tcp_ping received 24576 bytes back
Round trip time was 62.257 milliseconds in repetition 118
tcp_ping received 24576 bytes back
Round trip time was 62.2166 milliseconds in repetition 119
tcp_ping received 24576 bytes back
Round trip time was 62.7432 milliseconds in repetition 120
tcp_ping received 24576 bytes back
Round trip time was 62.2739 milliseconds in repetition 121
tcp_ping received 24576 bytes back
Round trip time was 62.4728 milliseconds in repetition 122
tcp_ping received 24576 bytes back
Round trip time was 62.0037 milliseconds in repetition 123
tcp_ping received 24576 bytes back
Round trip time was 62.295 milliseconds in repetition 124
tcp_ping received 24576 bytes back
Round trip time was 62.4477 milliseconds in repetition 125
tcp_ping received 24576 bytes back
Round trip time was 62.2962 milliseconds in repetition 126
tcp_ping received 24576 bytes back
Round trip time was 61.5164 milliseconds in repetition 127
tcp_ping received 24576 bytes back
Round trip time was 61.92 milliseconds in repetition 128
tcp_ping received 24576 bytes back
Round trip time was 62.001 milliseconds in repetition 129
tcp_ping received 24576 bytes back
Round trip time was 62.0822 milliseconds in repetition 130
tcp_ping received 24576 bytes back
Round trip time was 61.8855 milliseconds in repetition 131
tcp_ping received 24576 bytes back
Round trip time was 61.726 milliseconds in repetition 132
tcp_ping received 24576 bytes back
Round trip time was 62.2744 milliseconds in repetition 133
tcp_ping received 24576 bytes back
Round trip time was 61.9992 milliseconds in repetition 134
tcp_ping received 24576 bytes back
Round trip time was 62.4739 milliseconds in repetition 135
tcp_ping received 24576 bytes back
Round trip time was 62.0008 milliseconds in repetition 136
tcp_ping received 24576 bytes back
Round trip time was 62.0009 milliseconds in repetition 137
tcp_ping received 24576 bytes back
Round trip time was 62.0009 milliseconds in repetition 138
tcp_ping received 24576 bytes back
Round trip time was 61.7282 milliseconds in repetition 139
tcp_ping received 24576 bytes back
Round trip time was 62.0474 milliseconds in repetition 140
tcp_ping received 24576 bytes back
Round trip time was 62.2271 milliseconds in repetition 141
tcp_ping received 24576 bytes back
Round trip time was 62.0009 milliseconds in repetition 142
tcp_ping received 24576 bytes back
Round trip time was 62.4735 milliseconds in repetition 143
tcp_ping received 24576 bytes back
Round trip time was 62.7446 milliseconds in repetition 144
tcp_ping received 24576 bytes back
Round trip time was 61.7519 milliseconds in repetition 145
tcp_ping received 24576 bytes back
Round trip time was 62 milliseconds in repetition 146
tcp_ping received 24576 bytes back
Round trip time was 62.2937 milliseconds in repetition 147
tcp_ping received 24576 bytes back
Round trip time was 61.9856 milliseconds in repetition 148
tcp_ping received 24576 bytes back
Round trip time was 62.1954 milliseconds in repetition 149
tcp_ping received 24576 bytes back
Round trip time was 61.9994 milliseconds in repetition 150
tcp_ping received 24576 bytes back
Round trip time was 62.2731 milliseconds in repetition 151
tcp_ping received 24576 bytes back
Round trip time was 61.7731 milliseconds in repetition 152
tcp_ping received 24576 bytes back
Round trip time was 61.9552 milliseconds in repetition 153
tcp_ping received 24576 bytes back
Round trip time was 62.7441 milliseconds in repetition 154
tcp_ping received 24576 bytes back
Round trip time was 62.2739 milliseconds in repetition 155
tcp_ping received 24576 bytes back
Round trip time was 62.0453 milliseconds in repetition 156
tcp_ping received 24576 bytes back
Round trip time was 61.6828 milliseconds in repetition 157
tcp_ping received 24576 bytes back
Round trip time was 61.8113 milliseconds in repetition 158
tcp_ping received 24576 bytes back
Round trip time was 61.9195 milliseconds in repetition 159
tcp_ping received 24576 bytes back
Round trip time was 62.0007 milliseconds in repetition 160
tcp_ping received 24576 bytes back
Round trip time was 61.7289 milliseconds in repetition 161
tcp_ping received 24576 bytes back
Round trip time was 62.0011 milliseconds in repetition 162
tcp_ping received 24576 bytes back
Round trip time was 62.0003 milliseconds in repetition 163
tcp_ping received 24576 bytes back
Round trip time was 62.0014 milliseconds in repetition 164
tcp_ping received 24576 bytes back
Round trip time was 61.9997 milliseconds in repetition 165
tcp_ping received 24576 bytes back
Round trip time was 61.5395 milliseconds in repetition 166
tcp_ping received 24576 bytes back
Round trip time was 62.1899 milliseconds in repetition 167
tcp_ping received 24576 bytes back
Round trip time was 62.0012 milliseconds in repetition 168
tcp_ping received 24576 bytes back
Round trip time was 62.0018 milliseconds in repetition 169
tcp_ping received 24576 bytes back
Round trip time was 62.2705 milliseconds in repetition 170
tcp_ping received 24576 bytes back
Round trip time was 62.002 milliseconds in repetition 171
tcp_ping received 24576 bytes back
Round trip time was 62.4732 milliseconds in repetition 172
tcp_ping received 24576 bytes back
Round trip time was 62.7447 milliseconds in repetition 173
tcp_ping received 24576 bytes back
Round trip time was 62.4938 milliseconds in repetition 174
tcp_ping received 24576 bytes back
Round trip time was 62.2476 milliseconds in repetition 175
tcp_ping received 24576 bytes back
Round trip time was 61.808 milliseconds in repetition 176
tcp_ping received 24576 bytes back
Round trip time was 62.6532 milliseconds in repetition 177
tcp_ping received 24576 bytes back
Round trip time was 62.046 milliseconds in repetition 178
tcp_ping received 24576 bytes back
Round trip time was 62.237 milliseconds in repetition 179
tcp_ping received 24576 bytes back
Round trip time was 62.1916 milliseconds in repetition 180
tcp_ping received 24576 bytes back
Round trip time was 62.2762 milliseconds in repetition 181
tcp_ping received 24576 bytes back
Round trip time was 62.469 milliseconds in repetition 182
tcp_ping received 24576 bytes back
Round trip time was 62.2736 milliseconds in repetition 183
tcp_ping received 24576 bytes back
Round trip time was 61.7295 milliseconds in repetition 184
tcp_ping received 24576 bytes back
Round trip time was 62.0035 milliseconds in repetition 185
tcp_ping received 24576 bytes back
Round trip time was 62.5309 milliseconds in repetition 186
tcp_ping received 24576 bytes back
Round trip time was 62.2133 milliseconds in repetition 187
tcp_ping received 24576 bytes back
Round trip time was 62.0007 milliseconds in repetition 188
tcp_ping received 24576 bytes back
Round trip time was 61.9986 milliseconds in repetition 189
tcp_ping received 24576 bytes back
Round trip time was 61.7303 milliseconds in repetition 190
tcp_ping received 24576 bytes back
Round trip time was 62.0009 milliseconds in repetition 191
tcp_ping received 24576 bytes back
Round trip time was 62.0012 milliseconds in repetition 192
tcp_ping received 24576 bytes back
Round trip time was 62.0456 milliseconds in repetition 193
tcp_ping received 24576 bytes back
Round trip time was 61.9559 milliseconds in repetition 194
tcp_ping received 24576 bytes back
Round trip time was 61.7285 milliseconds in repetition 195
tcp_ping received 24576 bytes back
Round trip time was 62.0032 milliseconds in repetition 196
tcp_ping received 24576 bytes back
Round trip time was 61.9987 milliseconds in repetition 197
tcp_ping received 24576 bytes back
Round trip time was 62.0035 milliseconds in repetition 198
tcp_ping received 24576 bytes back
Round trip time was 61.9985 milliseconds in repetition 199
tcp_ping received 24576 bytes back
Round trip time was 61.9992 milliseconds in repetition 200
tcp_ping received 24576 bytes back
Round trip time was 62.4737 milliseconds in repetition 201
tcp_ping received 24576 bytes back
Round trip time was 62.3567 milliseconds in repetition 202
tcp_ping received 24576 bytes back
Round trip time was 62.3909 milliseconds in repetition 203
tcp_ping received 24576 bytes back
Round trip time was 62.7425 milliseconds in repetition 204
tcp_ping received 24576 bytes back
Round trip time was 62.4971 milliseconds in repetition 205
tcp_ping received 24576 bytes back
Round trip time was 62.2754 milliseconds in repetition 206
tcp_ping received 24576 bytes back
Round trip time was 62.472 milliseconds in repetition 207
tcp_ping received 24576 bytes back
Round trip time was 62.3176 milliseconds in repetition 208
tcp_ping received 24576 bytes back
Round trip time was 62.4286 milliseconds in repetition 209
tcp_ping received 24576 bytes back
Round trip time was 62.2724 milliseconds in repetition 210
tcp_ping received 24576 bytes back
Round trip time was 62.4707 milliseconds in repetition 211
tcp_ping received 24576 bytes back
Round trip time was 62.2758 milliseconds in repetition 212
tcp_ping received 24576 bytes back
Round trip time was 62.4708 milliseconds in repetition 213
tcp_ping received 24576 bytes back
Round trip time was 62.5315 milliseconds in repetition 214
tcp_ping received 24576 bytes back
Round trip time was 62.2168 milliseconds in repetition 215
tcp_ping received 24576 bytes back
Round trip time was 62.8271 milliseconds in repetition 216
tcp_ping received 24576 bytes back
Round trip time was 62.6644 milliseconds in repetition 217
tcp_ping received 24576 bytes back
Round trip time was 62.2708 milliseconds in repetition 218
tcp_ping received 24576 bytes back
Round trip time was 61.9718 milliseconds in repetition 219
tcp_ping received 24576 bytes back
Round trip time was 61.7286 milliseconds in repetition 220
tcp_ping received 24576 bytes back
Round trip time was 61.7281 milliseconds in repetition 221
tcp_ping received 24576 bytes back
Round trip time was 62.0007 milliseconds in repetition 222
tcp_ping received 24576 bytes back
Round trip time was 62.0007 milliseconds in repetition 223
tcp_ping received 24576 bytes back
Round trip time was 62.0025 milliseconds in repetition 224
tcp_ping received 24576 bytes back
Round trip time was 61.9998 milliseconds in repetition 225
tcp_ping received 24576 bytes back
Round trip time was 61.7285 milliseconds in repetition 226
tcp_ping received 24576 bytes back
Round trip time was 62.2718 milliseconds in repetition 227
tcp_ping received 24576 bytes back
Round trip time was 62.0043 milliseconds in repetition 228
tcp_ping received 24576 bytes back
Round trip time was 61.9973 milliseconds in repetition 229
tcp_ping received 24576 bytes back
Round trip time was 61.7302 milliseconds in repetition 230
tcp_ping received 24576 bytes back
Round trip time was 62.044 milliseconds in repetition 231
tcp_ping received 24576 bytes back
Round trip time was 61.6816 milliseconds in repetition 232
tcp_ping received 24576 bytes back
Round trip time was 62.2736 milliseconds in repetition 233
tcp_ping received 24576 bytes back
Round trip time was 62.4721 milliseconds in repetition 234
tcp_ping received 24576 bytes back
Round trip time was 62.272 milliseconds in repetition 235
tcp_ping received 24576 bytes back
Round trip time was 62.2265 milliseconds in repetition 236
tcp_ping received 24576 bytes back
Round trip time was 61.9993 milliseconds in repetition 237
tcp_ping received 24576 bytes back
Round trip time was 62.0006 milliseconds in repetition 238
tcp_ping received 24576 bytes back
Round trip time was 62.2747 milliseconds in repetition 239
tcp_ping received 24576 bytes back
Round trip time was 62.2615 milliseconds in repetition 240
tcp_ping received 24576 bytes back
Round trip time was 62.2103 milliseconds in repetition 241
tcp_ping received 24576 bytes back
Round trip time was 62.2751 milliseconds in repetition 242
tcp_ping received 24576 bytes back
Round trip time was 62.1963 milliseconds in repetition 243
tcp_ping received 24576 bytes back
Round trip time was 62.0019 milliseconds in repetition 244
tcp_ping received 24576 bytes back
Round trip time was 62.2717 milliseconds in repetition 245
tcp_ping received 24576 bytes back
Round trip time was 62.0029 milliseconds in repetition 246
tcp_ping received 24576 bytes back
Round trip time was 62.4744 milliseconds in repetition 247
tcp_ping received 24576 bytes back
Round trip time was 72.7637 milliseconds in repetition 248
tcp_ping received 24576 bytes back
Round trip time was 67.0189 milliseconds in repetition 249
tcp_ping received 24576 bytes back
Round trip time was 62.1964 milliseconds in repetition 250
tcp_ping received 24576 bytes back
Round trip time was 62.2711 milliseconds in repetition 251
tcp_ping received 24576 bytes back
Round trip time was 62.4702 milliseconds in repetition 252
tcp_ping received 24576 bytes back
Round trip time was 62.0023 milliseconds in repetition 253
tcp_ping received 24576 bytes back
Round trip time was 62.7449 milliseconds in repetition 254
tcp_ping received 24576 bytes back
Round trip time was 62.0835 milliseconds in repetition 255
tcp_ping received 24576 bytes back
Round trip time was 62.191 milliseconds in repetition 256
tcp_ping received 24576 bytes back
Round trip time was 61.773 milliseconds in repetition 257
tcp_ping received 24576 bytes back
Round trip time was 61.958 milliseconds in repetition 258
tcp_ping received 24576 bytes back
Round trip time was 61.7272 milliseconds in repetition 259
tcp_ping received 24576 bytes back
Round trip time was 62.0014 milliseconds in repetition 260
tcp_ping received 24576 bytes back
Round trip time was 62.0008 milliseconds in repetition 261
tcp_ping received 24576 bytes back
Round trip time was 61.9658 milliseconds in repetition 262
tcp_ping received 24576 bytes back
Round trip time was 61.9974 milliseconds in repetition 263
tcp_ping received 24576 bytes back
Round trip time was 61.9944 milliseconds in repetition 264
tcp_ping received 24576 bytes back
Round trip time was 62.0035 milliseconds in repetition 265
tcp_ping received 24576 bytes back
Round trip time was 61.7303 milliseconds in repetition 266
tcp_ping received 24576 bytes back
Round trip time was 62 milliseconds in repetition 267
tcp_ping received 24576 bytes back
Round trip time was 62.0021 milliseconds in repetition 268
tcp_ping received 24576 bytes back
Round trip time was 62.0764 milliseconds in repetition 269
tcp_ping received 24576 bytes back
Round trip time was 62.6712 milliseconds in repetition 270
tcp_ping received 24576 bytes back
Round trip time was 62.7442 milliseconds in repetition 271
tcp_ping received 24576 bytes back
Round trip time was 62.0036 milliseconds in repetition 272
tcp_ping received 24576 bytes back
Round trip time was 63.0614 milliseconds in repetition 273
tcp_ping received 24576 bytes back
Round trip time was 62.1806 milliseconds in repetition 274
tcp_ping received 24576 bytes back
Round trip time was 62.7442 milliseconds in repetition 275
tcp_ping received 24576 bytes back
Round trip time was 62.0041 milliseconds in repetition 276
tcp_ping received 24576 bytes back
Round trip time was 62.2732 milliseconds in repetition 277
tcp_ping received 24576 bytes back
Round trip time was 62.203 milliseconds in repetition 278
tcp_ping received 24576 bytes back
Round trip time was 62.0743 milliseconds in repetition 279
tcp_ping received 24576 bytes back
Round trip time was 62.6706 milliseconds in repetition 280
tcp_ping received 24576 bytes back
Round trip time was 62.2763 milliseconds in repetition 281
tcp_ping received 24576 bytes back
Round trip time was 62.4747 milliseconds in repetition 282
tcp_ping received 24576 bytes back
Round trip time was 62.2711 milliseconds in repetition 283
tcp_ping received 24576 bytes back
Round trip time was 62.4755 milliseconds in repetition 284
tcp_ping received 24576 bytes back
Round trip time was 62.745 milliseconds in repetition 285
tcp_ping received 24576 bytes back
Round trip time was 62.2805 milliseconds in repetition 286
tcp_ping received 24576 bytes back
Round trip time was 61.7249 milliseconds in repetition 287
tcp_ping received 24576 bytes back
Round trip time was 62.0023 milliseconds in repetition 288
tcp_ping received 24576 bytes back
Round trip time was 63.4906 milliseconds in repetition 289
tcp_ping received 24576 bytes back
Round trip time was 62.0017 milliseconds in repetition 290
tcp_ping received 24576 bytes back
Round trip time was 62.0009 milliseconds in repetition 291
tcp_ping received 24576 bytes back
Round trip time was 61.7291 milliseconds in repetition 292
tcp_ping received 24576 bytes back
Round trip time was 62.0027 milliseconds in repetition 293
tcp_ping received 24576 bytes back
Round trip time was 62.0056 milliseconds in repetition 294
tcp_ping received 24576 bytes back
Round trip time was 61.9936 milliseconds in repetition 295
tcp_ping received 24576 bytes back
Round trip time was 62.0016 milliseconds in repetition 296
tcp_ping received 24576 bytes back
Round trip time was 62.0028 milliseconds in repetition 297
tcp_ping received 24576 bytes back
Round trip time was 61.7236 milliseconds in repetition 298
tcp_ping received 24576 bytes back
Round trip time was 62.0017 milliseconds in repetition 299
tcp_ping received 24576 bytes back
Round trip time was 65.2962 milliseconds in repetition 300
tcp_ping received 24576 bytes back
Round trip time was 63.7641 milliseconds in repetition 301
tcp_ping received 24576 bytes back
Round trip time was 63.7151 milliseconds in repetition 302
tcp_ping received 24576 bytes back
Round trip time was 62.0211 milliseconds in repetition 303
tcp_ping received 24576 bytes back
Round trip time was 61.7114 milliseconds in repetition 304
tcp_ping received 24576 bytes back
Round trip time was 61.7341 milliseconds in repetition 305
tcp_ping received 24576 bytes back
Round trip time was 62.2247 milliseconds in repetition 306
tcp_ping received 24576 bytes back
Round trip time was 62.472 milliseconds in repetition 307
tcp_ping received 24576 bytes back
Round trip time was 62.0247 milliseconds in repetition 308
tcp_ping received 24576 bytes back
Round trip time was 62.4736 milliseconds in repetition 309
tcp_ping received 24576 bytes back
Round trip time was 62.273 milliseconds in repetition 310
tcp_ping received 24576 bytes back
Round trip time was 62.4757 milliseconds in repetition 311
tcp_ping received 24576 bytes back
Round trip time was 62.2723 milliseconds in repetition 312
tcp_ping received 24576 bytes back
Round trip time was 62.4733 milliseconds in repetition 313
tcp_ping received 24576 bytes back
Round trip time was 62.2766 milliseconds in repetition 314
tcp_ping received 24576 bytes back
Round trip time was 61.7293 milliseconds in repetition 315
tcp_ping received 24576 bytes back
Round trip time was 62.0022 milliseconds in repetition 316
tcp_ping received 24576 bytes back
Round trip time was 62.4744 milliseconds in repetition 317
tcp_ping received 24576 bytes back
Round trip time was 62.3492 milliseconds in repetition 318
tcp_ping received 24576 bytes back
Round trip time was 62.3983 milliseconds in repetition 319
tcp_ping received 24576 bytes back
Round trip time was 62.2732 milliseconds in repetition 320
tcp_ping received 24576 bytes back
Round trip time was 61.7308 milliseconds in repetition 321
tcp_ping received 24576 bytes back
Round trip time was 62.2725 milliseconds in repetition 322
tcp_ping received 24576 bytes back
Round trip time was 62.0208 milliseconds in repetition 323
tcp_ping received 24576 bytes back
Round trip time was 61.9865 milliseconds in repetition 324
tcp_ping received 24576 bytes back
Round trip time was 62.2005 milliseconds in repetition 325
tcp_ping received 24576 bytes back
Round trip time was 61.6028 milliseconds in repetition 326
tcp_ping received 24576 bytes back
Round trip time was 62.178 milliseconds in repetition 327
tcp_ping received 24576 bytes back
Round trip time was 62.2239 milliseconds in repetition 328
tcp_ping received 24576 bytes back
Round trip time was 62.0023 milliseconds in repetition 329
tcp_ping received 24576 bytes back
Round trip time was 62.003 milliseconds in repetition 330
tcp_ping received 24576 bytes back
Round trip time was 61.9961 milliseconds in repetition 331
tcp_ping received 24576 bytes back
Round trip time was 61.7316 milliseconds in repetition 332
tcp_ping received 24576 bytes back
Round trip time was 61.9995 milliseconds in repetition 333
tcp_ping received 24576 bytes back
Round trip time was 62.0042 milliseconds in repetition 334
tcp_ping received 24576 bytes back
Round trip time was 62.0024 milliseconds in repetition 335
tcp_ping received 24576 bytes back
Round trip time was 62.3154 milliseconds in repetition 336
tcp_ping received 24576 bytes back
Round trip time was 62.4324 milliseconds in repetition 337
tcp_ping received 24576 bytes back
Round trip time was 62.2812 milliseconds in repetition 338
tcp_ping received 24576 bytes back
Round trip time was 61.945 milliseconds in repetition 339
tcp_ping received 24576 bytes back
Round trip time was 62.7455 milliseconds in repetition 340
tcp_ping received 24576 bytes back
Round trip time was 64.5077 milliseconds in repetition 341
tcp_ping received 24576 bytes back
Round trip time was 62.2734 milliseconds in repetition 342
tcp_ping received 24576 bytes back
Round trip time was 66.4677 milliseconds in repetition 343
tcp_ping received 24576 bytes back
Round trip time was 62.0435 milliseconds in repetition 344
tcp_ping received 24576 bytes back
Round trip time was 62.2312 milliseconds in repetition 345
tcp_ping received 24576 bytes back
Round trip time was 62.0474 milliseconds in repetition 346
tcp_ping received 24576 bytes back
Round trip time was 62.4313 milliseconds in repetition 347
tcp_ping received 24576 bytes back
Round trip time was 62.7423 milliseconds in repetition 348
tcp_ping received 24576 bytes back
Round trip time was 61.9975 milliseconds in repetition 349
tcp_ping received 24576 bytes back
Round trip time was 62.708 milliseconds in repetition 350
tcp_ping received 24576 bytes back
Round trip time was 61.9961 milliseconds in repetition 351
tcp_ping received 24576 bytes back
Round trip time was 62.7432 milliseconds in repetition 352
tcp_ping received 24576 bytes back
Round trip time was 61.7313 milliseconds in repetition 353
tcp_ping received 24576 bytes back
Round trip time was 62.3144 milliseconds in repetition 354
tcp_ping received 24576 bytes back
Round trip time was 61.6908 milliseconds in repetition 355
tcp_ping received 24576 bytes back
Round trip time was 62.0001 milliseconds in repetition 356
tcp_ping received 24576 bytes back
Round trip time was 62.0019 milliseconds in repetition 357
tcp_ping received 24576 bytes back
Round trip time was 61.5322 milliseconds in repetition 358
tcp_ping received 24576 bytes back
Round trip time was 62.1979 milliseconds in repetition 359
tcp_ping received 24576 bytes back
Round trip time was 61.7383 milliseconds in repetition 360
tcp_ping received 24576 bytes back
Round trip time was 62.2648 milliseconds in repetition 361
tcp_ping received 24576 bytes back
Round trip time was 62.0026 milliseconds in repetition 362
tcp_ping received 24576 bytes back
Round trip time was 62.001 milliseconds in repetition 363
tcp_ping received 24576 bytes back
Round trip time was 62.0003 milliseconds in repetition 364
tcp_ping received 24576 bytes back
Round trip time was 61.7311 milliseconds in repetition 365
tcp_ping received 24576 bytes back
Round trip time was 62.0023 milliseconds in repetition 366
tcp_ping received 24576 bytes back
Round trip time was 62.0019 milliseconds in repetition 367
tcp_ping received 24576 bytes back
Round trip time was 62.0017 milliseconds in repetition 368
tcp_ping received 24576 bytes back
Round trip time was 62.0747 milliseconds in repetition 369
tcp_ping received 24576 bytes back
Round trip time was 62.6735 milliseconds in repetition 370
tcp_ping received 24576 bytes back
Round trip time was 62.2931 milliseconds in repetition 371
tcp_ping received 24576 bytes back
Round trip time was 62.2062 milliseconds in repetition 372
tcp_ping received 24576 bytes back
Round trip time was 62.2731 milliseconds in repetition 373
tcp_ping received 24576 bytes back
Round trip time was 62.2019 milliseconds in repetition 374
tcp_ping received 24576 bytes back
Round trip time was 62.0756 milliseconds in repetition 375
tcp_ping received 24576 bytes back
Round trip time was 62.6721 milliseconds in repetition 376
tcp_ping received 24576 bytes back
Round trip time was 62.2723 milliseconds in repetition 377
tcp_ping received 24576 bytes back
Round trip time was 62.4759 milliseconds in repetition 378
tcp_ping received 24576 bytes back
Round trip time was 62.0029 milliseconds in repetition 379
tcp_ping received 24576 bytes back
Round trip time was 62.0013 milliseconds in repetition 380
tcp_ping received 24576 bytes back
Round trip time was 62.2748 milliseconds in repetition 381
tcp_ping received 24576 bytes back
Round trip time was 62.2551 milliseconds in repetition 382
tcp_ping received 24576 bytes back
Round trip time was 62.2198 milliseconds in repetition 383
tcp_ping received 24576 bytes back
Round trip time was 62.2919 milliseconds in repetition 384
tcp_ping received 24576 bytes back
Round trip time was 62.4544 milliseconds in repetition 385
tcp_ping received 24576 bytes back
Round trip time was 62.0466 milliseconds in repetition 386
tcp_ping received 24576 bytes back
Round trip time was 61.9599 milliseconds in repetition 387
tcp_ping received 24576 bytes back
Round trip time was 62.4726 milliseconds in repetition 388
tcp_ping received 24576 bytes back
Round trip time was 62.0718 milliseconds in repetition 389
tcp_ping received 24576 bytes back
Round trip time was 61.9293 milliseconds in repetition 390
tcp_ping received 24576 bytes back
Round trip time was 62.001 milliseconds in repetition 391
tcp_ping received 24576 bytes back
Round trip time was 62.0012 milliseconds in repetition 392
tcp_ping received 24576 bytes back
Round trip time was 61.9643 milliseconds in repetition 393
tcp_ping received 24576 bytes back
Round trip time was 61.802 milliseconds in repetition 394
tcp_ping received 24576 bytes back
Round trip time was 62.1992 milliseconds in repetition 395
tcp_ping received 24576 bytes back
Round trip time was 62.0046 milliseconds in repetition 396
tcp_ping received 24576 bytes back
Round trip time was 62.0152 milliseconds in repetition 397
tcp_ping received 24576 bytes back
Round trip time was 63.2051 milliseconds in repetition 398
tcp_ping received 24576 bytes back
Round trip time was 62.0002 milliseconds in repetition 399
tcp_ping received 24576 bytes back
Round trip time was 62.2686 milliseconds in repetition 400
tcp_ping received 24576 bytes back
Round trip time was 62.0199 milliseconds in repetition 401
tcp_ping received 24576 bytes back
Round trip time was 62.4517 milliseconds in repetition 402
tcp_ping received 24576 bytes back
Round trip time was 62.7453 milliseconds in repetition 403
tcp_ping received 24576 bytes back
Round trip time was 61.7511 milliseconds in repetition 404
tcp_ping received 24576 bytes back
Round trip time was 62.0019 milliseconds in repetition 405
tcp_ping received 24576 bytes back
Round trip time was 62.4721 milliseconds in repetition 406
tcp_ping received 24576 bytes back
Round trip time was 62.2743 milliseconds in repetition 407
tcp_ping received 24576 bytes back
Round trip time was 62.4724 milliseconds in repetition 408
tcp_ping received 24576 bytes back
Round trip time was 62.7614 milliseconds in repetition 409
tcp_ping received 24576 bytes back
Round trip time was 61.985 milliseconds in repetition 410
tcp_ping received 24576 bytes back
Round trip time was 62.2743 milliseconds in repetition 411
tcp_ping received 24576 bytes back
Round trip time was 61.7704 milliseconds in repetition 412
tcp_ping received 24576 bytes back
Round trip time was 62.0003 milliseconds in repetition 413
tcp_ping received 24576 bytes back
Round trip time was 62.2321 milliseconds in repetition 414
tcp_ping received 24576 bytes back
Round trip time was 62.1975 milliseconds in repetition 415
tcp_ping received 24576 bytes back
Round trip time was 62.5546 milliseconds in repetition 416
tcp_ping received 24576 bytes back
Round trip time was 61.7206 milliseconds in repetition 417
tcp_ping received 24576 bytes back
Round trip time was 61.729 milliseconds in repetition 418
tcp_ping received 24576 bytes back
Round trip time was 62.0043 milliseconds in repetition 419
tcp_ping received 24576 bytes back
Round trip time was 62.7393 milliseconds in repetition 420
tcp_ping received 24576 bytes back
Round trip time was 62.0004 milliseconds in repetition 421
tcp_ping received 24576 bytes back
Round trip time was 61.7278 milliseconds in repetition 422
tcp_ping received 24576 bytes back
Round trip time was 62.0011 milliseconds in repetition 423
tcp_ping received 24576 bytes back
Round trip time was 62.0477 milliseconds in repetition 424
tcp_ping received 24576 bytes back
Round trip time was 61.954 milliseconds in repetition 425
tcp_ping received 24576 bytes back
Round trip time was 62.0013 milliseconds in repetition 426
tcp_ping received 24576 bytes back
Round trip time was 62.0004 milliseconds in repetition 427
tcp_ping received 24576 bytes back
Round trip time was 61.7294 milliseconds in repetition 428
tcp_ping received 24576 bytes back
Round trip time was 62.0033 milliseconds in repetition 429
tcp_ping received 24576 bytes back
Round trip time was 62.0442 milliseconds in repetition 430
tcp_ping received 24576 bytes back
Round trip time was 73.2824 milliseconds in repetition 431
tcp_ping received 24576 bytes back
Round trip time was 81.4109 milliseconds in repetition 432
tcp_ping received 24576 bytes back
Round trip time was 94.8206 milliseconds in repetition 433
tcp_ping received 24576 bytes back
Round trip time was 699.729 milliseconds in repetition 434
tcp_ping received 24576 bytes back
Round trip time was 129.708 milliseconds in repetition 435
tcp_ping received 24576 bytes back
Round trip time was 62.2728 milliseconds in repetition 436
tcp_ping received 24576 bytes back
Round trip time was 62.0118 milliseconds in repetition 437
tcp_ping received 24576 bytes back
Round trip time was 62.4265 milliseconds in repetition 438
tcp_ping received 24576 bytes back
Round trip time was 62.2965 milliseconds in repetition 439
tcp_ping received 24576 bytes back
Round trip time was 62.4519 milliseconds in repetition 440
tcp_ping received 24576 bytes back
Round trip time was 62.274 milliseconds in repetition 441
tcp_ping received 24576 bytes back
Round trip time was 62.1963 milliseconds in repetition 442
tcp_ping received 24576 bytes back
Round trip time was 61.9942 milliseconds in repetition 443
tcp_ping received 24576 bytes back
Round trip time was 61.9986 milliseconds in repetition 444
tcp_ping received 24576 bytes back
Round trip time was 62.2707 milliseconds in repetition 445
tcp_ping received 24576 bytes back
Round trip time was 62.002 milliseconds in repetition 446
tcp_ping received 24576 bytes back
Round trip time was 61.9999 milliseconds in repetition 447
tcp_ping received 24576 bytes back
Round trip time was 61.7323 milliseconds in repetition 448
tcp_ping received 24576 bytes back
Round trip time was 61.7271 milliseconds in repetition 449
tcp_ping received 24576 bytes back
Round trip time was 62.003 milliseconds in repetition 450
tcp_ping received 24576 bytes back
Round trip time was 62.0023 milliseconds in repetition 451
tcp_ping received 24576 bytes back
Round trip time was 62.0005 milliseconds in repetition 452
tcp_ping received 24576 bytes back
Round trip time was 62.0018 milliseconds in repetition 453
tcp_ping received 24576 bytes back
Round trip time was 61.7288 milliseconds in repetition 454
tcp_ping received 24576 bytes back
Round trip time was 62.2743 milliseconds in repetition 455
tcp_ping received 24576 bytes back
Round trip time was 61.9995 milliseconds in repetition 456
tcp_ping received 24576 bytes back
Round trip time was 62.0037 milliseconds in repetition 457
tcp_ping received 24576 bytes back
Round trip time was 61.7302 milliseconds in repetition 458
tcp_ping received 24576 bytes back
Round trip time was 62.003 milliseconds in repetition 459
tcp_ping received 24576 bytes back
Round trip time was 62.7431 milliseconds in repetition 460
tcp_ping received 24576 bytes back
Round trip time was 62.2732 milliseconds in repetition 461
tcp_ping received 24576 bytes back
Round trip time was 62.4769 milliseconds in repetition 462
tcp_ping received 24576 bytes back
Round trip time was 62.0287 milliseconds in repetition 463
tcp_ping received 24576 bytes back
Round trip time was 62.1904 milliseconds in repetition 464
tcp_ping received 24576 bytes back
Round trip time was 62.0475 milliseconds in repetition 465
tcp_ping received 24576 bytes back
Round trip time was 66.2917 milliseconds in repetition 466
tcp_ping received 24576 bytes back
Round trip time was 70.4947 milliseconds in repetition 467
tcp_ping received 24576 bytes back
Round trip time was 79.2147 milliseconds in repetition 468
tcp_ping received 24576 bytes back
Round trip time was 79.9363 milliseconds in repetition 469
tcp_ping received 24576 bytes back
Round trip time was 86.6086 milliseconds in repetition 470
tcp_ping received 24576 bytes back
Round trip time was 66.7068 milliseconds in repetition 471
tcp_ping received 24576 bytes back
Round trip time was 78.9893 milliseconds in repetition 472
tcp_ping received 24576 bytes back
Round trip time was 95.9986 milliseconds in repetition 473
tcp_ping received 24576 bytes back
Round trip time was 117.271 milliseconds in repetition 474
tcp_ping received 24576 bytes back
Round trip time was 118.765 milliseconds in repetition 475
tcp_ping received 24576 bytes back
Round trip time was 79.0022 milliseconds in repetition 476
tcp_ping received 24576 bytes back
Round trip time was 67.48 milliseconds in repetition 477
tcp_ping received 24576 bytes back
Round trip time was 86.1956 milliseconds in repetition 478
tcp_ping received 24576 bytes back
Round trip time was 111.036 milliseconds in repetition 479
tcp_ping received 24576 bytes back
Round trip time was 146.147 milliseconds in repetition 480
tcp_ping received 24576 bytes back
Round trip time was 139.042 milliseconds in repetition 481
tcp_ping received 24576 bytes back
Round trip time was 117.999 milliseconds in repetition 482
tcp_ping received 24576 bytes back
Round trip time was 150.494 milliseconds in repetition 483
tcp_ping received 24576 bytes back
Round trip time was 148.768 milliseconds in repetition 484
tcp_ping received 24576 bytes back
Round trip time was 77.7341 milliseconds in repetition 485
tcp_ping received 24576 bytes back
Round trip time was 63.2491 milliseconds in repetition 486
tcp_ping received 24576 bytes back
Round trip time was 70.9678 milliseconds in repetition 487
tcp_ping received 24576 bytes back
Round trip time was 69.5115 milliseconds in repetition 488
tcp_ping received 24576 bytes back
Round trip time was 74.9937 milliseconds in repetition 489
tcp_ping received 24576 bytes back
Round trip time was 89.1614 milliseconds in repetition 490
tcp_ping received 24576 bytes back
Round trip time was 111.374 milliseconds in repetition 491
tcp_ping received 24576 bytes back
Round trip time was 78.7042 milliseconds in repetition 492
tcp_ping received 24576 bytes back
Round trip time was 62.2352 milliseconds in repetition 493
tcp_ping received 24576 bytes back
Round trip time was 61.6683 milliseconds in repetition 494
tcp_ping received 24576 bytes back
Round trip time was 61.9968 milliseconds in repetition 495
tcp_ping received 24576 bytes back
Round trip time was 61.9959 milliseconds in repetition 496
tcp_ping received 24576 bytes back
Round trip time was 62.0023 milliseconds in repetition 497
tcp_ping received 24576 bytes back
Round trip time was 62.2414 milliseconds in repetition 498
tcp_ping received 24576 bytes back
Round trip time was 62.0442 milliseconds in repetition 499
tcp_ping received 24576 bytes back
Round trip time was 61.9741 milliseconds in repetition 500
tcp_ping received 24576 bytes back
Round trip time was 61.9381 milliseconds in repetition 501

 ... clock resolution was 1e-06
TCP Ping:  Statistics over 501 repetitions of 24576 byte messages

RTT : percentile 10: 61.7511, median: 62.0842, percentile 90: 62.7491, average: 65.6198, variance: 918.565

RTT histogram:
61.5164 477
93.427 12
125.338 8
157.248 3
189.159 0
221.069 0
252.98 0
284.891 0
316.801 0
348.712 0
380.623 0
412.533 0
444.444 0
476.354 0
508.265 0
540.176 0
572.086 0
603.997 0
635.908 0
667.818 0
699.729 1

   median Throughput : 791.699 KB/s   overall Throughput : 749.043 KB/s

