TCP Ping trying to connect to server seti.dibris.unige.it (130.251.61.30) on port 1491
 ... connected to Pong server: asking for 501 repetitions of 32 bytes TCP messages
 ... Pong server agreed :-)
tcp_ping received 32 bytes back
Round trip time was 26.0154 milliseconds in repetition 1
tcp_ping received 32 bytes back
Round trip time was 24.2703 milliseconds in repetition 2
tcp_ping received 32 bytes back
Round trip time was 24.4123 milliseconds in repetition 3
tcp_ping received 32 bytes back
Round trip time was 25.4831 milliseconds in repetition 4
tcp_ping received 32 bytes back
Round trip time was 24.2319 milliseconds in repetition 5
tcp_ping received 32 bytes back
Round trip time was 24.106 milliseconds in repetition 6
tcp_ping received 32 bytes back
Round trip time was 24.4762 milliseconds in repetition 7
tcp_ping received 32 bytes back
Round trip time was 24.6396 milliseconds in repetition 8
tcp_ping received 32 bytes back
Round trip time was 24.0222 milliseconds in repetition 9
tcp_ping received 32 bytes back
Round trip time was 24.7729 milliseconds in repetition 10
tcp_ping received 32 bytes back
Round trip time was 24.7431 milliseconds in repetition 11
tcp_ping received 32 bytes back
Round trip time was 24.4376 milliseconds in repetition 12
tcp_ping received 32 bytes back
Round trip time was 24.2366 milliseconds in repetition 13
tcp_ping received 32 bytes back
Round trip time was 24.7497 milliseconds in repetition 14
tcp_ping received 32 bytes back
Round trip time was 24.5525 milliseconds in repetition 15
tcp_ping received 32 bytes back
Round trip time was 25.2983 milliseconds in repetition 16
tcp_ping received 32 bytes back
Round trip time was 25.2059 milliseconds in repetition 17
tcp_ping received 32 bytes back
Round trip time was 24.7172 milliseconds in repetition 18
tcp_ping received 32 bytes back
Round trip time was 24.8457 milliseconds in repetition 19
tcp_ping received 32 bytes back
Round trip time was 24.9293 milliseconds in repetition 20
tcp_ping received 32 bytes back
Round trip time was 24.0363 milliseconds in repetition 21
tcp_ping received 32 bytes back
Round trip time was 24.4678 milliseconds in repetition 22
tcp_ping received 32 bytes back
Round trip time was 24.233 milliseconds in repetition 23
tcp_ping received 32 bytes back
Round trip time was 24.5036 milliseconds in repetition 24
tcp_ping received 32 bytes back
Round trip time was 24.2082 milliseconds in repetition 25
tcp_ping received 32 bytes back
Round trip time was 24.2512 milliseconds in repetition 26
tcp_ping received 32 bytes back
Round trip time was 24.245 milliseconds in repetition 27
tcp_ping received 32 bytes back
Round trip time was 24.2778 milliseconds in repetition 28
tcp_ping received 32 bytes back
Round trip time was 24.3886 milliseconds in repetition 29
tcp_ping received 32 bytes back
Round trip time was 24.0066 milliseconds in repetition 30
tcp_ping received 32 bytes back
Round trip time was 24.731 milliseconds in repetition 31
tcp_ping received 32 bytes back
Round trip time was 24.5935 milliseconds in repetition 32
tcp_ping received 32 bytes back
Round trip time was 24.6516 milliseconds in repetition 33
tcp_ping received 32 bytes back
Round trip time was 24.227 milliseconds in repetition 34
tcp_ping received 32 bytes back
Round trip time was 23.7379 milliseconds in repetition 35
tcp_ping received 32 bytes back
Round trip time was 23.7703 milliseconds in repetition 36
tcp_ping received 32 bytes back
Round trip time was 23.3246 milliseconds in repetition 37
tcp_ping received 32 bytes back
Round trip time was 23.7444 milliseconds in repetition 38
tcp_ping received 32 bytes back
Round trip time was 24.3118 milliseconds in repetition 39
tcp_ping received 32 bytes back
Round trip time was 23.7038 milliseconds in repetition 40
tcp_ping received 32 bytes back
Round trip time was 23.4637 milliseconds in repetition 41
tcp_ping received 32 bytes back
Round trip time was 23.6322 milliseconds in repetition 42
tcp_ping received 32 bytes back
Round trip time was 23.2917 milliseconds in repetition 43
tcp_ping received 32 bytes back
Round trip time was 23.7794 milliseconds in repetition 44
tcp_ping received 32 bytes back
Round trip time was 23.4163 milliseconds in repetition 45
tcp_ping received 32 bytes back
Round trip time was 22.9859 milliseconds in repetition 46
tcp_ping received 32 bytes back
Round trip time was 23.3392 milliseconds in repetition 47
tcp_ping received 32 bytes back
Round trip time was 23.679 milliseconds in repetition 48
tcp_ping received 32 bytes back
Round trip time was 23.7402 milliseconds in repetition 49
tcp_ping received 32 bytes back
Round trip time was 23.6265 milliseconds in repetition 50
tcp_ping received 32 bytes back
Round trip time was 23.6357 milliseconds in repetition 51
tcp_ping received 32 bytes back
Round trip time was 23.7419 milliseconds in repetition 52
tcp_ping received 32 bytes back
Round trip time was 23.3469 milliseconds in repetition 53
tcp_ping received 32 bytes back
Round trip time was 24.1976 milliseconds in repetition 54
tcp_ping received 32 bytes back
Round trip time was 23.3273 milliseconds in repetition 55
tcp_ping received 32 bytes back
Round trip time was 23.4524 milliseconds in repetition 56
tcp_ping received 32 bytes back
Round trip time was 22.8533 milliseconds in repetition 57
tcp_ping received 32 bytes back
Round trip time was 23.9033 milliseconds in repetition 58
tcp_ping received 32 bytes back
Round trip time was 23.5793 milliseconds in repetition 59
tcp_ping received 32 bytes back
Round trip time was 23.2831 milliseconds in repetition 60
tcp_ping received 32 bytes back
Round trip time was 23.8482 milliseconds in repetition 61
tcp_ping received 32 bytes back
Round trip time was 23.2736 milliseconds in repetition 62
tcp_ping received 32 bytes back
Round trip time was 23.9422 milliseconds in repetition 63
tcp_ping received 32 bytes back
Round trip time was 23.5329 milliseconds in repetition 64
tcp_ping received 32 bytes back
Round trip time was 23.5618 milliseconds in repetition 65
tcp_ping received 32 bytes back
Round trip time was 23.9935 milliseconds in repetition 66
tcp_ping received 32 bytes back
Round trip time was 23.1754 milliseconds in repetition 67
tcp_ping received 32 bytes back
Round trip time was 23.6773 milliseconds in repetition 68
tcp_ping received 32 bytes back
Round trip time was 23.4061 milliseconds in repetition 69
tcp_ping received 32 bytes back
Round trip time was 23.8242 milliseconds in repetition 70
tcp_ping received 32 bytes back
Round trip time was 23.7794 milliseconds in repetition 71
tcp_ping received 32 bytes back
Round trip time was 23.4494 milliseconds in repetition 72
tcp_ping received 32 bytes back
Round trip time was 23.4829 milliseconds in repetition 73
tcp_ping received 32 bytes back
Round trip time was 23.2485 milliseconds in repetition 74
tcp_ping received 32 bytes back
Round trip time was 23.6134 milliseconds in repetition 75
tcp_ping received 32 bytes back
Round trip time was 23.3623 milliseconds in repetition 76
tcp_ping received 32 bytes back
Round trip time was 23.7485 milliseconds in repetition 77
tcp_ping received 32 bytes back
Round trip time was 23.2308 milliseconds in repetition 78
tcp_ping received 32 bytes back
Round trip time was 23.141 milliseconds in repetition 79
tcp_ping received 32 bytes back
Round trip time was 23.7358 milliseconds in repetition 80
tcp_ping received 32 bytes back
Round trip time was 23.6952 milliseconds in repetition 81
tcp_ping received 32 bytes back
Round trip time was 23.681 milliseconds in repetition 82
tcp_ping received 32 bytes back
Round trip time was 23.4969 milliseconds in repetition 83
tcp_ping received 32 bytes back
Round trip time was 24.4848 milliseconds in repetition 84
tcp_ping received 32 bytes back
Round trip time was 23.4825 milliseconds in repetition 85
tcp_ping received 32 bytes back
Round trip time was 23.5433 milliseconds in repetition 86
tcp_ping received 32 bytes back
Round trip time was 22.8147 milliseconds in repetition 87
tcp_ping received 32 bytes back
Round trip time was 23.2891 milliseconds in repetition 88
tcp_ping received 32 bytes back
Round trip time was 23.352 milliseconds in repetition 89
tcp_ping received 32 bytes back
Round trip time was 23.7032 milliseconds in repetition 90
tcp_ping received 32 bytes back
Round trip time was 23.4781 milliseconds in repetition 91
tcp_ping received 32 bytes back
Round trip time was 23.9577 milliseconds in repetition 92
tcp_ping received 32 bytes back
Round trip time was 23.3894 milliseconds in repetition 93
tcp_ping received 32 bytes back
Round trip time was 23.5 milliseconds in repetition 94
tcp_ping received 32 bytes back
Round trip time was 23.9655 milliseconds in repetition 95
tcp_ping received 32 bytes back
Round trip time was 23.2774 milliseconds in repetition 96
tcp_ping received 32 bytes back
Round trip time was 23.4722 milliseconds in repetition 97
tcp_ping received 32 bytes back
Round trip time was 24.1582 milliseconds in repetition 98
tcp_ping received 32 bytes back
Round trip time was 23.5095 milliseconds in repetition 99
tcp_ping received 32 bytes back
Round trip time was 23.4648 milliseconds in repetition 100
tcp_ping received 32 bytes back
Round trip time was 23.7294 milliseconds in repetition 101
tcp_ping received 32 bytes back
Round trip time was 23.5305 milliseconds in repetition 102
tcp_ping received 32 bytes back
Round trip time was 23.4466 milliseconds in repetition 103
tcp_ping received 32 bytes back
Round trip time was 23.5806 milliseconds in repetition 104
tcp_ping received 32 bytes back
Round trip time was 23.432 milliseconds in repetition 105
tcp_ping received 32 bytes back
Round trip time was 23.2136 milliseconds in repetition 106
tcp_ping received 32 bytes back
Round trip time was 23.7647 milliseconds in repetition 107
tcp_ping received 32 bytes back
Round trip time was 23.2131 milliseconds in repetition 108
tcp_ping received 32 bytes back
Round trip time was 23.5445 milliseconds in repetition 109
tcp_ping received 32 bytes back
Round trip time was 24.0751 milliseconds in repetition 110
tcp_ping received 32 bytes back
Round trip time was 23.3602 milliseconds in repetition 111
tcp_ping received 32 bytes back
Round trip time was 23.7404 milliseconds in repetition 112
tcp_ping received 32 bytes back
Round trip time was 23.5023 milliseconds in repetition 113
tcp_ping received 32 bytes back
Round trip time was 23.7369 milliseconds in repetition 114
tcp_ping received 32 bytes back
Round trip time was 23.4899 milliseconds in repetition 115
tcp_ping received 32 bytes back
Round trip time was 23.4811 milliseconds in repetition 116
tcp_ping received 32 bytes back
Round trip time was 23.3099 milliseconds in repetition 117
tcp_ping received 32 bytes back
Round trip time was 23.5085 milliseconds in repetition 118
tcp_ping received 32 bytes back
Round trip time was 23.7079 milliseconds in repetition 119
tcp_ping received 32 bytes back
Round trip time was 23.5434 milliseconds in repetition 120
tcp_ping received 32 bytes back
Round trip time was 23.6806 milliseconds in repetition 121
tcp_ping received 32 bytes back
Round trip time was 23.3674 milliseconds in repetition 122
tcp_ping received 32 bytes back
Round trip time was 23.41 milliseconds in repetition 123
tcp_ping received 32 bytes back
Round trip time was 23.6779 milliseconds in repetition 124
tcp_ping received 32 bytes back
Round trip time was 23.2497 milliseconds in repetition 125
tcp_ping received 32 bytes back
Round trip time was 23.6049 milliseconds in repetition 126
tcp_ping received 32 bytes back
Round trip time was 23.6533 milliseconds in repetition 127
tcp_ping received 32 bytes back
Round trip time was 23.4752 milliseconds in repetition 128
tcp_ping received 32 bytes back
Round trip time was 23.7492 milliseconds in repetition 129
tcp_ping received 32 bytes back
Round trip time was 23.5039 milliseconds in repetition 130
tcp_ping received 32 bytes back
Round trip time was 23.4552 milliseconds in repetition 131
tcp_ping received 32 bytes back
Round trip time was 23.3512 milliseconds in repetition 132
tcp_ping received 32 bytes back
Round trip time was 23.1669 milliseconds in repetition 133
tcp_ping received 32 bytes back
Round trip time was 24.0077 milliseconds in repetition 134
tcp_ping received 32 bytes back
Round trip time was 23.4812 milliseconds in repetition 135
tcp_ping received 32 bytes back
Round trip time was 23.2983 milliseconds in repetition 136
tcp_ping received 32 bytes back
Round trip time was 23.1815 milliseconds in repetition 137
tcp_ping received 32 bytes back
Round trip time was 23.5748 milliseconds in repetition 138
tcp_ping received 32 bytes back
Round trip time was 23.6297 milliseconds in repetition 139
tcp_ping received 32 bytes back
Round trip time was 23.7554 milliseconds in repetition 140
tcp_ping received 32 bytes back
Round trip time was 23.9745 milliseconds in repetition 141
tcp_ping received 32 bytes back
Round trip time was 25.5244 milliseconds in repetition 142
tcp_ping received 32 bytes back
Round trip time was 23.7253 milliseconds in repetition 143
tcp_ping received 32 bytes back
Round trip time was 23.7372 milliseconds in repetition 144
tcp_ping received 32 bytes back
Round trip time was 23.4993 milliseconds in repetition 145
tcp_ping received 32 bytes back
Round trip time was 23.4918 milliseconds in repetition 146
tcp_ping received 32 bytes back
Round trip time was 23.2604 milliseconds in repetition 147
tcp_ping received 32 bytes back
Round trip time was 23.5235 milliseconds in repetition 148
tcp_ping received 32 bytes back
Round trip time was 23.4624 milliseconds in repetition 149
tcp_ping received 32 bytes back
Round trip time was 23.7393 milliseconds in repetition 150
tcp_ping received 32 bytes back
Round trip time was 23.4925 milliseconds in repetition 151
tcp_ping received 32 bytes back
Round trip time was 23.7513 milliseconds in repetition 152
tcp_ping received 32 bytes back
Round trip time was 23.4672 milliseconds in repetition 153
tcp_ping received 32 bytes back
Round trip time was 23.8089 milliseconds in repetition 154
tcp_ping received 32 bytes back
Round trip time was 23.6962 milliseconds in repetition 155
tcp_ping received 32 bytes back
Round trip time was 23.9867 milliseconds in repetition 156
tcp_ping received 32 bytes back
Round trip time was 23.7873 milliseconds in repetition 157
tcp_ping received 32 bytes back
Round trip time was 23.2095 milliseconds in repetition 158
tcp_ping received 32 bytes back
Round trip time was 23.4891 milliseconds in repetition 159
tcp_ping received 32 bytes back
Round trip time was 23.8334 milliseconds in repetition 160
tcp_ping received 32 bytes back
Round trip time was 23.27 milliseconds in repetition 161
tcp_ping received 32 bytes back
Round trip time was 23.616 milliseconds in repetition 162
tcp_ping received 32 bytes back
Round trip time was 23.6464 milliseconds in repetition 163
tcp_ping received 32 bytes back
Round trip time was 23.8395 milliseconds in repetition 164
tcp_ping received 32 bytes back
Round trip time was 23.2521 milliseconds in repetition 165
tcp_ping received 32 bytes back
Round trip time was 23.8305 milliseconds in repetition 166
tcp_ping received 32 bytes back
Round trip time was 23.6218 milliseconds in repetition 167
tcp_ping received 32 bytes back
Round trip time was 23.3711 milliseconds in repetition 168
tcp_ping received 32 bytes back
Round trip time was 23.4662 milliseconds in repetition 169
tcp_ping received 32 bytes back
Round trip time was 23.268 milliseconds in repetition 170
tcp_ping received 32 bytes back
Round trip time was 23.8905 milliseconds in repetition 171
tcp_ping received 32 bytes back
Round trip time was 23.241 milliseconds in repetition 172
tcp_ping received 32 bytes back
Round trip time was 23.434 milliseconds in repetition 173
tcp_ping received 32 bytes back
Round trip time was 24.0122 milliseconds in repetition 174
tcp_ping received 32 bytes back
Round trip time was 23.5338 milliseconds in repetition 175
tcp_ping received 32 bytes back
Round trip time was 23.4422 milliseconds in repetition 176
tcp_ping received 32 bytes back
Round trip time was 23.0032 milliseconds in repetition 177
tcp_ping received 32 bytes back
Round trip time was 23.754 milliseconds in repetition 178
tcp_ping received 32 bytes back
Round trip time was 23.5385 milliseconds in repetition 179
tcp_ping received 32 bytes back
Round trip time was 23.6939 milliseconds in repetition 180
tcp_ping received 32 bytes back
Round trip time was 23.9199 milliseconds in repetition 181
tcp_ping received 32 bytes back
Round trip time was 23.8447 milliseconds in repetition 182
tcp_ping received 32 bytes back
Round trip time was 23.6601 milliseconds in repetition 183
tcp_ping received 32 bytes back
Round trip time was 23.4892 milliseconds in repetition 184
tcp_ping received 32 bytes back
Round trip time was 23.82 milliseconds in repetition 185
tcp_ping received 32 bytes back
Round trip time was 23.6764 milliseconds in repetition 186
tcp_ping received 32 bytes back
Round trip time was 23.5788 milliseconds in repetition 187
tcp_ping received 32 bytes back
Round trip time was 23.6616 milliseconds in repetition 188
tcp_ping received 32 bytes back
Round trip time was 22.8675 milliseconds in repetition 189
tcp_ping received 32 bytes back
Round trip time was 23.4014 milliseconds in repetition 190
tcp_ping received 32 bytes back
Round trip time was 24.0605 milliseconds in repetition 191
tcp_ping received 32 bytes back
Round trip time was 23.3981 milliseconds in repetition 192
tcp_ping received 32 bytes back
Round trip time was 23.4726 milliseconds in repetition 193
tcp_ping received 32 bytes back
Round trip time was 23.8106 milliseconds in repetition 194
tcp_ping received 32 bytes back
Round trip time was 23.4683 milliseconds in repetition 195
tcp_ping received 32 bytes back
Round trip time was 23.5334 milliseconds in repetition 196
tcp_ping received 32 bytes back
Round trip time was 23.689 milliseconds in repetition 197
tcp_ping received 32 bytes back
Round trip time was 23.6054 milliseconds in repetition 198
tcp_ping received 32 bytes back
Round trip time was 23.022 milliseconds in repetition 199
tcp_ping received 32 bytes back
Round trip time was 23.6988 milliseconds in repetition 200
tcp_ping received 32 bytes back
Round trip time was 23.4292 milliseconds in repetition 201
tcp_ping received 32 bytes back
Round trip time was 23.6952 milliseconds in repetition 202
tcp_ping received 32 bytes back
Round trip time was 23.0112 milliseconds in repetition 203
tcp_ping received 32 bytes back
Round trip time was 23.4688 milliseconds in repetition 204
tcp_ping received 32 bytes back
Round trip time was 23.0247 milliseconds in repetition 205
tcp_ping received 32 bytes back
Round trip time was 23.9491 milliseconds in repetition 206
tcp_ping received 32 bytes back
Round trip time was 23.5404 milliseconds in repetition 207
tcp_ping received 32 bytes back
Round trip time was 23.248 milliseconds in repetition 208
tcp_ping received 32 bytes back
Round trip time was 23.31 milliseconds in repetition 209
tcp_ping received 32 bytes back
Round trip time was 23.5123 milliseconds in repetition 210
tcp_ping received 32 bytes back
Round trip time was 23.2298 milliseconds in repetition 211
tcp_ping received 32 bytes back
Round trip time was 23.6756 milliseconds in repetition 212
tcp_ping received 32 bytes back
Round trip time was 23.7342 milliseconds in repetition 213
tcp_ping received 32 bytes back
Round trip time was 23.4809 milliseconds in repetition 214
tcp_ping received 32 bytes back
Round trip time was 23.7331 milliseconds in repetition 215
tcp_ping received 32 bytes back
Round trip time was 23.7544 milliseconds in repetition 216
tcp_ping received 32 bytes back
Round trip time was 23.3506 milliseconds in repetition 217
tcp_ping received 32 bytes back
Round trip time was 24.1589 milliseconds in repetition 218
tcp_ping received 32 bytes back
Round trip time was 23.1061 milliseconds in repetition 219
tcp_ping received 32 bytes back
Round trip time was 23.6204 milliseconds in repetition 220
tcp_ping received 32 bytes back
Round trip time was 23.7064 milliseconds in repetition 221
tcp_ping received 32 bytes back
Round trip time was 23.4895 milliseconds in repetition 222
tcp_ping received 32 bytes back
Round trip time was 24.0503 milliseconds in repetition 223
tcp_ping received 32 bytes back
Round trip time was 23.4481 milliseconds in repetition 224
tcp_ping received 32 bytes back
Round trip time was 23.4852 milliseconds in repetition 225
tcp_ping received 32 bytes back
Round trip time was 23.5285 milliseconds in repetition 226
tcp_ping received 32 bytes back
Round trip time was 24.4605 milliseconds in repetition 227
tcp_ping received 32 bytes back
Round trip time was 23.7224 milliseconds in repetition 228
tcp_ping received 32 bytes back
Round trip time was 23.4496 milliseconds in repetition 229
tcp_ping received 32 bytes back
Round trip time was 23.7709 milliseconds in repetition 230
tcp_ping received 32 bytes back
Round trip time was 23.77 milliseconds in repetition 231
tcp_ping received 32 bytes back
Round trip time was 23.5837 milliseconds in repetition 232
tcp_ping received 32 bytes back
Round trip time was 23.2882 milliseconds in repetition 233
tcp_ping received 32 bytes back
Round trip time was 23.3823 milliseconds in repetition 234
tcp_ping received 32 bytes back
Round trip time was 23.4459 milliseconds in repetition 235
tcp_ping received 32 bytes back
Round trip time was 23.3224 milliseconds in repetition 236
tcp_ping received 32 bytes back
Round trip time was 23.194 milliseconds in repetition 237
tcp_ping received 32 bytes back
Round trip time was 23.4578 milliseconds in repetition 238
tcp_ping received 32 bytes back
Round trip time was 23.5215 milliseconds in repetition 239
tcp_ping received 32 bytes back
Round trip time was 23.2247 milliseconds in repetition 240
tcp_ping received 32 bytes back
Round trip time was 23.4926 milliseconds in repetition 241
tcp_ping received 32 bytes back
Round trip time was 23.3616 milliseconds in repetition 242
tcp_ping received 32 bytes back
Round trip time was 23.6279 milliseconds in repetition 243
tcp_ping received 32 bytes back
Round trip time was 23.7255 milliseconds in repetition 244
tcp_ping received 32 bytes back
Round trip time was 23.4717 milliseconds in repetition 245
tcp_ping received 32 bytes back
Round trip time was 23.766 milliseconds in repetition 246
tcp_ping received 32 bytes back
Round trip time was 22.8846 milliseconds in repetition 247
tcp_ping received 32 bytes back
Round trip time was 23.7622 milliseconds in repetition 248
tcp_ping received 32 bytes back
Round trip time was 23.4918 milliseconds in repetition 249
tcp_ping received 32 bytes back
Round trip time was 23.515 milliseconds in repetition 250
tcp_ping received 32 bytes back
Round trip time was 23.4178 milliseconds in repetition 251
tcp_ping received 32 bytes back
Round trip time was 23.1487 milliseconds in repetition 252
tcp_ping received 32 bytes back
Round trip time was 23.5743 milliseconds in repetition 253
tcp_ping received 32 bytes back
Round trip time was 23.6426 milliseconds in repetition 254
tcp_ping received 32 bytes back
Round trip time was 23.6123 milliseconds in repetition 255
tcp_ping received 32 bytes back
Round trip time was 23.8964 milliseconds in repetition 256
tcp_ping received 32 bytes back
Round trip time was 23.4731 milliseconds in repetition 257
tcp_ping received 32 bytes back
Round trip time was 23.5753 milliseconds in repetition 258
tcp_ping received 32 bytes back
Round trip time was 23.6591 milliseconds in repetition 259
tcp_ping received 32 bytes back
Round trip time was 23.7598 milliseconds in repetition 260
tcp_ping received 32 bytes back
Round trip time was 23.5026 milliseconds in repetition 261
tcp_ping received 32 bytes back
Round trip time was 22.9837 milliseconds in repetition 262
tcp_ping received 32 bytes back
Round trip time was 23.5017 milliseconds in repetition 263
tcp_ping received 32 bytes back
Round trip time was 23.8174 milliseconds in repetition 264
tcp_ping received 32 bytes back
Round trip time was 23.4062 milliseconds in repetition 265
tcp_ping received 32 bytes back
Round trip time was 23.4904 milliseconds in repetition 266
tcp_ping received 32 bytes back
Round trip time was 23.7367 milliseconds in repetition 267
tcp_ping received 32 bytes back
Round trip time was 23.7647 milliseconds in repetition 268
tcp_ping received 32 bytes back
Round trip time was 23.4869 milliseconds in repetition 269
tcp_ping received 32 bytes back
Round trip time was 23.7435 milliseconds in repetition 270
tcp_ping received 32 bytes back
Round trip time was 23.7725 milliseconds in repetition 271
tcp_ping received 32 bytes back
Round trip time was 23.4436 milliseconds in repetition 272
tcp_ping received 32 bytes back
Round trip time was 23.3621 milliseconds in repetition 273
tcp_ping received 32 bytes back
Round trip time was 23.9356 milliseconds in repetition 274
tcp_ping received 32 bytes back
Round trip time was 22.9306 milliseconds in repetition 275
tcp_ping received 32 bytes back
Round trip time was 23.521 milliseconds in repetition 276
tcp_ping received 32 bytes back
Round trip time was 23.4498 milliseconds in repetition 277
tcp_ping received 32 bytes back
Round trip time was 23.5856 milliseconds in repetition 278
tcp_ping received 32 bytes back
Round trip time was 23.9275 milliseconds in repetition 279
tcp_ping received 32 bytes back
Round trip time was 23.482 milliseconds in repetition 280
tcp_ping received 32 bytes back
Round trip time was 23.0037 milliseconds in repetition 281
tcp_ping received 32 bytes back
Round trip time was 24.1929 milliseconds in repetition 282
tcp_ping received 32 bytes back
Round trip time was 23.3379 milliseconds in repetition 283
tcp_ping received 32 bytes back
Round trip time was 23.9248 milliseconds in repetition 284
tcp_ping received 32 bytes back
Round trip time was 23.0226 milliseconds in repetition 285
tcp_ping received 32 bytes back
Round trip time was 23.4913 milliseconds in repetition 286
tcp_ping received 32 bytes back
Round trip time was 23.8451 milliseconds in repetition 287
tcp_ping received 32 bytes back
Round trip time was 23.8484 milliseconds in repetition 288
tcp_ping received 32 bytes back
Round trip time was 23.4349 milliseconds in repetition 289
tcp_ping received 32 bytes back
Round trip time was 23.3334 milliseconds in repetition 290
tcp_ping received 32 bytes back
Round trip time was 23.5394 milliseconds in repetition 291
tcp_ping received 32 bytes back
Round trip time was 23.672 milliseconds in repetition 292
tcp_ping received 32 bytes back
Round trip time was 23.2894 milliseconds in repetition 293
tcp_ping received 32 bytes back
Round trip time was 23.4695 milliseconds in repetition 294
tcp_ping received 32 bytes back
Round trip time was 23.4885 milliseconds in repetition 295
tcp_ping received 32 bytes back
Round trip time was 23.4884 milliseconds in repetition 296
tcp_ping received 32 bytes back
Round trip time was 23.6009 milliseconds in repetition 297
tcp_ping received 32 bytes back
Round trip time was 23.9091 milliseconds in repetition 298
tcp_ping received 32 bytes back
Round trip time was 23.5394 milliseconds in repetition 299
tcp_ping received 32 bytes back
Round trip time was 23.4156 milliseconds in repetition 300
tcp_ping received 32 bytes back
Round trip time was 23.759 milliseconds in repetition 301
tcp_ping received 32 bytes back
Round trip time was 23.2078 milliseconds in repetition 302
tcp_ping received 32 bytes back
Round trip time was 24.0179 milliseconds in repetition 303
tcp_ping received 32 bytes back
Round trip time was 23.019 milliseconds in repetition 304
tcp_ping received 32 bytes back
Round trip time was 23.8148 milliseconds in repetition 305
tcp_ping received 32 bytes back
Round trip time was 23.45 milliseconds in repetition 306
tcp_ping received 32 bytes back
Round trip time was 23.4598 milliseconds in repetition 307
tcp_ping received 32 bytes back
Round trip time was 23.7305 milliseconds in repetition 308
tcp_ping received 32 bytes back
Round trip time was 23.5173 milliseconds in repetition 309
tcp_ping received 32 bytes back
Round trip time was 23.4656 milliseconds in repetition 310
tcp_ping received 32 bytes back
Round trip time was 23.7423 milliseconds in repetition 311
tcp_ping received 32 bytes back
Round trip time was 22.8766 milliseconds in repetition 312
tcp_ping received 32 bytes back
Round trip time was 23.534 milliseconds in repetition 313
tcp_ping received 32 bytes back
Round trip time was 23.1154 milliseconds in repetition 314
tcp_ping received 32 bytes back
Round trip time was 23.4916 milliseconds in repetition 315
tcp_ping received 32 bytes back
Round trip time was 23.6431 milliseconds in repetition 316
tcp_ping received 32 bytes back
Round trip time was 23.3877 milliseconds in repetition 317
tcp_ping received 32 bytes back
Round trip time was 23.8481 milliseconds in repetition 318
tcp_ping received 32 bytes back
Round trip time was 23.7703 milliseconds in repetition 319
tcp_ping received 32 bytes back
Round trip time was 24.2212 milliseconds in repetition 320
tcp_ping received 32 bytes back
Round trip time was 23.488 milliseconds in repetition 321
tcp_ping received 32 bytes back
Round trip time was 23.84 milliseconds in repetition 322
tcp_ping received 32 bytes back
Round trip time was 23.4298 milliseconds in repetition 323
tcp_ping received 32 bytes back
Round trip time was 23.6917 milliseconds in repetition 324
tcp_ping received 32 bytes back
Round trip time was 23.8318 milliseconds in repetition 325
tcp_ping received 32 bytes back
Round trip time was 23.4339 milliseconds in repetition 326
tcp_ping received 32 bytes back
Round trip time was 24.0449 milliseconds in repetition 327
tcp_ping received 32 bytes back
Round trip time was 23.4486 milliseconds in repetition 328
tcp_ping received 32 bytes back
Round trip time was 23.4765 milliseconds in repetition 329
tcp_ping received 32 bytes back
Round trip time was 23.7859 milliseconds in repetition 330
tcp_ping received 32 bytes back
Round trip time was 23.2124 milliseconds in repetition 331
tcp_ping received 32 bytes back
Round trip time was 23.4867 milliseconds in repetition 332
tcp_ping received 32 bytes back
Round trip time was 23.2271 milliseconds in repetition 333
tcp_ping received 32 bytes back
Round trip time was 23.4871 milliseconds in repetition 334
tcp_ping received 32 bytes back
Round trip time was 23.2747 milliseconds in repetition 335
tcp_ping received 32 bytes back
Round trip time was 23.2139 milliseconds in repetition 336
tcp_ping received 32 bytes back
Round trip time was 23.7696 milliseconds in repetition 337
tcp_ping received 32 bytes back
Round trip time was 23.7981 milliseconds in repetition 338
tcp_ping received 32 bytes back
Round trip time was 23.4283 milliseconds in repetition 339
tcp_ping received 32 bytes back
Round trip time was 23.3586 milliseconds in repetition 340
tcp_ping received 32 bytes back
Round trip time was 23.771 milliseconds in repetition 341
tcp_ping received 32 bytes back
Round trip time was 23.4587 milliseconds in repetition 342
tcp_ping received 32 bytes back
Round trip time was 24.1685 milliseconds in repetition 343
tcp_ping received 32 bytes back
Round trip time was 23.1823 milliseconds in repetition 344
tcp_ping received 32 bytes back
Round trip time was 23.9134 milliseconds in repetition 345
tcp_ping received 32 bytes back
Round trip time was 23.8614 milliseconds in repetition 346
tcp_ping received 32 bytes back
Round trip time was 23.5139 milliseconds in repetition 347
tcp_ping received 32 bytes back
Round trip time was 23.1872 milliseconds in repetition 348
tcp_ping received 32 bytes back
Round trip time was 23.2655 milliseconds in repetition 349
tcp_ping received 32 bytes back
Round trip time was 23.5309 milliseconds in repetition 350
tcp_ping received 32 bytes back
Round trip time was 23.3021 milliseconds in repetition 351
tcp_ping received 32 bytes back
Round trip time was 23.1389 milliseconds in repetition 352
tcp_ping received 32 bytes back
Round trip time was 23.4944 milliseconds in repetition 353
tcp_ping received 32 bytes back
Round trip time was 23.7426 milliseconds in repetition 354
tcp_ping received 32 bytes back
Round trip time was 23.7542 milliseconds in repetition 355
tcp_ping received 32 bytes back
Round trip time was 23.5959 milliseconds in repetition 356
tcp_ping received 32 bytes back
Round trip time was 23.6383 milliseconds in repetition 357
tcp_ping received 32 bytes back
Round trip time was 23.494 milliseconds in repetition 358
tcp_ping received 32 bytes back
Round trip time was 23.4885 milliseconds in repetition 359
tcp_ping received 32 bytes back
Round trip time was 23.7396 milliseconds in repetition 360
tcp_ping received 32 bytes back
Round trip time was 22.9903 milliseconds in repetition 361
tcp_ping received 32 bytes back
Round trip time was 23.3542 milliseconds in repetition 362
tcp_ping received 32 bytes back
Round trip time was 23.4572 milliseconds in repetition 363
tcp_ping received 32 bytes back
Round trip time was 23.8585 milliseconds in repetition 364
tcp_ping received 32 bytes back
Round trip time was 24.0569 milliseconds in repetition 365
tcp_ping received 32 bytes back
Round trip time was 23.9563 milliseconds in repetition 366
tcp_ping received 32 bytes back
Round trip time was 23.7796 milliseconds in repetition 367
tcp_ping received 32 bytes back
Round trip time was 23.6941 milliseconds in repetition 368
tcp_ping received 32 bytes back
Round trip time was 23.509 milliseconds in repetition 369
tcp_ping received 32 bytes back
Round trip time was 23.5216 milliseconds in repetition 370
tcp_ping received 32 bytes back
Round trip time was 23.0351 milliseconds in repetition 371
tcp_ping received 32 bytes back
Round trip time was 23.1425 milliseconds in repetition 372
tcp_ping received 32 bytes back
Round trip time was 23.4992 milliseconds in repetition 373
tcp_ping received 32 bytes back
Round trip time was 23.5312 milliseconds in repetition 374
tcp_ping received 32 bytes back
Round trip time was 23.5287 milliseconds in repetition 375
tcp_ping received 32 bytes back
Round trip time was 23.7081 milliseconds in repetition 376
tcp_ping received 32 bytes back
Round trip time was 23.4873 milliseconds in repetition 377
tcp_ping received 32 bytes back
Round trip time was 23.4847 milliseconds in repetition 378
tcp_ping received 32 bytes back
Round trip time was 23.7481 milliseconds in repetition 379
tcp_ping received 32 bytes back
Round trip time was 23.5128 milliseconds in repetition 380
tcp_ping received 32 bytes back
Round trip time was 23.7291 milliseconds in repetition 381
tcp_ping received 32 bytes back
Round trip time was 23.8564 milliseconds in repetition 382
tcp_ping received 32 bytes back
Round trip time was 23.3864 milliseconds in repetition 383
tcp_ping received 32 bytes back
Round trip time was 23.744 milliseconds in repetition 384
tcp_ping received 32 bytes back
Round trip time was 23.4748 milliseconds in repetition 385
tcp_ping received 32 bytes back
Round trip time was 23.7627 milliseconds in repetition 386
tcp_ping received 32 bytes back
Round trip time was 23.8315 milliseconds in repetition 387
tcp_ping received 32 bytes back
Round trip time was 23.4357 milliseconds in repetition 388
tcp_ping received 32 bytes back
Round trip time was 23.4543 milliseconds in repetition 389
tcp_ping received 32 bytes back
Round trip time was 23.5052 milliseconds in repetition 390
tcp_ping received 32 bytes back
Round trip time was 23.2457 milliseconds in repetition 391
tcp_ping received 32 bytes back
Round trip time was 23.1134 milliseconds in repetition 392
tcp_ping received 32 bytes back
Round trip time was 23.4723 milliseconds in repetition 393
tcp_ping received 32 bytes back
Round trip time was 23.386 milliseconds in repetition 394
tcp_ping received 32 bytes back
Round trip time was 23.8462 milliseconds in repetition 395
tcp_ping received 32 bytes back
Round trip time was 22.9821 milliseconds in repetition 396
tcp_ping received 32 bytes back
Round trip time was 23.798 milliseconds in repetition 397
tcp_ping received 32 bytes back
Round trip time was 23.8324 milliseconds in repetition 398
tcp_ping received 32 bytes back
Round trip time was 23.2195 milliseconds in repetition 399
tcp_ping received 32 bytes back
Round trip time was 23.9308 milliseconds in repetition 400
tcp_ping received 32 bytes back
Round trip time was 23.0965 milliseconds in repetition 401
tcp_ping received 32 bytes back
Round trip time was 23.4945 milliseconds in repetition 402
tcp_ping received 32 bytes back
Round trip time was 23.9791 milliseconds in repetition 403
tcp_ping received 32 bytes back
Round trip time was 23.7118 milliseconds in repetition 404
tcp_ping received 32 bytes back
Round trip time was 23.024 milliseconds in repetition 405
tcp_ping received 32 bytes back
Round trip time was 23.8414 milliseconds in repetition 406
tcp_ping received 32 bytes back
Round trip time was 23.4632 milliseconds in repetition 407
tcp_ping received 32 bytes back
Round trip time was 23.4702 milliseconds in repetition 408
tcp_ping received 32 bytes back
Round trip time was 23.7516 milliseconds in repetition 409
tcp_ping received 32 bytes back
Round trip time was 23.474 milliseconds in repetition 410
tcp_ping received 32 bytes back
Round trip time was 23.2129 milliseconds in repetition 411
tcp_ping received 32 bytes back
Round trip time was 23.5435 milliseconds in repetition 412
tcp_ping received 32 bytes back
Round trip time was 23.4924 milliseconds in repetition 413
tcp_ping received 32 bytes back
Round trip time was 23.4657 milliseconds in repetition 414
tcp_ping received 32 bytes back
Round trip time was 23.7703 milliseconds in repetition 415
tcp_ping received 32 bytes back
Round trip time was 23.4822 milliseconds in repetition 416
tcp_ping received 32 bytes back
Round trip time was 23.7434 milliseconds in repetition 417
tcp_ping received 32 bytes back
Round trip time was 23.2178 milliseconds in repetition 418
tcp_ping received 32 bytes back
Round trip time was 23.2908 milliseconds in repetition 419
tcp_ping received 32 bytes back
Round trip time was 23.4685 milliseconds in repetition 420
tcp_ping received 32 bytes back
Round trip time was 23.4902 milliseconds in repetition 421
tcp_ping received 32 bytes back
Round trip time was 23.4945 milliseconds in repetition 422
tcp_ping received 32 bytes back
Round trip time was 23.2654 milliseconds in repetition 423
tcp_ping received 32 bytes back
Round trip time was 23.4881 milliseconds in repetition 424
tcp_ping received 32 bytes back
Round trip time was 22.9994 milliseconds in repetition 425
tcp_ping received 32 bytes back
Round trip time was 23.2213 milliseconds in repetition 426
tcp_ping received 32 bytes back
Round trip time was 23.0174 milliseconds in repetition 427
tcp_ping received 32 bytes back
Round trip time was 23.4682 milliseconds in repetition 428
tcp_ping received 32 bytes back
Round trip time was 23.492 milliseconds in repetition 429
tcp_ping received 32 bytes back
Round trip time was 23.0138 milliseconds in repetition 430
tcp_ping received 32 bytes back
Round trip time was 23.269 milliseconds in repetition 431
tcp_ping received 32 bytes back
Round trip time was 23.4891 milliseconds in repetition 432
tcp_ping received 32 bytes back
Round trip time was 23.2192 milliseconds in repetition 433
tcp_ping received 32 bytes back
Round trip time was 23.2689 milliseconds in repetition 434
tcp_ping received 32 bytes back
Round trip time was 23.4898 milliseconds in repetition 435
tcp_ping received 32 bytes back
Round trip time was 23.4701 milliseconds in repetition 436
tcp_ping received 32 bytes back
Round trip time was 23.4944 milliseconds in repetition 437
tcp_ping received 32 bytes back
Round trip time was 23.4895 milliseconds in repetition 438
tcp_ping received 32 bytes back
Round trip time was 23.2934 milliseconds in repetition 439
tcp_ping received 32 bytes back
Round trip time was 22.9951 milliseconds in repetition 440
tcp_ping received 32 bytes back
Round trip time was 23.2242 milliseconds in repetition 441
tcp_ping received 32 bytes back
Round trip time was 22.9923 milliseconds in repetition 442
tcp_ping received 32 bytes back
Round trip time was 22.75 milliseconds in repetition 443
tcp_ping received 32 bytes back
Round trip time was 23.4856 milliseconds in repetition 444
tcp_ping received 32 bytes back
Round trip time was 23.2711 milliseconds in repetition 445
tcp_ping received 32 bytes back
Round trip time was 23.4897 milliseconds in repetition 446
tcp_ping received 32 bytes back
Round trip time was 23.4649 milliseconds in repetition 447
tcp_ping received 32 bytes back
Round trip time was 23.6528 milliseconds in repetition 448
tcp_ping received 32 bytes back
Round trip time was 24.2424 milliseconds in repetition 449
tcp_ping received 32 bytes back
Round trip time was 23.1142 milliseconds in repetition 450
tcp_ping received 32 bytes back
Round trip time was 23.7394 milliseconds in repetition 451
tcp_ping received 32 bytes back
Round trip time was 23.3819 milliseconds in repetition 452
tcp_ping received 32 bytes back
Round trip time was 23.5675 milliseconds in repetition 453
tcp_ping received 32 bytes back
Round trip time was 23.4757 milliseconds in repetition 454
tcp_ping received 32 bytes back
Round trip time was 23.489 milliseconds in repetition 455
tcp_ping received 32 bytes back
Round trip time was 23.7368 milliseconds in repetition 456
tcp_ping received 32 bytes back
Round trip time was 23.2934 milliseconds in repetition 457
tcp_ping received 32 bytes back
Round trip time was 23.4696 milliseconds in repetition 458
tcp_ping received 32 bytes back
Round trip time was 23.6586 milliseconds in repetition 459
tcp_ping received 32 bytes back
Round trip time was 23.8065 milliseconds in repetition 460
tcp_ping received 32 bytes back
Round trip time was 23.7202 milliseconds in repetition 461
tcp_ping received 32 bytes back
Round trip time was 23.7677 milliseconds in repetition 462
tcp_ping received 32 bytes back
Round trip time was 23.199 milliseconds in repetition 463
tcp_ping received 32 bytes back
Round trip time was 24.0157 milliseconds in repetition 464
tcp_ping received 32 bytes back
Round trip time was 25.5762 milliseconds in repetition 465
tcp_ping received 32 bytes back
Round trip time was 23.9642 milliseconds in repetition 466
tcp_ping received 32 bytes back
Round trip time was 23.6902 milliseconds in repetition 467
tcp_ping received 32 bytes back
Round trip time was 23.3553 milliseconds in repetition 468
tcp_ping received 32 bytes back
Round trip time was 23.7379 milliseconds in repetition 469
tcp_ping received 32 bytes back
Round trip time was 23.6569 milliseconds in repetition 470
tcp_ping received 32 bytes back
Round trip time was 23.5807 milliseconds in repetition 471
tcp_ping received 32 bytes back
Round trip time was 23.8831 milliseconds in repetition 472
tcp_ping received 32 bytes back
Round trip time was 25.338 milliseconds in repetition 473
tcp_ping received 32 bytes back
Round trip time was 23.4018 milliseconds in repetition 474
tcp_ping received 32 bytes back
Round trip time was 23.7457 milliseconds in repetition 475
tcp_ping received 32 bytes back
Round trip time was 23.2347 milliseconds in repetition 476
tcp_ping received 32 bytes back
Round trip time was 23.9887 milliseconds in repetition 477
tcp_ping received 32 bytes back
Round trip time was 24.5074 milliseconds in repetition 478
tcp_ping received 32 bytes back
Round trip time was 23.964 milliseconds in repetition 479
tcp_ping received 32 bytes back
Round trip time was 23.7434 milliseconds in repetition 480
tcp_ping received 32 bytes back
Round trip time was 23.7471 milliseconds in repetition 481
tcp_ping received 32 bytes back
Round trip time was 23.0535 milliseconds in repetition 482
tcp_ping received 32 bytes back
Round trip time was 23.7125 milliseconds in repetition 483
tcp_ping received 32 bytes back
Round trip time was 23.4831 milliseconds in repetition 484
tcp_ping received 32 bytes back
Round trip time was 23.7479 milliseconds in repetition 485
tcp_ping received 32 bytes back
Round trip time was 23.7484 milliseconds in repetition 486
tcp_ping received 32 bytes back
Round trip time was 23.4983 milliseconds in repetition 487
tcp_ping received 32 bytes back
Round trip time was 23.8406 milliseconds in repetition 488
tcp_ping received 32 bytes back
Round trip time was 23.2047 milliseconds in repetition 489
tcp_ping received 32 bytes back
Round trip time was 22.9338 milliseconds in repetition 490
tcp_ping received 32 bytes back
Round trip time was 23.4677 milliseconds in repetition 491
tcp_ping received 32 bytes back
Round trip time was 23.7591 milliseconds in repetition 492
tcp_ping received 32 bytes back
Round trip time was 23.4843 milliseconds in repetition 493
tcp_ping received 32 bytes back
Round trip time was 68.3186 milliseconds in repetition 494
tcp_ping received 32 bytes back
Round trip time was 23.1821 milliseconds in repetition 495
tcp_ping received 32 bytes back
Round trip time was 23.4333 milliseconds in repetition 496
tcp_ping received 32 bytes back
Round trip time was 22.9888 milliseconds in repetition 497
tcp_ping received 32 bytes back
Round trip time was 23.3533 milliseconds in repetition 498
tcp_ping received 32 bytes back
Round trip time was 23.6367 milliseconds in repetition 499
tcp_ping received 32 bytes back
Round trip time was 23.8675 milliseconds in repetition 500
tcp_ping received 32 bytes back
Round trip time was 23.2161 milliseconds in repetition 501

 ... clock resolution was 1e-06
TCP Ping:  Statistics over 501 repetitions of 32 byte messages

RTT : percentile 10: 23.2131, median: 23.5285, percentile 90: 24.0449, average: 23.7104, variance: 4.15866

RTT histogram:
22.75 421
25.0284 79
27.3069 0
29.5853 0
31.8637 0
34.1422 0
36.4206 0
38.699 0
40.9775 0
43.2559 0
45.5343 0
47.8127 0
50.0912 0
52.3696 0
54.648 0
56.9265 0
59.2049 0
61.4833 0
63.7618 0
66.0402 0
68.3186 1

   median Throughput : 2.72011 KB/s   overall Throughput : 2.69924 KB/s

