TCP Ping trying to connect to server seti.dibris.unige.it (130.251.61.30) on port 1491
 ... connected to Pong server: asking for 501 repetitions of 96 bytes TCP messages
 ... Pong server agreed :-)
tcp_ping received 96 bytes back
Round trip time was 28.9699 milliseconds in repetition 1
tcp_ping received 96 bytes back
Round trip time was 25.9803 milliseconds in repetition 2
tcp_ping received 96 bytes back
Round trip time was 26.2511 milliseconds in repetition 3
tcp_ping received 96 bytes back
Round trip time was 26.4649 milliseconds in repetition 4
tcp_ping received 96 bytes back
Round trip time was 26.5087 milliseconds in repetition 5
tcp_ping received 96 bytes back
Round trip time was 25.9962 milliseconds in repetition 6
tcp_ping received 96 bytes back
Round trip time was 25.9644 milliseconds in repetition 7
tcp_ping received 96 bytes back
Round trip time was 25.9827 milliseconds in repetition 8
tcp_ping received 96 bytes back
Round trip time was 26.004 milliseconds in repetition 9
tcp_ping received 96 bytes back
Round trip time was 25.9694 milliseconds in repetition 10
tcp_ping received 96 bytes back
Round trip time was 26.2614 milliseconds in repetition 11
tcp_ping received 96 bytes back
Round trip time was 25.4904 milliseconds in repetition 12
tcp_ping received 96 bytes back
Round trip time was 26.4643 milliseconds in repetition 13
tcp_ping received 96 bytes back
Round trip time was 25.5314 milliseconds in repetition 14
tcp_ping received 96 bytes back
Round trip time was 25.961 milliseconds in repetition 15
tcp_ping received 96 bytes back
Round trip time was 26.2632 milliseconds in repetition 16
tcp_ping received 96 bytes back
Round trip time was 26.7128 milliseconds in repetition 17
tcp_ping received 96 bytes back
Round trip time was 26.2627 milliseconds in repetition 18
tcp_ping received 96 bytes back
Round trip time was 25.9812 milliseconds in repetition 19
tcp_ping received 96 bytes back
Round trip time was 25.9677 milliseconds in repetition 20
tcp_ping received 96 bytes back
Round trip time was 25.9981 milliseconds in repetition 21
tcp_ping received 96 bytes back
Round trip time was 25.9837 milliseconds in repetition 22
tcp_ping received 96 bytes back
Round trip time was 25.9884 milliseconds in repetition 23
tcp_ping received 96 bytes back
Round trip time was 26.2672 milliseconds in repetition 24
tcp_ping received 96 bytes back
Round trip time was 26.241 milliseconds in repetition 25
tcp_ping received 96 bytes back
Round trip time was 26.4667 milliseconds in repetition 26
tcp_ping received 96 bytes back
Round trip time was 26.5204 milliseconds in repetition 27
tcp_ping received 96 bytes back
Round trip time was 26.0004 milliseconds in repetition 28
tcp_ping received 96 bytes back
Round trip time was 25.4987 milliseconds in repetition 29
tcp_ping received 96 bytes back
Round trip time was 26.4681 milliseconds in repetition 30
tcp_ping received 96 bytes back
Round trip time was 26.2665 milliseconds in repetition 31
tcp_ping received 96 bytes back
Round trip time was 26.2475 milliseconds in repetition 32
tcp_ping received 96 bytes back
Round trip time was 25.8931 milliseconds in repetition 33
tcp_ping received 96 bytes back
Round trip time was 25.5232 milliseconds in repetition 34
tcp_ping received 96 bytes back
Round trip time was 24.9595 milliseconds in repetition 35
tcp_ping received 96 bytes back
Round trip time was 25.2418 milliseconds in repetition 36
tcp_ping received 96 bytes back
Round trip time was 24.4729 milliseconds in repetition 37
tcp_ping received 96 bytes back
Round trip time was 24.9799 milliseconds in repetition 38
tcp_ping received 96 bytes back
Round trip time was 24.513 milliseconds in repetition 39
tcp_ping received 96 bytes back
Round trip time was 25.2353 milliseconds in repetition 40
tcp_ping received 96 bytes back
Round trip time was 24.7719 milliseconds in repetition 41
tcp_ping received 96 bytes back
Round trip time was 24.9511 milliseconds in repetition 42
tcp_ping received 96 bytes back
Round trip time was 25.5281 milliseconds in repetition 43
tcp_ping received 96 bytes back
Round trip time was 24.9943 milliseconds in repetition 44
tcp_ping received 96 bytes back
Round trip time was 25.4615 milliseconds in repetition 45
tcp_ping received 96 bytes back
Round trip time was 24.9752 milliseconds in repetition 46
tcp_ping received 96 bytes back
Round trip time was 24.7636 milliseconds in repetition 47
tcp_ping received 96 bytes back
Round trip time was 25.2345 milliseconds in repetition 48
tcp_ping received 96 bytes back
Round trip time was 24.9823 milliseconds in repetition 49
tcp_ping received 96 bytes back
Round trip time was 24.7851 milliseconds in repetition 50
tcp_ping received 96 bytes back
Round trip time was 24.9751 milliseconds in repetition 51
tcp_ping received 96 bytes back
Round trip time was 24.7348 milliseconds in repetition 52
tcp_ping received 96 bytes back
Round trip time was 25.1427 milliseconds in repetition 53
tcp_ping received 96 bytes back
Round trip time was 25.5309 milliseconds in repetition 54
tcp_ping received 96 bytes back
Round trip time was 25.067 milliseconds in repetition 55
tcp_ping received 96 bytes back
Round trip time was 25.1681 milliseconds in repetition 56
tcp_ping received 96 bytes back
Round trip time was 24.861 milliseconds in repetition 57
tcp_ping received 96 bytes back
Round trip time was 25.2385 milliseconds in repetition 58
tcp_ping received 96 bytes back
Round trip time was 25.2005 milliseconds in repetition 59
tcp_ping received 96 bytes back
Round trip time was 25.0028 milliseconds in repetition 60
tcp_ping received 96 bytes back
Round trip time was 25.2734 milliseconds in repetition 61
tcp_ping received 96 bytes back
Round trip time was 24.984 milliseconds in repetition 62
tcp_ping received 96 bytes back
Round trip time was 25.2272 milliseconds in repetition 63
tcp_ping received 96 bytes back
Round trip time was 25.249 milliseconds in repetition 64
tcp_ping received 96 bytes back
Round trip time was 25.0327 milliseconds in repetition 65
tcp_ping received 96 bytes back
Round trip time was 24.7097 milliseconds in repetition 66
tcp_ping received 96 bytes back
Round trip time was 24.7719 milliseconds in repetition 67
tcp_ping received 96 bytes back
Round trip time was 25.4981 milliseconds in repetition 68
tcp_ping received 96 bytes back
Round trip time was 25.7205 milliseconds in repetition 69
tcp_ping received 96 bytes back
Round trip time was 24.7556 milliseconds in repetition 70
tcp_ping received 96 bytes back
Round trip time was 24.967 milliseconds in repetition 71
tcp_ping received 96 bytes back
Round trip time was 24.9782 milliseconds in repetition 72
tcp_ping received 96 bytes back
Round trip time was 24.7559 milliseconds in repetition 73
tcp_ping received 96 bytes back
Round trip time was 25.9985 milliseconds in repetition 74
tcp_ping received 96 bytes back
Round trip time was 25.22 milliseconds in repetition 75
tcp_ping received 96 bytes back
Round trip time was 24.7798 milliseconds in repetition 76
tcp_ping received 96 bytes back
Round trip time was 24.9835 milliseconds in repetition 77
tcp_ping received 96 bytes back
Round trip time was 24.7554 milliseconds in repetition 78
tcp_ping received 96 bytes back
Round trip time was 25.2558 milliseconds in repetition 79
tcp_ping received 96 bytes back
Round trip time was 25.2372 milliseconds in repetition 80
tcp_ping received 96 bytes back
Round trip time was 24.9753 milliseconds in repetition 81
tcp_ping received 96 bytes back
Round trip time was 25.2558 milliseconds in repetition 82
tcp_ping received 96 bytes back
Round trip time was 24.7606 milliseconds in repetition 83
tcp_ping received 96 bytes back
Round trip time was 24.9813 milliseconds in repetition 84
tcp_ping received 96 bytes back
Round trip time was 24.983 milliseconds in repetition 85
tcp_ping received 96 bytes back
Round trip time was 25.0317 milliseconds in repetition 86
tcp_ping received 96 bytes back
Round trip time was 24.983 milliseconds in repetition 87
tcp_ping received 96 bytes back
Round trip time was 24.7697 milliseconds in repetition 88
tcp_ping received 96 bytes back
Round trip time was 24.9728 milliseconds in repetition 89
tcp_ping received 96 bytes back
Round trip time was 25.2544 milliseconds in repetition 90
tcp_ping received 96 bytes back
Round trip time was 25.1962 milliseconds in repetition 91
tcp_ping received 96 bytes back
Round trip time was 24.9822 milliseconds in repetition 92
tcp_ping received 96 bytes back
Round trip time was 25.0572 milliseconds in repetition 93
tcp_ping received 96 bytes back
Round trip time was 24.9925 milliseconds in repetition 94
tcp_ping received 96 bytes back
Round trip time was 24.4689 milliseconds in repetition 95
tcp_ping received 96 bytes back
Round trip time was 25.2305 milliseconds in repetition 96
tcp_ping received 96 bytes back
Round trip time was 25.2568 milliseconds in repetition 97
tcp_ping received 96 bytes back
Round trip time was 25.5038 milliseconds in repetition 98
tcp_ping received 96 bytes back
Round trip time was 24.9772 milliseconds in repetition 99
tcp_ping received 96 bytes back
Round trip time was 25.2586 milliseconds in repetition 100
tcp_ping received 96 bytes back
Round trip time was 24.7565 milliseconds in repetition 101
tcp_ping received 96 bytes back
Round trip time was 24.9828 milliseconds in repetition 102
tcp_ping received 96 bytes back
Round trip time was 24.9859 milliseconds in repetition 103
tcp_ping received 96 bytes back
Round trip time was 24.7534 milliseconds in repetition 104
tcp_ping received 96 bytes back
Round trip time was 25.2544 milliseconds in repetition 105
tcp_ping received 96 bytes back
Round trip time was 24.763 milliseconds in repetition 106
tcp_ping received 96 bytes back
Round trip time was 24.9811 milliseconds in repetition 107
tcp_ping received 96 bytes back
Round trip time was 25.7508 milliseconds in repetition 108
tcp_ping received 96 bytes back
Round trip time was 25.3409 milliseconds in repetition 109
tcp_ping received 96 bytes back
Round trip time was 25.3593 milliseconds in repetition 110
tcp_ping received 96 bytes back
Round trip time was 24.777 milliseconds in repetition 111
tcp_ping received 96 bytes back
Round trip time was 24.982 milliseconds in repetition 112
tcp_ping received 96 bytes back
Round trip time was 24.9874 milliseconds in repetition 113
tcp_ping received 96 bytes back
Round trip time was 25.0477 milliseconds in repetition 114
tcp_ping received 96 bytes back
Round trip time was 24.98 milliseconds in repetition 115
tcp_ping received 96 bytes back
Round trip time was 24.7501 milliseconds in repetition 116
tcp_ping received 96 bytes back
Round trip time was 25.2335 milliseconds in repetition 117
tcp_ping received 96 bytes back
Round trip time was 24.7292 milliseconds in repetition 118
tcp_ping received 96 bytes back
Round trip time was 24.9977 milliseconds in repetition 119
tcp_ping received 96 bytes back
Round trip time was 24.9701 milliseconds in repetition 120
tcp_ping received 96 bytes back
Round trip time was 24.979 milliseconds in repetition 121
tcp_ping received 96 bytes back
Round trip time was 24.7502 milliseconds in repetition 122
tcp_ping received 96 bytes back
Round trip time was 25.2444 milliseconds in repetition 123
tcp_ping received 96 bytes back
Round trip time was 24.7485 milliseconds in repetition 124
tcp_ping received 96 bytes back
Round trip time was 24.984 milliseconds in repetition 125
tcp_ping received 96 bytes back
Round trip time was 25.2551 milliseconds in repetition 126
tcp_ping received 96 bytes back
Round trip time was 25.2246 milliseconds in repetition 127
tcp_ping received 96 bytes back
Round trip time was 24.9815 milliseconds in repetition 128
tcp_ping received 96 bytes back
Round trip time was 25.0327 milliseconds in repetition 129
tcp_ping received 96 bytes back
Round trip time was 25.2559 milliseconds in repetition 130
tcp_ping received 96 bytes back
Round trip time was 24.9825 milliseconds in repetition 131
tcp_ping received 96 bytes back
Round trip time was 25.2302 milliseconds in repetition 132
tcp_ping received 96 bytes back
Round trip time was 24.5113 milliseconds in repetition 133
tcp_ping received 96 bytes back
Round trip time was 24.7607 milliseconds in repetition 134
tcp_ping received 96 bytes back
Round trip time was 25.2543 milliseconds in repetition 135
tcp_ping received 96 bytes back
Round trip time was 24.9487 milliseconds in repetition 136
tcp_ping received 96 bytes back
Round trip time was 25.2307 milliseconds in repetition 137
tcp_ping received 96 bytes back
Round trip time was 24.5101 milliseconds in repetition 138
tcp_ping received 96 bytes back
Round trip time was 25.2579 milliseconds in repetition 139
tcp_ping received 96 bytes back
Round trip time was 24.4864 milliseconds in repetition 140
tcp_ping received 96 bytes back
Round trip time was 24.5111 milliseconds in repetition 141
tcp_ping received 96 bytes back
Round trip time was 25.2469 milliseconds in repetition 142
tcp_ping received 96 bytes back
Round trip time was 24.9745 milliseconds in repetition 143
tcp_ping received 96 bytes back
Round trip time was 24.5018 milliseconds in repetition 144
tcp_ping received 96 bytes back
Round trip time was 25.2278 milliseconds in repetition 145
tcp_ping received 96 bytes back
Round trip time was 25.2531 milliseconds in repetition 146
tcp_ping received 96 bytes back
Round trip time was 25.5063 milliseconds in repetition 147
tcp_ping received 96 bytes back
Round trip time was 24.9743 milliseconds in repetition 148
tcp_ping received 96 bytes back
Round trip time was 25.5276 milliseconds in repetition 149
tcp_ping received 96 bytes back
Round trip time was 24.9591 milliseconds in repetition 150
tcp_ping received 96 bytes back
Round trip time was 25.2556 milliseconds in repetition 151
tcp_ping received 96 bytes back
Round trip time was 25.0344 milliseconds in repetition 152
tcp_ping received 96 bytes back
Round trip time was 24.9814 milliseconds in repetition 153
tcp_ping received 96 bytes back
Round trip time was 24.9822 milliseconds in repetition 154
tcp_ping received 96 bytes back
Round trip time was 25.5049 milliseconds in repetition 155
tcp_ping received 96 bytes back
Round trip time was 24.9839 milliseconds in repetition 156
tcp_ping received 96 bytes back
Round trip time was 25.5037 milliseconds in repetition 157
tcp_ping received 96 bytes back
Round trip time was 24.7807 milliseconds in repetition 158
tcp_ping received 96 bytes back
Round trip time was 24.7366 milliseconds in repetition 159
tcp_ping received 96 bytes back
Round trip time was 24.9979 milliseconds in repetition 160
tcp_ping received 96 bytes back
Round trip time was 24.9819 milliseconds in repetition 161
tcp_ping received 96 bytes back
Round trip time was 25.2573 milliseconds in repetition 162
tcp_ping received 96 bytes back
Round trip time was 24.7607 milliseconds in repetition 163
tcp_ping received 96 bytes back
Round trip time was 24.996 milliseconds in repetition 164
tcp_ping received 96 bytes back
Round trip time was 24.4786 milliseconds in repetition 165
tcp_ping received 96 bytes back
Round trip time was 25.246 milliseconds in repetition 166
tcp_ping received 96 bytes back
Round trip time was 24.9794 milliseconds in repetition 167
tcp_ping received 96 bytes back
Round trip time was 24.7564 milliseconds in repetition 168
tcp_ping received 96 bytes back
Round trip time was 25.2446 milliseconds in repetition 169
tcp_ping received 96 bytes back
Round trip time was 24.4821 milliseconds in repetition 170
tcp_ping received 96 bytes back
Round trip time was 24.9714 milliseconds in repetition 171
tcp_ping received 96 bytes back
Round trip time was 25.2498 milliseconds in repetition 172
tcp_ping received 96 bytes back
Round trip time was 24.7511 milliseconds in repetition 173
tcp_ping received 96 bytes back
Round trip time was 25.2519 milliseconds in repetition 174
tcp_ping received 96 bytes back
Round trip time was 24.9512 milliseconds in repetition 175
tcp_ping received 96 bytes back
Round trip time was 25.2474 milliseconds in repetition 176
tcp_ping received 96 bytes back
Round trip time was 24.7801 milliseconds in repetition 177
tcp_ping received 96 bytes back
Round trip time was 25.2281 milliseconds in repetition 178
tcp_ping received 96 bytes back
Round trip time was 25.2448 milliseconds in repetition 179
tcp_ping received 96 bytes back
Round trip time was 25.2531 milliseconds in repetition 180
tcp_ping received 96 bytes back
Round trip time was 25.1742 milliseconds in repetition 181
tcp_ping received 96 bytes back
Round trip time was 25.2538 milliseconds in repetition 182
tcp_ping received 96 bytes back
Round trip time was 24.502 milliseconds in repetition 183
tcp_ping received 96 bytes back
Round trip time was 24.4985 milliseconds in repetition 184
tcp_ping received 96 bytes back
Round trip time was 24.9608 milliseconds in repetition 185
tcp_ping received 96 bytes back
Round trip time was 24.7603 milliseconds in repetition 186
tcp_ping received 96 bytes back
Round trip time was 24.9818 milliseconds in repetition 187
tcp_ping received 96 bytes back
Round trip time was 25.2318 milliseconds in repetition 188
tcp_ping received 96 bytes back
Round trip time was 24.7843 milliseconds in repetition 189
tcp_ping received 96 bytes back
Round trip time was 25.2679 milliseconds in repetition 190
tcp_ping received 96 bytes back
Round trip time was 24.9478 milliseconds in repetition 191
tcp_ping received 96 bytes back
Round trip time was 25.2605 milliseconds in repetition 192
tcp_ping received 96 bytes back
Round trip time was 25.2489 milliseconds in repetition 193
tcp_ping received 96 bytes back
Round trip time was 25.2442 milliseconds in repetition 194
tcp_ping received 96 bytes back
Round trip time was 24.7536 milliseconds in repetition 195
tcp_ping received 96 bytes back
Round trip time was 24.9619 milliseconds in repetition 196
tcp_ping received 96 bytes back
Round trip time was 25.2411 milliseconds in repetition 197
tcp_ping received 96 bytes back
Round trip time was 24.7791 milliseconds in repetition 198
tcp_ping received 96 bytes back
Round trip time was 25.2292 milliseconds in repetition 199
tcp_ping received 96 bytes back
Round trip time was 24.5011 milliseconds in repetition 200
tcp_ping received 96 bytes back
Round trip time was 25.2283 milliseconds in repetition 201
tcp_ping received 96 bytes back
Round trip time was 24.978 milliseconds in repetition 202
tcp_ping received 96 bytes back
Round trip time was 24.9747 milliseconds in repetition 203
tcp_ping received 96 bytes back
Round trip time was 25.5037 milliseconds in repetition 204
tcp_ping received 96 bytes back
Round trip time was 24.7735 milliseconds in repetition 205
tcp_ping received 96 bytes back
Round trip time was 25.2255 milliseconds in repetition 206
tcp_ping received 96 bytes back
Round trip time was 25.2503 milliseconds in repetition 207
tcp_ping received 96 bytes back
Round trip time was 24.9788 milliseconds in repetition 208
tcp_ping received 96 bytes back
Round trip time was 24.7556 milliseconds in repetition 209
tcp_ping received 96 bytes back
Round trip time was 25.235 milliseconds in repetition 210
tcp_ping received 96 bytes back
Round trip time was 24.4857 milliseconds in repetition 211
tcp_ping received 96 bytes back
Round trip time was 25.2538 milliseconds in repetition 212
tcp_ping received 96 bytes back
Round trip time was 24.9825 milliseconds in repetition 213
tcp_ping received 96 bytes back
Round trip time was 24.761 milliseconds in repetition 214
tcp_ping received 96 bytes back
Round trip time was 25.2525 milliseconds in repetition 215
tcp_ping received 96 bytes back
Round trip time was 24.7125 milliseconds in repetition 216
tcp_ping received 96 bytes back
Round trip time was 25.0335 milliseconds in repetition 217
tcp_ping received 96 bytes back
Round trip time was 24.9995 milliseconds in repetition 218
tcp_ping received 96 bytes back
Round trip time was 24.7575 milliseconds in repetition 219
tcp_ping received 96 bytes back
Round trip time was 25.3948 milliseconds in repetition 220
tcp_ping received 96 bytes back
Round trip time was 25.0013 milliseconds in repetition 221
tcp_ping received 96 bytes back
Round trip time was 25.323 milliseconds in repetition 222
tcp_ping received 96 bytes back
Round trip time was 25.0006 milliseconds in repetition 223
tcp_ping received 96 bytes back
Round trip time was 25.6585 milliseconds in repetition 224
tcp_ping received 96 bytes back
Round trip time was 25.0751 milliseconds in repetition 225
tcp_ping received 96 bytes back
Round trip time was 24.9562 milliseconds in repetition 226
tcp_ping received 96 bytes back
Round trip time was 24.7601 milliseconds in repetition 227
tcp_ping received 96 bytes back
Round trip time was 25.2585 milliseconds in repetition 228
tcp_ping received 96 bytes back
Round trip time was 24.4732 milliseconds in repetition 229
tcp_ping received 96 bytes back
Round trip time was 25.2488 milliseconds in repetition 230
tcp_ping received 96 bytes back
Round trip time was 24.9894 milliseconds in repetition 231
tcp_ping received 96 bytes back
Round trip time was 24.7467 milliseconds in repetition 232
tcp_ping received 96 bytes back
Round trip time was 25.253 milliseconds in repetition 233
tcp_ping received 96 bytes back
Round trip time was 24.7065 milliseconds in repetition 234
tcp_ping received 96 bytes back
Round trip time was 24.7595 milliseconds in repetition 235
tcp_ping received 96 bytes back
Round trip time was 25.2528 milliseconds in repetition 236
tcp_ping received 96 bytes back
Round trip time was 26.9916 milliseconds in repetition 237
tcp_ping received 96 bytes back
Round trip time was 24.9892 milliseconds in repetition 238
tcp_ping received 96 bytes back
Round trip time was 25.2511 milliseconds in repetition 239
tcp_ping received 96 bytes back
Round trip time was 25.0218 milliseconds in repetition 240
tcp_ping received 96 bytes back
Round trip time was 24.9692 milliseconds in repetition 241
tcp_ping received 96 bytes back
Round trip time was 25.2369 milliseconds in repetition 242
tcp_ping received 96 bytes back
Round trip time was 24.9791 milliseconds in repetition 243
tcp_ping received 96 bytes back
Round trip time was 24.7717 milliseconds in repetition 244
tcp_ping received 96 bytes back
Round trip time was 24.9581 milliseconds in repetition 245
tcp_ping received 96 bytes back
Round trip time was 24.7724 milliseconds in repetition 246
tcp_ping received 96 bytes back
Round trip time was 24.7535 milliseconds in repetition 247
tcp_ping received 96 bytes back
Round trip time was 25.4376 milliseconds in repetition 248
tcp_ping received 96 bytes back
Round trip time was 24.8005 milliseconds in repetition 249
tcp_ping received 96 bytes back
Round trip time was 25.2292 milliseconds in repetition 250
tcp_ping received 96 bytes back
Round trip time was 31.0009 milliseconds in repetition 251
tcp_ping received 96 bytes back
Round trip time was 25.2112 milliseconds in repetition 252
tcp_ping received 96 bytes back
Round trip time was 25.2558 milliseconds in repetition 253
tcp_ping received 96 bytes back
Round trip time was 25.2427 milliseconds in repetition 254
tcp_ping received 96 bytes back
Round trip time was 25.2289 milliseconds in repetition 255
tcp_ping received 96 bytes back
Round trip time was 25.2558 milliseconds in repetition 256
tcp_ping received 96 bytes back
Round trip time was 25.5044 milliseconds in repetition 257
tcp_ping received 96 bytes back
Round trip time was 25.2633 milliseconds in repetition 258
tcp_ping received 96 bytes back
Round trip time was 24.9713 milliseconds in repetition 259
tcp_ping received 96 bytes back
Round trip time was 24.7615 milliseconds in repetition 260
tcp_ping received 96 bytes back
Round trip time was 24.9854 milliseconds in repetition 261
tcp_ping received 96 bytes back
Round trip time was 24.7591 milliseconds in repetition 262
tcp_ping received 96 bytes back
Round trip time was 25.2528 milliseconds in repetition 263
tcp_ping received 96 bytes back
Round trip time was 24.9826 milliseconds in repetition 264
tcp_ping received 96 bytes back
Round trip time was 24.7596 milliseconds in repetition 265
tcp_ping received 96 bytes back
Round trip time was 25.7878 milliseconds in repetition 266
tcp_ping received 96 bytes back
Round trip time was 25.2 milliseconds in repetition 267
tcp_ping received 96 bytes back
Round trip time was 25.216 milliseconds in repetition 268
tcp_ping received 96 bytes back
Round trip time was 24.5099 milliseconds in repetition 269
tcp_ping received 96 bytes back
Round trip time was 25.6644 milliseconds in repetition 270
tcp_ping received 96 bytes back
Round trip time was 25.0489 milliseconds in repetition 271
tcp_ping received 96 bytes back
Round trip time was 24.9828 milliseconds in repetition 272
tcp_ping received 96 bytes back
Round trip time was 25.5094 milliseconds in repetition 273
tcp_ping received 96 bytes back
Round trip time was 24.9719 milliseconds in repetition 274
tcp_ping received 96 bytes back
Round trip time was 24.7609 milliseconds in repetition 275
tcp_ping received 96 bytes back
Round trip time was 25.2557 milliseconds in repetition 276
tcp_ping received 96 bytes back
Round trip time was 29.0705 milliseconds in repetition 277
tcp_ping received 96 bytes back
Round trip time was 25.4388 milliseconds in repetition 278
tcp_ping received 96 bytes back
Round trip time was 25.2555 milliseconds in repetition 279
tcp_ping received 96 bytes back
Round trip time was 25.2329 milliseconds in repetition 280
tcp_ping received 96 bytes back
Round trip time was 24.9736 milliseconds in repetition 281
tcp_ping received 96 bytes back
Round trip time was 25.2533 milliseconds in repetition 282
tcp_ping received 96 bytes back
Round trip time was 25.7567 milliseconds in repetition 283
tcp_ping received 96 bytes back
Round trip time was 27.9727 milliseconds in repetition 284
tcp_ping received 96 bytes back
Round trip time was 25.1969 milliseconds in repetition 285
tcp_ping received 96 bytes back
Round trip time was 24.9736 milliseconds in repetition 286
tcp_ping received 96 bytes back
Round trip time was 25.51 milliseconds in repetition 287
tcp_ping received 96 bytes back
Round trip time was 25.5061 milliseconds in repetition 288
tcp_ping received 96 bytes back
Round trip time was 24.8585 milliseconds in repetition 289
tcp_ping received 96 bytes back
Round trip time was 24.9491 milliseconds in repetition 290
tcp_ping received 96 bytes back
Round trip time was 25.3861 milliseconds in repetition 291
tcp_ping received 96 bytes back
Round trip time was 25.1112 milliseconds in repetition 292
tcp_ping received 96 bytes back
Round trip time was 24.8964 milliseconds in repetition 293
tcp_ping received 96 bytes back
Round trip time was 25.2435 milliseconds in repetition 294
tcp_ping received 96 bytes back
Round trip time was 25.4864 milliseconds in repetition 295
tcp_ping received 96 bytes back
Round trip time was 24.873 milliseconds in repetition 296
tcp_ping received 96 bytes back
Round trip time was 25.376 milliseconds in repetition 297
tcp_ping received 96 bytes back
Round trip time was 25.3215 milliseconds in repetition 298
tcp_ping received 96 bytes back
Round trip time was 25.1561 milliseconds in repetition 299
tcp_ping received 96 bytes back
Round trip time was 25.5532 milliseconds in repetition 300
tcp_ping received 96 bytes back
Round trip time was 24.7722 milliseconds in repetition 301
tcp_ping received 96 bytes back
Round trip time was 24.6656 milliseconds in repetition 302
tcp_ping received 96 bytes back
Round trip time was 25.3505 milliseconds in repetition 303
tcp_ping received 96 bytes back
Round trip time was 24.9917 milliseconds in repetition 304
tcp_ping received 96 bytes back
Round trip time was 25.5493 milliseconds in repetition 305
tcp_ping received 96 bytes back
Round trip time was 24.9368 milliseconds in repetition 306
tcp_ping received 96 bytes back
Round trip time was 25.2711 milliseconds in repetition 307
tcp_ping received 96 bytes back
Round trip time was 25.1147 milliseconds in repetition 308
tcp_ping received 96 bytes back
Round trip time was 25.3352 milliseconds in repetition 309
tcp_ping received 96 bytes back
Round trip time was 24.9376 milliseconds in repetition 310
tcp_ping received 96 bytes back
Round trip time was 25.502 milliseconds in repetition 311
tcp_ping received 96 bytes back
Round trip time was 24.7809 milliseconds in repetition 312
tcp_ping received 96 bytes back
Round trip time was 41.4816 milliseconds in repetition 313
tcp_ping received 96 bytes back
Round trip time was 24.982 milliseconds in repetition 314
tcp_ping received 96 bytes back
Round trip time was 26.5169 milliseconds in repetition 315
tcp_ping received 96 bytes back
Round trip time was 24.8113 milliseconds in repetition 316
tcp_ping received 96 bytes back
Round trip time was 46.6251 milliseconds in repetition 317
tcp_ping received 96 bytes back
Round trip time was 74.2569 milliseconds in repetition 318
tcp_ping received 96 bytes back
Round trip time was 30.734 milliseconds in repetition 319
tcp_ping received 96 bytes back
Round trip time was 24.7571 milliseconds in repetition 320
tcp_ping received 96 bytes back
Round trip time was 24.7105 milliseconds in repetition 321
tcp_ping received 96 bytes back
Round trip time was 24.7554 milliseconds in repetition 322
tcp_ping received 96 bytes back
Round trip time was 25.2545 milliseconds in repetition 323
tcp_ping received 96 bytes back
Round trip time was 24.9802 milliseconds in repetition 324
tcp_ping received 96 bytes back
Round trip time was 25.0348 milliseconds in repetition 325
tcp_ping received 96 bytes back
Round trip time was 24.9744 milliseconds in repetition 326
tcp_ping received 96 bytes back
Round trip time was 26.2472 milliseconds in repetition 327
tcp_ping received 96 bytes back
Round trip time was 24.5084 milliseconds in repetition 328
tcp_ping received 96 bytes back
Round trip time was 24.9592 milliseconds in repetition 329
tcp_ping received 96 bytes back
Round trip time was 24.7584 milliseconds in repetition 330
tcp_ping received 96 bytes back
Round trip time was 25.2744 milliseconds in repetition 331
tcp_ping received 96 bytes back
Round trip time was 25.2299 milliseconds in repetition 332
tcp_ping received 96 bytes back
Round trip time was 24.5083 milliseconds in repetition 333
tcp_ping received 96 bytes back
Round trip time was 24.9813 milliseconds in repetition 334
tcp_ping received 96 bytes back
Round trip time was 24.7566 milliseconds in repetition 335
tcp_ping received 96 bytes back
Round trip time was 24.9805 milliseconds in repetition 336
tcp_ping received 96 bytes back
Round trip time was 24.9788 milliseconds in repetition 337
tcp_ping received 96 bytes back
Round trip time was 25.0235 milliseconds in repetition 338
tcp_ping received 96 bytes back
Round trip time was 25.709 milliseconds in repetition 339
tcp_ping received 96 bytes back
Round trip time was 25.2302 milliseconds in repetition 340
tcp_ping received 96 bytes back
Round trip time was 25.2542 milliseconds in repetition 341
tcp_ping received 96 bytes back
Round trip time was 25.2548 milliseconds in repetition 342
tcp_ping received 96 bytes back
Round trip time was 25.2617 milliseconds in repetition 343
tcp_ping received 96 bytes back
Round trip time was 24.7813 milliseconds in repetition 344
tcp_ping received 96 bytes back
Round trip time was 25.2284 milliseconds in repetition 345
tcp_ping received 96 bytes back
Round trip time was 24.6615 milliseconds in repetition 346
tcp_ping received 96 bytes back
Round trip time was 25.6004 milliseconds in repetition 347
tcp_ping received 96 bytes back
Round trip time was 25.233 milliseconds in repetition 348
tcp_ping received 96 bytes back
Round trip time was 25.1631 milliseconds in repetition 349
tcp_ping received 96 bytes back
Round trip time was 25.5057 milliseconds in repetition 350
tcp_ping received 96 bytes back
Round trip time was 25.4499 milliseconds in repetition 351
tcp_ping received 96 bytes back
Round trip time was 25.1264 milliseconds in repetition 352
tcp_ping received 96 bytes back
Round trip time was 25.6217 milliseconds in repetition 353
tcp_ping received 96 bytes back
Round trip time was 25.3014 milliseconds in repetition 354
tcp_ping received 96 bytes back
Round trip time was 25.0404 milliseconds in repetition 355
tcp_ping received 96 bytes back
Round trip time was 24.4815 milliseconds in repetition 356
tcp_ping received 96 bytes back
Round trip time was 25.1905 milliseconds in repetition 357
tcp_ping received 96 bytes back
Round trip time was 25.2933 milliseconds in repetition 358
tcp_ping received 96 bytes back
Round trip time was 24.9795 milliseconds in repetition 359
tcp_ping received 96 bytes back
Round trip time was 24.9793 milliseconds in repetition 360
tcp_ping received 96 bytes back
Round trip time was 24.9935 milliseconds in repetition 361
tcp_ping received 96 bytes back
Round trip time was 25.2069 milliseconds in repetition 362
tcp_ping received 96 bytes back
Round trip time was 24.5938 milliseconds in repetition 363
tcp_ping received 96 bytes back
Round trip time was 26.6838 milliseconds in repetition 364
tcp_ping received 96 bytes back
Round trip time was 25.244 milliseconds in repetition 365
tcp_ping received 96 bytes back
Round trip time was 24.9563 milliseconds in repetition 366
tcp_ping received 96 bytes back
Round trip time was 24.7822 milliseconds in repetition 367
tcp_ping received 96 bytes back
Round trip time was 25.2292 milliseconds in repetition 368
tcp_ping received 96 bytes back
Round trip time was 25.2534 milliseconds in repetition 369
tcp_ping received 96 bytes back
Round trip time was 25.2382 milliseconds in repetition 370
tcp_ping received 96 bytes back
Round trip time was 25.2639 milliseconds in repetition 371
tcp_ping received 96 bytes back
Round trip time was 30.7241 milliseconds in repetition 372
tcp_ping received 96 bytes back
Round trip time was 24.7554 milliseconds in repetition 373
tcp_ping received 96 bytes back
Round trip time was 24.4865 milliseconds in repetition 374
tcp_ping received 96 bytes back
Round trip time was 25.0003 milliseconds in repetition 375
tcp_ping received 96 bytes back
Round trip time was 26.241 milliseconds in repetition 376
tcp_ping received 96 bytes back
Round trip time was 25.7226 milliseconds in repetition 377
tcp_ping received 96 bytes back
Round trip time was 25.0288 milliseconds in repetition 378
tcp_ping received 96 bytes back
Round trip time was 24.9822 milliseconds in repetition 379
tcp_ping received 96 bytes back
Round trip time was 25.2459 milliseconds in repetition 380
tcp_ping received 96 bytes back
Round trip time was 32.7397 milliseconds in repetition 381
tcp_ping received 96 bytes back
Round trip time was 25.2568 milliseconds in repetition 382
tcp_ping received 96 bytes back
Round trip time was 24.4763 milliseconds in repetition 383
tcp_ping received 96 bytes back
Round trip time was 24.9772 milliseconds in repetition 384
tcp_ping received 96 bytes back
Round trip time was 24.978 milliseconds in repetition 385
tcp_ping received 96 bytes back
Round trip time was 25.5016 milliseconds in repetition 386
tcp_ping received 96 bytes back
Round trip time was 24.7767 milliseconds in repetition 387
tcp_ping received 96 bytes back
Round trip time was 24.9578 milliseconds in repetition 388
tcp_ping received 96 bytes back
Round trip time was 25.5312 milliseconds in repetition 389
tcp_ping received 96 bytes back
Round trip time was 24.952 milliseconds in repetition 390
tcp_ping received 96 bytes back
Round trip time was 25.4974 milliseconds in repetition 391
tcp_ping received 96 bytes back
Round trip time was 24.5125 milliseconds in repetition 392
tcp_ping received 96 bytes back
Round trip time was 25.2178 milliseconds in repetition 393
tcp_ping received 96 bytes back
Round trip time was 25.7097 milliseconds in repetition 394
tcp_ping received 96 bytes back
Round trip time was 25.2523 milliseconds in repetition 395
tcp_ping received 96 bytes back
Round trip time was 24.7592 milliseconds in repetition 396
tcp_ping received 96 bytes back
Round trip time was 25.252 milliseconds in repetition 397
tcp_ping received 96 bytes back
Round trip time was 24.5114 milliseconds in repetition 398
tcp_ping received 96 bytes back
Round trip time was 25.2359 milliseconds in repetition 399
tcp_ping received 96 bytes back
Round trip time was 24.9659 milliseconds in repetition 400
tcp_ping received 96 bytes back
Round trip time was 24.7568 milliseconds in repetition 401
tcp_ping received 96 bytes back
Round trip time was 25.2555 milliseconds in repetition 402
tcp_ping received 96 bytes back
Round trip time was 24.5117 milliseconds in repetition 403
tcp_ping received 96 bytes back
Round trip time was 25.2571 milliseconds in repetition 404
tcp_ping received 96 bytes back
Round trip time was 24.9814 milliseconds in repetition 405
tcp_ping received 96 bytes back
Round trip time was 24.7185 milliseconds in repetition 406
tcp_ping received 96 bytes back
Round trip time was 25.2517 milliseconds in repetition 407
tcp_ping received 96 bytes back
Round trip time was 24.982 milliseconds in repetition 408
tcp_ping received 96 bytes back
Round trip time was 27.498 milliseconds in repetition 409
tcp_ping received 96 bytes back
Round trip time was 24.906 milliseconds in repetition 410
tcp_ping received 96 bytes back
Round trip time was 24.5982 milliseconds in repetition 411
tcp_ping received 96 bytes back
Round trip time was 25.4278 milliseconds in repetition 412
tcp_ping received 96 bytes back
Round trip time was 24.8294 milliseconds in repetition 413
tcp_ping received 96 bytes back
Round trip time was 24.9088 milliseconds in repetition 414
tcp_ping received 96 bytes back
Round trip time was 25.565 milliseconds in repetition 415
tcp_ping received 96 bytes back
Round trip time was 24.7765 milliseconds in repetition 416
tcp_ping received 96 bytes back
Round trip time was 25.8461 milliseconds in repetition 417
tcp_ping received 96 bytes back
Round trip time was 25.41 milliseconds in repetition 418
tcp_ping received 96 bytes back
Round trip time was 25.1665 milliseconds in repetition 419
tcp_ping received 96 bytes back
Round trip time was 25.4352 milliseconds in repetition 420
tcp_ping received 96 bytes back
Round trip time was 25.2225 milliseconds in repetition 421
tcp_ping received 96 bytes back
Round trip time was 25.7382 milliseconds in repetition 422
tcp_ping received 96 bytes back
Round trip time was 25.2392 milliseconds in repetition 423
tcp_ping received 96 bytes back
Round trip time was 25.0352 milliseconds in repetition 424
tcp_ping received 96 bytes back
Round trip time was 24.9895 milliseconds in repetition 425
tcp_ping received 96 bytes back
Round trip time was 25.6008 milliseconds in repetition 426
tcp_ping received 96 bytes back
Round trip time was 25.2072 milliseconds in repetition 427
tcp_ping received 96 bytes back
Round trip time was 25.1912 milliseconds in repetition 428
tcp_ping received 96 bytes back
Round trip time was 25.0604 milliseconds in repetition 429
tcp_ping received 96 bytes back
Round trip time was 25.2769 milliseconds in repetition 430
tcp_ping received 96 bytes back
Round trip time was 24.6834 milliseconds in repetition 431
tcp_ping received 96 bytes back
Round trip time was 25.0237 milliseconds in repetition 432
tcp_ping received 96 bytes back
Round trip time was 24.9799 milliseconds in repetition 433
tcp_ping received 96 bytes back
Round trip time was 24.7549 milliseconds in repetition 434
tcp_ping received 96 bytes back
Round trip time was 25.2604 milliseconds in repetition 435
tcp_ping received 96 bytes back
Round trip time was 24.7087 milliseconds in repetition 436
tcp_ping received 96 bytes back
Round trip time was 25.0164 milliseconds in repetition 437
tcp_ping received 96 bytes back
Round trip time was 24.9764 milliseconds in repetition 438
tcp_ping received 96 bytes back
Round trip time was 24.7576 milliseconds in repetition 439
tcp_ping received 96 bytes back
Round trip time was 24.9741 milliseconds in repetition 440
tcp_ping received 96 bytes back
Round trip time was 25.2538 milliseconds in repetition 441
tcp_ping received 96 bytes back
Round trip time was 24.7371 milliseconds in repetition 442
tcp_ping received 96 bytes back
Round trip time was 24.9819 milliseconds in repetition 443
tcp_ping received 96 bytes back
Round trip time was 24.7581 milliseconds in repetition 444
tcp_ping received 96 bytes back
Round trip time was 24.9836 milliseconds in repetition 445
tcp_ping received 96 bytes back
Round trip time was 25.2555 milliseconds in repetition 446
tcp_ping received 96 bytes back
Round trip time was 24.4884 milliseconds in repetition 447
tcp_ping received 96 bytes back
Round trip time was 25.0107 milliseconds in repetition 448
tcp_ping received 96 bytes back
Round trip time was 25.3974 milliseconds in repetition 449
tcp_ping received 96 bytes back
Round trip time was 25.081 milliseconds in repetition 450
tcp_ping received 96 bytes back
Round trip time was 25.2685 milliseconds in repetition 451
tcp_ping received 96 bytes back
Round trip time was 24.7073 milliseconds in repetition 452
tcp_ping received 96 bytes back
Round trip time was 26.0885 milliseconds in repetition 453
tcp_ping received 96 bytes back
Round trip time was 25.3332 milliseconds in repetition 454
tcp_ping received 96 bytes back
Round trip time was 25.0591 milliseconds in repetition 455
tcp_ping received 96 bytes back
Round trip time was 24.7826 milliseconds in repetition 456
tcp_ping received 96 bytes back
Round trip time was 25.2289 milliseconds in repetition 457
tcp_ping received 96 bytes back
Round trip time was 24.9834 milliseconds in repetition 458
tcp_ping received 96 bytes back
Round trip time was 28.2296 milliseconds in repetition 459
tcp_ping received 96 bytes back
Round trip time was 25.0271 milliseconds in repetition 460
tcp_ping received 96 bytes back
Round trip time was 24.7076 milliseconds in repetition 461
tcp_ping received 96 bytes back
Round trip time was 25.017 milliseconds in repetition 462
tcp_ping received 96 bytes back
Round trip time was 24.5021 milliseconds in repetition 463
tcp_ping received 96 bytes back
Round trip time was 24.969 milliseconds in repetition 464
tcp_ping received 96 bytes back
Round trip time was 24.4735 milliseconds in repetition 465
tcp_ping received 96 bytes back
Round trip time was 25.7254 milliseconds in repetition 466
tcp_ping received 96 bytes back
Round trip time was 26.5214 milliseconds in repetition 467
tcp_ping received 96 bytes back
Round trip time was 24.9803 milliseconds in repetition 468
tcp_ping received 96 bytes back
Round trip time was 24.7825 milliseconds in repetition 469
tcp_ping received 96 bytes back
Round trip time was 25.2339 milliseconds in repetition 470
tcp_ping received 96 bytes back
Round trip time was 25.2562 milliseconds in repetition 471
tcp_ping received 96 bytes back
Round trip time was 25.2307 milliseconds in repetition 472
tcp_ping received 96 bytes back
Round trip time was 24.5099 milliseconds in repetition 473
tcp_ping received 96 bytes back
Round trip time was 24.7087 milliseconds in repetition 474
tcp_ping received 96 bytes back
Round trip time was 25.0353 milliseconds in repetition 475
tcp_ping received 96 bytes back
Round trip time was 24.9879 milliseconds in repetition 476
tcp_ping received 96 bytes back
Round trip time was 24.9754 milliseconds in repetition 477
tcp_ping received 96 bytes back
Round trip time was 24.7776 milliseconds in repetition 478
tcp_ping received 96 bytes back
Round trip time was 24.9808 milliseconds in repetition 479
tcp_ping received 96 bytes back
Round trip time was 25.0303 milliseconds in repetition 480
tcp_ping received 96 bytes back
Round trip time was 24.9788 milliseconds in repetition 481
tcp_ping received 96 bytes back
Round trip time was 25.241 milliseconds in repetition 482
tcp_ping received 96 bytes back
Round trip time was 25.2336 milliseconds in repetition 483
tcp_ping received 96 bytes back
Round trip time was 24.7633 milliseconds in repetition 484
tcp_ping received 96 bytes back
Round trip time was 25.2331 milliseconds in repetition 485
tcp_ping received 96 bytes back
Round trip time was 25.2407 milliseconds in repetition 486
tcp_ping received 96 bytes back
Round trip time was 24.9758 milliseconds in repetition 487
tcp_ping received 96 bytes back
Round trip time was 24.7589 milliseconds in repetition 488
tcp_ping received 96 bytes back
Round trip time was 24.9811 milliseconds in repetition 489
tcp_ping received 96 bytes back
Round trip time was 24.7581 milliseconds in repetition 490
tcp_ping received 96 bytes back
Round trip time was 25.2549 milliseconds in repetition 491
tcp_ping received 96 bytes back
Round trip time was 24.985 milliseconds in repetition 492
tcp_ping received 96 bytes back
Round trip time was 24.7591 milliseconds in repetition 493
tcp_ping received 96 bytes back
Round trip time was 25.0008 milliseconds in repetition 494
tcp_ping received 96 bytes back
Round trip time was 24.9675 milliseconds in repetition 495
tcp_ping received 96 bytes back
Round trip time was 28.7174 milliseconds in repetition 496
tcp_ping received 96 bytes back
Round trip time was 24.9791 milliseconds in repetition 497
tcp_ping received 96 bytes back
Round trip time was 25.0328 milliseconds in repetition 498
tcp_ping received 96 bytes back
Round trip time was 24.9701 milliseconds in repetition 499
tcp_ping received 96 bytes back
Round trip time was 24.9774 milliseconds in repetition 500
tcp_ping received 96 bytes back
Round trip time was 25.0245 milliseconds in repetition 501

 ... clock resolution was 1e-06
TCP Ping:  Statistics over 501 repetitions of 96 byte messages

RTT : percentile 10: 24.7511, median: 25.0352, percentile 90: 25.8461, average: 25.4055, variance: 6.8251

RTT histogram:
24.4689 443
26.9583 47
29.4477 4
31.9371 4
34.4265 0
36.9159 0
39.4053 0
41.8947 1
44.3841 0
46.8735 1
49.3629 0
51.8523 0
54.3417 0
56.8311 0
59.3205 0
61.8099 0
64.2993 0
66.7887 0
69.2781 0
71.7675 0
74.2569 1

   median Throughput : 7.6692 KB/s   overall Throughput : 7.55741 KB/s

