TCP Ping trying to connect to server 192.168.1.51 (192.168.1.51) on port 1491
 ... connected to Pong server: asking for 501 repetitions of 65536 bytes TCP messages
 ... Pong server agreed :-)
tcp_ping received 65536 bytes back
Round trip time was 14.7167 milliseconds in repetition 1
tcp_ping received 65536 bytes back
Round trip time was 10.1829 milliseconds in repetition 2
tcp_ping received 65536 bytes back
Round trip time was 8.35498 milliseconds in repetition 3
tcp_ping received 65536 bytes back
Round trip time was 8.54861 milliseconds in repetition 4
tcp_ping received 65536 bytes back
Round trip time was 7.95116 milliseconds in repetition 5
tcp_ping received 65536 bytes back
Round trip time was 8.71878 milliseconds in repetition 6
tcp_ping received 65536 bytes back
Round trip time was 7.59053 milliseconds in repetition 7
tcp_ping received 65536 bytes back
Round trip time was 9.08409 milliseconds in repetition 8
tcp_ping received 65536 bytes back
Round trip time was 8.91616 milliseconds in repetition 9
tcp_ping received 65536 bytes back
Round trip time was 7.92615 milliseconds in repetition 10
tcp_ping received 65536 bytes back
Round trip time was 8.8707 milliseconds in repetition 11
tcp_ping received 65536 bytes back
Round trip time was 7.89343 milliseconds in repetition 12
tcp_ping received 65536 bytes back
Round trip time was 8.12149 milliseconds in repetition 13
tcp_ping received 65536 bytes back
Round trip time was 8.47382 milliseconds in repetition 14
tcp_ping received 65536 bytes back
Round trip time was 7.84959 milliseconds in repetition 15
tcp_ping received 65536 bytes back
Round trip time was 8.43257 milliseconds in repetition 16
tcp_ping received 65536 bytes back
Round trip time was 7.0174 milliseconds in repetition 17
tcp_ping received 65536 bytes back
Round trip time was 8.90067 milliseconds in repetition 18
tcp_ping received 65536 bytes back
Round trip time was 8.1162 milliseconds in repetition 19
tcp_ping received 65536 bytes back
Round trip time was 8.19516 milliseconds in repetition 20
tcp_ping received 65536 bytes back
Round trip time was 8.28569 milliseconds in repetition 21
tcp_ping received 65536 bytes back
Round trip time was 7.53429 milliseconds in repetition 22
tcp_ping received 65536 bytes back
Round trip time was 7.61171 milliseconds in repetition 23
tcp_ping received 65536 bytes back
Round trip time was 9.09434 milliseconds in repetition 24
tcp_ping received 65536 bytes back
Round trip time was 8.17788 milliseconds in repetition 25
tcp_ping received 65536 bytes back
Round trip time was 8.38897 milliseconds in repetition 26
tcp_ping received 65536 bytes back
Round trip time was 8.34599 milliseconds in repetition 27
tcp_ping received 65536 bytes back
Round trip time was 8.30358 milliseconds in repetition 28
tcp_ping received 65536 bytes back
Round trip time was 7.8779 milliseconds in repetition 29
tcp_ping received 65536 bytes back
Round trip time was 7.52857 milliseconds in repetition 30
tcp_ping received 65536 bytes back
Round trip time was 8.31866 milliseconds in repetition 31
tcp_ping received 65536 bytes back
Round trip time was 8.06353 milliseconds in repetition 32
tcp_ping received 65536 bytes back
Round trip time was 7.83163 milliseconds in repetition 33
tcp_ping received 65536 bytes back
Round trip time was 7.6082 milliseconds in repetition 34
tcp_ping received 65536 bytes back
Round trip time was 7.26083 milliseconds in repetition 35
tcp_ping received 65536 bytes back
Round trip time was 8.18052 milliseconds in repetition 36
tcp_ping received 65536 bytes back
Round trip time was 8.57298 milliseconds in repetition 37
tcp_ping received 65536 bytes back
Round trip time was 8.12084 milliseconds in repetition 38
tcp_ping received 65536 bytes back
Round trip time was 8.72717 milliseconds in repetition 39
tcp_ping received 65536 bytes back
Round trip time was 7.47652 milliseconds in repetition 40
tcp_ping received 65536 bytes back
Round trip time was 7.80323 milliseconds in repetition 41
tcp_ping received 65536 bytes back
Round trip time was 8.53325 milliseconds in repetition 42
tcp_ping received 65536 bytes back
Round trip time was 7.37261 milliseconds in repetition 43
tcp_ping received 65536 bytes back
Round trip time was 8.66351 milliseconds in repetition 44
tcp_ping received 65536 bytes back
Round trip time was 8.57541 milliseconds in repetition 45
tcp_ping received 65536 bytes back
Round trip time was 7.4911 milliseconds in repetition 46
tcp_ping received 65536 bytes back
Round trip time was 9.54534 milliseconds in repetition 47
tcp_ping received 65536 bytes back
Round trip time was 7.87131 milliseconds in repetition 48
tcp_ping received 65536 bytes back
Round trip time was 7.62891 milliseconds in repetition 49
tcp_ping received 65536 bytes back
Round trip time was 6.9534 milliseconds in repetition 50
tcp_ping received 65536 bytes back
Round trip time was 6.93564 milliseconds in repetition 51
tcp_ping received 65536 bytes back
Round trip time was 7.08762 milliseconds in repetition 52
tcp_ping received 65536 bytes back
Round trip time was 7.48509 milliseconds in repetition 53
tcp_ping received 65536 bytes back
Round trip time was 7.58052 milliseconds in repetition 54
tcp_ping received 65536 bytes back
Round trip time was 7.02606 milliseconds in repetition 55
tcp_ping received 65536 bytes back
Round trip time was 6.66509 milliseconds in repetition 56
tcp_ping received 65536 bytes back
Round trip time was 7.10665 milliseconds in repetition 57
tcp_ping received 65536 bytes back
Round trip time was 7.10821 milliseconds in repetition 58
tcp_ping received 65536 bytes back
Round trip time was 6.9843 milliseconds in repetition 59
tcp_ping received 65536 bytes back
Round trip time was 7.11576 milliseconds in repetition 60
tcp_ping received 65536 bytes back
Round trip time was 6.94903 milliseconds in repetition 61
tcp_ping received 65536 bytes back
Round trip time was 6.90198 milliseconds in repetition 62
tcp_ping received 65536 bytes back
Round trip time was 7.96309 milliseconds in repetition 63
tcp_ping received 65536 bytes back
Round trip time was 7.51821 milliseconds in repetition 64
tcp_ping received 65536 bytes back
Round trip time was 6.87641 milliseconds in repetition 65
tcp_ping received 65536 bytes back
Round trip time was 7.14733 milliseconds in repetition 66
tcp_ping received 65536 bytes back
Round trip time was 7.08817 milliseconds in repetition 67
tcp_ping received 65536 bytes back
Round trip time was 7.47752 milliseconds in repetition 68
tcp_ping received 65536 bytes back
Round trip time was 6.76628 milliseconds in repetition 69
tcp_ping received 65536 bytes back
Round trip time was 7.19121 milliseconds in repetition 70
tcp_ping received 65536 bytes back
Round trip time was 8.02123 milliseconds in repetition 71
tcp_ping received 65536 bytes back
Round trip time was 7.04165 milliseconds in repetition 72
tcp_ping received 65536 bytes back
Round trip time was 6.92626 milliseconds in repetition 73
tcp_ping received 65536 bytes back
Round trip time was 7.21831 milliseconds in repetition 74
tcp_ping received 65536 bytes back
Round trip time was 7.80502 milliseconds in repetition 75
tcp_ping received 65536 bytes back
Round trip time was 6.81295 milliseconds in repetition 76
tcp_ping received 65536 bytes back
Round trip time was 7.23715 milliseconds in repetition 77
tcp_ping received 65536 bytes back
Round trip time was 6.76334 milliseconds in repetition 78
tcp_ping received 65536 bytes back
Round trip time was 6.71756 milliseconds in repetition 79
tcp_ping received 65536 bytes back
Round trip time was 6.66261 milliseconds in repetition 80
tcp_ping received 65536 bytes back
Round trip time was 6.78375 milliseconds in repetition 81
tcp_ping received 65536 bytes back
Round trip time was 7.37172 milliseconds in repetition 82
tcp_ping received 65536 bytes back
Round trip time was 7.58768 milliseconds in repetition 83
tcp_ping received 65536 bytes back
Round trip time was 7.04478 milliseconds in repetition 84
tcp_ping received 65536 bytes back
Round trip time was 7.85296 milliseconds in repetition 85
tcp_ping received 65536 bytes back
Round trip time was 7.264 milliseconds in repetition 86
tcp_ping received 65536 bytes back
Round trip time was 7.61516 milliseconds in repetition 87
tcp_ping received 65536 bytes back
Round trip time was 7.4092 milliseconds in repetition 88
tcp_ping received 65536 bytes back
Round trip time was 9.25366 milliseconds in repetition 89
tcp_ping received 65536 bytes back
Round trip time was 7.96183 milliseconds in repetition 90
tcp_ping received 65536 bytes back
Round trip time was 8.19783 milliseconds in repetition 91
tcp_ping received 65536 bytes back
Round trip time was 8.18958 milliseconds in repetition 92
tcp_ping received 65536 bytes back
Round trip time was 8.22259 milliseconds in repetition 93
tcp_ping received 65536 bytes back
Round trip time was 7.85114 milliseconds in repetition 94
tcp_ping received 65536 bytes back
Round trip time was 8.36619 milliseconds in repetition 95
tcp_ping received 65536 bytes back
Round trip time was 7.77826 milliseconds in repetition 96
tcp_ping received 65536 bytes back
Round trip time was 8.87444 milliseconds in repetition 97
tcp_ping received 65536 bytes back
Round trip time was 9.03557 milliseconds in repetition 98
tcp_ping received 65536 bytes back
Round trip time was 8.62518 milliseconds in repetition 99
tcp_ping received 65536 bytes back
Round trip time was 8.75554 milliseconds in repetition 100
tcp_ping received 65536 bytes back
Round trip time was 8.06917 milliseconds in repetition 101
tcp_ping received 65536 bytes back
Round trip time was 6.98792 milliseconds in repetition 102
tcp_ping received 65536 bytes back
Round trip time was 7.55567 milliseconds in repetition 103
tcp_ping received 65536 bytes back
Round trip time was 7.36334 milliseconds in repetition 104
tcp_ping received 65536 bytes back
Round trip time was 7.76515 milliseconds in repetition 105
tcp_ping received 65536 bytes back
Round trip time was 7.56235 milliseconds in repetition 106
tcp_ping received 65536 bytes back
Round trip time was 6.96898 milliseconds in repetition 107
tcp_ping received 65536 bytes back
Round trip time was 6.631 milliseconds in repetition 108
tcp_ping received 65536 bytes back
Round trip time was 7.36073 milliseconds in repetition 109
tcp_ping received 65536 bytes back
Round trip time was 6.9612 milliseconds in repetition 110
tcp_ping received 65536 bytes back
Round trip time was 6.7935 milliseconds in repetition 111
tcp_ping received 65536 bytes back
Round trip time was 7.5275 milliseconds in repetition 112
tcp_ping received 65536 bytes back
Round trip time was 6.90723 milliseconds in repetition 113
tcp_ping received 65536 bytes back
Round trip time was 6.55856 milliseconds in repetition 114
tcp_ping received 65536 bytes back
Round trip time was 6.85689 milliseconds in repetition 115
tcp_ping received 65536 bytes back
Round trip time was 7.19105 milliseconds in repetition 116
tcp_ping received 65536 bytes back
Round trip time was 7.6445 milliseconds in repetition 117
tcp_ping received 65536 bytes back
Round trip time was 7.03721 milliseconds in repetition 118
tcp_ping received 65536 bytes back
Round trip time was 6.9585 milliseconds in repetition 119
tcp_ping received 65536 bytes back
Round trip time was 7.59262 milliseconds in repetition 120
tcp_ping received 65536 bytes back
Round trip time was 6.85116 milliseconds in repetition 121
tcp_ping received 65536 bytes back
Round trip time was 8.18676 milliseconds in repetition 122
tcp_ping received 65536 bytes back
Round trip time was 7.76577 milliseconds in repetition 123
tcp_ping received 65536 bytes back
Round trip time was 6.82803 milliseconds in repetition 124
tcp_ping received 65536 bytes back
Round trip time was 7.9517 milliseconds in repetition 125
tcp_ping received 65536 bytes back
Round trip time was 7.64153 milliseconds in repetition 126
tcp_ping received 65536 bytes back
Round trip time was 7.02363 milliseconds in repetition 127
tcp_ping received 65536 bytes back
Round trip time was 7.40691 milliseconds in repetition 128
tcp_ping received 65536 bytes back
Round trip time was 7.36721 milliseconds in repetition 129
tcp_ping received 65536 bytes back
Round trip time was 7.0351 milliseconds in repetition 130
tcp_ping received 65536 bytes back
Round trip time was 7.59069 milliseconds in repetition 131
tcp_ping received 65536 bytes back
Round trip time was 6.98661 milliseconds in repetition 132
tcp_ping received 65536 bytes back
Round trip time was 7.04232 milliseconds in repetition 133
tcp_ping received 65536 bytes back
Round trip time was 7.17212 milliseconds in repetition 134
tcp_ping received 65536 bytes back
Round trip time was 7.6763 milliseconds in repetition 135
tcp_ping received 65536 bytes back
Round trip time was 6.62711 milliseconds in repetition 136
tcp_ping received 65536 bytes back
Round trip time was 7.13044 milliseconds in repetition 137
tcp_ping received 65536 bytes back
Round trip time was 8.86393 milliseconds in repetition 138
tcp_ping received 65536 bytes back
Round trip time was 7.79653 milliseconds in repetition 139
tcp_ping received 65536 bytes back
Round trip time was 7.23867 milliseconds in repetition 140
tcp_ping received 65536 bytes back
Round trip time was 7.91913 milliseconds in repetition 141
tcp_ping received 65536 bytes back
Round trip time was 6.82495 milliseconds in repetition 142
tcp_ping received 65536 bytes back
Round trip time was 6.93267 milliseconds in repetition 143
tcp_ping received 65536 bytes back
Round trip time was 7.66986 milliseconds in repetition 144
tcp_ping received 65536 bytes back
Round trip time was 7.58418 milliseconds in repetition 145
tcp_ping received 65536 bytes back
Round trip time was 7.51535 milliseconds in repetition 146
tcp_ping received 65536 bytes back
Round trip time was 7.4514 milliseconds in repetition 147
tcp_ping received 65536 bytes back
Round trip time was 7.25474 milliseconds in repetition 148
tcp_ping received 65536 bytes back
Round trip time was 7.53879 milliseconds in repetition 149
tcp_ping received 65536 bytes back
Round trip time was 7.08797 milliseconds in repetition 150
tcp_ping received 65536 bytes back
Round trip time was 7.17257 milliseconds in repetition 151
tcp_ping received 65536 bytes back
Round trip time was 7.1755 milliseconds in repetition 152
tcp_ping received 65536 bytes back
Round trip time was 6.75499 milliseconds in repetition 153
tcp_ping received 65536 bytes back
Round trip time was 8.50498 milliseconds in repetition 154
tcp_ping received 65536 bytes back
Round trip time was 6.75219 milliseconds in repetition 155
tcp_ping received 65536 bytes back
Round trip time was 6.85015 milliseconds in repetition 156
tcp_ping received 65536 bytes back
Round trip time was 6.64222 milliseconds in repetition 157
tcp_ping received 65536 bytes back
Round trip time was 7.72484 milliseconds in repetition 158
tcp_ping received 65536 bytes back
Round trip time was 7.45633 milliseconds in repetition 159
tcp_ping received 65536 bytes back
Round trip time was 7.21653 milliseconds in repetition 160
tcp_ping received 65536 bytes back
Round trip time was 7.11344 milliseconds in repetition 161
tcp_ping received 65536 bytes back
Round trip time was 6.99938 milliseconds in repetition 162
tcp_ping received 65536 bytes back
Round trip time was 7.4846 milliseconds in repetition 163
tcp_ping received 65536 bytes back
Round trip time was 7.34389 milliseconds in repetition 164
tcp_ping received 65536 bytes back
Round trip time was 7.35586 milliseconds in repetition 165
tcp_ping received 65536 bytes back
Round trip time was 6.89236 milliseconds in repetition 166
tcp_ping received 65536 bytes back
Round trip time was 7.02451 milliseconds in repetition 167
tcp_ping received 65536 bytes back
Round trip time was 7.80398 milliseconds in repetition 168
tcp_ping received 65536 bytes back
Round trip time was 6.95956 milliseconds in repetition 169
tcp_ping received 65536 bytes back
Round trip time was 6.98029 milliseconds in repetition 170
tcp_ping received 65536 bytes back
Round trip time was 7.29669 milliseconds in repetition 171
tcp_ping received 65536 bytes back
Round trip time was 7.29955 milliseconds in repetition 172
tcp_ping received 65536 bytes back
Round trip time was 7.58424 milliseconds in repetition 173
tcp_ping received 65536 bytes back
Round trip time was 6.86063 milliseconds in repetition 174
tcp_ping received 65536 bytes back
Round trip time was 6.7832 milliseconds in repetition 175
tcp_ping received 65536 bytes back
Round trip time was 7.15303 milliseconds in repetition 176
tcp_ping received 65536 bytes back
Round trip time was 7.12272 milliseconds in repetition 177
tcp_ping received 65536 bytes back
Round trip time was 7.05852 milliseconds in repetition 178
tcp_ping received 65536 bytes back
Round trip time was 6.78234 milliseconds in repetition 179
tcp_ping received 65536 bytes back
Round trip time was 7.5081 milliseconds in repetition 180
tcp_ping received 65536 bytes back
Round trip time was 7.19182 milliseconds in repetition 181
tcp_ping received 65536 bytes back
Round trip time was 7.63056 milliseconds in repetition 182
tcp_ping received 65536 bytes back
Round trip time was 7.0666 milliseconds in repetition 183
tcp_ping received 65536 bytes back
Round trip time was 6.60287 milliseconds in repetition 184
tcp_ping received 65536 bytes back
Round trip time was 7.06718 milliseconds in repetition 185
tcp_ping received 65536 bytes back
Round trip time was 7.72162 milliseconds in repetition 186
tcp_ping received 65536 bytes back
Round trip time was 7.83283 milliseconds in repetition 187
tcp_ping received 65536 bytes back
Round trip time was 8.36449 milliseconds in repetition 188
tcp_ping received 65536 bytes back
Round trip time was 6.97066 milliseconds in repetition 189
tcp_ping received 65536 bytes back
Round trip time was 7.83297 milliseconds in repetition 190
tcp_ping received 65536 bytes back
Round trip time was 7.04884 milliseconds in repetition 191
tcp_ping received 65536 bytes back
Round trip time was 7.46277 milliseconds in repetition 192
tcp_ping received 65536 bytes back
Round trip time was 7.3564 milliseconds in repetition 193
tcp_ping received 65536 bytes back
Round trip time was 6.51107 milliseconds in repetition 194
tcp_ping received 65536 bytes back
Round trip time was 6.89162 milliseconds in repetition 195
tcp_ping received 65536 bytes back
Round trip time was 7.44783 milliseconds in repetition 196
tcp_ping received 65536 bytes back
Round trip time was 6.92553 milliseconds in repetition 197
tcp_ping received 65536 bytes back
Round trip time was 7.07569 milliseconds in repetition 198
tcp_ping received 65536 bytes back
Round trip time was 6.978 milliseconds in repetition 199
tcp_ping received 65536 bytes back
Round trip time was 7.37197 milliseconds in repetition 200
tcp_ping received 65536 bytes back
Round trip time was 6.50201 milliseconds in repetition 201
tcp_ping received 65536 bytes back
Round trip time was 7.04765 milliseconds in repetition 202
tcp_ping received 65536 bytes back
Round trip time was 6.61357 milliseconds in repetition 203
tcp_ping received 65536 bytes back
Round trip time was 6.69067 milliseconds in repetition 204
tcp_ping received 65536 bytes back
Round trip time was 7.52205 milliseconds in repetition 205
tcp_ping received 65536 bytes back
Round trip time was 7.5066 milliseconds in repetition 206
tcp_ping received 65536 bytes back
Round trip time was 7.33178 milliseconds in repetition 207
tcp_ping received 65536 bytes back
Round trip time was 7.49476 milliseconds in repetition 208
tcp_ping received 65536 bytes back
Round trip time was 6.7751 milliseconds in repetition 209
tcp_ping received 65536 bytes back
Round trip time was 6.90985 milliseconds in repetition 210
tcp_ping received 65536 bytes back
Round trip time was 6.97545 milliseconds in repetition 211
tcp_ping received 65536 bytes back
Round trip time was 6.99263 milliseconds in repetition 212
tcp_ping received 65536 bytes back
Round trip time was 7.12735 milliseconds in repetition 213
tcp_ping received 65536 bytes back
Round trip time was 6.88299 milliseconds in repetition 214
tcp_ping received 65536 bytes back
Round trip time was 8.51067 milliseconds in repetition 215
tcp_ping received 65536 bytes back
Round trip time was 6.87229 milliseconds in repetition 216
tcp_ping received 65536 bytes back
Round trip time was 7.34667 milliseconds in repetition 217
tcp_ping received 65536 bytes back
Round trip time was 7.13457 milliseconds in repetition 218
tcp_ping received 65536 bytes back
Round trip time was 6.94566 milliseconds in repetition 219
tcp_ping received 65536 bytes back
Round trip time was 7.04378 milliseconds in repetition 220
tcp_ping received 65536 bytes back
Round trip time was 6.69603 milliseconds in repetition 221
tcp_ping received 65536 bytes back
Round trip time was 7.22439 milliseconds in repetition 222
tcp_ping received 65536 bytes back
Round trip time was 7.29664 milliseconds in repetition 223
tcp_ping received 65536 bytes back
Round trip time was 7.5863 milliseconds in repetition 224
tcp_ping received 65536 bytes back
Round trip time was 7.50381 milliseconds in repetition 225
tcp_ping received 65536 bytes back
Round trip time was 6.54545 milliseconds in repetition 226
tcp_ping received 65536 bytes back
Round trip time was 6.98858 milliseconds in repetition 227
tcp_ping received 65536 bytes back
Round trip time was 7.37634 milliseconds in repetition 228
tcp_ping received 65536 bytes back
Round trip time was 7.79788 milliseconds in repetition 229
tcp_ping received 65536 bytes back
Round trip time was 6.73067 milliseconds in repetition 230
tcp_ping received 65536 bytes back
Round trip time was 7.53211 milliseconds in repetition 231
tcp_ping received 65536 bytes back
Round trip time was 7.36334 milliseconds in repetition 232
tcp_ping received 65536 bytes back
Round trip time was 6.94797 milliseconds in repetition 233
tcp_ping received 65536 bytes back
Round trip time was 8.9411 milliseconds in repetition 234
tcp_ping received 65536 bytes back
Round trip time was 6.97652 milliseconds in repetition 235
tcp_ping received 65536 bytes back
Round trip time was 6.7049 milliseconds in repetition 236
tcp_ping received 65536 bytes back
Round trip time was 6.67263 milliseconds in repetition 237
tcp_ping received 65536 bytes back
Round trip time was 7.78655 milliseconds in repetition 238
tcp_ping received 65536 bytes back
Round trip time was 7.54577 milliseconds in repetition 239
tcp_ping received 65536 bytes back
Round trip time was 7.04876 milliseconds in repetition 240
tcp_ping received 65536 bytes back
Round trip time was 6.54344 milliseconds in repetition 241
tcp_ping received 65536 bytes back
Round trip time was 7.04677 milliseconds in repetition 242
tcp_ping received 65536 bytes back
Round trip time was 7.83923 milliseconds in repetition 243
tcp_ping received 65536 bytes back
Round trip time was 6.95855 milliseconds in repetition 244
tcp_ping received 65536 bytes back
Round trip time was 6.80343 milliseconds in repetition 245
tcp_ping received 65536 bytes back
Round trip time was 7.73669 milliseconds in repetition 246
tcp_ping received 65536 bytes back
Round trip time was 7.55088 milliseconds in repetition 247
tcp_ping received 65536 bytes back
Round trip time was 8.90082 milliseconds in repetition 248
tcp_ping received 65536 bytes back
Round trip time was 7.44769 milliseconds in repetition 249
tcp_ping received 65536 bytes back
Round trip time was 7.96732 milliseconds in repetition 250
tcp_ping received 65536 bytes back
Round trip time was 7.97221 milliseconds in repetition 251
tcp_ping received 65536 bytes back
Round trip time was 6.29298 milliseconds in repetition 252
tcp_ping received 65536 bytes back
Round trip time was 7.9059 milliseconds in repetition 253
tcp_ping received 65536 bytes back
Round trip time was 8.31781 milliseconds in repetition 254
tcp_ping received 65536 bytes back
Round trip time was 10.0691 milliseconds in repetition 255
tcp_ping received 65536 bytes back
Round trip time was 8.17609 milliseconds in repetition 256
tcp_ping received 65536 bytes back
Round trip time was 9.75005 milliseconds in repetition 257
tcp_ping received 65536 bytes back
Round trip time was 8.34227 milliseconds in repetition 258
tcp_ping received 65536 bytes back
Round trip time was 8.13761 milliseconds in repetition 259
tcp_ping received 65536 bytes back
Round trip time was 8.21062 milliseconds in repetition 260
tcp_ping received 65536 bytes back
Round trip time was 7.54876 milliseconds in repetition 261
tcp_ping received 65536 bytes back
Round trip time was 7.60008 milliseconds in repetition 262
tcp_ping received 65536 bytes back
Round trip time was 6.66596 milliseconds in repetition 263
tcp_ping received 65536 bytes back
Round trip time was 9.44879 milliseconds in repetition 264
tcp_ping received 65536 bytes back
Round trip time was 10.2727 milliseconds in repetition 265
tcp_ping received 65536 bytes back
Round trip time was 8.42557 milliseconds in repetition 266
tcp_ping received 65536 bytes back
Round trip time was 7.31871 milliseconds in repetition 267
tcp_ping received 65536 bytes back
Round trip time was 8.14079 milliseconds in repetition 268
tcp_ping received 65536 bytes back
Round trip time was 7.8644 milliseconds in repetition 269
tcp_ping received 65536 bytes back
Round trip time was 9.14623 milliseconds in repetition 270
tcp_ping received 65536 bytes back
Round trip time was 7.82691 milliseconds in repetition 271
tcp_ping received 65536 bytes back
Round trip time was 7.44136 milliseconds in repetition 272
tcp_ping received 65536 bytes back
Round trip time was 6.48765 milliseconds in repetition 273
tcp_ping received 65536 bytes back
Round trip time was 7.75165 milliseconds in repetition 274
tcp_ping received 65536 bytes back
Round trip time was 7.53798 milliseconds in repetition 275
tcp_ping received 65536 bytes back
Round trip time was 7.25884 milliseconds in repetition 276
tcp_ping received 65536 bytes back
Round trip time was 7.37924 milliseconds in repetition 277
tcp_ping received 65536 bytes back
Round trip time was 7.64153 milliseconds in repetition 278
tcp_ping received 65536 bytes back
Round trip time was 8.18748 milliseconds in repetition 279
tcp_ping received 65536 bytes back
Round trip time was 7.38656 milliseconds in repetition 280
tcp_ping received 65536 bytes back
Round trip time was 7.44677 milliseconds in repetition 281
tcp_ping received 65536 bytes back
Round trip time was 7.3072 milliseconds in repetition 282
tcp_ping received 65536 bytes back
Round trip time was 7.12423 milliseconds in repetition 283
tcp_ping received 65536 bytes back
Round trip time was 7.20568 milliseconds in repetition 284
tcp_ping received 65536 bytes back
Round trip time was 7.22949 milliseconds in repetition 285
tcp_ping received 65536 bytes back
Round trip time was 7.36141 milliseconds in repetition 286
tcp_ping received 65536 bytes back
Round trip time was 7.63418 milliseconds in repetition 287
tcp_ping received 65536 bytes back
Round trip time was 7.58192 milliseconds in repetition 288
tcp_ping received 65536 bytes back
Round trip time was 7.54594 milliseconds in repetition 289
tcp_ping received 65536 bytes back
Round trip time was 7.17133 milliseconds in repetition 290
tcp_ping received 65536 bytes back
Round trip time was 6.94788 milliseconds in repetition 291
tcp_ping received 65536 bytes back
Round trip time was 7.64293 milliseconds in repetition 292
tcp_ping received 65536 bytes back
Round trip time was 7.5048 milliseconds in repetition 293
tcp_ping received 65536 bytes back
Round trip time was 7.47164 milliseconds in repetition 294
tcp_ping received 65536 bytes back
Round trip time was 8.22293 milliseconds in repetition 295
tcp_ping received 65536 bytes back
Round trip time was 7.44684 milliseconds in repetition 296
tcp_ping received 65536 bytes back
Round trip time was 7.23267 milliseconds in repetition 297
tcp_ping received 65536 bytes back
Round trip time was 7.48515 milliseconds in repetition 298
tcp_ping received 65536 bytes back
Round trip time was 7.52689 milliseconds in repetition 299
tcp_ping received 65536 bytes back
Round trip time was 6.89215 milliseconds in repetition 300
tcp_ping received 65536 bytes back
Round trip time was 7.13809 milliseconds in repetition 301
tcp_ping received 65536 bytes back
Round trip time was 8.9838 milliseconds in repetition 302
tcp_ping received 65536 bytes back
Round trip time was 7.35824 milliseconds in repetition 303
tcp_ping received 65536 bytes back
Round trip time was 7.02784 milliseconds in repetition 304
tcp_ping received 65536 bytes back
Round trip time was 8.25863 milliseconds in repetition 305
tcp_ping received 65536 bytes back
Round trip time was 6.99775 milliseconds in repetition 306
tcp_ping received 65536 bytes back
Round trip time was 6.98087 milliseconds in repetition 307
tcp_ping received 65536 bytes back
Round trip time was 7.10091 milliseconds in repetition 308
tcp_ping received 65536 bytes back
Round trip time was 7.00314 milliseconds in repetition 309
tcp_ping received 65536 bytes back
Round trip time was 8.49861 milliseconds in repetition 310
tcp_ping received 65536 bytes back
Round trip time was 8.12675 milliseconds in repetition 311
tcp_ping received 65536 bytes back
Round trip time was 8.05674 milliseconds in repetition 312
tcp_ping received 65536 bytes back
Round trip time was 8.13084 milliseconds in repetition 313
tcp_ping received 65536 bytes back
Round trip time was 7.68513 milliseconds in repetition 314
tcp_ping received 65536 bytes back
Round trip time was 8.12356 milliseconds in repetition 315
tcp_ping received 65536 bytes back
Round trip time was 7.9788 milliseconds in repetition 316
tcp_ping received 65536 bytes back
Round trip time was 8.18933 milliseconds in repetition 317
tcp_ping received 65536 bytes back
Round trip time was 8.71046 milliseconds in repetition 318
tcp_ping received 65536 bytes back
Round trip time was 7.6497 milliseconds in repetition 319
tcp_ping received 65536 bytes back
Round trip time was 8.92274 milliseconds in repetition 320
tcp_ping received 65536 bytes back
Round trip time was 8.84224 milliseconds in repetition 321
tcp_ping received 65536 bytes back
Round trip time was 8.41937 milliseconds in repetition 322
tcp_ping received 65536 bytes back
Round trip time was 8.73352 milliseconds in repetition 323
tcp_ping received 65536 bytes back
Round trip time was 8.37627 milliseconds in repetition 324
tcp_ping received 65536 bytes back
Round trip time was 7.45786 milliseconds in repetition 325
tcp_ping received 65536 bytes back
Round trip time was 7.88542 milliseconds in repetition 326
tcp_ping received 65536 bytes back
Round trip time was 8.98133 milliseconds in repetition 327
tcp_ping received 65536 bytes back
Round trip time was 8.07341 milliseconds in repetition 328
tcp_ping received 65536 bytes back
Round trip time was 9.08737 milliseconds in repetition 329
tcp_ping received 65536 bytes back
Round trip time was 7.5951 milliseconds in repetition 330
tcp_ping received 65536 bytes back
Round trip time was 7.78956 milliseconds in repetition 331
tcp_ping received 65536 bytes back
Round trip time was 8.21625 milliseconds in repetition 332
tcp_ping received 65536 bytes back
Round trip time was 7.88646 milliseconds in repetition 333
tcp_ping received 65536 bytes back
Round trip time was 9.25641 milliseconds in repetition 334
tcp_ping received 65536 bytes back
Round trip time was 8.89243 milliseconds in repetition 335
tcp_ping received 65536 bytes back
Round trip time was 8.32662 milliseconds in repetition 336
tcp_ping received 65536 bytes back
Round trip time was 8.65033 milliseconds in repetition 337
tcp_ping received 65536 bytes back
Round trip time was 9.62284 milliseconds in repetition 338
tcp_ping received 65536 bytes back
Round trip time was 7.33993 milliseconds in repetition 339
tcp_ping received 65536 bytes back
Round trip time was 8.82081 milliseconds in repetition 340
tcp_ping received 65536 bytes back
Round trip time was 7.151 milliseconds in repetition 341
tcp_ping received 65536 bytes back
Round trip time was 7.49338 milliseconds in repetition 342
tcp_ping received 65536 bytes back
Round trip time was 8.23727 milliseconds in repetition 343
tcp_ping received 65536 bytes back
Round trip time was 8.44917 milliseconds in repetition 344
tcp_ping received 65536 bytes back
Round trip time was 8.451 milliseconds in repetition 345
tcp_ping received 65536 bytes back
Round trip time was 8.68085 milliseconds in repetition 346
tcp_ping received 65536 bytes back
Round trip time was 6.29711 milliseconds in repetition 347
tcp_ping received 65536 bytes back
Round trip time was 9.45467 milliseconds in repetition 348
tcp_ping received 65536 bytes back
Round trip time was 8.33619 milliseconds in repetition 349
tcp_ping received 65536 bytes back
Round trip time was 8.25239 milliseconds in repetition 350
tcp_ping received 65536 bytes back
Round trip time was 9.14722 milliseconds in repetition 351
tcp_ping received 65536 bytes back
Round trip time was 7.22321 milliseconds in repetition 352
tcp_ping received 65536 bytes back
Round trip time was 7.43481 milliseconds in repetition 353
tcp_ping received 65536 bytes back
Round trip time was 8.10605 milliseconds in repetition 354
tcp_ping received 65536 bytes back
Round trip time was 8.0598 milliseconds in repetition 355
tcp_ping received 65536 bytes back
Round trip time was 8.52289 milliseconds in repetition 356
tcp_ping received 65536 bytes back
Round trip time was 7.15298 milliseconds in repetition 357
tcp_ping received 65536 bytes back
Round trip time was 7.25458 milliseconds in repetition 358
tcp_ping received 65536 bytes back
Round trip time was 7.62623 milliseconds in repetition 359
tcp_ping received 65536 bytes back
Round trip time was 6.74904 milliseconds in repetition 360
tcp_ping received 65536 bytes back
Round trip time was 6.91695 milliseconds in repetition 361
tcp_ping received 65536 bytes back
Round trip time was 8.74267 milliseconds in repetition 362
tcp_ping received 65536 bytes back
Round trip time was 8.47035 milliseconds in repetition 363
tcp_ping received 65536 bytes back
Round trip time was 6.99155 milliseconds in repetition 364
tcp_ping received 65536 bytes back
Round trip time was 7.49171 milliseconds in repetition 365
tcp_ping received 65536 bytes back
Round trip time was 6.73083 milliseconds in repetition 366
tcp_ping received 65536 bytes back
Round trip time was 7.7243 milliseconds in repetition 367
tcp_ping received 65536 bytes back
Round trip time was 7.23104 milliseconds in repetition 368
tcp_ping received 65536 bytes back
Round trip time was 8.49979 milliseconds in repetition 369
tcp_ping received 65536 bytes back
Round trip time was 6.98042 milliseconds in repetition 370
tcp_ping received 65536 bytes back
Round trip time was 7.02338 milliseconds in repetition 371
tcp_ping received 65536 bytes back
Round trip time was 7.38749 milliseconds in repetition 372
tcp_ping received 65536 bytes back
Round trip time was 8.0443 milliseconds in repetition 373
tcp_ping received 65536 bytes back
Round trip time was 6.95221 milliseconds in repetition 374
tcp_ping received 65536 bytes back
Round trip time was 6.82829 milliseconds in repetition 375
tcp_ping received 65536 bytes back
Round trip time was 6.81179 milliseconds in repetition 376
tcp_ping received 65536 bytes back
Round trip time was 6.84037 milliseconds in repetition 377
tcp_ping received 65536 bytes back
Round trip time was 6.9811 milliseconds in repetition 378
tcp_ping received 65536 bytes back
Round trip time was 7.36371 milliseconds in repetition 379
tcp_ping received 65536 bytes back
Round trip time was 8.35965 milliseconds in repetition 380
tcp_ping received 65536 bytes back
Round trip time was 6.87754 milliseconds in repetition 381
tcp_ping received 65536 bytes back
Round trip time was 6.75088 milliseconds in repetition 382
tcp_ping received 65536 bytes back
Round trip time was 9.50988 milliseconds in repetition 383
tcp_ping received 65536 bytes back
Round trip time was 6.8113 milliseconds in repetition 384
tcp_ping received 65536 bytes back
Round trip time was 7.10341 milliseconds in repetition 385
tcp_ping received 65536 bytes back
Round trip time was 7.1977 milliseconds in repetition 386
tcp_ping received 65536 bytes back
Round trip time was 7.62772 milliseconds in repetition 387
tcp_ping received 65536 bytes back
Round trip time was 6.97438 milliseconds in repetition 388
tcp_ping received 65536 bytes back
Round trip time was 6.97511 milliseconds in repetition 389
tcp_ping received 65536 bytes back
Round trip time was 7.41412 milliseconds in repetition 390
tcp_ping received 65536 bytes back
Round trip time was 7.68265 milliseconds in repetition 391
tcp_ping received 65536 bytes back
Round trip time was 6.32773 milliseconds in repetition 392
tcp_ping received 65536 bytes back
Round trip time was 7.44843 milliseconds in repetition 393
tcp_ping received 65536 bytes back
Round trip time was 7.38141 milliseconds in repetition 394
tcp_ping received 65536 bytes back
Round trip time was 6.87189 milliseconds in repetition 395
tcp_ping received 65536 bytes back
Round trip time was 7.05288 milliseconds in repetition 396
tcp_ping received 65536 bytes back
Round trip time was 7.48488 milliseconds in repetition 397
tcp_ping received 65536 bytes back
Round trip time was 7.85088 milliseconds in repetition 398
tcp_ping received 65536 bytes back
Round trip time was 7.81313 milliseconds in repetition 399
tcp_ping received 65536 bytes back
Round trip time was 6.78873 milliseconds in repetition 400
tcp_ping received 65536 bytes back
Round trip time was 8.55481 milliseconds in repetition 401
tcp_ping received 65536 bytes back
Round trip time was 7.69142 milliseconds in repetition 402
tcp_ping received 65536 bytes back
Round trip time was 8.23009 milliseconds in repetition 403
tcp_ping received 65536 bytes back
Round trip time was 7.92875 milliseconds in repetition 404
tcp_ping received 65536 bytes back
Round trip time was 9.26761 milliseconds in repetition 405
tcp_ping received 65536 bytes back
Round trip time was 8.33166 milliseconds in repetition 406
tcp_ping received 65536 bytes back
Round trip time was 8.56574 milliseconds in repetition 407
tcp_ping received 65536 bytes back
Round trip time was 8.13827 milliseconds in repetition 408
tcp_ping received 65536 bytes back
Round trip time was 8.11205 milliseconds in repetition 409
tcp_ping received 65536 bytes back
Round trip time was 10.0513 milliseconds in repetition 410
tcp_ping received 65536 bytes back
Round trip time was 8.62046 milliseconds in repetition 411
tcp_ping received 65536 bytes back
Round trip time was 9.32421 milliseconds in repetition 412
tcp_ping received 65536 bytes back
Round trip time was 8.68346 milliseconds in repetition 413
tcp_ping received 65536 bytes back
Round trip time was 7.63378 milliseconds in repetition 414
tcp_ping received 65536 bytes back
Round trip time was 8.34573 milliseconds in repetition 415
tcp_ping received 65536 bytes back
Round trip time was 8.03593 milliseconds in repetition 416
tcp_ping received 65536 bytes back
Round trip time was 7.3669 milliseconds in repetition 417
tcp_ping received 65536 bytes back
Round trip time was 7.48868 milliseconds in repetition 418
tcp_ping received 65536 bytes back
Round trip time was 8.23516 milliseconds in repetition 419
tcp_ping received 65536 bytes back
Round trip time was 8.58554 milliseconds in repetition 420
tcp_ping received 65536 bytes back
Round trip time was 7.04451 milliseconds in repetition 421
tcp_ping received 65536 bytes back
Round trip time was 8.02289 milliseconds in repetition 422
tcp_ping received 65536 bytes back
Round trip time was 6.97807 milliseconds in repetition 423
tcp_ping received 65536 bytes back
Round trip time was 10.1363 milliseconds in repetition 424
tcp_ping received 65536 bytes back
Round trip time was 7.0378 milliseconds in repetition 425
tcp_ping received 65536 bytes back
Round trip time was 8.07133 milliseconds in repetition 426
tcp_ping received 65536 bytes back
Round trip time was 8.34281 milliseconds in repetition 427
tcp_ping received 65536 bytes back
Round trip time was 6.98385 milliseconds in repetition 428
tcp_ping received 65536 bytes back
Round trip time was 7.3068 milliseconds in repetition 429
tcp_ping received 65536 bytes back
Round trip time was 6.92083 milliseconds in repetition 430
tcp_ping received 65536 bytes back
Round trip time was 7.31057 milliseconds in repetition 431
tcp_ping received 65536 bytes back
Round trip time was 7.23739 milliseconds in repetition 432
tcp_ping received 65536 bytes back
Round trip time was 6.85477 milliseconds in repetition 433
tcp_ping received 65536 bytes back
Round trip time was 6.9161 milliseconds in repetition 434
tcp_ping received 65536 bytes back
Round trip time was 8.02628 milliseconds in repetition 435
tcp_ping received 65536 bytes back
Round trip time was 7.86565 milliseconds in repetition 436
tcp_ping received 65536 bytes back
Round trip time was 7.31291 milliseconds in repetition 437
tcp_ping received 65536 bytes back
Round trip time was 7.03037 milliseconds in repetition 438
tcp_ping received 65536 bytes back
Round trip time was 7.5126 milliseconds in repetition 439
tcp_ping received 65536 bytes back
Round trip time was 7.48258 milliseconds in repetition 440
tcp_ping received 65536 bytes back
Round trip time was 7.2781 milliseconds in repetition 441
tcp_ping received 65536 bytes back
Round trip time was 7.10688 milliseconds in repetition 442
tcp_ping received 65536 bytes back
Round trip time was 7.13296 milliseconds in repetition 443
tcp_ping received 65536 bytes back
Round trip time was 7.04232 milliseconds in repetition 444
tcp_ping received 65536 bytes back
Round trip time was 6.55984 milliseconds in repetition 445
tcp_ping received 65536 bytes back
Round trip time was 7.59334 milliseconds in repetition 446
tcp_ping received 65536 bytes back
Round trip time was 7.02639 milliseconds in repetition 447
tcp_ping received 65536 bytes back
Round trip time was 8.1483 milliseconds in repetition 448
tcp_ping received 65536 bytes back
Round trip time was 7.03667 milliseconds in repetition 449
tcp_ping received 65536 bytes back
Round trip time was 7.43655 milliseconds in repetition 450
tcp_ping received 65536 bytes back
Round trip time was 8.44058 milliseconds in repetition 451
tcp_ping received 65536 bytes back
Round trip time was 6.86003 milliseconds in repetition 452
tcp_ping received 65536 bytes back
Round trip time was 6.75872 milliseconds in repetition 453
tcp_ping received 65536 bytes back
Round trip time was 7.91544 milliseconds in repetition 454
tcp_ping received 65536 bytes back
Round trip time was 8.37658 milliseconds in repetition 455
tcp_ping received 65536 bytes back
Round trip time was 8.71932 milliseconds in repetition 456
tcp_ping received 65536 bytes back
Round trip time was 8.17311 milliseconds in repetition 457
tcp_ping received 65536 bytes back
Round trip time was 7.04098 milliseconds in repetition 458
tcp_ping received 65536 bytes back
Round trip time was 7.63995 milliseconds in repetition 459
tcp_ping received 65536 bytes back
Round trip time was 9.08691 milliseconds in repetition 460
tcp_ping received 65536 bytes back
Round trip time was 8.51927 milliseconds in repetition 461
tcp_ping received 65536 bytes back
Round trip time was 7.09295 milliseconds in repetition 462
tcp_ping received 65536 bytes back
Round trip time was 8.34033 milliseconds in repetition 463
tcp_ping received 65536 bytes back
Round trip time was 9.50543 milliseconds in repetition 464
tcp_ping received 65536 bytes back
Round trip time was 8.90381 milliseconds in repetition 465
tcp_ping received 65536 bytes back
Round trip time was 6.22684 milliseconds in repetition 466
tcp_ping received 65536 bytes back
Round trip time was 7.2878 milliseconds in repetition 467
tcp_ping received 65536 bytes back
Round trip time was 7.86322 milliseconds in repetition 468
tcp_ping received 65536 bytes back
Round trip time was 8.54556 milliseconds in repetition 469
tcp_ping received 65536 bytes back
Round trip time was 9.48209 milliseconds in repetition 470
tcp_ping received 65536 bytes back
Round trip time was 8.89474 milliseconds in repetition 471
tcp_ping received 65536 bytes back
Round trip time was 7.64267 milliseconds in repetition 472
tcp_ping received 65536 bytes back
Round trip time was 9.02485 milliseconds in repetition 473
tcp_ping received 65536 bytes back
Round trip time was 8.39719 milliseconds in repetition 474
tcp_ping received 65536 bytes back
Round trip time was 10.3866 milliseconds in repetition 475
tcp_ping received 65536 bytes back
Round trip time was 8.71719 milliseconds in repetition 476
tcp_ping received 65536 bytes back
Round trip time was 8.15803 milliseconds in repetition 477
tcp_ping received 65536 bytes back
Round trip time was 7.52385 milliseconds in repetition 478
tcp_ping received 65536 bytes back
Round trip time was 8.10169 milliseconds in repetition 479
tcp_ping received 65536 bytes back
Round trip time was 9.39975 milliseconds in repetition 480
tcp_ping received 65536 bytes back
Round trip time was 8.07522 milliseconds in repetition 481
tcp_ping received 65536 bytes back
Round trip time was 7.14758 milliseconds in repetition 482
tcp_ping received 65536 bytes back
Round trip time was 7.01342 milliseconds in repetition 483
tcp_ping received 65536 bytes back
Round trip time was 7.42818 milliseconds in repetition 484
tcp_ping received 65536 bytes back
Round trip time was 8.56161 milliseconds in repetition 485
tcp_ping received 65536 bytes back
Round trip time was 6.98328 milliseconds in repetition 486
tcp_ping received 65536 bytes back
Round trip time was 7.2638 milliseconds in repetition 487
tcp_ping received 65536 bytes back
Round trip time was 7.57314 milliseconds in repetition 488
tcp_ping received 65536 bytes back
Round trip time was 7.16225 milliseconds in repetition 489
tcp_ping received 65536 bytes back
Round trip time was 9.13174 milliseconds in repetition 490
tcp_ping received 65536 bytes back
Round trip time was 6.79575 milliseconds in repetition 491
tcp_ping received 65536 bytes back
Round trip time was 8.47371 milliseconds in repetition 492
tcp_ping received 65536 bytes back
Round trip time was 6.36065 milliseconds in repetition 493
tcp_ping received 65536 bytes back
Round trip time was 6.74698 milliseconds in repetition 494
tcp_ping received 65536 bytes back
Round trip time was 7.58298 milliseconds in repetition 495
tcp_ping received 65536 bytes back
Round trip time was 7.32116 milliseconds in repetition 496
tcp_ping received 65536 bytes back
Round trip time was 6.29733 milliseconds in repetition 497
tcp_ping received 65536 bytes back
Round trip time was 6.91305 milliseconds in repetition 498
tcp_ping received 65536 bytes back
Round trip time was 6.28162 milliseconds in repetition 499
tcp_ping received 65536 bytes back
Round trip time was 7.39213 milliseconds in repetition 500
tcp_ping received 65536 bytes back
Round trip time was 7.32395 milliseconds in repetition 501

 ... clock resolution was 1e-06
TCP Ping:  Statistics over 501 repetitions of 65536 byte messages

RTT : percentile 10: 6.82829, median: 7.49338, percentile 90: 8.71719, average: 7.65717, variance: 0.676605

RTT histogram:
6.22683 7
6.65133 51
7.07582 132
7.50032 119
7.92481 66
8.34931 63
8.7738 34
9.1983 14
9.62279 8
10.0473 4
10.4718 2
10.8963 0
11.3208 0
11.7453 0
12.1698 0
12.5943 0
13.0188 0
13.4432 0
13.8677 0
14.2922 0
14.7167 1

   median Throughput : 17491.7 KB/s   overall Throughput : 17117.6 KB/s

