UDP Ping trying to connect to server seti.dibris.unige.it (130.251.61.30) on TCP port 1491
 ... connected to Pong server: asking for 501 repetitions of 384 _bytes UDP messages
 ... Pong server agreed to ping-pong using port 49230 :-)
Round trip time was 36.846 milliseconds in repetition 1
Round trip time was 31.517 milliseconds in repetition 2
Round trip time was 30.262 milliseconds in repetition 3
Round trip time was 30.237 milliseconds in repetition 4
Round trip time was 30.733 milliseconds in repetition 5
Round trip time was 30.239 milliseconds in repetition 6
Round trip time was 30.262 milliseconds in repetition 7
Round trip time was 30.237 milliseconds in repetition 8
Round trip time was 30.733 milliseconds in repetition 9
Round trip time was 30.513 milliseconds in repetition 10
Round trip time was 29.988 milliseconds in repetition 11
Round trip time was 29.989 milliseconds in repetition 12
Round trip time was 30.239 milliseconds in repetition 13
Round trip time was 30.519 milliseconds in repetition 14
Round trip time was 30.468 milliseconds in repetition 15
Round trip time was 30.735 milliseconds in repetition 16
Round trip time was 30.968 milliseconds in repetition 17
Round trip time was 31.287 milliseconds in repetition 18
Round trip time was 30.251 milliseconds in repetition 19
Round trip time was 29.985 milliseconds in repetition 20
Round trip time was 29.970 milliseconds in repetition 21
Round trip time was 30.258 milliseconds in repetition 22
Round trip time was 30.983 milliseconds in repetition 23
Round trip time was 30.261 milliseconds in repetition 24
Round trip time was 29.881 milliseconds in repetition 25
Round trip time was 30.074 milliseconds in repetition 26
Round trip time was 30.512 milliseconds in repetition 27
Round trip time was 30.247 milliseconds in repetition 28
Round trip time was 29.980 milliseconds in repetition 29
Round trip time was 30.261 milliseconds in repetition 30
Round trip time was 29.975 milliseconds in repetition 31
Round trip time was 30.253 milliseconds in repetition 32
Round trip time was 29.989 milliseconds in repetition 33
Round trip time was 30.225 milliseconds in repetition 34
Round trip time was 30.003 milliseconds in repetition 35
Round trip time was 30.239 milliseconds in repetition 36
Round trip time was 29.504 milliseconds in repetition 37
Round trip time was 29.509 milliseconds in repetition 38
Round trip time was 29.989 milliseconds in repetition 39
Round trip time was 29.966 milliseconds in repetition 40
Round trip time was 29.987 milliseconds in repetition 41
Round trip time was 29.770 milliseconds in repetition 42
Round trip time was 29.989 milliseconds in repetition 43
Round trip time was 29.481 milliseconds in repetition 44
Round trip time was 30.004 milliseconds in repetition 45
Round trip time was 29.988 milliseconds in repetition 46
Round trip time was 29.667 milliseconds in repetition 47
Round trip time was 30.089 milliseconds in repetition 48
Round trip time was 30.238 milliseconds in repetition 49
Round trip time was 29.976 milliseconds in repetition 50
Round trip time was 29.979 milliseconds in repetition 51
Round trip time was 30.534 milliseconds in repetition 52
Round trip time was 29.952 milliseconds in repetition 53
Round trip time was 30.275 milliseconds in repetition 54
Round trip time was 29.495 milliseconds in repetition 55
Round trip time was 29.717 milliseconds in repetition 56
Round trip time was 29.767 milliseconds in repetition 57
Round trip time was 29.717 milliseconds in repetition 58
Round trip time was 29.767 milliseconds in repetition 59
Round trip time was 29.975 milliseconds in repetition 60
Round trip time was 29.731 milliseconds in repetition 61
Round trip time was 29.767 milliseconds in repetition 62
Round trip time was 30.230 milliseconds in repetition 63
Round trip time was 29.725 milliseconds in repetition 64
Round trip time was 29.518 milliseconds in repetition 65
Round trip time was 29.966 milliseconds in repetition 66
Round trip time was 30.263 milliseconds in repetition 67
Round trip time was 29.494 milliseconds in repetition 68
Round trip time was 29.496 milliseconds in repetition 69
Round trip time was 29.486 milliseconds in repetition 70
Round trip time was 29.728 milliseconds in repetition 71
Round trip time was 29.764 milliseconds in repetition 72
Round trip time was 29.718 milliseconds in repetition 73
Round trip time was 29.988 milliseconds in repetition 74
Round trip time was 29.769 milliseconds in repetition 75
Round trip time was 29.989 milliseconds in repetition 76
Round trip time was 29.658 milliseconds in repetition 77
Round trip time was 29.825 milliseconds in repetition 78
Round trip time was 29.496 milliseconds in repetition 79
Round trip time was 30.765 milliseconds in repetition 80
Round trip time was 29.934 milliseconds in repetition 81
Round trip time was 29.990 milliseconds in repetition 82
Round trip time was 30.611 milliseconds in repetition 83
Round trip time was 29.889 milliseconds in repetition 84
Round trip time was 29.768 milliseconds in repetition 85
Round trip time was 30.492 milliseconds in repetition 86
Round trip time was 29.736 milliseconds in repetition 87
Round trip time was 29.716 milliseconds in repetition 88
Round trip time was 29.518 milliseconds in repetition 89
Round trip time was 29.481 milliseconds in repetition 90
Round trip time was 30.003 milliseconds in repetition 91
Round trip time was 30.477 milliseconds in repetition 92
Round trip time was 29.737 milliseconds in repetition 93
Round trip time was 30.132 milliseconds in repetition 94
Round trip time was 29.639 milliseconds in repetition 95
Round trip time was 29.495 milliseconds in repetition 96
Round trip time was 29.243 milliseconds in repetition 97
Round trip time was 29.224 milliseconds in repetition 98
Round trip time was 30.261 milliseconds in repetition 99
Round trip time was 30.225 milliseconds in repetition 100
Round trip time was 30.003 milliseconds in repetition 101
Round trip time was 30.282 milliseconds in repetition 102
Round trip time was 29.931 milliseconds in repetition 103
Round trip time was 29.259 milliseconds in repetition 104
Round trip time was 29.496 milliseconds in repetition 105
Round trip time was 29.989 milliseconds in repetition 106
Round trip time was 30.238 milliseconds in repetition 107
Round trip time was 30.263 milliseconds in repetition 108
Round trip time was 29.967 milliseconds in repetition 109
Round trip time was 30.260 milliseconds in repetition 110
Round trip time was 29.968 milliseconds in repetition 111
Round trip time was 30.262 milliseconds in repetition 112
Round trip time was 30.237 milliseconds in repetition 113
Round trip time was 29.991 milliseconds in repetition 114
Round trip time was 30.592 milliseconds in repetition 115
Round trip time was 29.910 milliseconds in repetition 116
Round trip time was 29.494 milliseconds in repetition 117
Round trip time was 29.717 milliseconds in repetition 118
Round trip time was 29.504 milliseconds in repetition 119
Round trip time was 29.508 milliseconds in repetition 120
Round trip time was 30.461 milliseconds in repetition 121
Round trip time was 30.225 milliseconds in repetition 122
Round trip time was 29.804 milliseconds in repetition 123
Round trip time was 29.966 milliseconds in repetition 124
Round trip time was 29.245 milliseconds in repetition 125
Round trip time was 29.495 milliseconds in repetition 126
Round trip time was 29.989 milliseconds in repetition 127
Round trip time was 29.767 milliseconds in repetition 128
Round trip time was 29.975 milliseconds in repetition 129
Round trip time was 29.981 milliseconds in repetition 130
Round trip time was 29.989 milliseconds in repetition 131
Round trip time was 30.036 milliseconds in repetition 132
Round trip time was 29.449 milliseconds in repetition 133
Round trip time was 29.886 milliseconds in repetition 134
Round trip time was 29.598 milliseconds in repetition 135
Round trip time was 29.989 milliseconds in repetition 136
Round trip time was 30.240 milliseconds in repetition 137
Round trip time was 29.518 milliseconds in repetition 138
Round trip time was 29.953 milliseconds in repetition 139
Round trip time was 29.532 milliseconds in repetition 140
Round trip time was 29.484 milliseconds in repetition 141
Round trip time was 29.996 milliseconds in repetition 142
Round trip time was 29.492 milliseconds in repetition 143
Round trip time was 30.347 milliseconds in repetition 144
Round trip time was 29.877 milliseconds in repetition 145
Round trip time was 30.260 milliseconds in repetition 146
Round trip time was 29.718 milliseconds in repetition 147
Round trip time was 29.768 milliseconds in repetition 148
Round trip time was 29.976 milliseconds in repetition 149
Round trip time was 29.509 milliseconds in repetition 150
Round trip time was 29.990 milliseconds in repetition 151
Round trip time was 30.318 milliseconds in repetition 152
Round trip time was 29.908 milliseconds in repetition 153
Round trip time was 29.768 milliseconds in repetition 154
Round trip time was 29.989 milliseconds in repetition 155
Round trip time was 29.495 milliseconds in repetition 156
Round trip time was 29.245 milliseconds in repetition 157
Round trip time was 29.966 milliseconds in repetition 158
Round trip time was 29.518 milliseconds in repetition 159
Round trip time was 29.990 milliseconds in repetition 160
Round trip time was 30.082 milliseconds in repetition 161
Round trip time was 30.481 milliseconds in repetition 162
Round trip time was 29.631 milliseconds in repetition 163
Round trip time was 29.517 milliseconds in repetition 164
Round trip time was 29.495 milliseconds in repetition 165
Round trip time was 29.976 milliseconds in repetition 166
Round trip time was 29.980 milliseconds in repetition 167
Round trip time was 29.518 milliseconds in repetition 168
Round trip time was 30.481 milliseconds in repetition 169
Round trip time was 30.020 milliseconds in repetition 170
Round trip time was 29.494 milliseconds in repetition 171
Round trip time was 29.991 milliseconds in repetition 172
Round trip time was 29.495 milliseconds in repetition 173
Round trip time was 29.989 milliseconds in repetition 174
Round trip time was 29.988 milliseconds in repetition 175
Round trip time was 29.953 milliseconds in repetition 176
Round trip time was 29.532 milliseconds in repetition 177
Round trip time was 29.558 milliseconds in repetition 178
Round trip time was 29.653 milliseconds in repetition 179
Round trip time was 29.767 milliseconds in repetition 180
Round trip time was 29.990 milliseconds in repetition 181
Round trip time was 29.966 milliseconds in repetition 182
Round trip time was 29.503 milliseconds in repetition 183
Round trip time was 29.981 milliseconds in repetition 184
Round trip time was 29.989 milliseconds in repetition 185
Round trip time was 29.984 milliseconds in repetition 186
Round trip time was 30.044 milliseconds in repetition 187
Round trip time was 29.717 milliseconds in repetition 188
Round trip time was 29.767 milliseconds in repetition 189
Round trip time was 29.988 milliseconds in repetition 190
Round trip time was 29.954 milliseconds in repetition 191
Round trip time was 30.003 milliseconds in repetition 192
Round trip time was 30.238 milliseconds in repetition 193
Round trip time was 30.263 milliseconds in repetition 194
Round trip time was 29.768 milliseconds in repetition 195
Round trip time was 29.988 milliseconds in repetition 196
Round trip time was 29.968 milliseconds in repetition 197
Round trip time was 30.261 milliseconds in repetition 198
Round trip time was 29.965 milliseconds in repetition 199
Round trip time was 29.520 milliseconds in repetition 200
Round trip time was 29.967 milliseconds in repetition 201
Round trip time was 30.247 milliseconds in repetition 202
Round trip time was 30.757 milliseconds in repetition 203
Round trip time was 29.758 milliseconds in repetition 204
Round trip time was 29.989 milliseconds in repetition 205
Round trip time was 29.495 milliseconds in repetition 206
Round trip time was 29.716 milliseconds in repetition 207
Round trip time was 29.496 milliseconds in repetition 208
Round trip time was 29.516 milliseconds in repetition 209
Round trip time was 29.971 milliseconds in repetition 210
Round trip time was 29.976 milliseconds in repetition 211
Round trip time was 30.241 milliseconds in repetition 212
Round trip time was 30.361 milliseconds in repetition 213
Round trip time was 30.011 milliseconds in repetition 214
Round trip time was 30.386 milliseconds in repetition 215
Round trip time was 30.700 milliseconds in repetition 216
Round trip time was 30.260 milliseconds in repetition 217
Round trip time was 29.512 milliseconds in repetition 218
Round trip time was 29.988 milliseconds in repetition 219
Round trip time was 29.714 milliseconds in repetition 220
Round trip time was 29.765 milliseconds in repetition 221
Round trip time was 29.246 milliseconds in repetition 222
Round trip time was 29.966 milliseconds in repetition 223
Round trip time was 30.249 milliseconds in repetition 224
Round trip time was 30.252 milliseconds in repetition 225
Round trip time was 29.518 milliseconds in repetition 226
Round trip time was 30.399 milliseconds in repetition 227
Round trip time was 29.829 milliseconds in repetition 228
Round trip time was 29.495 milliseconds in repetition 229
Round trip time was 30.968 milliseconds in repetition 230
Round trip time was 30.278 milliseconds in repetition 231
Round trip time was 29.990 milliseconds in repetition 232
Round trip time was 30.127 milliseconds in repetition 233
Round trip time was 29.829 milliseconds in repetition 234
Round trip time was 29.989 milliseconds in repetition 235
Round trip time was 30.272 milliseconds in repetition 236
Round trip time was 29.758 milliseconds in repetition 237
Round trip time was 29.693 milliseconds in repetition 238
Round trip time was 29.791 milliseconds in repetition 239
Round trip time was 29.966 milliseconds in repetition 240
Round trip time was 29.589 milliseconds in repetition 241
Round trip time was 31.893 milliseconds in repetition 242
Round trip time was 29.752 milliseconds in repetition 243
Round trip time was 29.967 milliseconds in repetition 244
Round trip time was 29.518 milliseconds in repetition 245
Round trip time was 29.493 milliseconds in repetition 246
Round trip time was 29.717 milliseconds in repetition 247
Round trip time was 30.040 milliseconds in repetition 248
Round trip time was 29.990 milliseconds in repetition 249
Round trip time was 29.974 milliseconds in repetition 250
Round trip time was 29.510 milliseconds in repetition 251
Round trip time was 29.716 milliseconds in repetition 252
Round trip time was 29.767 milliseconds in repetition 253
Round trip time was 29.990 milliseconds in repetition 254
Round trip time was 29.495 milliseconds in repetition 255
Round trip time was 29.988 milliseconds in repetition 256
Round trip time was 29.966 milliseconds in repetition 257
Round trip time was 30.262 milliseconds in repetition 258
Round trip time was 30.239 milliseconds in repetition 259
Round trip time was 30.262 milliseconds in repetition 260
Round trip time was 30.239 milliseconds in repetition 261
Round trip time was 29.989 milliseconds in repetition 262
Round trip time was 30.239 milliseconds in repetition 263
Round trip time was 29.990 milliseconds in repetition 264
Round trip time was 29.989 milliseconds in repetition 265
Round trip time was 29.495 milliseconds in repetition 266
Round trip time was 29.717 milliseconds in repetition 267
Round trip time was 30.302 milliseconds in repetition 268
Round trip time was 29.727 milliseconds in repetition 269
Round trip time was 29.967 milliseconds in repetition 270
Round trip time was 30.495 milliseconds in repetition 271
Round trip time was 30.007 milliseconds in repetition 272
Round trip time was 29.989 milliseconds in repetition 273
Round trip time was 29.495 milliseconds in repetition 274
Round trip time was 29.988 milliseconds in repetition 275
Round trip time was 29.967 milliseconds in repetition 276
Round trip time was 29.517 milliseconds in repetition 277
Round trip time was 30.262 milliseconds in repetition 278
Round trip time was 30.745 milliseconds in repetition 279
Round trip time was 29.955 milliseconds in repetition 280
Round trip time was 29.767 milliseconds in repetition 281
Round trip time was 29.706 milliseconds in repetition 282
Round trip time was 29.774 milliseconds in repetition 283
Round trip time was 29.710 milliseconds in repetition 284
Round trip time was 29.769 milliseconds in repetition 285
Round trip time was 29.701 milliseconds in repetition 286
Round trip time was 30.055 milliseconds in repetition 287
Round trip time was 29.715 milliseconds in repetition 288
Round trip time was 30.239 milliseconds in repetition 289
Round trip time was 30.624 milliseconds in repetition 290
Round trip time was 29.876 milliseconds in repetition 291
Round trip time was 29.716 milliseconds in repetition 292
Round trip time was 30.263 milliseconds in repetition 293
Round trip time was 30.239 milliseconds in repetition 294
Round trip time was 29.518 milliseconds in repetition 295
Round trip time was 30.240 milliseconds in repetition 296
Round trip time was 29.716 milliseconds in repetition 297
Round trip time was 29.768 milliseconds in repetition 298
Round trip time was 29.989 milliseconds in repetition 299
Round trip time was 30.240 milliseconds in repetition 300
Round trip time was 29.716 milliseconds in repetition 301
Round trip time was 29.768 milliseconds in repetition 302
Round trip time was 30.165 milliseconds in repetition 303
Round trip time was 30.063 milliseconds in repetition 304
Round trip time was 29.704 milliseconds in repetition 305
Round trip time was 29.780 milliseconds in repetition 306
Round trip time was 29.989 milliseconds in repetition 307
Round trip time was 29.518 milliseconds in repetition 308
Round trip time was 30.240 milliseconds in repetition 309
Round trip time was 29.989 milliseconds in repetition 310
Round trip time was 30.239 milliseconds in repetition 311
Round trip time was 29.990 milliseconds in repetition 312
Round trip time was 29.967 milliseconds in repetition 313
Round trip time was 30.692 milliseconds in repetition 314
Round trip time was 30.502 milliseconds in repetition 315
Round trip time was 30.026 milliseconds in repetition 316
Round trip time was 29.767 milliseconds in repetition 317
Round trip time was 30.007 milliseconds in repetition 318
Round trip time was 29.492 milliseconds in repetition 319
Round trip time was 29.990 milliseconds in repetition 320
Round trip time was 29.494 milliseconds in repetition 321
Round trip time was 30.282 milliseconds in repetition 322
Round trip time was 29.696 milliseconds in repetition 323
Round trip time was 29.494 milliseconds in repetition 324
Round trip time was 30.667 milliseconds in repetition 325
Round trip time was 29.836 milliseconds in repetition 326
Round trip time was 29.988 milliseconds in repetition 327
Round trip time was 29.495 milliseconds in repetition 328
Round trip time was 29.716 milliseconds in repetition 329
Round trip time was 29.768 milliseconds in repetition 330
Round trip time was 29.990 milliseconds in repetition 331
Round trip time was 29.967 milliseconds in repetition 332
Round trip time was 29.992 milliseconds in repetition 333
Round trip time was 29.765 milliseconds in repetition 334
Round trip time was 29.760 milliseconds in repetition 335
Round trip time was 29.725 milliseconds in repetition 336
Round trip time was 29.520 milliseconds in repetition 337
Round trip time was 29.714 milliseconds in repetition 338
Round trip time was 29.768 milliseconds in repetition 339
Round trip time was 29.989 milliseconds in repetition 340
Round trip time was 29.966 milliseconds in repetition 341
Round trip time was 29.556 milliseconds in repetition 342
Round trip time was 29.929 milliseconds in repetition 343
Round trip time was 29.990 milliseconds in repetition 344
Round trip time was 29.495 milliseconds in repetition 345
Round trip time was 30.518 milliseconds in repetition 346
Round trip time was 29.982 milliseconds in repetition 347
Round trip time was 29.990 milliseconds in repetition 348
Round trip time was 30.238 milliseconds in repetition 349
Round trip time was 29.991 milliseconds in repetition 350
Round trip time was 30.590 milliseconds in repetition 351
Round trip time was 29.619 milliseconds in repetition 352
Round trip time was 29.524 milliseconds in repetition 353
Round trip time was 29.850 milliseconds in repetition 354
Round trip time was 29.628 milliseconds in repetition 355
Round trip time was 29.967 milliseconds in repetition 356
Round trip time was 29.989 milliseconds in repetition 357
Round trip time was 30.238 milliseconds in repetition 358
Round trip time was 29.790 milliseconds in repetition 359
Round trip time was 29.495 milliseconds in repetition 360
Round trip time was 29.753 milliseconds in repetition 361
Round trip time was 29.458 milliseconds in repetition 362
Round trip time was 30.263 milliseconds in repetition 363
Round trip time was 39.986 milliseconds in repetition 364
Round trip time was 29.990 milliseconds in repetition 365
Round trip time was 30.240 milliseconds in repetition 366
Round trip time was 29.987 milliseconds in repetition 367
Round trip time was 55.492 milliseconds in repetition 368
Round trip time was 29.990 milliseconds in repetition 369
Round trip time was 38.499 milliseconds in repetition 370
Round trip time was 29.494 milliseconds in repetition 371
Round trip time was 29.990 milliseconds in repetition 372
Round trip time was 30.190 milliseconds in repetition 373
Round trip time was 30.039 milliseconds in repetition 374
Round trip time was 29.989 milliseconds in repetition 375
Round trip time was 29.495 milliseconds in repetition 376
Round trip time was 29.989 milliseconds in repetition 377
Round trip time was 29.768 milliseconds in repetition 378
Round trip time was 29.989 milliseconds in repetition 379
Round trip time was 29.494 milliseconds in repetition 380
Round trip time was 29.717 milliseconds in repetition 381
Round trip time was 29.768 milliseconds in repetition 382
Round trip time was 30.461 milliseconds in repetition 383
Round trip time was 29.767 milliseconds in repetition 384
Round trip time was 29.989 milliseconds in repetition 385
Round trip time was 30.461 milliseconds in repetition 386
Round trip time was 29.768 milliseconds in repetition 387
Round trip time was 30.261 milliseconds in repetition 388
Round trip time was 30.354 milliseconds in repetition 389
Round trip time was 29.875 milliseconds in repetition 390
Round trip time was 30.240 milliseconds in repetition 391
Round trip time was 29.989 milliseconds in repetition 392
Round trip time was 29.966 milliseconds in repetition 393
Round trip time was 29.791 milliseconds in repetition 394
Round trip time was 30.240 milliseconds in repetition 395
Round trip time was 29.716 milliseconds in repetition 396
Round trip time was 30.239 milliseconds in repetition 397
Round trip time was 30.476 milliseconds in repetition 398
Round trip time was 30.025 milliseconds in repetition 399
Round trip time was 29.990 milliseconds in repetition 400
Round trip time was 30.248 milliseconds in repetition 401
Round trip time was 29.509 milliseconds in repetition 402
Round trip time was 29.989 milliseconds in repetition 403
Round trip time was 30.240 milliseconds in repetition 404
Round trip time was 30.733 milliseconds in repetition 405
Round trip time was 29.966 milliseconds in repetition 406
Round trip time was 30.075 milliseconds in repetition 407
Round trip time was 30.427 milliseconds in repetition 408
Round trip time was 30.262 milliseconds in repetition 409
Round trip time was 30.239 milliseconds in repetition 410
Round trip time was 29.989 milliseconds in repetition 411
Round trip time was 30.240 milliseconds in repetition 412
Round trip time was 29.717 milliseconds in repetition 413
Round trip time was 30.041 milliseconds in repetition 414
Round trip time was 29.992 milliseconds in repetition 415
Round trip time was 29.949 milliseconds in repetition 416
Round trip time was 30.375 milliseconds in repetition 417
Round trip time was 31.629 milliseconds in repetition 418
Round trip time was 36.022 milliseconds in repetition 419
Round trip time was 29.963 milliseconds in repetition 420
Round trip time was 29.884 milliseconds in repetition 421
Round trip time was 29.623 milliseconds in repetition 422
Round trip time was 30.227 milliseconds in repetition 423
Round trip time was 29.994 milliseconds in repetition 424
Round trip time was 29.966 milliseconds in repetition 425
Round trip time was 40.999 milliseconds in repetition 426
Round trip time was 31.007 milliseconds in repetition 427
Round trip time was 29.990 milliseconds in repetition 428
Round trip time was 41.749 milliseconds in repetition 429
Round trip time was 29.637 milliseconds in repetition 430
Round trip time was 29.848 milliseconds in repetition 431
Round trip time was 30.238 milliseconds in repetition 432
Round trip time was 30.166 milliseconds in repetition 433
Round trip time was 29.812 milliseconds in repetition 434
Round trip time was 30.239 milliseconds in repetition 435
Round trip time was 30.217 milliseconds in repetition 436
Round trip time was 30.011 milliseconds in repetition 437
Round trip time was 29.990 milliseconds in repetition 438
Round trip time was 30.336 milliseconds in repetition 439
Round trip time was 29.893 milliseconds in repetition 440
Round trip time was 30.239 milliseconds in repetition 441
Round trip time was 29.518 milliseconds in repetition 442
Round trip time was 29.966 milliseconds in repetition 443
Round trip time was 29.791 milliseconds in repetition 444
Round trip time was 29.966 milliseconds in repetition 445
Round trip time was 29.518 milliseconds in repetition 446
Round trip time was 30.240 milliseconds in repetition 447
Round trip time was 29.989 milliseconds in repetition 448
Round trip time was 29.989 milliseconds in repetition 449
Round trip time was 29.967 milliseconds in repetition 450
Round trip time was 29.518 milliseconds in repetition 451
Round trip time was 29.966 milliseconds in repetition 452
Round trip time was 30.444 milliseconds in repetition 453
Round trip time was 30.330 milliseconds in repetition 454
Round trip time was 29.989 milliseconds in repetition 455
Round trip time was 29.966 milliseconds in repetition 456
Round trip time was 29.518 milliseconds in repetition 457
Round trip time was 29.967 milliseconds in repetition 458
Round trip time was 29.990 milliseconds in repetition 459
Round trip time was 29.768 milliseconds in repetition 460
Round trip time was 29.990 milliseconds in repetition 461
Round trip time was 30.238 milliseconds in repetition 462
Round trip time was 29.989 milliseconds in repetition 463
Round trip time was 29.989 milliseconds in repetition 464
Round trip time was 29.496 milliseconds in repetition 465
Round trip time was 29.517 milliseconds in repetition 466
Round trip time was 29.967 milliseconds in repetition 467
Round trip time was 30.221 milliseconds in repetition 468
Round trip time was 30.008 milliseconds in repetition 469
Round trip time was 29.990 milliseconds in repetition 470
Round trip time was 30.260 milliseconds in repetition 471
Round trip time was 30.074 milliseconds in repetition 472
Round trip time was 29.933 milliseconds in repetition 473
Round trip time was 30.260 milliseconds in repetition 474
Round trip time was 29.696 milliseconds in repetition 475
Round trip time was 29.518 milliseconds in repetition 476
Round trip time was 29.717 milliseconds in repetition 477
Round trip time was 29.769 milliseconds in repetition 478
Round trip time was 29.988 milliseconds in repetition 479
Round trip time was 30.240 milliseconds in repetition 480
Round trip time was 29.989 milliseconds in repetition 481
Round trip time was 38.500 milliseconds in repetition 482
Round trip time was 30.313 milliseconds in repetition 483
Round trip time was 29.916 milliseconds in repetition 484
Round trip time was 36.760 milliseconds in repetition 485
Round trip time was 30.477 milliseconds in repetition 486
Round trip time was 29.752 milliseconds in repetition 487
Round trip time was 29.967 milliseconds in repetition 488
Round trip time was 29.517 milliseconds in repetition 489
Round trip time was 29.495 milliseconds in repetition 490
Round trip time was 29.990 milliseconds in repetition 491
Round trip time was 29.495 milliseconds in repetition 492
Round trip time was 30.115 milliseconds in repetition 493
Round trip time was 30.103 milliseconds in repetition 494
Round trip time was 29.980 milliseconds in repetition 495
Round trip time was 29.977 milliseconds in repetition 496
Round trip time was 30.263 milliseconds in repetition 497
Round trip time was 29.494 milliseconds in repetition 498
Round trip time was 29.990 milliseconds in repetition 499
Round trip time was 29.989 milliseconds in repetition 500
Round trip time was 29.767 milliseconds in repetition 501

 ... clock resolution was 1e-06
UDP Ping:  Statistics over 501 repetitions of 384 byte messages

RTT : percentile 10: 29.509, median: 29.987, percentile 90: 30.3991, average: 30.1562, variance: 2.66005

RTT histogram:
29.2242 180
30.5375 308
31.8509 4
33.1643 0
34.4777 0
35.7911 1
37.1044 2
38.4178 2
39.7312 1
41.0446 1
42.3579 1
43.6713 0
44.9847 0
46.2981 0
47.6114 0
48.9248 0
50.2382 0
51.5516 0
52.8649 0
54.1783 0
55.4917 1

   median Throughput : 25.6111 KB/s   overall Throughput : 25.4674 KB/s

