UDP Ping trying to connect to server 192.168.1.51 (192.168.1.51) on TCP port 1491
 ... connected to Pong server: asking for 501 repetitions of 32768 _bytes UDP messages
 ... Pong server agreed to ping-pong using port 49152 :-)
Round trip time was  4.764 milliseconds in repetition 1
Round trip time was  4.332 milliseconds in repetition 2
Round trip time was  3.830 milliseconds in repetition 3
Round trip time was  5.018 milliseconds in repetition 4
Round trip time was  5.378 milliseconds in repetition 5
Round trip time was  4.612 milliseconds in repetition 6
Round trip time was  4.543 milliseconds in repetition 7
Round trip time was  6.195 milliseconds in repetition 8
Round trip time was  5.234 milliseconds in repetition 9
Round trip time was  5.667 milliseconds in repetition 10
Round trip time was  5.436 milliseconds in repetition 11
Round trip time was  4.881 milliseconds in repetition 12
Round trip time was  4.277 milliseconds in repetition 13
Round trip time was  5.495 milliseconds in repetition 14
Round trip time was  5.373 milliseconds in repetition 15
Round trip time was  4.298 milliseconds in repetition 16
Round trip time was  4.405 milliseconds in repetition 17
Round trip time was  4.173 milliseconds in repetition 18
Round trip time was  5.937 milliseconds in repetition 19
Round trip time was  4.308 milliseconds in repetition 20
Round trip time was  4.732 milliseconds in repetition 21
Round trip time was  6.956 milliseconds in repetition 22
Round trip time was  5.255 milliseconds in repetition 23
Round trip time was  4.549 milliseconds in repetition 24
Round trip time was  5.126 milliseconds in repetition 25
Round trip time was  4.373 milliseconds in repetition 26
Round trip time was  4.680 milliseconds in repetition 27
Round trip time was  6.368 milliseconds in repetition 28
Round trip time was  6.079 milliseconds in repetition 29
Round trip time was  5.502 milliseconds in repetition 30
Round trip time was  5.203 milliseconds in repetition 31
Round trip time was  4.570 milliseconds in repetition 32
Round trip time was  3.898 milliseconds in repetition 33
Round trip time was  4.942 milliseconds in repetition 34
Round trip time was  4.331 milliseconds in repetition 35
Round trip time was  4.476 milliseconds in repetition 36
Round trip time was  4.191 milliseconds in repetition 37
Round trip time was  5.398 milliseconds in repetition 38
Round trip time was  4.379 milliseconds in repetition 39
Round trip time was  5.170 milliseconds in repetition 40
Round trip time was  4.973 milliseconds in repetition 41
Round trip time was  5.446 milliseconds in repetition 42
Round trip time was  6.673 milliseconds in repetition 43
Round trip time was  5.508 milliseconds in repetition 44
Round trip time was  3.815 milliseconds in repetition 45
Round trip time was  5.198 milliseconds in repetition 46
Round trip time was  3.859 milliseconds in repetition 47
Round trip time was  5.943 milliseconds in repetition 48
Round trip time was  4.810 milliseconds in repetition 49
Round trip time was  6.382 milliseconds in repetition 50
Round trip time was  6.937 milliseconds in repetition 51
Round trip time was  5.284 milliseconds in repetition 52
Round trip time was  5.830 milliseconds in repetition 53
Round trip time was  6.177 milliseconds in repetition 54
Round trip time was  4.864 milliseconds in repetition 55
Round trip time was  5.080 milliseconds in repetition 56
Round trip time was  5.401 milliseconds in repetition 57
Round trip time was  4.679 milliseconds in repetition 58
Round trip time was  5.440 milliseconds in repetition 59
Round trip time was  5.830 milliseconds in repetition 60
Round trip time was  4.787 milliseconds in repetition 61
Round trip time was  5.625 milliseconds in repetition 62
Round trip time was  5.220 milliseconds in repetition 63
Round trip time was  5.423 milliseconds in repetition 64
Round trip time was  5.536 milliseconds in repetition 65
Round trip time was  6.156 milliseconds in repetition 66
Round trip time was  5.230 milliseconds in repetition 67
Round trip time was  4.902 milliseconds in repetition 68
Round trip time was  4.142 milliseconds in repetition 69
Round trip time was  5.883 milliseconds in repetition 70
Round trip time was  6.590 milliseconds in repetition 71
Round trip time was  4.599 milliseconds in repetition 72
Round trip time was  5.485 milliseconds in repetition 73
Round trip time was  6.903 milliseconds in repetition 74
Round trip time was  5.538 milliseconds in repetition 75
Round trip time was  5.874 milliseconds in repetition 76
Round trip time was  4.565 milliseconds in repetition 77
Round trip time was  4.837 milliseconds in repetition 78
Round trip time was  4.097 milliseconds in repetition 79
Round trip time was  4.374 milliseconds in repetition 80
Round trip time was  6.312 milliseconds in repetition 81
Round trip time was  4.544 milliseconds in repetition 82
Round trip time was  4.319 milliseconds in repetition 83
Round trip time was  5.350 milliseconds in repetition 84
Round trip time was  4.197 milliseconds in repetition 85
Round trip time was  5.175 milliseconds in repetition 86
Round trip time was  4.935 milliseconds in repetition 87
Round trip time was  4.795 milliseconds in repetition 88
Round trip time was  6.840 milliseconds in repetition 89
Round trip time was  6.767 milliseconds in repetition 90
Round trip time was  4.066 milliseconds in repetition 91
Round trip time was  4.792 milliseconds in repetition 92
Round trip time was  3.867 milliseconds in repetition 93
Round trip time was  4.576 milliseconds in repetition 94
Round trip time was  4.022 milliseconds in repetition 95
Round trip time was  5.079 milliseconds in repetition 96
Round trip time was  4.713 milliseconds in repetition 97
Round trip time was  5.003 milliseconds in repetition 98
Round trip time was  4.890 milliseconds in repetition 99
Round trip time was  4.036 milliseconds in repetition 100
Round trip time was  5.565 milliseconds in repetition 101
Round trip time was  4.648 milliseconds in repetition 102
Round trip time was  4.984 milliseconds in repetition 103
Round trip time was  4.798 milliseconds in repetition 104
Round trip time was  4.929 milliseconds in repetition 105
Round trip time was  4.116 milliseconds in repetition 106
Round trip time was  4.057 milliseconds in repetition 107
Round trip time was  4.850 milliseconds in repetition 108
Round trip time was  5.486 milliseconds in repetition 109
Round trip time was  4.039 milliseconds in repetition 110
Round trip time was  3.907 milliseconds in repetition 111
Round trip time was  5.623 milliseconds in repetition 112
Round trip time was  4.363 milliseconds in repetition 113
Round trip time was  4.218 milliseconds in repetition 114
Round trip time was  4.742 milliseconds in repetition 115
Round trip time was  5.003 milliseconds in repetition 116
Round trip time was  4.507 milliseconds in repetition 117
Round trip time was  6.442 milliseconds in repetition 118
Round trip time was  5.813 milliseconds in repetition 119
Round trip time was  5.917 milliseconds in repetition 120
Round trip time was  5.509 milliseconds in repetition 121
Round trip time was  7.973 milliseconds in repetition 122
Round trip time was  5.103 milliseconds in repetition 123
Round trip time was  4.870 milliseconds in repetition 124
Round trip time was  4.319 milliseconds in repetition 125
Round trip time was  3.840 milliseconds in repetition 126
Round trip time was  4.116 milliseconds in repetition 127
Round trip time was  4.589 milliseconds in repetition 128
Round trip time was  4.671 milliseconds in repetition 129
Round trip time was  4.331 milliseconds in repetition 130
Round trip time was  4.709 milliseconds in repetition 131
Round trip time was  5.813 milliseconds in repetition 132
Round trip time was  4.712 milliseconds in repetition 133
Round trip time was  4.219 milliseconds in repetition 134
Round trip time was  5.344 milliseconds in repetition 135
Round trip time was  5.524 milliseconds in repetition 136
Round trip time was  5.332 milliseconds in repetition 137
Round trip time was  5.066 milliseconds in repetition 138
Round trip time was  5.733 milliseconds in repetition 139
Round trip time was  4.513 milliseconds in repetition 140
Round trip time was  5.134 milliseconds in repetition 141
Round trip time was  4.539 milliseconds in repetition 142
Round trip time was  5.439 milliseconds in repetition 143
Round trip time was  5.681 milliseconds in repetition 144
Round trip time was  4.783 milliseconds in repetition 145
Round trip time was  5.150 milliseconds in repetition 146
Round trip time was  4.490 milliseconds in repetition 147
Round trip time was  4.464 milliseconds in repetition 148
Round trip time was  6.479 milliseconds in repetition 149
Round trip time was  5.410 milliseconds in repetition 150
Round trip time was  3.808 milliseconds in repetition 151
Round trip time was  5.366 milliseconds in repetition 152
Round trip time was  7.031 milliseconds in repetition 153
Round trip time was  4.748 milliseconds in repetition 154
Round trip time was  5.187 milliseconds in repetition 155
Round trip time was  4.945 milliseconds in repetition 156
Round trip time was  4.108 milliseconds in repetition 157
Round trip time was  5.257 milliseconds in repetition 158
Round trip time was  4.379 milliseconds in repetition 159
Round trip time was  4.317 milliseconds in repetition 160
Round trip time was  6.158 milliseconds in repetition 161
Round trip time was  4.473 milliseconds in repetition 162
Round trip time was  5.912 milliseconds in repetition 163
Round trip time was  4.428 milliseconds in repetition 164
Round trip time was  4.854 milliseconds in repetition 165
Round trip time was  4.168 milliseconds in repetition 166
Round trip time was  5.472 milliseconds in repetition 167
Round trip time was  5.285 milliseconds in repetition 168
Round trip time was  6.629 milliseconds in repetition 169
Round trip time was  5.200 milliseconds in repetition 170
Round trip time was  4.078 milliseconds in repetition 171
Round trip time was  5.292 milliseconds in repetition 172
Round trip time was  5.845 milliseconds in repetition 173
Round trip time was  4.607 milliseconds in repetition 174
Round trip time was  4.313 milliseconds in repetition 175
Round trip time was  6.738 milliseconds in repetition 176
Round trip time was  5.267 milliseconds in repetition 177
Round trip time was  4.213 milliseconds in repetition 178
Round trip time was  4.651 milliseconds in repetition 179
Round trip time was  5.452 milliseconds in repetition 180
Round trip time was  4.276 milliseconds in repetition 181
Round trip time was  4.438 milliseconds in repetition 182
Round trip time was  4.456 milliseconds in repetition 183
Round trip time was  4.819 milliseconds in repetition 184
Round trip time was  4.370 milliseconds in repetition 185
Round trip time was  4.962 milliseconds in repetition 186
Round trip time was  4.297 milliseconds in repetition 187
Round trip time was  4.240 milliseconds in repetition 188
Round trip time was  4.153 milliseconds in repetition 189
Round trip time was  4.401 milliseconds in repetition 190
Round trip time was  6.355 milliseconds in repetition 191
Round trip time was  3.843 milliseconds in repetition 192
Round trip time was  4.548 milliseconds in repetition 193
Round trip time was  4.748 milliseconds in repetition 194
Round trip time was  5.923 milliseconds in repetition 195
Round trip time was  7.104 milliseconds in repetition 196
Round trip time was  5.515 milliseconds in repetition 197
Round trip time was  4.983 milliseconds in repetition 198
Round trip time was  5.427 milliseconds in repetition 199
Round trip time was  4.857 milliseconds in repetition 200
Round trip time was  4.901 milliseconds in repetition 201
Round trip time was  4.798 milliseconds in repetition 202
Round trip time was  4.379 milliseconds in repetition 203
Round trip time was  6.320 milliseconds in repetition 204
Round trip time was  4.212 milliseconds in repetition 205
Round trip time was  4.566 milliseconds in repetition 206
Round trip time was  5.004 milliseconds in repetition 207
Round trip time was  4.890 milliseconds in repetition 208
Round trip time was  4.845 milliseconds in repetition 209
Round trip time was  5.434 milliseconds in repetition 210
Round trip time was  5.457 milliseconds in repetition 211
Round trip time was  4.509 milliseconds in repetition 212
Round trip time was  4.989 milliseconds in repetition 213
Round trip time was  5.017 milliseconds in repetition 214
Round trip time was  5.140 milliseconds in repetition 215
Round trip time was  4.877 milliseconds in repetition 216
Round trip time was  5.123 milliseconds in repetition 217
Round trip time was  3.812 milliseconds in repetition 218
Round trip time was  4.075 milliseconds in repetition 219
Round trip time was  4.939 milliseconds in repetition 220
Round trip time was  7.077 milliseconds in repetition 221
Round trip time was  5.673 milliseconds in repetition 222
Round trip time was  6.147 milliseconds in repetition 223
Round trip time was  4.090 milliseconds in repetition 224
Round trip time was  4.724 milliseconds in repetition 225
Round trip time was  5.435 milliseconds in repetition 226
Round trip time was  4.047 milliseconds in repetition 227
Round trip time was  4.505 milliseconds in repetition 228
Round trip time was  5.700 milliseconds in repetition 229
Round trip time was  4.790 milliseconds in repetition 230
Round trip time was  5.583 milliseconds in repetition 231
Round trip time was  4.077 milliseconds in repetition 232
Round trip time was  7.425 milliseconds in repetition 233
Round trip time was  4.112 milliseconds in repetition 234
Round trip time was  6.229 milliseconds in repetition 235
Round trip time was  4.022 milliseconds in repetition 236
Round trip time was  5.377 milliseconds in repetition 237
Round trip time was  6.967 milliseconds in repetition 238
Round trip time was  5.604 milliseconds in repetition 239
Round trip time was  4.469 milliseconds in repetition 240
Round trip time was  5.359 milliseconds in repetition 241
Round trip time was  5.288 milliseconds in repetition 242
Round trip time was  4.077 milliseconds in repetition 243
Round trip time was  4.187 milliseconds in repetition 244
Round trip time was  5.971 milliseconds in repetition 245
Round trip time was  5.904 milliseconds in repetition 246
Round trip time was  5.456 milliseconds in repetition 247
Round trip time was  5.847 milliseconds in repetition 248
Round trip time was  5.371 milliseconds in repetition 249
Round trip time was  7.770 milliseconds in repetition 250
Round trip time was  6.700 milliseconds in repetition 251
Round trip time was  7.082 milliseconds in repetition 252
Round trip time was  7.286 milliseconds in repetition 253
Round trip time was  5.824 milliseconds in repetition 254
Round trip time was  4.800 milliseconds in repetition 255
Round trip time was  3.700 milliseconds in repetition 256
Round trip time was  4.546 milliseconds in repetition 257
Round trip time was  5.358 milliseconds in repetition 258
Round trip time was  5.192 milliseconds in repetition 259
Round trip time was  5.250 milliseconds in repetition 260
Round trip time was  4.980 milliseconds in repetition 261
Round trip time was  4.725 milliseconds in repetition 262
Round trip time was  4.991 milliseconds in repetition 263
Round trip time was  4.553 milliseconds in repetition 264
Round trip time was  7.701 milliseconds in repetition 265
Round trip time was  4.357 milliseconds in repetition 266
Round trip time was  4.329 milliseconds in repetition 267
Round trip time was  5.952 milliseconds in repetition 268
Round trip time was  4.597 milliseconds in repetition 269
Round trip time was  4.515 milliseconds in repetition 270
Round trip time was  7.295 milliseconds in repetition 271
Round trip time was  4.218 milliseconds in repetition 272
Round trip time was  4.336 milliseconds in repetition 273
Round trip time was  4.500 milliseconds in repetition 274
Round trip time was  4.610 milliseconds in repetition 275
Round trip time was  4.192 milliseconds in repetition 276
Round trip time was  4.977 milliseconds in repetition 277
Round trip time was  5.834 milliseconds in repetition 278
Round trip time was  5.642 milliseconds in repetition 279
Round trip time was  5.532 milliseconds in repetition 280
Round trip time was  8.787 milliseconds in repetition 281
Round trip time was  7.520 milliseconds in repetition 282
Round trip time was  6.318 milliseconds in repetition 283
Round trip time was  5.877 milliseconds in repetition 284
Round trip time was  5.408 milliseconds in repetition 285
Round trip time was  5.074 milliseconds in repetition 286
Round trip time was  5.172 milliseconds in repetition 287
Round trip time was  5.475 milliseconds in repetition 288
Round trip time was  5.425 milliseconds in repetition 289
Round trip time was  6.999 milliseconds in repetition 290
Round trip time was  5.990 milliseconds in repetition 291
Round trip time was  5.272 milliseconds in repetition 292
Round trip time was  5.485 milliseconds in repetition 293
Round trip time was  4.758 milliseconds in repetition 294
Round trip time was  5.745 milliseconds in repetition 295
Round trip time was  6.378 milliseconds in repetition 296
Round trip time was  5.409 milliseconds in repetition 297
Round trip time was  4.694 milliseconds in repetition 298
Round trip time was  5.988 milliseconds in repetition 299
Round trip time was  5.040 milliseconds in repetition 300
Round trip time was  5.221 milliseconds in repetition 301
Round trip time was  4.839 milliseconds in repetition 302
Round trip time was  5.296 milliseconds in repetition 303
Round trip time was  5.178 milliseconds in repetition 304
Round trip time was  4.117 milliseconds in repetition 305
Round trip time was  4.501 milliseconds in repetition 306
Round trip time was  4.361 milliseconds in repetition 307
Round trip time was  5.745 milliseconds in repetition 308
Round trip time was  5.596 milliseconds in repetition 309
Round trip time was  6.258 milliseconds in repetition 310
Round trip time was  7.747 milliseconds in repetition 311
Round trip time was  4.102 milliseconds in repetition 312
Round trip time was  4.543 milliseconds in repetition 313
Round trip time was  3.906 milliseconds in repetition 314
Round trip time was  4.470 milliseconds in repetition 315
Round trip time was  5.246 milliseconds in repetition 316
Round trip time was  5.823 milliseconds in repetition 317
Round trip time was  4.304 milliseconds in repetition 318
Round trip time was  7.249 milliseconds in repetition 319
Round trip time was  4.533 milliseconds in repetition 320
Round trip time was  4.646 milliseconds in repetition 321
Round trip time was  4.404 milliseconds in repetition 322
Round trip time was  5.328 milliseconds in repetition 323
Round trip time was  4.831 milliseconds in repetition 324
Round trip time was  4.675 milliseconds in repetition 325
Round trip time was  4.429 milliseconds in repetition 326
Round trip time was  4.252 milliseconds in repetition 327
Round trip time was  5.037 milliseconds in repetition 328
Round trip time was  4.454 milliseconds in repetition 329
Round trip time was  5.213 milliseconds in repetition 330
Round trip time was  5.454 milliseconds in repetition 331
Round trip time was  4.623 milliseconds in repetition 332
Round trip time was  4.705 milliseconds in repetition 333
Round trip time was  3.852 milliseconds in repetition 334
Round trip time was  4.692 milliseconds in repetition 335
Round trip time was  6.156 milliseconds in repetition 336
Round trip time was  5.628 milliseconds in repetition 337
Round trip time was  7.139 milliseconds in repetition 338
Round trip time was  5.108 milliseconds in repetition 339
Round trip time was  4.220 milliseconds in repetition 340
Round trip time was  5.209 milliseconds in repetition 341
Round trip time was  5.716 milliseconds in repetition 342
Round trip time was  5.436 milliseconds in repetition 343
Round trip time was  5.100 milliseconds in repetition 344
Round trip time was  4.834 milliseconds in repetition 345
Round trip time was  5.507 milliseconds in repetition 346
Round trip time was  4.672 milliseconds in repetition 347
Round trip time was  5.253 milliseconds in repetition 348
Round trip time was  4.686 milliseconds in repetition 349
Round trip time was  5.705 milliseconds in repetition 350
Round trip time was  5.000 milliseconds in repetition 351
Round trip time was  4.090 milliseconds in repetition 352
Round trip time was  5.883 milliseconds in repetition 353
Round trip time was  5.306 milliseconds in repetition 354
Round trip time was  6.205 milliseconds in repetition 355
Round trip time was  5.093 milliseconds in repetition 356
Round trip time was  4.890 milliseconds in repetition 357
Round trip time was  4.579 milliseconds in repetition 358
Round trip time was  4.080 milliseconds in repetition 359
Round trip time was  4.439 milliseconds in repetition 360
Round trip time was  6.827 milliseconds in repetition 361
Round trip time was  5.657 milliseconds in repetition 362
Round trip time was  6.364 milliseconds in repetition 363
Round trip time was  6.371 milliseconds in repetition 364
Round trip time was  5.509 milliseconds in repetition 365
Round trip time was  4.932 milliseconds in repetition 366
Round trip time was  4.991 milliseconds in repetition 367
Round trip time was  5.453 milliseconds in repetition 368
Round trip time was  4.571 milliseconds in repetition 369
Round trip time was  5.638 milliseconds in repetition 370
Round trip time was  5.763 milliseconds in repetition 371
Round trip time was  4.155 milliseconds in repetition 372
Round trip time was  4.405 milliseconds in repetition 373
Round trip time was  4.472 milliseconds in repetition 374
Round trip time was  4.760 milliseconds in repetition 375
Round trip time was  4.712 milliseconds in repetition 376
Round trip time was  4.615 milliseconds in repetition 377
Round trip time was  4.088 milliseconds in repetition 378
Round trip time was  3.770 milliseconds in repetition 379
Round trip time was  5.947 milliseconds in repetition 380
Round trip time was  6.308 milliseconds in repetition 381
Round trip time was  5.093 milliseconds in repetition 382
Round trip time was  4.706 milliseconds in repetition 383
Round trip time was  5.997 milliseconds in repetition 384
Round trip time was  5.046 milliseconds in repetition 385
Round trip time was  4.208 milliseconds in repetition 386
Round trip time was  4.358 milliseconds in repetition 387
Round trip time was  6.635 milliseconds in repetition 388
Round trip time was  6.126 milliseconds in repetition 389
Round trip time was  7.256 milliseconds in repetition 390
Round trip time was  4.206 milliseconds in repetition 391
Round trip time was  5.166 milliseconds in repetition 392
Round trip time was  5.542 milliseconds in repetition 393
Round trip time was  4.989 milliseconds in repetition 394
Round trip time was  3.754 milliseconds in repetition 395
Round trip time was  3.968 milliseconds in repetition 396
Round trip time was  4.446 milliseconds in repetition 397
Round trip time was  5.097 milliseconds in repetition 398
Round trip time was  4.797 milliseconds in repetition 399
Round trip time was  5.289 milliseconds in repetition 400
Round trip time was  4.099 milliseconds in repetition 401
Round trip time was  5.087 milliseconds in repetition 402
Round trip time was  4.586 milliseconds in repetition 403
Round trip time was  5.242 milliseconds in repetition 404
Round trip time was  4.678 milliseconds in repetition 405
Round trip time was  6.117 milliseconds in repetition 406
Round trip time was  4.401 milliseconds in repetition 407
Round trip time was  5.274 milliseconds in repetition 408
Round trip time was  6.678 milliseconds in repetition 409
Round trip time was  4.792 milliseconds in repetition 410
Round trip time was  4.339 milliseconds in repetition 411
Round trip time was  4.825 milliseconds in repetition 412
Round trip time was  4.823 milliseconds in repetition 413
Round trip time was  5.201 milliseconds in repetition 414
Round trip time was  4.336 milliseconds in repetition 415
Round trip time was  5.251 milliseconds in repetition 416
Round trip time was  5.989 milliseconds in repetition 417
Round trip time was  5.575 milliseconds in repetition 418
Round trip time was  4.987 milliseconds in repetition 419
Round trip time was  4.330 milliseconds in repetition 420
Round trip time was  5.746 milliseconds in repetition 421
Round trip time was  4.057 milliseconds in repetition 422
Round trip time was  4.917 milliseconds in repetition 423
Round trip time was  5.817 milliseconds in repetition 424
Round trip time was  4.579 milliseconds in repetition 425
Round trip time was  4.134 milliseconds in repetition 426
Round trip time was  5.739 milliseconds in repetition 427
Round trip time was  4.918 milliseconds in repetition 428
Round trip time was  4.166 milliseconds in repetition 429
Round trip time was  5.276 milliseconds in repetition 430
Round trip time was  5.113 milliseconds in repetition 431
Round trip time was  4.439 milliseconds in repetition 432
Round trip time was  4.251 milliseconds in repetition 433
Round trip time was  3.853 milliseconds in repetition 434
Round trip time was  6.117 milliseconds in repetition 435
Round trip time was  4.973 milliseconds in repetition 436
Round trip time was  5.169 milliseconds in repetition 437
Round trip time was  4.121 milliseconds in repetition 438
Round trip time was  5.374 milliseconds in repetition 439
Round trip time was  5.075 milliseconds in repetition 440
Round trip time was  4.077 milliseconds in repetition 441
Round trip time was  5.845 milliseconds in repetition 442
Round trip time was  6.476 milliseconds in repetition 443
Round trip time was  5.973 milliseconds in repetition 444
Round trip time was  5.009 milliseconds in repetition 445
Round trip time was  5.870 milliseconds in repetition 446
Round trip time was  7.127 milliseconds in repetition 447
Round trip time was  6.848 milliseconds in repetition 448
Round trip time was  5.813 milliseconds in repetition 449
Round trip time was  4.354 milliseconds in repetition 450
Round trip time was  5.269 milliseconds in repetition 451
Round trip time was  4.954 milliseconds in repetition 452
Round trip time was  4.718 milliseconds in repetition 453
Round trip time was  3.821 milliseconds in repetition 454
Round trip time was  4.668 milliseconds in repetition 455
Round trip time was  4.547 milliseconds in repetition 456
Round trip time was  5.203 milliseconds in repetition 457
Round trip time was  6.459 milliseconds in repetition 458
Round trip time was  6.960 milliseconds in repetition 459
Round trip time was  6.131 milliseconds in repetition 460
Round trip time was  7.081 milliseconds in repetition 461
Round trip time was  4.029 milliseconds in repetition 462
Round trip time was  5.967 milliseconds in repetition 463
Round trip time was  5.908 milliseconds in repetition 464
Round trip time was  5.407 milliseconds in repetition 465
Round trip time was  8.757 milliseconds in repetition 466
Round trip time was  4.969 milliseconds in repetition 467
Round trip time was  5.844 milliseconds in repetition 468
Round trip time was  5.933 milliseconds in repetition 469
Round trip time was  6.254 milliseconds in repetition 470
Round trip time was  5.254 milliseconds in repetition 471
Round trip time was  5.560 milliseconds in repetition 472
Round trip time was  6.013 milliseconds in repetition 473
Round trip time was  5.808 milliseconds in repetition 474
Round trip time was  6.823 milliseconds in repetition 475
Round trip time was  6.654 milliseconds in repetition 476
Round trip time was  6.760 milliseconds in repetition 477
Round trip time was  6.879 milliseconds in repetition 478
Round trip time was  9.706 milliseconds in repetition 479
Round trip time was  5.135 milliseconds in repetition 480
Round trip time was  8.939 milliseconds in repetition 481
Round trip time was  4.020 milliseconds in repetition 482
Round trip time was  8.416 milliseconds in repetition 483
Round trip time was  6.523 milliseconds in repetition 484
Round trip time was  6.367 milliseconds in repetition 485
Round trip time was  8.980 milliseconds in repetition 486
Round trip time was  4.497 milliseconds in repetition 487
Round trip time was  4.955 milliseconds in repetition 488
Round trip time was  4.414 milliseconds in repetition 489
Round trip time was  4.350 milliseconds in repetition 490
Round trip time was  4.564 milliseconds in repetition 491
Round trip time was  4.166 milliseconds in repetition 492
Round trip time was  4.573 milliseconds in repetition 493
Round trip time was  6.329 milliseconds in repetition 494
Round trip time was  4.133 milliseconds in repetition 495
Round trip time was  4.121 milliseconds in repetition 496
Round trip time was  4.356 milliseconds in repetition 497
Round trip time was  4.951 milliseconds in repetition 498
Round trip time was  4.426 milliseconds in repetition 499
Round trip time was  4.391 milliseconds in repetition 500
Round trip time was  4.401 milliseconds in repetition 501

 ... clock resolution was 1e-06
UDP Ping:  Statistics over 501 repetitions of 32768 byte messages

RTT : percentile 10: 4.15341, median: 5.00932, percentile 90: 6.37802, average: 5.18555, variance: 0.883984

RTT histogram:
3.69973 10
4.00006 40
4.30038 67
4.6007 71
4.90102 68
5.20134 62
5.50166 57
5.80199 41
6.10231 22
6.40263 19
6.70295 14
7.00327 14
7.3036 5
7.60392 3
7.90424 2
8.20456 0
8.50488 1
8.8052 3
9.10553 1
9.40585 0
9.70617 1

   median Throughput : 13082.8 KB/s   overall Throughput : 12638.2 KB/s

