UDP Ping trying to connect to server seti.dibris.unige.it (130.251.61.30) on TCP port 1491
 ... connected to Pong server: asking for 501 repetitions of 2048 _bytes UDP messages
 ... Pong server agreed to ping-pong using port 49230 :-)
Round trip time was 59.588 milliseconds in repetition 1
Round trip time was 31.585 milliseconds in repetition 2
Round trip time was 32.200 milliseconds in repetition 3
Round trip time was 31.267 milliseconds in repetition 4
Round trip time was 32.195 milliseconds in repetition 5
Round trip time was 31.282 milliseconds in repetition 6
Round trip time was 31.479 milliseconds in repetition 7
Round trip time was 30.930 milliseconds in repetition 8
Round trip time was 31.785 milliseconds in repetition 9
Round trip time was 30.859 milliseconds in repetition 10
Round trip time was 31.887 milliseconds in repetition 11
Round trip time was 31.253 milliseconds in repetition 12
Round trip time was 31.451 milliseconds in repetition 13
Round trip time was 32.047 milliseconds in repetition 14
Round trip time was 31.313 milliseconds in repetition 15
Round trip time was 31.895 milliseconds in repetition 16
Round trip time was 31.190 milliseconds in repetition 17
Round trip time was 31.533 milliseconds in repetition 18
Round trip time was 31.293 milliseconds in repetition 19
Round trip time was 30.725 milliseconds in repetition 20
Round trip time was 30.215 milliseconds in repetition 21
Round trip time was 30.611 milliseconds in repetition 22
Round trip time was 30.733 milliseconds in repetition 23
Round trip time was 30.654 milliseconds in repetition 24
Round trip time was 30.565 milliseconds in repetition 25
Round trip time was 31.377 milliseconds in repetition 26
Round trip time was 31.022 milliseconds in repetition 27
Round trip time was 30.592 milliseconds in repetition 28
Round trip time was 30.683 milliseconds in repetition 29
Round trip time was 30.705 milliseconds in repetition 30
Round trip time was 30.548 milliseconds in repetition 31
Round trip time was 30.731 milliseconds in repetition 32
Round trip time was 30.939 milliseconds in repetition 33
Round trip time was 29.879 milliseconds in repetition 34
Round trip time was 30.727 milliseconds in repetition 35
Round trip time was 30.980 milliseconds in repetition 36
Round trip time was 30.962 milliseconds in repetition 37
Round trip time was 30.776 milliseconds in repetition 38
Round trip time was 30.894 milliseconds in repetition 39
Round trip time was 31.280 milliseconds in repetition 40
Round trip time was 30.474 milliseconds in repetition 41
Round trip time was 30.262 milliseconds in repetition 42
Round trip time was 30.570 milliseconds in repetition 43
Round trip time was 30.696 milliseconds in repetition 44
Round trip time was 30.750 milliseconds in repetition 45
Round trip time was 30.501 milliseconds in repetition 46
Round trip time was 30.726 milliseconds in repetition 47
Round trip time was 30.534 milliseconds in repetition 48
Round trip time was 30.267 milliseconds in repetition 49
Round trip time was 30.535 milliseconds in repetition 50
Round trip time was 30.889 milliseconds in repetition 51
Round trip time was 30.205 milliseconds in repetition 52
Round trip time was 30.312 milliseconds in repetition 53
Round trip time was 30.979 milliseconds in repetition 54
Round trip time was 30.540 milliseconds in repetition 55
Round trip time was 30.438 milliseconds in repetition 56
Round trip time was 30.552 milliseconds in repetition 57
Round trip time was 30.706 milliseconds in repetition 58
Round trip time was 30.678 milliseconds in repetition 59
Round trip time was 30.532 milliseconds in repetition 60
Round trip time was 30.300 milliseconds in repetition 61
Round trip time was 30.410 milliseconds in repetition 62
Round trip time was 30.239 milliseconds in repetition 63
Round trip time was 30.587 milliseconds in repetition 64
Round trip time was 30.768 milliseconds in repetition 65
Round trip time was 30.627 milliseconds in repetition 66
Round trip time was 30.229 milliseconds in repetition 67
Round trip time was 30.618 milliseconds in repetition 68
Round trip time was 30.657 milliseconds in repetition 69
Round trip time was 30.538 milliseconds in repetition 70
Round trip time was 30.732 milliseconds in repetition 71
Round trip time was 30.696 milliseconds in repetition 72
Round trip time was 30.538 milliseconds in repetition 73
Round trip time was 30.271 milliseconds in repetition 74
Round trip time was 30.569 milliseconds in repetition 75
Round trip time was 30.398 milliseconds in repetition 76
Round trip time was 31.134 milliseconds in repetition 77
Round trip time was 30.882 milliseconds in repetition 78
Round trip time was 31.384 milliseconds in repetition 79
Round trip time was 31.042 milliseconds in repetition 80
Round trip time was 30.971 milliseconds in repetition 81
Round trip time was 30.567 milliseconds in repetition 82
Round trip time was 30.440 milliseconds in repetition 83
Round trip time was 30.249 milliseconds in repetition 84
Round trip time was 30.924 milliseconds in repetition 85
Round trip time was 30.331 milliseconds in repetition 86
Round trip time was 30.259 milliseconds in repetition 87
Round trip time was 30.675 milliseconds in repetition 88
Round trip time was 30.397 milliseconds in repetition 89
Round trip time was 30.893 milliseconds in repetition 90
Round trip time was 30.286 milliseconds in repetition 91
Round trip time was 30.631 milliseconds in repetition 92
Round trip time was 30.599 milliseconds in repetition 93
Round trip time was 30.695 milliseconds in repetition 94
Round trip time was 30.284 milliseconds in repetition 95
Round trip time was 30.659 milliseconds in repetition 96
Round trip time was 30.588 milliseconds in repetition 97
Round trip time was 30.682 milliseconds in repetition 98
Round trip time was 30.964 milliseconds in repetition 99
Round trip time was 30.299 milliseconds in repetition 100
Round trip time was 30.728 milliseconds in repetition 101
Round trip time was 30.537 milliseconds in repetition 102
Round trip time was 31.005 milliseconds in repetition 103
Round trip time was 30.435 milliseconds in repetition 104
Round trip time was 30.219 milliseconds in repetition 105
Round trip time was 30.586 milliseconds in repetition 106
Round trip time was 30.726 milliseconds in repetition 107
Round trip time was 30.675 milliseconds in repetition 108
Round trip time was 30.542 milliseconds in repetition 109
Round trip time was 30.313 milliseconds in repetition 110
Round trip time was 30.659 milliseconds in repetition 111
Round trip time was 30.279 milliseconds in repetition 112
Round trip time was 30.521 milliseconds in repetition 113
Round trip time was 31.175 milliseconds in repetition 114
Round trip time was 30.964 milliseconds in repetition 115
Round trip time was 30.582 milliseconds in repetition 116
Round trip time was 30.695 milliseconds in repetition 117
Round trip time was 30.704 milliseconds in repetition 118
Round trip time was 30.560 milliseconds in repetition 119
Round trip time was 30.717 milliseconds in repetition 120
Round trip time was 30.760 milliseconds in repetition 121
Round trip time was 30.860 milliseconds in repetition 122
Round trip time was 30.627 milliseconds in repetition 123
Round trip time was 30.848 milliseconds in repetition 124
Round trip time was 30.682 milliseconds in repetition 125
Round trip time was 30.732 milliseconds in repetition 126
Round trip time was 30.415 milliseconds in repetition 127
Round trip time was 30.236 milliseconds in repetition 128
Round trip time was 30.587 milliseconds in repetition 129
Round trip time was 30.691 milliseconds in repetition 130
Round trip time was 30.706 milliseconds in repetition 131
Round trip time was 30.838 milliseconds in repetition 132
Round trip time was 30.655 milliseconds in repetition 133
Round trip time was 30.764 milliseconds in repetition 134
Round trip time was 30.371 milliseconds in repetition 135
Round trip time was 30.884 milliseconds in repetition 136
Round trip time was 30.294 milliseconds in repetition 137
Round trip time was 30.495 milliseconds in repetition 138
Round trip time was 30.765 milliseconds in repetition 139
Round trip time was 31.011 milliseconds in repetition 140
Round trip time was 30.207 milliseconds in repetition 141
Round trip time was 30.254 milliseconds in repetition 142
Round trip time was 30.726 milliseconds in repetition 143
Round trip time was 30.652 milliseconds in repetition 144
Round trip time was 30.322 milliseconds in repetition 145
Round trip time was 30.987 milliseconds in repetition 146
Round trip time was 30.682 milliseconds in repetition 147
Round trip time was 30.578 milliseconds in repetition 148
Round trip time was 30.694 milliseconds in repetition 149
Round trip time was 30.993 milliseconds in repetition 150
Round trip time was 30.547 milliseconds in repetition 151
Round trip time was 30.440 milliseconds in repetition 152
Round trip time was 30.240 milliseconds in repetition 153
Round trip time was 30.708 milliseconds in repetition 154
Round trip time was 30.875 milliseconds in repetition 155
Round trip time was 31.126 milliseconds in repetition 156
Round trip time was 30.245 milliseconds in repetition 157
Round trip time was 31.023 milliseconds in repetition 158
Round trip time was 30.537 milliseconds in repetition 159
Round trip time was 30.397 milliseconds in repetition 160
Round trip time was 30.103 milliseconds in repetition 161
Round trip time was 30.734 milliseconds in repetition 162
Round trip time was 30.690 milliseconds in repetition 163
Round trip time was 30.618 milliseconds in repetition 164
Round trip time was 30.207 milliseconds in repetition 165
Round trip time was 31.175 milliseconds in repetition 166
Round trip time was 30.523 milliseconds in repetition 167
Round trip time was 30.714 milliseconds in repetition 168
Round trip time was 30.731 milliseconds in repetition 169
Round trip time was 30.817 milliseconds in repetition 170
Round trip time was 30.436 milliseconds in repetition 171
Round trip time was 30.684 milliseconds in repetition 172
Round trip time was 30.663 milliseconds in repetition 173
Round trip time was 30.438 milliseconds in repetition 174
Round trip time was 30.743 milliseconds in repetition 175
Round trip time was 30.657 milliseconds in repetition 176
Round trip time was 30.482 milliseconds in repetition 177
Round trip time was 30.348 milliseconds in repetition 178
Round trip time was 30.446 milliseconds in repetition 179
Round trip time was 30.221 milliseconds in repetition 180
Round trip time was 31.039 milliseconds in repetition 181
Round trip time was 30.401 milliseconds in repetition 182
Round trip time was 30.604 milliseconds in repetition 183
Round trip time was 30.928 milliseconds in repetition 184
Round trip time was 31.180 milliseconds in repetition 185
Round trip time was 30.067 milliseconds in repetition 186
Round trip time was 30.541 milliseconds in repetition 187
Round trip time was 30.333 milliseconds in repetition 188
Round trip time was 30.382 milliseconds in repetition 189
Round trip time was 30.693 milliseconds in repetition 190
Round trip time was 30.565 milliseconds in repetition 191
Round trip time was 30.699 milliseconds in repetition 192
Round trip time was 30.293 milliseconds in repetition 193
Round trip time was 30.670 milliseconds in repetition 194
Round trip time was 30.635 milliseconds in repetition 195
Round trip time was 30.196 milliseconds in repetition 196
Round trip time was 31.718 milliseconds in repetition 197
Round trip time was 31.011 milliseconds in repetition 198
Round trip time was 30.666 milliseconds in repetition 199
Round trip time was 30.586 milliseconds in repetition 200
Round trip time was 30.683 milliseconds in repetition 201
Round trip time was 30.713 milliseconds in repetition 202
Round trip time was 30.242 milliseconds in repetition 203
Round trip time was 30.485 milliseconds in repetition 204
Round trip time was 30.785 milliseconds in repetition 205
Round trip time was 30.288 milliseconds in repetition 206
Round trip time was 30.512 milliseconds in repetition 207
Round trip time was 30.449 milliseconds in repetition 208
Round trip time was 30.716 milliseconds in repetition 209
Round trip time was 30.554 milliseconds in repetition 210
Round trip time was 30.256 milliseconds in repetition 211
Round trip time was 30.703 milliseconds in repetition 212
Round trip time was 31.266 milliseconds in repetition 213
Round trip time was 30.710 milliseconds in repetition 214
Round trip time was 30.226 milliseconds in repetition 215
Round trip time was 30.297 milliseconds in repetition 216
Round trip time was 30.402 milliseconds in repetition 217
Round trip time was 31.290 milliseconds in repetition 218
Round trip time was 30.709 milliseconds in repetition 219
Round trip time was 30.785 milliseconds in repetition 220
Round trip time was 30.557 milliseconds in repetition 221
Round trip time was 30.904 milliseconds in repetition 222
Round trip time was 30.021 milliseconds in repetition 223
Round trip time was 30.525 milliseconds in repetition 224
Round trip time was 30.483 milliseconds in repetition 225
Round trip time was 30.676 milliseconds in repetition 226
Round trip time was 30.355 milliseconds in repetition 227
Round trip time was 30.236 milliseconds in repetition 228
Round trip time was 30.434 milliseconds in repetition 229
Round trip time was 30.542 milliseconds in repetition 230
Round trip time was 30.733 milliseconds in repetition 231
Round trip time was 30.741 milliseconds in repetition 232
Round trip time was 31.264 milliseconds in repetition 233
Round trip time was 30.250 milliseconds in repetition 234
Round trip time was 30.687 milliseconds in repetition 235
Round trip time was 30.281 milliseconds in repetition 236
Round trip time was 30.664 milliseconds in repetition 237
Round trip time was 30.544 milliseconds in repetition 238
Round trip time was 30.286 milliseconds in repetition 239
Round trip time was 30.416 milliseconds in repetition 240
Round trip time was 30.239 milliseconds in repetition 241
Round trip time was 30.450 milliseconds in repetition 242
Round trip time was 30.402 milliseconds in repetition 243
Round trip time was 30.396 milliseconds in repetition 244
Round trip time was 30.244 milliseconds in repetition 245
Round trip time was 30.571 milliseconds in repetition 246
Round trip time was 30.688 milliseconds in repetition 247
Round trip time was 30.718 milliseconds in repetition 248
Round trip time was 30.826 milliseconds in repetition 249
Round trip time was 31.182 milliseconds in repetition 250
Round trip time was 30.684 milliseconds in repetition 251
Round trip time was 30.574 milliseconds in repetition 252
Round trip time was 30.732 milliseconds in repetition 253
Round trip time was 30.603 milliseconds in repetition 254
Round trip time was 30.254 milliseconds in repetition 255
Round trip time was 30.669 milliseconds in repetition 256
Round trip time was 31.012 milliseconds in repetition 257
Round trip time was 30.494 milliseconds in repetition 258
Round trip time was 30.731 milliseconds in repetition 259
Round trip time was 30.664 milliseconds in repetition 260
Round trip time was 30.299 milliseconds in repetition 261
Round trip time was 30.533 milliseconds in repetition 262
Round trip time was 30.445 milliseconds in repetition 263
Round trip time was 30.229 milliseconds in repetition 264
Round trip time was 30.566 milliseconds in repetition 265
Round trip time was 30.682 milliseconds in repetition 266
Round trip time was 30.745 milliseconds in repetition 267
Round trip time was 30.759 milliseconds in repetition 268
Round trip time was 30.502 milliseconds in repetition 269
Round trip time was 30.525 milliseconds in repetition 270
Round trip time was 30.707 milliseconds in repetition 271
Round trip time was 30.256 milliseconds in repetition 272
Round trip time was 30.266 milliseconds in repetition 273
Round trip time was 30.438 milliseconds in repetition 274
Round trip time was 30.261 milliseconds in repetition 275
Round trip time was 30.821 milliseconds in repetition 276
Round trip time was 29.973 milliseconds in repetition 277
Round trip time was 30.427 milliseconds in repetition 278
Round trip time was 30.217 milliseconds in repetition 279
Round trip time was 30.742 milliseconds in repetition 280
Round trip time was 30.093 milliseconds in repetition 281
Round trip time was 30.423 milliseconds in repetition 282
Round trip time was 30.242 milliseconds in repetition 283
Round trip time was 30.292 milliseconds in repetition 284
Round trip time was 31.040 milliseconds in repetition 285
Round trip time was 30.559 milliseconds in repetition 286
Round trip time was 30.901 milliseconds in repetition 287
Round trip time was 29.991 milliseconds in repetition 288
Round trip time was 30.242 milliseconds in repetition 289
Round trip time was 31.191 milliseconds in repetition 290
Round trip time was 30.660 milliseconds in repetition 291
Round trip time was 30.584 milliseconds in repetition 292
Round trip time was 30.727 milliseconds in repetition 293
Round trip time was 30.959 milliseconds in repetition 294
Round trip time was 30.580 milliseconds in repetition 295
Round trip time was 30.683 milliseconds in repetition 296
Round trip time was 30.723 milliseconds in repetition 297
Round trip time was 30.086 milliseconds in repetition 298
Round trip time was 30.731 milliseconds in repetition 299
Round trip time was 30.675 milliseconds in repetition 300
Round trip time was 30.311 milliseconds in repetition 301
Round trip time was 30.514 milliseconds in repetition 302
Round trip time was 30.438 milliseconds in repetition 303
Round trip time was 30.218 milliseconds in repetition 304
Round trip time was 30.573 milliseconds in repetition 305
Round trip time was 43.249 milliseconds in repetition 306
Round trip time was 33.684 milliseconds in repetition 307
Round trip time was 30.260 milliseconds in repetition 308
Round trip time was 30.693 milliseconds in repetition 309
Round trip time was 30.562 milliseconds in repetition 310
Round trip time was 30.703 milliseconds in repetition 311
Round trip time was 34.088 milliseconds in repetition 312
Round trip time was 30.708 milliseconds in repetition 313
Round trip time was 30.699 milliseconds in repetition 314
Round trip time was 29.977 milliseconds in repetition 315
Round trip time was 30.545 milliseconds in repetition 316
Round trip time was 30.631 milliseconds in repetition 317
Round trip time was 30.619 milliseconds in repetition 318
Round trip time was 30.414 milliseconds in repetition 319
Round trip time was 30.288 milliseconds in repetition 320
Round trip time was 30.996 milliseconds in repetition 321
Round trip time was 30.576 milliseconds in repetition 322
Round trip time was 30.681 milliseconds in repetition 323
Round trip time was 29.769 milliseconds in repetition 324
Round trip time was 30.447 milliseconds in repetition 325
Round trip time was 30.279 milliseconds in repetition 326
Round trip time was 30.664 milliseconds in repetition 327
Round trip time was 30.593 milliseconds in repetition 328
Round trip time was 31.267 milliseconds in repetition 329
Round trip time was 30.449 milliseconds in repetition 330
Round trip time was 30.318 milliseconds in repetition 331
Round trip time was 30.982 milliseconds in repetition 332
Round trip time was 30.607 milliseconds in repetition 333
Round trip time was 30.369 milliseconds in repetition 334
Round trip time was 30.929 milliseconds in repetition 335
Round trip time was 31.091 milliseconds in repetition 336
Round trip time was 30.438 milliseconds in repetition 337
Round trip time was 31.901 milliseconds in repetition 338
Round trip time was 30.548 milliseconds in repetition 339
Round trip time was 30.748 milliseconds in repetition 340
Round trip time was 30.550 milliseconds in repetition 341
Round trip time was 30.379 milliseconds in repetition 342
Round trip time was 30.106 milliseconds in repetition 343
Round trip time was 31.164 milliseconds in repetition 344
Round trip time was 30.536 milliseconds in repetition 345
Round trip time was 31.028 milliseconds in repetition 346
Round trip time was 31.387 milliseconds in repetition 347
Round trip time was 30.596 milliseconds in repetition 348
Round trip time was 30.428 milliseconds in repetition 349
Round trip time was 30.540 milliseconds in repetition 350
Round trip time was 31.025 milliseconds in repetition 351
Round trip time was 30.728 milliseconds in repetition 352
Round trip time was 30.633 milliseconds in repetition 353
Round trip time was 30.569 milliseconds in repetition 354
Round trip time was 30.747 milliseconds in repetition 355
Round trip time was 30.499 milliseconds in repetition 356
Round trip time was 30.733 milliseconds in repetition 357
Round trip time was 30.974 milliseconds in repetition 358
Round trip time was 30.700 milliseconds in repetition 359
Round trip time was 30.238 milliseconds in repetition 360
Round trip time was 31.043 milliseconds in repetition 361
Round trip time was 30.233 milliseconds in repetition 362
Round trip time was 30.705 milliseconds in repetition 363
Round trip time was 30.547 milliseconds in repetition 364
Round trip time was 31.059 milliseconds in repetition 365
Round trip time was 30.991 milliseconds in repetition 366
Round trip time was 31.353 milliseconds in repetition 367
Round trip time was 30.309 milliseconds in repetition 368
Round trip time was 30.308 milliseconds in repetition 369
Round trip time was 30.233 milliseconds in repetition 370
Round trip time was 30.258 milliseconds in repetition 371
Round trip time was 30.723 milliseconds in repetition 372
Round trip time was 30.536 milliseconds in repetition 373
Round trip time was 30.730 milliseconds in repetition 374
Round trip time was 30.661 milliseconds in repetition 375
Round trip time was 30.585 milliseconds in repetition 376
Round trip time was 31.137 milliseconds in repetition 377
Round trip time was 30.274 milliseconds in repetition 378
Round trip time was 30.267 milliseconds in repetition 379
Round trip time was 30.667 milliseconds in repetition 380
Round trip time was 30.871 milliseconds in repetition 381
Round trip time was 31.015 milliseconds in repetition 382
Round trip time was 30.228 milliseconds in repetition 383
Round trip time was 31.049 milliseconds in repetition 384
Round trip time was 30.394 milliseconds in repetition 385
Round trip time was 30.556 milliseconds in repetition 386
Round trip time was 30.991 milliseconds in repetition 387
Round trip time was 31.137 milliseconds in repetition 388
Round trip time was 30.688 milliseconds in repetition 389
Round trip time was 31.284 milliseconds in repetition 390
Round trip time was 30.249 milliseconds in repetition 391
Round trip time was 30.292 milliseconds in repetition 392
Round trip time was 30.722 milliseconds in repetition 393
Round trip time was 30.963 milliseconds in repetition 394
Round trip time was 30.314 milliseconds in repetition 395
Round trip time was 31.331 milliseconds in repetition 396
Round trip time was 30.344 milliseconds in repetition 397
Round trip time was 30.098 milliseconds in repetition 398
Round trip time was 30.727 milliseconds in repetition 399
Round trip time was 30.691 milliseconds in repetition 400
Round trip time was 30.844 milliseconds in repetition 401
Round trip time was 30.693 milliseconds in repetition 402
Round trip time was 30.467 milliseconds in repetition 403
Round trip time was 30.792 milliseconds in repetition 404
Round trip time was 31.241 milliseconds in repetition 405
Round trip time was 30.278 milliseconds in repetition 406
Round trip time was 30.580 milliseconds in repetition 407
Round trip time was 30.133 milliseconds in repetition 408
Round trip time was 30.756 milliseconds in repetition 409
Round trip time was 30.653 milliseconds in repetition 410
Round trip time was 30.556 milliseconds in repetition 411
Round trip time was 31.046 milliseconds in repetition 412
Round trip time was 30.881 milliseconds in repetition 413
Round trip time was 30.079 milliseconds in repetition 414
Round trip time was 30.701 milliseconds in repetition 415
Round trip time was 30.690 milliseconds in repetition 416
Round trip time was 30.825 milliseconds in repetition 417
Round trip time was 31.245 milliseconds in repetition 418
Round trip time was 30.771 milliseconds in repetition 419
Round trip time was 30.433 milliseconds in repetition 420
Round trip time was 30.959 milliseconds in repetition 421
Round trip time was 30.293 milliseconds in repetition 422
Round trip time was 30.495 milliseconds in repetition 423
Round trip time was 30.734 milliseconds in repetition 424
Round trip time was 30.758 milliseconds in repetition 425
Round trip time was 30.486 milliseconds in repetition 426
Round trip time was 30.832 milliseconds in repetition 427
Round trip time was 30.885 milliseconds in repetition 428
Round trip time was 30.513 milliseconds in repetition 429
Round trip time was 30.426 milliseconds in repetition 430
Round trip time was 30.986 milliseconds in repetition 431
Round trip time was 30.574 milliseconds in repetition 432
Round trip time was 30.259 milliseconds in repetition 433
Round trip time was 30.715 milliseconds in repetition 434
Round trip time was 30.991 milliseconds in repetition 435
Round trip time was 30.721 milliseconds in repetition 436
Round trip time was 30.683 milliseconds in repetition 437
Round trip time was 30.571 milliseconds in repetition 438
Round trip time was 30.291 milliseconds in repetition 439
Round trip time was 30.685 milliseconds in repetition 440
Round trip time was 30.267 milliseconds in repetition 441
Round trip time was 30.498 milliseconds in repetition 442
Round trip time was 30.754 milliseconds in repetition 443
Round trip time was 30.682 milliseconds in repetition 444
Round trip time was 30.754 milliseconds in repetition 445
Round trip time was 30.518 milliseconds in repetition 446
Round trip time was 30.698 milliseconds in repetition 447
Round trip time was 30.975 milliseconds in repetition 448
Round trip time was 30.190 milliseconds in repetition 449
Round trip time was 33.164 milliseconds in repetition 450
Round trip time was 30.676 milliseconds in repetition 451
Round trip time was 30.716 milliseconds in repetition 452
Round trip time was 30.304 milliseconds in repetition 453
Round trip time was 30.967 milliseconds in repetition 454
Round trip time was 30.696 milliseconds in repetition 455
Round trip time was 30.097 milliseconds in repetition 456
Round trip time was 30.441 milliseconds in repetition 457
Round trip time was 30.525 milliseconds in repetition 458
Round trip time was 30.741 milliseconds in repetition 459
Round trip time was 31.073 milliseconds in repetition 460
Round trip time was 30.597 milliseconds in repetition 461
Round trip time was 30.584 milliseconds in repetition 462
Round trip time was 30.687 milliseconds in repetition 463
Round trip time was 30.291 milliseconds in repetition 464
Round trip time was 30.669 milliseconds in repetition 465
Round trip time was 30.617 milliseconds in repetition 466
Round trip time was 30.650 milliseconds in repetition 467
Round trip time was 30.783 milliseconds in repetition 468
Round trip time was 30.776 milliseconds in repetition 469
Round trip time was 31.165 milliseconds in repetition 470
Round trip time was 30.541 milliseconds in repetition 471
Round trip time was 30.292 milliseconds in repetition 472
Round trip time was 30.195 milliseconds in repetition 473
Round trip time was 30.752 milliseconds in repetition 474
Round trip time was 30.660 milliseconds in repetition 475
Round trip time was 30.583 milliseconds in repetition 476
Round trip time was 30.688 milliseconds in repetition 477
Round trip time was 30.731 milliseconds in repetition 478
Round trip time was 31.507 milliseconds in repetition 479
Round trip time was 30.457 milliseconds in repetition 480
Round trip time was 30.841 milliseconds in repetition 481
Round trip time was 30.463 milliseconds in repetition 482
Round trip time was 30.715 milliseconds in repetition 483
Round trip time was 30.608 milliseconds in repetition 484
Round trip time was 30.189 milliseconds in repetition 485
Round trip time was 30.703 milliseconds in repetition 486
Round trip time was 30.280 milliseconds in repetition 487
Round trip time was 30.990 milliseconds in repetition 488
Round trip time was 30.706 milliseconds in repetition 489
Round trip time was 30.534 milliseconds in repetition 490
Round trip time was 30.408 milliseconds in repetition 491
Round trip time was 30.096 milliseconds in repetition 492
Round trip time was 30.748 milliseconds in repetition 493
Round trip time was 30.645 milliseconds in repetition 494
Round trip time was 30.590 milliseconds in repetition 495
Round trip time was 30.683 milliseconds in repetition 496
Round trip time was 30.709 milliseconds in repetition 497
Round trip time was 30.835 milliseconds in repetition 498
Round trip time was 31.271 milliseconds in repetition 499
Round trip time was 30.450 milliseconds in repetition 500
Round trip time was 30.720 milliseconds in repetition 501

 ... clock resolution was 1e-06
UDP Ping:  Statistics over 501 repetitions of 2048 byte messages

RTT : percentile 10: 30.2557, median: 30.6573, percentile 90: 31.0726, average: 30.7519, variance: 2.15187

RTT histogram:
29.7693 158
31.2602 335
32.7512 4
34.2421 2
35.7331 0
37.224 0
38.715 0
40.2059 0
41.6968 0
43.1878 1
44.6787 0
46.1697 0
47.6606 0
49.1515 0
50.6425 0
52.1334 0
53.6244 0
55.1153 0
56.6063 0
58.0972 0
59.5881 1

   median Throughput : 133.606 KB/s   overall Throughput : 133.195 KB/s

