UDP Ping trying to connect to server seti.dibris.unige.it (130.251.61.30) on TCP port 1491
 ... connected to Pong server: asking for 501 repetitions of 3072 _bytes UDP messages
 ... Pong server agreed to ping-pong using port 49230 :-)
Round trip time was 74.119 milliseconds in repetition 1
Round trip time was 34.458 milliseconds in repetition 2
Round trip time was 33.003 milliseconds in repetition 3
Round trip time was 33.246 milliseconds in repetition 4
Round trip time was 33.484 milliseconds in repetition 5
Round trip time was 33.226 milliseconds in repetition 6
Round trip time was 32.762 milliseconds in repetition 7
Round trip time was 32.742 milliseconds in repetition 8
Round trip time was 32.969 milliseconds in repetition 9
Round trip time was 33.286 milliseconds in repetition 10
Round trip time was 32.969 milliseconds in repetition 11
Round trip time was 32.819 milliseconds in repetition 12
Round trip time was 32.706 milliseconds in repetition 13
Round trip time was 33.216 milliseconds in repetition 14
Round trip time was 32.757 milliseconds in repetition 15
Round trip time was 32.958 milliseconds in repetition 16
Round trip time was 32.766 milliseconds in repetition 17
Round trip time was 33.011 milliseconds in repetition 18
Round trip time was 32.734 milliseconds in repetition 19
Round trip time was 32.709 milliseconds in repetition 20
Round trip time was 32.024 milliseconds in repetition 21
Round trip time was 32.005 milliseconds in repetition 22
Round trip time was 31.751 milliseconds in repetition 23
Round trip time was 32.204 milliseconds in repetition 24
Round trip time was 32.021 milliseconds in repetition 25
Round trip time was 31.993 milliseconds in repetition 26
Round trip time was 31.956 milliseconds in repetition 27
Round trip time was 32.007 milliseconds in repetition 28
Round trip time was 32.023 milliseconds in repetition 29
Round trip time was 31.991 milliseconds in repetition 30
Round trip time was 31.967 milliseconds in repetition 31
Round trip time was 32.004 milliseconds in repetition 32
Round trip time was 32.018 milliseconds in repetition 33
Round trip time was 31.997 milliseconds in repetition 34
Round trip time was 31.957 milliseconds in repetition 35
Round trip time was 32.066 milliseconds in repetition 36
Round trip time was 31.946 milliseconds in repetition 37
Round trip time was 32.211 milliseconds in repetition 38
Round trip time was 32.028 milliseconds in repetition 39
Round trip time was 31.747 milliseconds in repetition 40
Round trip time was 31.993 milliseconds in repetition 41
Round trip time was 32.213 milliseconds in repetition 42
Round trip time was 32.064 milliseconds in repetition 43
Round trip time was 32.472 milliseconds in repetition 44
Round trip time was 31.982 milliseconds in repetition 45
Round trip time was 31.734 milliseconds in repetition 46
Round trip time was 32.222 milliseconds in repetition 47
Round trip time was 32.002 milliseconds in repetition 48
Round trip time was 32.019 milliseconds in repetition 49
Round trip time was 32.208 milliseconds in repetition 50
Round trip time was 32.492 milliseconds in repetition 51
Round trip time was 32.277 milliseconds in repetition 52
Round trip time was 32.260 milliseconds in repetition 53
Round trip time was 32.256 milliseconds in repetition 54
Round trip time was 31.943 milliseconds in repetition 55
Round trip time was 32.738 milliseconds in repetition 56
Round trip time was 32.034 milliseconds in repetition 57
Round trip time was 31.733 milliseconds in repetition 58
Round trip time was 32.002 milliseconds in repetition 59
Round trip time was 32.207 milliseconds in repetition 60
Round trip time was 31.761 milliseconds in repetition 61
Round trip time was 32.518 milliseconds in repetition 62
Round trip time was 32.320 milliseconds in repetition 63
Round trip time was 32.148 milliseconds in repetition 64
Round trip time was 32.519 milliseconds in repetition 65
Round trip time was 32.235 milliseconds in repetition 66
Round trip time was 32.230 milliseconds in repetition 67
Round trip time was 32.250 milliseconds in repetition 68
Round trip time was 31.931 milliseconds in repetition 69
Round trip time was 32.002 milliseconds in repetition 70
Round trip time was 32.026 milliseconds in repetition 71
Round trip time was 31.989 milliseconds in repetition 72
Round trip time was 31.959 milliseconds in repetition 73
Round trip time was 32.025 milliseconds in repetition 74
Round trip time was 31.781 milliseconds in repetition 75
Round trip time was 32.216 milliseconds in repetition 76
Round trip time was 31.959 milliseconds in repetition 77
Round trip time was 32.002 milliseconds in repetition 78
Round trip time was 32.007 milliseconds in repetition 79
Round trip time was 32.215 milliseconds in repetition 80
Round trip time was 31.759 milliseconds in repetition 81
Round trip time was 31.999 milliseconds in repetition 82
Round trip time was 32.008 milliseconds in repetition 83
Round trip time was 32.217 milliseconds in repetition 84
Round trip time was 31.747 milliseconds in repetition 85
Round trip time was 32.006 milliseconds in repetition 86
Round trip time was 31.850 milliseconds in repetition 87
Round trip time was 32.375 milliseconds in repetition 88
Round trip time was 32.497 milliseconds in repetition 89
Round trip time was 31.517 milliseconds in repetition 90
Round trip time was 31.968 milliseconds in repetition 91
Round trip time was 32.000 milliseconds in repetition 92
Round trip time was 31.820 milliseconds in repetition 93
Round trip time was 31.933 milliseconds in repetition 94
Round trip time was 32.226 milliseconds in repetition 95
Round trip time was 31.995 milliseconds in repetition 96
Round trip time was 32.018 milliseconds in repetition 97
Round trip time was 31.735 milliseconds in repetition 98
Round trip time was 32.221 milliseconds in repetition 99
Round trip time was 32.038 milliseconds in repetition 100
Round trip time was 33.298 milliseconds in repetition 101
Round trip time was 32.180 milliseconds in repetition 102
Round trip time was 31.788 milliseconds in repetition 103
Round trip time was 32.190 milliseconds in repetition 104
Round trip time was 32.007 milliseconds in repetition 105
Round trip time was 32.053 milliseconds in repetition 106
Round trip time was 31.896 milliseconds in repetition 107
Round trip time was 32.015 milliseconds in repetition 108
Round trip time was 32.015 milliseconds in repetition 109
Round trip time was 31.987 milliseconds in repetition 110
Round trip time was 31.973 milliseconds in repetition 111
Round trip time was 32.000 milliseconds in repetition 112
Round trip time was 32.004 milliseconds in repetition 113
Round trip time was 32.014 milliseconds in repetition 114
Round trip time was 31.958 milliseconds in repetition 115
Round trip time was 32.012 milliseconds in repetition 116
Round trip time was 31.997 milliseconds in repetition 117
Round trip time was 32.222 milliseconds in repetition 118
Round trip time was 31.743 milliseconds in repetition 119
Round trip time was 32.008 milliseconds in repetition 120
Round trip time was 32.025 milliseconds in repetition 121
Round trip time was 32.195 milliseconds in repetition 122
Round trip time was 31.749 milliseconds in repetition 123
Round trip time was 32.028 milliseconds in repetition 124
Round trip time was 32.005 milliseconds in repetition 125
Round trip time was 32.213 milliseconds in repetition 126
Round trip time was 31.739 milliseconds in repetition 127
Round trip time was 32.001 milliseconds in repetition 128
Round trip time was 32.229 milliseconds in repetition 129
Round trip time was 32.268 milliseconds in repetition 130
Round trip time was 32.229 milliseconds in repetition 131
Round trip time was 31.997 milliseconds in repetition 132
Round trip time was 34.261 milliseconds in repetition 133
Round trip time was 32.473 milliseconds in repetition 134
Round trip time was 31.754 milliseconds in repetition 135
Round trip time was 31.997 milliseconds in repetition 136
Round trip time was 32.225 milliseconds in repetition 137
Round trip time was 32.042 milliseconds in repetition 138
Round trip time was 32.482 milliseconds in repetition 139
Round trip time was 31.984 milliseconds in repetition 140
Round trip time was 32.469 milliseconds in repetition 141
Round trip time was 31.736 milliseconds in repetition 142
Round trip time was 32.531 milliseconds in repetition 143
Round trip time was 32.226 milliseconds in repetition 144
Round trip time was 31.961 milliseconds in repetition 145
Round trip time was 32.000 milliseconds in repetition 146
Round trip time was 32.021 milliseconds in repetition 147
Round trip time was 31.986 milliseconds in repetition 148
Round trip time was 31.976 milliseconds in repetition 149
Round trip time was 32.066 milliseconds in repetition 150
Round trip time was 31.964 milliseconds in repetition 151
Round trip time was 31.991 milliseconds in repetition 152
Round trip time was 32.009 milliseconds in repetition 153
Round trip time was 32.701 milliseconds in repetition 154
Round trip time was 31.759 milliseconds in repetition 155
Round trip time was 31.998 milliseconds in repetition 156
Round trip time was 32.207 milliseconds in repetition 157
Round trip time was 32.293 milliseconds in repetition 158
Round trip time was 32.211 milliseconds in repetition 159
Round trip time was 31.517 milliseconds in repetition 160
Round trip time was 31.958 milliseconds in repetition 161
Round trip time was 32.276 milliseconds in repetition 162
Round trip time was 32.222 milliseconds in repetition 163
Round trip time was 31.727 milliseconds in repetition 164
Round trip time was 32.500 milliseconds in repetition 165
Round trip time was 32.029 milliseconds in repetition 166
Round trip time was 32.466 milliseconds in repetition 167
Round trip time was 32.006 milliseconds in repetition 168
Round trip time was 32.088 milliseconds in repetition 169
Round trip time was 32.136 milliseconds in repetition 170
Round trip time was 32.029 milliseconds in repetition 171
Round trip time was 31.723 milliseconds in repetition 172
Round trip time was 32.228 milliseconds in repetition 173
Round trip time was 31.999 milliseconds in repetition 174
Round trip time was 32.023 milliseconds in repetition 175
Round trip time was 32.005 milliseconds in repetition 176
Round trip time was 31.951 milliseconds in repetition 177
Round trip time was 32.001 milliseconds in repetition 178
Round trip time was 32.010 milliseconds in repetition 179
Round trip time was 32.015 milliseconds in repetition 180
Round trip time was 31.968 milliseconds in repetition 181
Round trip time was 31.987 milliseconds in repetition 182
Round trip time was 32.019 milliseconds in repetition 183
Round trip time was 32.749 milliseconds in repetition 184
Round trip time was 31.965 milliseconds in repetition 185
Round trip time was 32.271 milliseconds in repetition 186
Round trip time was 32.234 milliseconds in repetition 187
Round trip time was 31.536 milliseconds in repetition 188
Round trip time was 32.213 milliseconds in repetition 189
Round trip time was 31.998 milliseconds in repetition 190
Round trip time was 32.217 milliseconds in repetition 191
Round trip time was 31.843 milliseconds in repetition 192
Round trip time was 32.414 milliseconds in repetition 193
Round trip time was 31.978 milliseconds in repetition 194
Round trip time was 32.491 milliseconds in repetition 195
Round trip time was 31.999 milliseconds in repetition 196
Round trip time was 32.220 milliseconds in repetition 197
Round trip time was 32.011 milliseconds in repetition 198
Round trip time was 32.020 milliseconds in repetition 199
Round trip time was 31.988 milliseconds in repetition 200
Round trip time was 31.982 milliseconds in repetition 201
Round trip time was 32.002 milliseconds in repetition 202
Round trip time was 32.003 milliseconds in repetition 203
Round trip time was 31.996 milliseconds in repetition 204
Round trip time was 31.961 milliseconds in repetition 205
Round trip time was 31.997 milliseconds in repetition 206
Round trip time was 32.014 milliseconds in repetition 207
Round trip time was 32.247 milliseconds in repetition 208
Round trip time was 31.753 milliseconds in repetition 209
Round trip time was 32.714 milliseconds in repetition 210
Round trip time was 31.717 milliseconds in repetition 211
Round trip time was 32.007 milliseconds in repetition 212
Round trip time was 32.211 milliseconds in repetition 213
Round trip time was 32.481 milliseconds in repetition 214
Round trip time was 32.037 milliseconds in repetition 215
Round trip time was 32.247 milliseconds in repetition 216
Round trip time was 32.257 milliseconds in repetition 217
Round trip time was 32.002 milliseconds in repetition 218
Round trip time was 32.486 milliseconds in repetition 219
Round trip time was 31.759 milliseconds in repetition 220
Round trip time was 32.071 milliseconds in repetition 221
Round trip time was 31.853 milliseconds in repetition 222
Round trip time was 32.284 milliseconds in repetition 223
Round trip time was 31.731 milliseconds in repetition 224
Round trip time was 32.243 milliseconds in repetition 225
Round trip time was 31.988 milliseconds in repetition 226
Round trip time was 32.024 milliseconds in repetition 227
Round trip time was 31.724 milliseconds in repetition 228
Round trip time was 32.226 milliseconds in repetition 229
Round trip time was 32.000 milliseconds in repetition 230
Round trip time was 32.031 milliseconds in repetition 231
Round trip time was 31.787 milliseconds in repetition 232
Round trip time was 32.166 milliseconds in repetition 233
Round trip time was 32.008 milliseconds in repetition 234
Round trip time was 33.975 milliseconds in repetition 235
Round trip time was 32.005 milliseconds in repetition 236
Round trip time was 32.493 milliseconds in repetition 237
Round trip time was 31.999 milliseconds in repetition 238
Round trip time was 32.225 milliseconds in repetition 239
Round trip time was 32.010 milliseconds in repetition 240
Round trip time was 32.491 milliseconds in repetition 241
Round trip time was 31.519 milliseconds in repetition 242
Round trip time was 32.711 milliseconds in repetition 243
Round trip time was 32.281 milliseconds in repetition 244
Round trip time was 32.209 milliseconds in repetition 245
Round trip time was 32.754 milliseconds in repetition 246
Round trip time was 32.486 milliseconds in repetition 247
Round trip time was 32.042 milliseconds in repetition 248
Round trip time was 32.725 milliseconds in repetition 249
Round trip time was 31.739 milliseconds in repetition 250
Round trip time was 32.285 milliseconds in repetition 251
Round trip time was 32.711 milliseconds in repetition 252
Round trip time was 31.724 milliseconds in repetition 253
Round trip time was 32.008 milliseconds in repetition 254
Round trip time was 32.218 milliseconds in repetition 255
Round trip time was 32.274 milliseconds in repetition 256
Round trip time was 31.760 milliseconds in repetition 257
Round trip time was 32.199 milliseconds in repetition 258
Round trip time was 33.044 milliseconds in repetition 259
Round trip time was 32.192 milliseconds in repetition 260
Round trip time was 32.022 milliseconds in repetition 261
Round trip time was 31.732 milliseconds in repetition 262
Round trip time was 32.532 milliseconds in repetition 263
Round trip time was 31.982 milliseconds in repetition 264
Round trip time was 32.221 milliseconds in repetition 265
Round trip time was 31.506 milliseconds in repetition 266
Round trip time was 31.986 milliseconds in repetition 267
Round trip time was 31.985 milliseconds in repetition 268
Round trip time was 32.013 milliseconds in repetition 269
Round trip time was 31.736 milliseconds in repetition 270
Round trip time was 32.222 milliseconds in repetition 271
Round trip time was 32.001 milliseconds in repetition 272
Round trip time was 32.032 milliseconds in repetition 273
Round trip time was 31.732 milliseconds in repetition 274
Round trip time was 32.231 milliseconds in repetition 275
Round trip time was 32.730 milliseconds in repetition 276
Round trip time was 31.785 milliseconds in repetition 277
Round trip time was 32.235 milliseconds in repetition 278
Round trip time was 31.976 milliseconds in repetition 279
Round trip time was 32.259 milliseconds in repetition 280
Round trip time was 32.227 milliseconds in repetition 281
Round trip time was 32.228 milliseconds in repetition 282
Round trip time was 31.973 milliseconds in repetition 283
Round trip time was 31.994 milliseconds in repetition 284
Round trip time was 32.026 milliseconds in repetition 285
Round trip time was 31.994 milliseconds in repetition 286
Round trip time was 31.955 milliseconds in repetition 287
Round trip time was 32.026 milliseconds in repetition 288
Round trip time was 31.995 milliseconds in repetition 289
Round trip time was 32.217 milliseconds in repetition 290
Round trip time was 31.744 milliseconds in repetition 291
Round trip time was 32.001 milliseconds in repetition 292
Round trip time was 32.059 milliseconds in repetition 293
Round trip time was 31.802 milliseconds in repetition 294
Round trip time was 32.439 milliseconds in repetition 295
Round trip time was 32.445 milliseconds in repetition 296
Round trip time was 32.007 milliseconds in repetition 297
Round trip time was 31.738 milliseconds in repetition 298
Round trip time was 32.218 milliseconds in repetition 299
Round trip time was 32.035 milliseconds in repetition 300
Round trip time was 32.468 milliseconds in repetition 301
Round trip time was 31.726 milliseconds in repetition 302
Round trip time was 32.769 milliseconds in repetition 303
Round trip time was 32.000 milliseconds in repetition 304
Round trip time was 32.234 milliseconds in repetition 305
Round trip time was 32.329 milliseconds in repetition 306
Round trip time was 31.957 milliseconds in repetition 307
Round trip time was 32.681 milliseconds in repetition 308
Round trip time was 31.750 milliseconds in repetition 309
Round trip time was 32.062 milliseconds in repetition 310
Round trip time was 31.960 milliseconds in repetition 311
Round trip time was 32.210 milliseconds in repetition 312
Round trip time was 32.020 milliseconds in repetition 313
Round trip time was 31.735 milliseconds in repetition 314
Round trip time was 32.246 milliseconds in repetition 315
Round trip time was 31.972 milliseconds in repetition 316
Round trip time was 32.023 milliseconds in repetition 317
Round trip time was 31.737 milliseconds in repetition 318
Round trip time was 32.220 milliseconds in repetition 319
Round trip time was 32.006 milliseconds in repetition 320
Round trip time was 32.049 milliseconds in repetition 321
Round trip time was 31.964 milliseconds in repetition 322
Round trip time was 32.036 milliseconds in repetition 323
Round trip time was 32.205 milliseconds in repetition 324
Round trip time was 32.216 milliseconds in repetition 325
Round trip time was 32.046 milliseconds in repetition 326
Round trip time was 32.737 milliseconds in repetition 327
Round trip time was 32.199 milliseconds in repetition 328
Round trip time was 34.268 milliseconds in repetition 329
Round trip time was 31.988 milliseconds in repetition 330
Round trip time was 32.227 milliseconds in repetition 331
Round trip time was 32.269 milliseconds in repetition 332
Round trip time was 32.226 milliseconds in repetition 333
Round trip time was 32.264 milliseconds in repetition 334
Round trip time was 31.955 milliseconds in repetition 335
Round trip time was 32.785 milliseconds in repetition 336
Round trip time was 32.460 milliseconds in repetition 337
Round trip time was 32.007 milliseconds in repetition 338
Round trip time was 32.008 milliseconds in repetition 339
Round trip time was 31.753 milliseconds in repetition 340
Round trip time was 32.217 milliseconds in repetition 341
Round trip time was 31.512 milliseconds in repetition 342
Round trip time was 31.970 milliseconds in repetition 343
Round trip time was 32.286 milliseconds in repetition 344
Round trip time was 32.207 milliseconds in repetition 345
Round trip time was 31.591 milliseconds in repetition 346
Round trip time was 32.166 milliseconds in repetition 347
Round trip time was 31.728 milliseconds in repetition 348
Round trip time was 31.758 milliseconds in repetition 349
Round trip time was 32.461 milliseconds in repetition 350
Round trip time was 32.541 milliseconds in repetition 351
Round trip time was 32.240 milliseconds in repetition 352
Round trip time was 33.219 milliseconds in repetition 353
Round trip time was 32.529 milliseconds in repetition 354
Round trip time was 32.453 milliseconds in repetition 355
Round trip time was 31.566 milliseconds in repetition 356
Round trip time was 32.491 milliseconds in repetition 357
Round trip time was 32.219 milliseconds in repetition 358
Round trip time was 32.439 milliseconds in repetition 359
Round trip time was 32.305 milliseconds in repetition 360
Round trip time was 32.476 milliseconds in repetition 361
Round trip time was 32.462 milliseconds in repetition 362
Round trip time was 32.219 milliseconds in repetition 363
Round trip time was 32.281 milliseconds in repetition 364
Round trip time was 32.223 milliseconds in repetition 365
Round trip time was 31.512 milliseconds in repetition 366
Round trip time was 31.968 milliseconds in repetition 367
Round trip time was 32.273 milliseconds in repetition 368
Round trip time was 32.235 milliseconds in repetition 369
Round trip time was 31.529 milliseconds in repetition 370
Round trip time was 32.477 milliseconds in repetition 371
Round trip time was 31.749 milliseconds in repetition 372
Round trip time was 32.280 milliseconds in repetition 373
Round trip time was 32.209 milliseconds in repetition 374
Round trip time was 32.290 milliseconds in repetition 375
Round trip time was 32.418 milliseconds in repetition 376
Round trip time was 32.072 milliseconds in repetition 377
Round trip time was 32.507 milliseconds in repetition 378
Round trip time was 31.922 milliseconds in repetition 379
Round trip time was 32.209 milliseconds in repetition 380
Round trip time was 31.757 milliseconds in repetition 381
Round trip time was 32.005 milliseconds in repetition 382
Round trip time was 32.023 milliseconds in repetition 383
Round trip time was 32.195 milliseconds in repetition 384
Round trip time was 31.755 milliseconds in repetition 385
Round trip time was 32.002 milliseconds in repetition 386
Round trip time was 32.066 milliseconds in repetition 387
Round trip time was 32.437 milliseconds in repetition 388
Round trip time was 32.292 milliseconds in repetition 389
Round trip time was 32.213 milliseconds in repetition 390
Round trip time was 32.218 milliseconds in repetition 391
Round trip time was 31.728 milliseconds in repetition 392
Round trip time was 32.494 milliseconds in repetition 393
Round trip time was 31.997 milliseconds in repetition 394
Round trip time was 32.498 milliseconds in repetition 395
Round trip time was 32.004 milliseconds in repetition 396
Round trip time was 32.219 milliseconds in repetition 397
Round trip time was 32.011 milliseconds in repetition 398
Round trip time was 32.770 milliseconds in repetition 399
Round trip time was 32.466 milliseconds in repetition 400
Round trip time was 31.762 milliseconds in repetition 401
Round trip time was 32.462 milliseconds in repetition 402
Round trip time was 32.126 milliseconds in repetition 403
Round trip time was 32.393 milliseconds in repetition 404
Round trip time was 32.765 milliseconds in repetition 405
Round trip time was 31.721 milliseconds in repetition 406
Round trip time was 33.993 milliseconds in repetition 407
Round trip time was 32.252 milliseconds in repetition 408
Round trip time was 32.255 milliseconds in repetition 409
Round trip time was 31.716 milliseconds in repetition 410
Round trip time was 32.495 milliseconds in repetition 411
Round trip time was 31.997 milliseconds in repetition 412
Round trip time was 32.044 milliseconds in repetition 413
Round trip time was 32.183 milliseconds in repetition 414
Round trip time was 32.028 milliseconds in repetition 415
Round trip time was 31.723 milliseconds in repetition 416
Round trip time was 32.021 milliseconds in repetition 417
Round trip time was 32.211 milliseconds in repetition 418
Round trip time was 32.492 milliseconds in repetition 419
Round trip time was 32.335 milliseconds in repetition 420
Round trip time was 32.190 milliseconds in repetition 421
Round trip time was 32.033 milliseconds in repetition 422
Round trip time was 32.203 milliseconds in repetition 423
Round trip time was 32.212 milliseconds in repetition 424
Round trip time was 32.230 milliseconds in repetition 425
Round trip time was 32.265 milliseconds in repetition 426
Round trip time was 32.224 milliseconds in repetition 427
Round trip time was 31.732 milliseconds in repetition 428
Round trip time was 32.514 milliseconds in repetition 429
Round trip time was 32.730 milliseconds in repetition 430
Round trip time was 32.009 milliseconds in repetition 431
Round trip time was 31.770 milliseconds in repetition 432
Round trip time was 32.196 milliseconds in repetition 433
Round trip time was 31.533 milliseconds in repetition 434
Round trip time was 31.963 milliseconds in repetition 435
Round trip time was 32.002 milliseconds in repetition 436
Round trip time was 32.014 milliseconds in repetition 437
Round trip time was 31.726 milliseconds in repetition 438
Round trip time was 32.224 milliseconds in repetition 439
Round trip time was 32.007 milliseconds in repetition 440
Round trip time was 32.010 milliseconds in repetition 441
Round trip time was 31.740 milliseconds in repetition 442
Round trip time was 32.225 milliseconds in repetition 443
Round trip time was 32.004 milliseconds in repetition 444
Round trip time was 32.025 milliseconds in repetition 445
Round trip time was 31.725 milliseconds in repetition 446
Round trip time was 32.247 milliseconds in repetition 447
Round trip time was 31.513 milliseconds in repetition 448
Round trip time was 31.950 milliseconds in repetition 449
Round trip time was 32.000 milliseconds in repetition 450
Round trip time was 32.027 milliseconds in repetition 451
Round trip time was 31.779 milliseconds in repetition 452
Round trip time was 32.191 milliseconds in repetition 453
Round trip time was 31.999 milliseconds in repetition 454
Round trip time was 31.996 milliseconds in repetition 455
Round trip time was 32.211 milliseconds in repetition 456
Round trip time was 32.549 milliseconds in repetition 457
Round trip time was 32.226 milliseconds in repetition 458
Round trip time was 32.220 milliseconds in repetition 459
Round trip time was 32.268 milliseconds in repetition 460
Round trip time was 31.763 milliseconds in repetition 461
Round trip time was 32.239 milliseconds in repetition 462
Round trip time was 34.480 milliseconds in repetition 463
Round trip time was 32.218 milliseconds in repetition 464
Round trip time was 32.020 milliseconds in repetition 465
Round trip time was 32.010 milliseconds in repetition 466
Round trip time was 31.735 milliseconds in repetition 467
Round trip time was 32.479 milliseconds in repetition 468
Round trip time was 33.504 milliseconds in repetition 469
Round trip time was 31.740 milliseconds in repetition 470
Round trip time was 32.223 milliseconds in repetition 471
Round trip time was 32.008 milliseconds in repetition 472
Round trip time was 32.009 milliseconds in repetition 473
Round trip time was 31.738 milliseconds in repetition 474
Round trip time was 32.232 milliseconds in repetition 475
Round trip time was 31.536 milliseconds in repetition 476
Round trip time was 31.939 milliseconds in repetition 477
Round trip time was 32.011 milliseconds in repetition 478
Round trip time was 32.006 milliseconds in repetition 479
Round trip time was 31.741 milliseconds in repetition 480
Round trip time was 32.220 milliseconds in repetition 481
Round trip time was 32.013 milliseconds in repetition 482
Round trip time was 32.042 milliseconds in repetition 483
Round trip time was 32.179 milliseconds in repetition 484
Round trip time was 32.502 milliseconds in repetition 485
Round trip time was 32.268 milliseconds in repetition 486
Round trip time was 32.220 milliseconds in repetition 487
Round trip time was 32.744 milliseconds in repetition 488
Round trip time was 32.019 milliseconds in repetition 489
Round trip time was 32.208 milliseconds in repetition 490
Round trip time was 31.758 milliseconds in repetition 491
Round trip time was 32.005 milliseconds in repetition 492
Round trip time was 32.011 milliseconds in repetition 493
Round trip time was 32.199 milliseconds in repetition 494
Round trip time was 32.028 milliseconds in repetition 495
Round trip time was 31.717 milliseconds in repetition 496
Round trip time was 32.240 milliseconds in repetition 497
Round trip time was 31.991 milliseconds in repetition 498
Round trip time was 32.018 milliseconds in repetition 499
Round trip time was 31.728 milliseconds in repetition 500
Round trip time was 32.227 milliseconds in repetition 501

 ... clock resolution was 1e-06
UDP Ping:  Statistics over 501 repetitions of 3072 byte messages

RTT : percentile 10: 31.7471, median: 32.0292, percentile 90: 32.5291, average: 32.2415, variance: 3.66758

RTT histogram:
31.506 455
33.6367 45
35.7673 0
37.898 0
40.0286 0
42.1593 0
44.2899 0
46.4206 0
48.5512 0
50.6819 0
52.8125 0
54.9432 0
57.0738 0
59.2045 0
61.3351 0
63.4658 0
65.5964 0
67.7271 0
69.8577 0
71.9884 0
74.119 1

   median Throughput : 191.825 KB/s   overall Throughput : 190.562 KB/s

