UDP Ping trying to connect to server seti.dibris.unige.it (130.251.61.30) on TCP port 1491
 ... connected to Pong server: asking for 501 repetitions of 48 _bytes UDP messages
 ... Pong server agreed to ping-pong using port 49230 :-)
Round trip time was 31.091 milliseconds in repetition 1
Round trip time was 29.003 milliseconds in repetition 2
Round trip time was 29.655 milliseconds in repetition 3
Round trip time was 29.119 milliseconds in repetition 4
Round trip time was 29.193 milliseconds in repetition 5
Round trip time was 29.266 milliseconds in repetition 6
Round trip time was 29.032 milliseconds in repetition 7
Round trip time was 28.965 milliseconds in repetition 8
Round trip time was 29.045 milliseconds in repetition 9
Round trip time was 30.742 milliseconds in repetition 10
Round trip time was 29.230 milliseconds in repetition 11
Round trip time was 28.768 milliseconds in repetition 12
Round trip time was 28.993 milliseconds in repetition 13
Round trip time was 29.529 milliseconds in repetition 14
Round trip time was 29.226 milliseconds in repetition 15
Round trip time was 28.758 milliseconds in repetition 16
Round trip time was 29.257 milliseconds in repetition 17
Round trip time was 29.226 milliseconds in repetition 18
Round trip time was 38.259 milliseconds in repetition 19
Round trip time was 28.485 milliseconds in repetition 20
Round trip time was 29.252 milliseconds in repetition 21
Round trip time was 28.287 milliseconds in repetition 22
Round trip time was 28.980 milliseconds in repetition 23
Round trip time was 28.485 milliseconds in repetition 24
Round trip time was 28.912 milliseconds in repetition 25
Round trip time was 28.091 milliseconds in repetition 26
Round trip time was 28.499 milliseconds in repetition 27
Round trip time was 28.508 milliseconds in repetition 28
Round trip time was 28.487 milliseconds in repetition 29
Round trip time was 28.036 milliseconds in repetition 30
Round trip time was 28.213 milliseconds in repetition 31
Round trip time was 28.508 milliseconds in repetition 32
Round trip time was 28.288 milliseconds in repetition 33
Round trip time was 28.978 milliseconds in repetition 34
Round trip time was 28.235 milliseconds in repetition 35
Round trip time was 28.745 milliseconds in repetition 36
Round trip time was 28.239 milliseconds in repetition 37
Round trip time was 28.767 milliseconds in repetition 38
Round trip time was 28.037 milliseconds in repetition 39
Round trip time was 28.489 milliseconds in repetition 40
Round trip time was 28.231 milliseconds in repetition 41
Round trip time was 28.486 milliseconds in repetition 42
Round trip time was 28.037 milliseconds in repetition 43
Round trip time was 28.509 milliseconds in repetition 44
Round trip time was 28.485 milliseconds in repetition 45
Round trip time was 28.509 milliseconds in repetition 46
Round trip time was 28.744 milliseconds in repetition 47
Round trip time was 28.235 milliseconds in repetition 48
Round trip time was 28.772 milliseconds in repetition 49
Round trip time was 28.235 milliseconds in repetition 50
Round trip time was 28.758 milliseconds in repetition 51
Round trip time was 28.495 milliseconds in repetition 52
Round trip time was 28.249 milliseconds in repetition 53
Round trip time was 28.014 milliseconds in repetition 54
Round trip time was 28.240 milliseconds in repetition 55
Round trip time was 28.481 milliseconds in repetition 56
Round trip time was 28.037 milliseconds in repetition 57
Round trip time was 28.212 milliseconds in repetition 58
Round trip time was 28.767 milliseconds in repetition 59
Round trip time was 28.236 milliseconds in repetition 60
Round trip time was 28.772 milliseconds in repetition 61
Round trip time was 28.509 milliseconds in repetition 62
Round trip time was 28.486 milliseconds in repetition 63
Round trip time was 28.236 milliseconds in repetition 64
Round trip time was 28.758 milliseconds in repetition 65
Round trip time was 28.037 milliseconds in repetition 66
Round trip time was 28.213 milliseconds in repetition 67
Round trip time was 28.189 milliseconds in repetition 68
Round trip time was 28.066 milliseconds in repetition 69
Round trip time was 28.467 milliseconds in repetition 70
Round trip time was 28.052 milliseconds in repetition 71
Round trip time was 28.211 milliseconds in repetition 72
Round trip time was 28.508 milliseconds in repetition 73
Round trip time was 28.472 milliseconds in repetition 74
Round trip time was 28.522 milliseconds in repetition 75
Round trip time was 28.286 milliseconds in repetition 76
Round trip time was 28.240 milliseconds in repetition 77
Round trip time was 28.507 milliseconds in repetition 78
Round trip time was 28.643 milliseconds in repetition 79
Round trip time was 28.351 milliseconds in repetition 80
Round trip time was 29.112 milliseconds in repetition 81
Round trip time was 28.150 milliseconds in repetition 82
Round trip time was 28.212 milliseconds in repetition 83
Round trip time was 28.508 milliseconds in repetition 84
Round trip time was 28.485 milliseconds in repetition 85
Round trip time was 28.781 milliseconds in repetition 86
Round trip time was 28.380 milliseconds in repetition 87
Round trip time was 28.615 milliseconds in repetition 88
Round trip time was 28.235 milliseconds in repetition 89
Round trip time was 29.328 milliseconds in repetition 90
Round trip time was 28.143 milliseconds in repetition 91
Round trip time was 41.560 milliseconds in repetition 92
Round trip time was 52.255 milliseconds in repetition 93
Round trip time was 66.746 milliseconds in repetition 94
Round trip time was 78.259 milliseconds in repetition 95
Round trip time was 28.863 milliseconds in repetition 96
Round trip time was 28.126 milliseconds in repetition 97
Round trip time was 28.508 milliseconds in repetition 98
Round trip time was 28.014 milliseconds in repetition 99
Round trip time was 28.236 milliseconds in repetition 100
Round trip time was 28.844 milliseconds in repetition 101
Round trip time was 28.150 milliseconds in repetition 102
Round trip time was 28.507 milliseconds in repetition 103
Round trip time was 28.489 milliseconds in repetition 104
Round trip time was 28.504 milliseconds in repetition 105
Round trip time was 28.486 milliseconds in repetition 106
Round trip time was 28.509 milliseconds in repetition 107
Round trip time was 28.287 milliseconds in repetition 108
Round trip time was 28.707 milliseconds in repetition 109
Round trip time was 28.287 milliseconds in repetition 110
Round trip time was 28.236 milliseconds in repetition 111
Round trip time was 28.508 milliseconds in repetition 112
Round trip time was 28.485 milliseconds in repetition 113
Round trip time was 28.508 milliseconds in repetition 114
Round trip time was 28.486 milliseconds in repetition 115
Round trip time was 28.508 milliseconds in repetition 116
Round trip time was 28.485 milliseconds in repetition 117
Round trip time was 28.494 milliseconds in repetition 118
Round trip time was 28.300 milliseconds in repetition 119
Round trip time was 28.236 milliseconds in repetition 120
Round trip time was 28.508 milliseconds in repetition 121
Round trip time was 28.517 milliseconds in repetition 122
Round trip time was 28.476 milliseconds in repetition 123
Round trip time was 28.489 milliseconds in repetition 124
Round trip time was 28.505 milliseconds in repetition 125
Round trip time was 28.485 milliseconds in repetition 126
Round trip time was 28.899 milliseconds in repetition 127
Round trip time was 28.095 milliseconds in repetition 128
Round trip time was 28.783 milliseconds in repetition 129
Round trip time was 28.235 milliseconds in repetition 130
Round trip time was 29.052 milliseconds in repetition 131
Round trip time was 28.213 milliseconds in repetition 132
Round trip time was 28.015 milliseconds in repetition 133
Round trip time was 28.234 milliseconds in repetition 134
Round trip time was 28.485 milliseconds in repetition 135
Round trip time was 28.510 milliseconds in repetition 136
Round trip time was 28.486 milliseconds in repetition 137
Round trip time was 28.785 milliseconds in repetition 138
Round trip time was 28.216 milliseconds in repetition 139
Round trip time was 28.773 milliseconds in repetition 140
Round trip time was 28.221 milliseconds in repetition 141
Round trip time was 28.763 milliseconds in repetition 142
Round trip time was 28.237 milliseconds in repetition 143
Round trip time was 28.756 milliseconds in repetition 144
Round trip time was 28.033 milliseconds in repetition 145
Round trip time was 28.212 milliseconds in repetition 146
Round trip time was 28.781 milliseconds in repetition 147
Round trip time was 28.236 milliseconds in repetition 148
Round trip time was 28.758 milliseconds in repetition 149
Round trip time was 28.225 milliseconds in repetition 150
Round trip time was 28.769 milliseconds in repetition 151
Round trip time was 28.221 milliseconds in repetition 152
Round trip time was 28.773 milliseconds in repetition 153
Round trip time was 28.508 milliseconds in repetition 154
Round trip time was 28.745 milliseconds in repetition 155
Round trip time was 28.249 milliseconds in repetition 156
Round trip time was 28.508 milliseconds in repetition 157
Round trip time was 28.486 milliseconds in repetition 158
Round trip time was 28.512 milliseconds in repetition 159
Round trip time was 28.482 milliseconds in repetition 160
Round trip time was 28.040 milliseconds in repetition 161
Round trip time was 28.850 milliseconds in repetition 162
Round trip time was 28.141 milliseconds in repetition 163
Round trip time was 28.507 milliseconds in repetition 164
Round trip time was 28.758 milliseconds in repetition 165
Round trip time was 28.708 milliseconds in repetition 166
Round trip time was 28.287 milliseconds in repetition 167
Round trip time was 28.508 milliseconds in repetition 168
Round trip time was 28.213 milliseconds in repetition 169
Round trip time was 28.512 milliseconds in repetition 170
Round trip time was 28.485 milliseconds in repetition 171
Round trip time was 28.778 milliseconds in repetition 172
Round trip time was 28.235 milliseconds in repetition 173
Round trip time was 28.757 milliseconds in repetition 174
Round trip time was 28.238 milliseconds in repetition 175
Round trip time was 28.291 milliseconds in repetition 176
Round trip time was 28.701 milliseconds in repetition 177
Round trip time was 28.287 milliseconds in repetition 178
Round trip time was 28.508 milliseconds in repetition 179
Round trip time was 28.213 milliseconds in repetition 180
Round trip time was 28.781 milliseconds in repetition 181
Round trip time was 28.472 milliseconds in repetition 182
Round trip time was 28.522 milliseconds in repetition 183
Round trip time was 28.235 milliseconds in repetition 184
Round trip time was 28.770 milliseconds in repetition 185
Round trip time was 28.224 milliseconds in repetition 186
Round trip time was 28.287 milliseconds in repetition 187
Round trip time was 28.508 milliseconds in repetition 188
Round trip time was 28.213 milliseconds in repetition 189
Round trip time was 28.781 milliseconds in repetition 190
Round trip time was 28.235 milliseconds in repetition 191
Round trip time was 28.957 milliseconds in repetition 192
Round trip time was 28.295 milliseconds in repetition 193
Round trip time was 28.500 milliseconds in repetition 194
Round trip time was 28.236 milliseconds in repetition 195
Round trip time was 28.763 milliseconds in repetition 196
Round trip time was 28.235 milliseconds in repetition 197
Round trip time was 28.268 milliseconds in repetition 198
Round trip time was 28.713 milliseconds in repetition 199
Round trip time was 28.633 milliseconds in repetition 200
Round trip time was 35.141 milliseconds in repetition 201
Round trip time was 28.034 milliseconds in repetition 202
Round trip time was 28.591 milliseconds in repetition 203
Round trip time was 28.410 milliseconds in repetition 204
Round trip time was 30.716 milliseconds in repetition 205
Round trip time was 28.781 milliseconds in repetition 206
Round trip time was 28.486 milliseconds in repetition 207
Round trip time was 28.508 milliseconds in repetition 208
Round trip time was 28.843 milliseconds in repetition 209
Round trip time was 28.151 milliseconds in repetition 210
Round trip time was 28.499 milliseconds in repetition 211
Round trip time was 28.757 milliseconds in repetition 212
Round trip time was 28.235 milliseconds in repetition 213
Round trip time was 29.058 milliseconds in repetition 214
Round trip time was 28.212 milliseconds in repetition 215
Round trip time was 28.482 milliseconds in repetition 216
Round trip time was 28.236 milliseconds in repetition 217
Round trip time was 28.289 milliseconds in repetition 218
Round trip time was 28.233 milliseconds in repetition 219
Round trip time was 28.509 milliseconds in repetition 220
Round trip time was 28.758 milliseconds in repetition 221
Round trip time was 28.236 milliseconds in repetition 222
Round trip time was 28.758 milliseconds in repetition 223
Round trip time was 28.236 milliseconds in repetition 224
Round trip time was 28.758 milliseconds in repetition 225
Round trip time was 28.235 milliseconds in repetition 226
Round trip time was 28.763 milliseconds in repetition 227
Round trip time was 28.504 milliseconds in repetition 228
Round trip time was 29.252 milliseconds in repetition 229
Round trip time was 28.013 milliseconds in repetition 230
Round trip time was 28.508 milliseconds in repetition 231
Round trip time was 28.219 milliseconds in repetition 232
Round trip time was 28.035 milliseconds in repetition 233
Round trip time was 28.482 milliseconds in repetition 234
Round trip time was 28.236 milliseconds in repetition 235
Round trip time was 28.758 milliseconds in repetition 236
Round trip time was 28.508 milliseconds in repetition 237
Round trip time was 28.508 milliseconds in repetition 238
Round trip time was 28.632 milliseconds in repetition 239
Round trip time was 28.361 milliseconds in repetition 240
Round trip time was 28.483 milliseconds in repetition 241
Round trip time was 28.236 milliseconds in repetition 242
Round trip time was 28.759 milliseconds in repetition 243
Round trip time was 28.037 milliseconds in repetition 244
Round trip time was 28.655 milliseconds in repetition 245
Round trip time was 28.339 milliseconds in repetition 246
Round trip time was 29.252 milliseconds in repetition 247
Round trip time was 28.213 milliseconds in repetition 248
Round trip time was 28.508 milliseconds in repetition 249
Round trip time was 28.287 milliseconds in repetition 250
Round trip time was 28.707 milliseconds in repetition 251
Round trip time was 28.290 milliseconds in repetition 252
Round trip time was 28.508 milliseconds in repetition 253
Round trip time was 28.213 milliseconds in repetition 254
Round trip time was 28.778 milliseconds in repetition 255
Round trip time was 28.236 milliseconds in repetition 256
Round trip time was 28.485 milliseconds in repetition 257
Round trip time was 28.508 milliseconds in repetition 258
Round trip time was 28.633 milliseconds in repetition 259
Round trip time was 28.361 milliseconds in repetition 260
Round trip time was 28.286 milliseconds in repetition 261
Round trip time was 28.707 milliseconds in repetition 262
Round trip time was 28.758 milliseconds in repetition 263
Round trip time was 28.509 milliseconds in repetition 264
Round trip time was 28.508 milliseconds in repetition 265
Round trip time was 28.485 milliseconds in repetition 266
Round trip time was 28.037 milliseconds in repetition 267
Round trip time was 28.213 milliseconds in repetition 268
Round trip time was 28.812 milliseconds in repetition 269
Round trip time was 27.982 milliseconds in repetition 270
Round trip time was 28.241 milliseconds in repetition 271
Round trip time was 28.506 milliseconds in repetition 272
Round trip time was 28.482 milliseconds in repetition 273
Round trip time was 28.512 milliseconds in repetition 274
Round trip time was 28.755 milliseconds in repetition 275
Round trip time was 28.235 milliseconds in repetition 276
Round trip time was 28.758 milliseconds in repetition 277
Round trip time was 28.236 milliseconds in repetition 278
Round trip time was 28.486 milliseconds in repetition 279
Round trip time was 28.403 milliseconds in repetition 280
Round trip time was 27.869 milliseconds in repetition 281
Round trip time was 28.469 milliseconds in repetition 282
Round trip time was 28.039 milliseconds in repetition 283
Round trip time was 28.201 milliseconds in repetition 284
Round trip time was 28.516 milliseconds in repetition 285
Round trip time was 28.587 milliseconds in repetition 286
Round trip time was 28.707 milliseconds in repetition 287
Round trip time was 27.986 milliseconds in repetition 288
Round trip time was 28.235 milliseconds in repetition 289
Round trip time was 28.509 milliseconds in repetition 290
Round trip time was 28.758 milliseconds in repetition 291
Round trip time was 28.986 milliseconds in repetition 292
Round trip time was 28.479 milliseconds in repetition 293
Round trip time was 28.037 milliseconds in repetition 294
Round trip time was 28.213 milliseconds in repetition 295
Round trip time was 28.509 milliseconds in repetition 296
Round trip time was 28.286 milliseconds in repetition 297
Round trip time was 28.236 milliseconds in repetition 298
Round trip time was 28.508 milliseconds in repetition 299
Round trip time was 28.485 milliseconds in repetition 300
Round trip time was 28.509 milliseconds in repetition 301
Round trip time was 29.058 milliseconds in repetition 302
Round trip time was 28.208 milliseconds in repetition 303
Round trip time was 28.213 milliseconds in repetition 304
Round trip time was 28.781 milliseconds in repetition 305
Round trip time was 28.213 milliseconds in repetition 306
Round trip time was 28.781 milliseconds in repetition 307
Round trip time was 28.508 milliseconds in repetition 308
Round trip time was 28.486 milliseconds in repetition 309
Round trip time was 28.236 milliseconds in repetition 310
Round trip time was 28.758 milliseconds in repetition 311
Round trip time was 28.724 milliseconds in repetition 312
Round trip time was 29.014 milliseconds in repetition 313
Round trip time was 28.509 milliseconds in repetition 314
Round trip time was 28.014 milliseconds in repetition 315
Round trip time was 28.235 milliseconds in repetition 316
Round trip time was 28.509 milliseconds in repetition 317
Round trip time was 28.486 milliseconds in repetition 318
Round trip time was 28.494 milliseconds in repetition 319
Round trip time was 28.300 milliseconds in repetition 320
Round trip time was 28.221 milliseconds in repetition 321
Round trip time was 28.711 milliseconds in repetition 322
Round trip time was 28.556 milliseconds in repetition 323
Round trip time was 28.499 milliseconds in repetition 324
Round trip time was 28.236 milliseconds in repetition 325
Round trip time was 28.508 milliseconds in repetition 326
Round trip time was 28.486 milliseconds in repetition 327
Round trip time was 28.509 milliseconds in repetition 328
Round trip time was 28.286 milliseconds in repetition 329
Round trip time was 28.235 milliseconds in repetition 330
Round trip time was 28.471 milliseconds in repetition 331
Round trip time was 28.823 milliseconds in repetition 332
Round trip time was 28.194 milliseconds in repetition 333
Round trip time was 28.500 milliseconds in repetition 334
Round trip time was 28.507 milliseconds in repetition 335
Round trip time was 28.485 milliseconds in repetition 336
Round trip time was 28.508 milliseconds in repetition 337
Round trip time was 28.485 milliseconds in repetition 338
Round trip time was 28.037 milliseconds in repetition 339
Round trip time was 28.487 milliseconds in repetition 340
Round trip time was 28.507 milliseconds in repetition 341
Round trip time was 28.508 milliseconds in repetition 342
Round trip time was 28.471 milliseconds in repetition 343
Round trip time was 28.522 milliseconds in repetition 344
Round trip time was 28.485 milliseconds in repetition 345
Round trip time was 28.508 milliseconds in repetition 346
Round trip time was 28.485 milliseconds in repetition 347
Round trip time was 28.509 milliseconds in repetition 348
Round trip time was 28.485 milliseconds in repetition 349
Round trip time was 28.782 milliseconds in repetition 350
Round trip time was 28.235 milliseconds in repetition 351
Round trip time was 28.780 milliseconds in repetition 352
Round trip time was 28.203 milliseconds in repetition 353
Round trip time was 28.762 milliseconds in repetition 354
Round trip time was 28.843 milliseconds in repetition 355
Round trip time was 28.938 milliseconds in repetition 356
Round trip time was 28.460 milliseconds in repetition 357
Round trip time was 28.759 milliseconds in repetition 358
Round trip time was 28.509 milliseconds in repetition 359
Round trip time was 28.705 milliseconds in repetition 360
Round trip time was 28.274 milliseconds in repetition 361
Round trip time was 28.522 milliseconds in repetition 362
Round trip time was 28.486 milliseconds in repetition 363
Round trip time was 28.495 milliseconds in repetition 364
Round trip time was 28.498 milliseconds in repetition 365
Round trip time was 28.508 milliseconds in repetition 366
Round trip time was 28.287 milliseconds in repetition 367
Round trip time was 28.236 milliseconds in repetition 368
Round trip time was 29.253 milliseconds in repetition 369
Round trip time was 28.471 milliseconds in repetition 370
Round trip time was 28.235 milliseconds in repetition 371
Round trip time was 28.300 milliseconds in repetition 372
Round trip time was 28.235 milliseconds in repetition 373
Round trip time was 28.485 milliseconds in repetition 374
Round trip time was 28.508 milliseconds in repetition 375
Round trip time was 28.287 milliseconds in repetition 376
Round trip time was 28.222 milliseconds in repetition 377
Round trip time was 28.522 milliseconds in repetition 378
Round trip time was 28.486 milliseconds in repetition 379
Round trip time was 28.508 milliseconds in repetition 380
Round trip time was 28.649 milliseconds in repetition 381
Round trip time was 28.330 milliseconds in repetition 382
Round trip time was 28.772 milliseconds in repetition 383
Round trip time was 28.509 milliseconds in repetition 384
Round trip time was 28.212 milliseconds in repetition 385
Round trip time was 29.152 milliseconds in repetition 386
Round trip time was 28.138 milliseconds in repetition 387
Round trip time was 28.485 milliseconds in repetition 388
Round trip time was 28.236 milliseconds in repetition 389
Round trip time was 29.202 milliseconds in repetition 390
Round trip time was 28.051 milliseconds in repetition 391
Round trip time was 28.499 milliseconds in repetition 392
Round trip time was 28.047 milliseconds in repetition 393
Round trip time was 28.203 milliseconds in repetition 394
Round trip time was 28.781 milliseconds in repetition 395
Round trip time was 28.235 milliseconds in repetition 396
Round trip time was 28.759 milliseconds in repetition 397
Round trip time was 28.235 milliseconds in repetition 398
Round trip time was 28.758 milliseconds in repetition 399
Round trip time was 28.235 milliseconds in repetition 400
Round trip time was 28.744 milliseconds in repetition 401
Round trip time was 28.249 milliseconds in repetition 402
Round trip time was 28.759 milliseconds in repetition 403
Round trip time was 28.508 milliseconds in repetition 404
Round trip time was 28.507 milliseconds in repetition 405
Round trip time was 28.485 milliseconds in repetition 406
Round trip time was 28.037 milliseconds in repetition 407
Round trip time was 28.486 milliseconds in repetition 408
Round trip time was 28.236 milliseconds in repetition 409
Round trip time was 30.246 milliseconds in repetition 410
Round trip time was 28.510 milliseconds in repetition 411
Round trip time was 28.483 milliseconds in repetition 412
Round trip time was 28.783 milliseconds in repetition 413
Round trip time was 28.235 milliseconds in repetition 414
Round trip time was 28.759 milliseconds in repetition 415
Round trip time was 28.444 milliseconds in repetition 416
Round trip time was 28.549 milliseconds in repetition 417
Round trip time was 28.667 milliseconds in repetition 418
Round trip time was 27.962 milliseconds in repetition 419
Round trip time was 28.872 milliseconds in repetition 420
Round trip time was 28.014 milliseconds in repetition 421
Round trip time was 28.508 milliseconds in repetition 422
Round trip time was 28.226 milliseconds in repetition 423
Round trip time was 28.761 milliseconds in repetition 424
Round trip time was 28.234 milliseconds in repetition 425
Round trip time was 29.114 milliseconds in repetition 426
Round trip time was 28.149 milliseconds in repetition 427
Round trip time was 28.472 milliseconds in repetition 428
Round trip time was 28.429 milliseconds in repetition 429
Round trip time was 28.093 milliseconds in repetition 430
Round trip time was 28.249 milliseconds in repetition 431
Round trip time was 28.508 milliseconds in repetition 432
Round trip time was 28.758 milliseconds in repetition 433
Round trip time was 28.235 milliseconds in repetition 434
Round trip time was 28.758 milliseconds in repetition 435
Round trip time was 28.236 milliseconds in repetition 436
Round trip time was 28.758 milliseconds in repetition 437
Round trip time was 28.508 milliseconds in repetition 438
Round trip time was 28.744 milliseconds in repetition 439
Round trip time was 28.236 milliseconds in repetition 440
Round trip time was 28.248 milliseconds in repetition 441
Round trip time was 28.287 milliseconds in repetition 442
Round trip time was 28.236 milliseconds in repetition 443
Round trip time was 28.758 milliseconds in repetition 444
Round trip time was 28.237 milliseconds in repetition 445
Round trip time was 28.758 milliseconds in repetition 446
Round trip time was 28.508 milliseconds in repetition 447
Round trip time was 28.508 milliseconds in repetition 448
Round trip time was 28.801 milliseconds in repetition 449
Round trip time was 28.665 milliseconds in repetition 450
Round trip time was 28.285 milliseconds in repetition 451
Round trip time was 28.510 milliseconds in repetition 452
Round trip time was 28.212 milliseconds in repetition 453
Round trip time was 28.037 milliseconds in repetition 454
Round trip time was 28.486 milliseconds in repetition 455
Round trip time was 28.508 milliseconds in repetition 456
Round trip time was 28.235 milliseconds in repetition 457
Round trip time was 28.014 milliseconds in repetition 458
Round trip time was 28.508 milliseconds in repetition 459
Round trip time was 28.955 milliseconds in repetition 460
Round trip time was 28.782 milliseconds in repetition 461
Round trip time was 28.485 milliseconds in repetition 462
Round trip time was 28.509 milliseconds in repetition 463
Round trip time was 28.486 milliseconds in repetition 464
Round trip time was 28.781 milliseconds in repetition 465
Round trip time was 28.235 milliseconds in repetition 466
Round trip time was 28.758 milliseconds in repetition 467
Round trip time was 28.236 milliseconds in repetition 468
Round trip time was 28.743 milliseconds in repetition 469
Round trip time was 28.238 milliseconds in repetition 470
Round trip time was 28.288 milliseconds in repetition 471
Round trip time was 28.719 milliseconds in repetition 472
Round trip time was 28.286 milliseconds in repetition 473
Round trip time was 28.508 milliseconds in repetition 474
Round trip time was 28.236 milliseconds in repetition 475
Round trip time was 28.758 milliseconds in repetition 476
Round trip time was 28.235 milliseconds in repetition 477
Round trip time was 28.758 milliseconds in repetition 478
Round trip time was 28.653 milliseconds in repetition 479
Round trip time was 37.346 milliseconds in repetition 480
Round trip time was 28.509 milliseconds in repetition 481
Round trip time was 28.485 milliseconds in repetition 482
Round trip time was 28.508 milliseconds in repetition 483
Round trip time was 28.486 milliseconds in repetition 484
Round trip time was 29.303 milliseconds in repetition 485
Round trip time was 27.972 milliseconds in repetition 486
Round trip time was 28.500 milliseconds in repetition 487
Round trip time was 28.508 milliseconds in repetition 488
Round trip time was 28.213 milliseconds in repetition 489
Round trip time was 28.507 milliseconds in repetition 490
Round trip time was 28.287 milliseconds in repetition 491
Round trip time was 28.707 milliseconds in repetition 492
Round trip time was 28.358 milliseconds in repetition 493
Round trip time was 28.681 milliseconds in repetition 494
Round trip time was 28.442 milliseconds in repetition 495
Round trip time was 28.770 milliseconds in repetition 496
Round trip time was 28.022 milliseconds in repetition 497
Round trip time was 28.485 milliseconds in repetition 498
Round trip time was 28.249 milliseconds in repetition 499
Round trip time was 28.486 milliseconds in repetition 500
Round trip time was 28.602 milliseconds in repetition 501

 ... clock resolution was 1e-06
UDP Ping:  Statistics over 501 repetitions of 48 byte messages

RTT : percentile 10: 28.211, median: 28.4892, percentile 90: 28.8437, average: 28.8032, variance: 9.81032

RTT histogram:
27.8693 474
30.3888 20
32.9083 0
35.4277 1
37.9472 2
40.4667 1
42.9862 0
45.5056 0
48.0251 0
50.5446 0
53.064 1
55.5835 0
58.103 0
60.6225 0
63.1419 0
65.6614 1
68.1809 0
70.7004 0
73.2198 0
75.7393 0
78.2588 1

   median Throughput : 3.3697 KB/s   overall Throughput : 3.33296 KB/s

