UDP Ping trying to connect to server 192.168.1.51 (192.168.1.51) on TCP port 1491
 ... connected to Pong server: asking for 501 repetitions of 16384 _bytes UDP messages
 ... Pong server agreed to ping-pong using port 49152 :-)
Round trip time was  3.035 milliseconds in repetition 1
Round trip time was  3.258 milliseconds in repetition 2
Round trip time was  3.035 milliseconds in repetition 3
Round trip time was  3.421 milliseconds in repetition 4
Round trip time was  4.009 milliseconds in repetition 5
Round trip time was  4.668 milliseconds in repetition 6
Round trip time was  3.680 milliseconds in repetition 7
Round trip time was  3.256 milliseconds in repetition 8
Round trip time was  3.964 milliseconds in repetition 9
Round trip time was  3.533 milliseconds in repetition 10
Round trip time was  3.030 milliseconds in repetition 11
Round trip time was  3.101 milliseconds in repetition 12
Round trip time was  3.263 milliseconds in repetition 13
Round trip time was  3.459 milliseconds in repetition 14
Round trip time was  3.645 milliseconds in repetition 15
Round trip time was  3.250 milliseconds in repetition 16
Round trip time was  3.243 milliseconds in repetition 17
Round trip time was  3.296 milliseconds in repetition 18
Round trip time was  3.458 milliseconds in repetition 19
Round trip time was  3.708 milliseconds in repetition 20
Round trip time was  3.263 milliseconds in repetition 21
Round trip time was  3.274 milliseconds in repetition 22
Round trip time was  3.252 milliseconds in repetition 23
Round trip time was  3.491 milliseconds in repetition 24
Round trip time was  3.229 milliseconds in repetition 25
Round trip time was  3.261 milliseconds in repetition 26
Round trip time was  3.263 milliseconds in repetition 27
Round trip time was  3.272 milliseconds in repetition 28
Round trip time was  3.225 milliseconds in repetition 29
Round trip time was  3.231 milliseconds in repetition 30
Round trip time was  3.456 milliseconds in repetition 31
Round trip time was  3.326 milliseconds in repetition 32
Round trip time was  3.231 milliseconds in repetition 33
Round trip time was  3.491 milliseconds in repetition 34
Round trip time was  4.000 milliseconds in repetition 35
Round trip time was  3.264 milliseconds in repetition 36
Round trip time was  3.714 milliseconds in repetition 37
Round trip time was  3.231 milliseconds in repetition 38
Round trip time was  3.231 milliseconds in repetition 39
Round trip time was  3.257 milliseconds in repetition 40
Round trip time was  3.520 milliseconds in repetition 41
Round trip time was  3.236 milliseconds in repetition 42
Round trip time was  3.261 milliseconds in repetition 43
Round trip time was  3.262 milliseconds in repetition 44
Round trip time was  3.235 milliseconds in repetition 45
Round trip time was  3.228 milliseconds in repetition 46
Round trip time was  3.585 milliseconds in repetition 47
Round trip time was  3.231 milliseconds in repetition 48
Round trip time was  3.264 milliseconds in repetition 49
Round trip time was  3.261 milliseconds in repetition 50
Round trip time was  3.007 milliseconds in repetition 51
Round trip time was  3.265 milliseconds in repetition 52
Round trip time was  3.236 milliseconds in repetition 53
Round trip time was  3.227 milliseconds in repetition 54
Round trip time was  3.007 milliseconds in repetition 55
Round trip time was  3.561 milliseconds in repetition 56
Round trip time was  3.255 milliseconds in repetition 57
Round trip time was  2.934 milliseconds in repetition 58
Round trip time was  6.882 milliseconds in repetition 59
Round trip time was  3.223 milliseconds in repetition 60
Round trip time was  4.059 milliseconds in repetition 61
Round trip time was  3.597 milliseconds in repetition 62
Round trip time was  3.861 milliseconds in repetition 63
Round trip time was  6.299 milliseconds in repetition 64
Round trip time was  4.194 milliseconds in repetition 65
Round trip time was  3.849 milliseconds in repetition 66
Round trip time was  4.796 milliseconds in repetition 67
Round trip time was  5.120 milliseconds in repetition 68
Round trip time was  5.203 milliseconds in repetition 69
Round trip time was  4.054 milliseconds in repetition 70
Round trip time was  3.998 milliseconds in repetition 71
Round trip time was  4.488 milliseconds in repetition 72
Round trip time was  3.664 milliseconds in repetition 73
Round trip time was  4.003 milliseconds in repetition 74
Round trip time was  4.984 milliseconds in repetition 75
Round trip time was  3.569 milliseconds in repetition 76
Round trip time was  3.198 milliseconds in repetition 77
Round trip time was  3.554 milliseconds in repetition 78
Round trip time was  3.682 milliseconds in repetition 79
Round trip time was  2.941 milliseconds in repetition 80
Round trip time was  3.261 milliseconds in repetition 81
Round trip time was  3.231 milliseconds in repetition 82
Round trip time was  3.460 milliseconds in repetition 83
Round trip time was  3.484 milliseconds in repetition 84
Round trip time was  3.326 milliseconds in repetition 85
Round trip time was  3.232 milliseconds in repetition 86
Round trip time was  3.523 milliseconds in repetition 87
Round trip time was  2.972 milliseconds in repetition 88
Round trip time was  2.976 milliseconds in repetition 89
Round trip time was  3.970 milliseconds in repetition 90
Round trip time was  3.261 milliseconds in repetition 91
Round trip time was  3.263 milliseconds in repetition 92
Round trip time was  3.494 milliseconds in repetition 93
Round trip time was  3.224 milliseconds in repetition 94
Round trip time was  3.267 milliseconds in repetition 95
Round trip time was  3.265 milliseconds in repetition 96
Round trip time was  3.259 milliseconds in repetition 97
Round trip time was  3.456 milliseconds in repetition 98
Round trip time was  3.200 milliseconds in repetition 99
Round trip time was  3.230 milliseconds in repetition 100
Round trip time was  3.232 milliseconds in repetition 101
Round trip time was  3.647 milliseconds in repetition 102
Round trip time was  3.296 milliseconds in repetition 103
Round trip time was  3.235 milliseconds in repetition 104
Round trip time was  3.229 milliseconds in repetition 105
Round trip time was  3.231 milliseconds in repetition 106
Round trip time was  3.204 milliseconds in repetition 107
Round trip time was  3.292 milliseconds in repetition 108
Round trip time was  3.295 milliseconds in repetition 109
Round trip time was  3.236 milliseconds in repetition 110
Round trip time was  3.258 milliseconds in repetition 111
Round trip time was  3.266 milliseconds in repetition 112
Round trip time was  3.457 milliseconds in repetition 113
Round trip time was  3.456 milliseconds in repetition 114
Round trip time was  3.452 milliseconds in repetition 115
Round trip time was  3.264 milliseconds in repetition 116
Round trip time was  3.264 milliseconds in repetition 117
Round trip time was  3.263 milliseconds in repetition 118
Round trip time was  3.232 milliseconds in repetition 119
Round trip time was  3.807 milliseconds in repetition 120
Round trip time was  3.715 milliseconds in repetition 121
Round trip time was  3.452 milliseconds in repetition 122
Round trip time was  3.232 milliseconds in repetition 123
Round trip time was  3.299 milliseconds in repetition 124
Round trip time was  3.452 milliseconds in repetition 125
Round trip time was  3.263 milliseconds in repetition 126
Round trip time was  4.023 milliseconds in repetition 127
Round trip time was  3.464 milliseconds in repetition 128
Round trip time was  3.648 milliseconds in repetition 129
Round trip time was  3.267 milliseconds in repetition 130
Round trip time was  3.571 milliseconds in repetition 131
Round trip time was  3.706 milliseconds in repetition 132
Round trip time was  6.817 milliseconds in repetition 133
Round trip time was  3.902 milliseconds in repetition 134
Round trip time was  3.837 milliseconds in repetition 135
Round trip time was  3.654 milliseconds in repetition 136
Round trip time was  3.594 milliseconds in repetition 137
Round trip time was  5.378 milliseconds in repetition 138
Round trip time was  4.029 milliseconds in repetition 139
Round trip time was  4.447 milliseconds in repetition 140
Round trip time was  3.539 milliseconds in repetition 141
Round trip time was  4.055 milliseconds in repetition 142
Round trip time was  3.583 milliseconds in repetition 143
Round trip time was  3.170 milliseconds in repetition 144
Round trip time was  3.587 milliseconds in repetition 145
Round trip time was  3.513 milliseconds in repetition 146
Round trip time was  5.028 milliseconds in repetition 147
Round trip time was  3.516 milliseconds in repetition 148
Round trip time was  3.520 milliseconds in repetition 149
Round trip time was  3.583 milliseconds in repetition 150
Round trip time was  3.520 milliseconds in repetition 151
Round trip time was  3.903 milliseconds in repetition 152
Round trip time was  4.481 milliseconds in repetition 153
Round trip time was  3.550 milliseconds in repetition 154
Round trip time was  4.036 milliseconds in repetition 155
Round trip time was  3.579 milliseconds in repetition 156
Round trip time was  3.872 milliseconds in repetition 157
Round trip time was  3.395 milliseconds in repetition 158
Round trip time was  4.060 milliseconds in repetition 159
Round trip time was  3.583 milliseconds in repetition 160
Round trip time was  3.236 milliseconds in repetition 161
Round trip time was  3.259 milliseconds in repetition 162
Round trip time was  3.680 milliseconds in repetition 163
Round trip time was  3.201 milliseconds in repetition 164
Round trip time was  3.261 milliseconds in repetition 165
Round trip time was  2.975 milliseconds in repetition 166
Round trip time was  3.238 milliseconds in repetition 167
Round trip time was  3.515 milliseconds in repetition 168
Round trip time was  3.488 milliseconds in repetition 169
Round trip time was  3.271 milliseconds in repetition 170
Round trip time was  3.000 milliseconds in repetition 171
Round trip time was  3.491 milliseconds in repetition 172
Round trip time was  3.453 milliseconds in repetition 173
Round trip time was  3.230 milliseconds in repetition 174
Round trip time was  2.979 milliseconds in repetition 175
Round trip time was  3.805 milliseconds in repetition 176
Round trip time was  3.199 milliseconds in repetition 177
Round trip time was  3.234 milliseconds in repetition 178
Round trip time was  3.266 milliseconds in repetition 179
Round trip time was  3.514 milliseconds in repetition 180
Round trip time was  3.267 milliseconds in repetition 181
Round trip time was  3.265 milliseconds in repetition 182
Round trip time was  4.541 milliseconds in repetition 183
Round trip time was  3.484 milliseconds in repetition 184
Round trip time was  3.232 milliseconds in repetition 185
Round trip time was  3.295 milliseconds in repetition 186
Round trip time was  3.328 milliseconds in repetition 187
Round trip time was  3.939 milliseconds in repetition 188
Round trip time was  3.264 milliseconds in repetition 189
Round trip time was  3.259 milliseconds in repetition 190
Round trip time was  2.976 milliseconds in repetition 191
Round trip time was  3.492 milliseconds in repetition 192
Round trip time was  3.451 milliseconds in repetition 193
Round trip time was  3.263 milliseconds in repetition 194
Round trip time was  3.237 milliseconds in repetition 195
Round trip time was  3.258 milliseconds in repetition 196
Round trip time was  3.008 milliseconds in repetition 197
Round trip time was  3.267 milliseconds in repetition 198
Round trip time was  3.964 milliseconds in repetition 199
Round trip time was  3.631 milliseconds in repetition 200
Round trip time was  4.010 milliseconds in repetition 201
Round trip time was  4.344 milliseconds in repetition 202
Round trip time was  3.198 milliseconds in repetition 203
Round trip time was  3.631 milliseconds in repetition 204
Round trip time was  3.778 milliseconds in repetition 205
Round trip time was  3.233 milliseconds in repetition 206
Round trip time was  3.485 milliseconds in repetition 207
Round trip time was  3.392 milliseconds in repetition 208
Round trip time was  3.045 milliseconds in repetition 209
Round trip time was  3.227 milliseconds in repetition 210
Round trip time was  3.476 milliseconds in repetition 211
Round trip time was  3.456 milliseconds in repetition 212
Round trip time was  3.260 milliseconds in repetition 213
Round trip time was  3.457 milliseconds in repetition 214
Round trip time was  3.233 milliseconds in repetition 215
Round trip time was  3.228 milliseconds in repetition 216
Round trip time was  3.263 milliseconds in repetition 217
Round trip time was  2.976 milliseconds in repetition 218
Round trip time was  3.263 milliseconds in repetition 219
Round trip time was  2.982 milliseconds in repetition 220
Round trip time was  3.257 milliseconds in repetition 221
Round trip time was  3.551 milliseconds in repetition 222
Round trip time was  3.335 milliseconds in repetition 223
Round trip time was  3.257 milliseconds in repetition 224
Round trip time was  3.199 milliseconds in repetition 225
Round trip time was  3.299 milliseconds in repetition 226
Round trip time was  2.972 milliseconds in repetition 227
Round trip time was  3.360 milliseconds in repetition 228
Round trip time was  4.163 milliseconds in repetition 229
Round trip time was  3.611 milliseconds in repetition 230
Round trip time was  3.488 milliseconds in repetition 231
Round trip time was  3.491 milliseconds in repetition 232
Round trip time was  3.230 milliseconds in repetition 233
Round trip time was  3.231 milliseconds in repetition 234
Round trip time was  3.742 milliseconds in repetition 235
Round trip time was  3.232 milliseconds in repetition 236
Round trip time was  3.232 milliseconds in repetition 237
Round trip time was  3.487 milliseconds in repetition 238
Round trip time was  3.264 milliseconds in repetition 239
Round trip time was  3.523 milliseconds in repetition 240
Round trip time was  3.260 milliseconds in repetition 241
Round trip time was  3.231 milliseconds in repetition 242
Round trip time was  3.797 milliseconds in repetition 243
Round trip time was  3.241 milliseconds in repetition 244
Round trip time was  3.199 milliseconds in repetition 245
Round trip time was  3.939 milliseconds in repetition 246
Round trip time was  3.676 milliseconds in repetition 247
Round trip time was  3.264 milliseconds in repetition 248
Round trip time was  3.298 milliseconds in repetition 249
Round trip time was  3.293 milliseconds in repetition 250
Round trip time was  3.265 milliseconds in repetition 251
Round trip time was  3.455 milliseconds in repetition 252
Round trip time was  3.551 milliseconds in repetition 253
Round trip time was  4.016 milliseconds in repetition 254
Round trip time was  4.421 milliseconds in repetition 255
Round trip time was  4.704 milliseconds in repetition 256
Round trip time was  4.989 milliseconds in repetition 257
Round trip time was  3.945 milliseconds in repetition 258
Round trip time was  3.265 milliseconds in repetition 259
Round trip time was  3.234 milliseconds in repetition 260
Round trip time was  3.933 milliseconds in repetition 261
Round trip time was  3.264 milliseconds in repetition 262
Round trip time was  3.763 milliseconds in repetition 263
Round trip time was  3.212 milliseconds in repetition 264
Round trip time was  3.296 milliseconds in repetition 265
Round trip time was  3.236 milliseconds in repetition 266
Round trip time was  3.262 milliseconds in repetition 267
Round trip time was  3.229 milliseconds in repetition 268
Round trip time was  3.264 milliseconds in repetition 269
Round trip time was  3.263 milliseconds in repetition 270
Round trip time was  3.266 milliseconds in repetition 271
Round trip time was  3.805 milliseconds in repetition 272
Round trip time was  3.490 milliseconds in repetition 273
Round trip time was  3.455 milliseconds in repetition 274
Round trip time was  3.229 milliseconds in repetition 275
Round trip time was  3.391 milliseconds in repetition 276
Round trip time was  3.012 milliseconds in repetition 277
Round trip time was  3.291 milliseconds in repetition 278
Round trip time was  3.488 milliseconds in repetition 279
Round trip time was  3.233 milliseconds in repetition 280
Round trip time was  3.292 milliseconds in repetition 281
Round trip time was  3.259 milliseconds in repetition 282
Round trip time was  3.260 milliseconds in repetition 283
Round trip time was  3.645 milliseconds in repetition 284
Round trip time was  3.264 milliseconds in repetition 285
Round trip time was  3.038 milliseconds in repetition 286
Round trip time was  3.200 milliseconds in repetition 287
Round trip time was  3.937 milliseconds in repetition 288
Round trip time was  3.742 milliseconds in repetition 289
Round trip time was  3.008 milliseconds in repetition 290
Round trip time was  3.235 milliseconds in repetition 291
Round trip time was  3.452 milliseconds in repetition 292
Round trip time was  3.808 milliseconds in repetition 293
Round trip time was  3.266 milliseconds in repetition 294
Round trip time was  3.261 milliseconds in repetition 295
Round trip time was  3.264 milliseconds in repetition 296
Round trip time was  3.265 milliseconds in repetition 297
Round trip time was  3.294 milliseconds in repetition 298
Round trip time was  3.262 milliseconds in repetition 299
Round trip time was  3.267 milliseconds in repetition 300
Round trip time was  3.228 milliseconds in repetition 301
Round trip time was  4.299 milliseconds in repetition 302
Round trip time was  3.924 milliseconds in repetition 303
Round trip time was  3.300 milliseconds in repetition 304
Round trip time was  3.227 milliseconds in repetition 305
Round trip time was  3.231 milliseconds in repetition 306
Round trip time was  3.271 milliseconds in repetition 307
Round trip time was  3.259 milliseconds in repetition 308
Round trip time was  3.827 milliseconds in repetition 309
Round trip time was  4.028 milliseconds in repetition 310
Round trip time was  3.200 milliseconds in repetition 311
Round trip time was  4.029 milliseconds in repetition 312
Round trip time was  3.311 milliseconds in repetition 313
Round trip time was  3.238 milliseconds in repetition 314
Round trip time was  3.352 milliseconds in repetition 315
Round trip time was  3.456 milliseconds in repetition 316
Round trip time was  3.267 milliseconds in repetition 317
Round trip time was  3.932 milliseconds in repetition 318
Round trip time was  3.328 milliseconds in repetition 319
Round trip time was  3.295 milliseconds in repetition 320
Round trip time was  3.742 milliseconds in repetition 321
Round trip time was  3.780 milliseconds in repetition 322
Round trip time was  3.229 milliseconds in repetition 323
Round trip time was  3.264 milliseconds in repetition 324
Round trip time was  3.459 milliseconds in repetition 325
Round trip time was  3.451 milliseconds in repetition 326
Round trip time was  3.008 milliseconds in repetition 327
Round trip time was  3.479 milliseconds in repetition 328
Round trip time was  3.279 milliseconds in repetition 329
Round trip time was  3.484 milliseconds in repetition 330
Round trip time was  4.066 milliseconds in repetition 331
Round trip time was  3.230 milliseconds in repetition 332
Round trip time was  3.454 milliseconds in repetition 333
Round trip time was  3.201 milliseconds in repetition 334
Round trip time was  4.002 milliseconds in repetition 335
Round trip time was  3.227 milliseconds in repetition 336
Round trip time was  3.423 milliseconds in repetition 337
Round trip time was  3.456 milliseconds in repetition 338
Round trip time was  3.264 milliseconds in repetition 339
Round trip time was  4.062 milliseconds in repetition 340
Round trip time was  3.455 milliseconds in repetition 341
Round trip time was  3.940 milliseconds in repetition 342
Round trip time was  3.261 milliseconds in repetition 343
Round trip time was  3.335 milliseconds in repetition 344
Round trip time was  3.965 milliseconds in repetition 345
Round trip time was  3.886 milliseconds in repetition 346
Round trip time was  3.249 milliseconds in repetition 347
Round trip time was  3.261 milliseconds in repetition 348
Round trip time was  3.228 milliseconds in repetition 349
Round trip time was  3.556 milliseconds in repetition 350
Round trip time was  4.222 milliseconds in repetition 351
Round trip time was  3.229 milliseconds in repetition 352
Round trip time was  3.261 milliseconds in repetition 353
Round trip time was  3.681 milliseconds in repetition 354
Round trip time was  2.998 milliseconds in repetition 355
Round trip time was  3.231 milliseconds in repetition 356
Round trip time was  3.269 milliseconds in repetition 357
Round trip time was  3.227 milliseconds in repetition 358
Round trip time was  3.240 milliseconds in repetition 359
Round trip time was  2.999 milliseconds in repetition 360
Round trip time was  3.232 milliseconds in repetition 361
Round trip time was  4.567 milliseconds in repetition 362
Round trip time was  3.448 milliseconds in repetition 363
Round trip time was  3.539 milliseconds in repetition 364
Round trip time was  3.616 milliseconds in repetition 365
Round trip time was  3.329 milliseconds in repetition 366
Round trip time was  2.973 milliseconds in repetition 367
Round trip time was  3.232 milliseconds in repetition 368
Round trip time was  3.260 milliseconds in repetition 369
Round trip time was  3.234 milliseconds in repetition 370
Round trip time was  3.454 milliseconds in repetition 371
Round trip time was  3.423 milliseconds in repetition 372
Round trip time was  3.872 milliseconds in repetition 373
Round trip time was  2.975 milliseconds in repetition 374
Round trip time was  3.489 milliseconds in repetition 375
Round trip time was  3.266 milliseconds in repetition 376
Round trip time was  3.228 milliseconds in repetition 377
Round trip time was  3.008 milliseconds in repetition 378
Round trip time was  3.236 milliseconds in repetition 379
Round trip time was  3.258 milliseconds in repetition 380
Round trip time was  3.777 milliseconds in repetition 381
Round trip time was  3.232 milliseconds in repetition 382
Round trip time was  3.260 milliseconds in repetition 383
Round trip time was  3.232 milliseconds in repetition 384
Round trip time was  3.940 milliseconds in repetition 385
Round trip time was  3.196 milliseconds in repetition 386
Round trip time was  3.457 milliseconds in repetition 387
Round trip time was  3.452 milliseconds in repetition 388
Round trip time was  3.297 milliseconds in repetition 389
Round trip time was  3.263 milliseconds in repetition 390
Round trip time was  3.455 milliseconds in repetition 391
Round trip time was  3.329 milliseconds in repetition 392
Round trip time was  3.236 milliseconds in repetition 393
Round trip time was  3.259 milliseconds in repetition 394
Round trip time was  3.231 milliseconds in repetition 395
Round trip time was  3.458 milliseconds in repetition 396
Round trip time was  3.196 milliseconds in repetition 397
Round trip time was  3.233 milliseconds in repetition 398
Round trip time was  3.238 milliseconds in repetition 399
Round trip time was  3.291 milliseconds in repetition 400
Round trip time was  3.230 milliseconds in repetition 401
Round trip time was  3.010 milliseconds in repetition 402
Round trip time was  3.229 milliseconds in repetition 403
Round trip time was  3.234 milliseconds in repetition 404
Round trip time was  3.263 milliseconds in repetition 405
Round trip time was  3.260 milliseconds in repetition 406
Round trip time was  3.232 milliseconds in repetition 407
Round trip time was  3.265 milliseconds in repetition 408
Round trip time was  3.454 milliseconds in repetition 409
Round trip time was  3.491 milliseconds in repetition 410
Round trip time was  3.804 milliseconds in repetition 411
Round trip time was  3.232 milliseconds in repetition 412
Round trip time was  3.266 milliseconds in repetition 413
Round trip time was  3.261 milliseconds in repetition 414
Round trip time was  3.743 milliseconds in repetition 415
Round trip time was  3.233 milliseconds in repetition 416
Round trip time was  3.180 milliseconds in repetition 417
Round trip time was  3.713 milliseconds in repetition 418
Round trip time was  4.195 milliseconds in repetition 419
Round trip time was  3.974 milliseconds in repetition 420
Round trip time was  3.943 milliseconds in repetition 421
Round trip time was  3.388 milliseconds in repetition 422
Round trip time was  3.442 milliseconds in repetition 423
Round trip time was  3.238 milliseconds in repetition 424
Round trip time was  3.289 milliseconds in repetition 425
Round trip time was  3.265 milliseconds in repetition 426
Round trip time was  3.490 milliseconds in repetition 427
Round trip time was  3.226 milliseconds in repetition 428
Round trip time was  3.233 milliseconds in repetition 429
Round trip time was  3.618 milliseconds in repetition 430
Round trip time was  3.516 milliseconds in repetition 431
Round trip time was  3.519 milliseconds in repetition 432
Round trip time was  3.268 milliseconds in repetition 433
Round trip time was  3.261 milliseconds in repetition 434
Round trip time was  3.262 milliseconds in repetition 435
Round trip time was  2.981 milliseconds in repetition 436
Round trip time was  3.867 milliseconds in repetition 437
Round trip time was  3.264 milliseconds in repetition 438
Round trip time was  3.230 milliseconds in repetition 439
Round trip time was  3.295 milliseconds in repetition 440
Round trip time was  3.808 milliseconds in repetition 441
Round trip time was  3.262 milliseconds in repetition 442
Round trip time was  3.267 milliseconds in repetition 443
Round trip time was  3.199 milliseconds in repetition 444
Round trip time was  3.230 milliseconds in repetition 445
Round trip time was  3.007 milliseconds in repetition 446
Round trip time was  2.979 milliseconds in repetition 447
Round trip time was  3.297 milliseconds in repetition 448
Round trip time was  3.230 milliseconds in repetition 449
Round trip time was  3.458 milliseconds in repetition 450
Round trip time was  3.296 milliseconds in repetition 451
Round trip time was  3.229 milliseconds in repetition 452
Round trip time was  3.232 milliseconds in repetition 453
Round trip time was  3.228 milliseconds in repetition 454
Round trip time was  2.976 milliseconds in repetition 455
Round trip time was  3.263 milliseconds in repetition 456
Round trip time was  3.680 milliseconds in repetition 457
Round trip time was  3.233 milliseconds in repetition 458
Round trip time was  3.262 milliseconds in repetition 459
Round trip time was  3.457 milliseconds in repetition 460
Round trip time was  3.234 milliseconds in repetition 461
Round trip time was  3.421 milliseconds in repetition 462
Round trip time was  3.199 milliseconds in repetition 463
Round trip time was  3.459 milliseconds in repetition 464
Round trip time was  3.227 milliseconds in repetition 465
Round trip time was  3.710 milliseconds in repetition 466
Round trip time was  3.268 milliseconds in repetition 467
Round trip time was  3.261 milliseconds in repetition 468
Round trip time was  3.232 milliseconds in repetition 469
Round trip time was  3.108 milliseconds in repetition 470
Round trip time was  3.243 milliseconds in repetition 471
Round trip time was  3.985 milliseconds in repetition 472
Round trip time was  3.918 milliseconds in repetition 473
Round trip time was  4.424 milliseconds in repetition 474
Round trip time was  4.423 milliseconds in repetition 475
Round trip time was  3.390 milliseconds in repetition 476
Round trip time was  3.553 milliseconds in repetition 477
Round trip time was  3.587 milliseconds in repetition 478
Round trip time was  3.553 milliseconds in repetition 479
Round trip time was  3.452 milliseconds in repetition 480
Round trip time was  4.448 milliseconds in repetition 481
Round trip time was  4.058 milliseconds in repetition 482
Round trip time was  3.552 milliseconds in repetition 483
Round trip time was  3.523 milliseconds in repetition 484
Round trip time was  3.548 milliseconds in repetition 485
Round trip time was  4.000 milliseconds in repetition 486
Round trip time was  3.526 milliseconds in repetition 487
Round trip time was  3.481 milliseconds in repetition 488
Round trip time was  4.033 milliseconds in repetition 489
Round trip time was  3.583 milliseconds in repetition 490
Round trip time was  4.096 milliseconds in repetition 491
Round trip time was  3.551 milliseconds in repetition 492
Round trip time was  3.551 milliseconds in repetition 493
Round trip time was  3.575 milliseconds in repetition 494
Round trip time was  3.261 milliseconds in repetition 495
Round trip time was  4.034 milliseconds in repetition 496
Round trip time was  3.544 milliseconds in repetition 497
Round trip time was  3.554 milliseconds in repetition 498
Round trip time was  4.220 milliseconds in repetition 499
Round trip time was  3.938 milliseconds in repetition 500
Round trip time was  3.265 milliseconds in repetition 501

 ... clock resolution was 1e-06
UDP Ping:  Statistics over 501 repetitions of 16384 byte messages

RTT : percentile 10: 3.2038, median: 3.29495, percentile 90: 3.99791, average: 3.48316, variance: 0.199831

RTT histogram:
2.93394 28
3.13133 51
3.32873 205
3.52613 103
3.72353 35
3.92092 36
4.11832 18
4.31572 4
4.51312 9
4.71052 3
4.90791 2
5.10531 3
5.30271 1
5.50011 0
5.6975 0
5.8949 0
6.0923 0
6.2897 1
6.4871 0
6.68449 0
6.88189 2

   median Throughput : 9944.92 KB/s   overall Throughput : 9407.55 KB/s

