UDP Ping trying to connect to server seti.dibris.unige.it (130.251.61.30) on TCP port 1491
 ... connected to Pong server: asking for 501 repetitions of 24576 _bytes UDP messages
 ... Pong server agreed to ping-pong using port 49230 :-)
Round trip time was 387.601 milliseconds in repetition 1
Round trip time was 65.904 milliseconds in repetition 2
Round trip time was 65.604 milliseconds in repetition 3
Round trip time was 65.655 milliseconds in repetition 4
Round trip time was 65.979 milliseconds in repetition 5
Round trip time was 66.055 milliseconds in repetition 6
Round trip time was 66.036 milliseconds in repetition 7
Round trip time was 65.525 milliseconds in repetition 8
Round trip time was 65.666 milliseconds in repetition 9
Round trip time was 65.957 milliseconds in repetition 10
Round trip time was 66.016 milliseconds in repetition 11
Round trip time was 65.964 milliseconds in repetition 12
Round trip time was 65.511 milliseconds in repetition 13
Round trip time was 65.713 milliseconds in repetition 14
Round trip time was 65.988 milliseconds in repetition 15
Round trip time was 66.007 milliseconds in repetition 16
Round trip time was 66.296 milliseconds in repetition 17
Round trip time was 65.690 milliseconds in repetition 18
Round trip time was 65.567 milliseconds in repetition 19
Round trip time was 64.179 milliseconds in repetition 20
Round trip time was 63.154 milliseconds in repetition 21
Round trip time was 63.388 milliseconds in repetition 22
Round trip time was 63.505 milliseconds in repetition 23
Round trip time was 63.403 milliseconds in repetition 24
Round trip time was 63.063 milliseconds in repetition 25
Round trip time was 63.438 milliseconds in repetition 26
Round trip time was 63.483 milliseconds in repetition 27
Round trip time was 63.213 milliseconds in repetition 28
Round trip time was 63.230 milliseconds in repetition 29
Round trip time was 64.038 milliseconds in repetition 30
Round trip time was 63.033 milliseconds in repetition 31
Round trip time was 63.177 milliseconds in repetition 32
Round trip time was 63.862 milliseconds in repetition 33
Round trip time was 63.390 milliseconds in repetition 34
Round trip time was 63.062 milliseconds in repetition 35
Round trip time was 63.440 milliseconds in repetition 36
Round trip time was 63.518 milliseconds in repetition 37
Round trip time was 63.472 milliseconds in repetition 38
Round trip time was 63.478 milliseconds in repetition 39
Round trip time was 63.320 milliseconds in repetition 40
Round trip time was 63.248 milliseconds in repetition 41
Round trip time was 63.041 milliseconds in repetition 42
Round trip time was 62.909 milliseconds in repetition 43
Round trip time was 63.007 milliseconds in repetition 44
Round trip time was 63.195 milliseconds in repetition 45
Round trip time was 63.267 milliseconds in repetition 46
Round trip time was 63.075 milliseconds in repetition 47
Round trip time was 63.145 milliseconds in repetition 48
Round trip time was 63.503 milliseconds in repetition 49
Round trip time was 63.748 milliseconds in repetition 50
Round trip time was 63.228 milliseconds in repetition 51
Round trip time was 63.503 milliseconds in repetition 52
Round trip time was 63.250 milliseconds in repetition 53
Round trip time was 62.821 milliseconds in repetition 54
Round trip time was 63.439 milliseconds in repetition 55
Round trip time was 64.211 milliseconds in repetition 56
Round trip time was 64.158 milliseconds in repetition 57
Round trip time was 63.056 milliseconds in repetition 58
Round trip time was 63.539 milliseconds in repetition 59
Round trip time was 62.788 milliseconds in repetition 60
Round trip time was 62.973 milliseconds in repetition 61
Round trip time was 62.962 milliseconds in repetition 62
Round trip time was 63.236 milliseconds in repetition 63
Round trip time was 63.457 milliseconds in repetition 64
Round trip time was 62.781 milliseconds in repetition 65
Round trip time was 63.749 milliseconds in repetition 66
Round trip time was 63.248 milliseconds in repetition 67
Round trip time was 63.260 milliseconds in repetition 68
Round trip time was 62.696 milliseconds in repetition 69
Round trip time was 63.299 milliseconds in repetition 70
Round trip time was 63.672 milliseconds in repetition 71
Round trip time was 63.248 milliseconds in repetition 72
Round trip time was 63.743 milliseconds in repetition 73
Round trip time was 63.068 milliseconds in repetition 74
Round trip time was 63.387 milliseconds in repetition 75
Round trip time was 62.777 milliseconds in repetition 76
Round trip time was 63.767 milliseconds in repetition 77
Round trip time was 63.458 milliseconds in repetition 78
Round trip time was 63.756 milliseconds in repetition 79
Round trip time was 63.966 milliseconds in repetition 80
Round trip time was 64.503 milliseconds in repetition 81
Round trip time was 64.284 milliseconds in repetition 82
Round trip time was 63.895 milliseconds in repetition 83
Round trip time was 64.026 milliseconds in repetition 84
Round trip time was 63.796 milliseconds in repetition 85
Round trip time was 64.217 milliseconds in repetition 86
Round trip time was 63.736 milliseconds in repetition 87
Round trip time was 64.292 milliseconds in repetition 88
Round trip time was 63.790 milliseconds in repetition 89
Round trip time was 63.475 milliseconds in repetition 90
Round trip time was 63.430 milliseconds in repetition 91
Round trip time was 63.839 milliseconds in repetition 92
Round trip time was 63.404 milliseconds in repetition 93
Round trip time was 63.207 milliseconds in repetition 94
Round trip time was 63.011 milliseconds in repetition 95
Round trip time was 63.498 milliseconds in repetition 96
Round trip time was 63.475 milliseconds in repetition 97
Round trip time was 63.543 milliseconds in repetition 98
Round trip time was 63.437 milliseconds in repetition 99
Round trip time was 63.000 milliseconds in repetition 100
Round trip time was 63.544 milliseconds in repetition 101
Round trip time was 63.434 milliseconds in repetition 102
Round trip time was 63.475 milliseconds in repetition 103
Round trip time was 63.837 milliseconds in repetition 104
Round trip time was 63.452 milliseconds in repetition 105
Round trip time was 63.461 milliseconds in repetition 106
Round trip time was 63.752 milliseconds in repetition 107
Round trip time was 62.874 milliseconds in repetition 108
Round trip time was 63.381 milliseconds in repetition 109
Round trip time was 63.478 milliseconds in repetition 110
Round trip time was 63.297 milliseconds in repetition 111
Round trip time was 63.216 milliseconds in repetition 112
Round trip time was 63.735 milliseconds in repetition 113
Round trip time was 63.401 milliseconds in repetition 114
Round trip time was 63.591 milliseconds in repetition 115
Round trip time was 63.514 milliseconds in repetition 116
Round trip time was 63.476 milliseconds in repetition 117
Round trip time was 63.732 milliseconds in repetition 118
Round trip time was 63.471 milliseconds in repetition 119
Round trip time was 63.500 milliseconds in repetition 120
Round trip time was 63.777 milliseconds in repetition 121
Round trip time was 63.498 milliseconds in repetition 122
Round trip time was 63.720 milliseconds in repetition 123
Round trip time was 63.045 milliseconds in repetition 124
Round trip time was 62.924 milliseconds in repetition 125
Round trip time was 63.052 milliseconds in repetition 126
Round trip time was 63.487 milliseconds in repetition 127
Round trip time was 63.465 milliseconds in repetition 128
Round trip time was 63.043 milliseconds in repetition 129
Round trip time was 63.230 milliseconds in repetition 130
Round trip time was 63.828 milliseconds in repetition 131
Round trip time was 62.880 milliseconds in repetition 132
Round trip time was 63.306 milliseconds in repetition 133
Round trip time was 63.242 milliseconds in repetition 134
Round trip time was 63.176 milliseconds in repetition 135
Round trip time was 63.775 milliseconds in repetition 136
Round trip time was 63.478 milliseconds in repetition 137
Round trip time was 63.469 milliseconds in repetition 138
Round trip time was 63.506 milliseconds in repetition 139
Round trip time was 63.628 milliseconds in repetition 140
Round trip time was 63.095 milliseconds in repetition 141
Round trip time was 63.547 milliseconds in repetition 142
Round trip time was 63.155 milliseconds in repetition 143
Round trip time was 64.824 milliseconds in repetition 144
Round trip time was 63.479 milliseconds in repetition 145
Round trip time was 63.401 milliseconds in repetition 146
Round trip time was 63.858 milliseconds in repetition 147
Round trip time was 63.172 milliseconds in repetition 148
Round trip time was 63.499 milliseconds in repetition 149
Round trip time was 63.234 milliseconds in repetition 150
Round trip time was 63.298 milliseconds in repetition 151
Round trip time was 63.440 milliseconds in repetition 152
Round trip time was 63.277 milliseconds in repetition 153
Round trip time was 63.497 milliseconds in repetition 154
Round trip time was 63.521 milliseconds in repetition 155
Round trip time was 63.214 milliseconds in repetition 156
Round trip time was 63.468 milliseconds in repetition 157
Round trip time was 63.778 milliseconds in repetition 158
Round trip time was 63.456 milliseconds in repetition 159
Round trip time was 63.459 milliseconds in repetition 160
Round trip time was 63.329 milliseconds in repetition 161
Round trip time was 63.520 milliseconds in repetition 162
Round trip time was 63.165 milliseconds in repetition 163
Round trip time was 63.523 milliseconds in repetition 164
Round trip time was 63.723 milliseconds in repetition 165
Round trip time was 63.474 milliseconds in repetition 166
Round trip time was 64.025 milliseconds in repetition 167
Round trip time was 63.966 milliseconds in repetition 168
Round trip time was 64.243 milliseconds in repetition 169
Round trip time was 63.725 milliseconds in repetition 170
Round trip time was 63.526 milliseconds in repetition 171
Round trip time was 63.760 milliseconds in repetition 172
Round trip time was 64.199 milliseconds in repetition 173
Round trip time was 63.264 milliseconds in repetition 174
Round trip time was 63.754 milliseconds in repetition 175
Round trip time was 63.735 milliseconds in repetition 176
Round trip time was 63.222 milliseconds in repetition 177
Round trip time was 62.922 milliseconds in repetition 178
Round trip time was 62.867 milliseconds in repetition 179
Round trip time was 63.727 milliseconds in repetition 180
Round trip time was 63.234 milliseconds in repetition 181
Round trip time was 63.467 milliseconds in repetition 182
Round trip time was 62.804 milliseconds in repetition 183
Round trip time was 63.216 milliseconds in repetition 184
Round trip time was 63.488 milliseconds in repetition 185
Round trip time was 63.479 milliseconds in repetition 186
Round trip time was 63.504 milliseconds in repetition 187
Round trip time was 63.568 milliseconds in repetition 188
Round trip time was 62.914 milliseconds in repetition 189
Round trip time was 63.250 milliseconds in repetition 190
Round trip time was 63.458 milliseconds in repetition 191
Round trip time was 63.277 milliseconds in repetition 192
Round trip time was 63.966 milliseconds in repetition 193
Round trip time was 63.090 milliseconds in repetition 194
Round trip time was 63.422 milliseconds in repetition 195
Round trip time was 63.499 milliseconds in repetition 196
Round trip time was 63.466 milliseconds in repetition 197
Round trip time was 63.485 milliseconds in repetition 198
Round trip time was 63.291 milliseconds in repetition 199
Round trip time was 63.973 milliseconds in repetition 200
Round trip time was 63.474 milliseconds in repetition 201
Round trip time was 62.809 milliseconds in repetition 202
Round trip time was 62.944 milliseconds in repetition 203
Round trip time was 63.508 milliseconds in repetition 204
Round trip time was 63.487 milliseconds in repetition 205
Round trip time was 63.230 milliseconds in repetition 206
Round trip time was 62.746 milliseconds in repetition 207
Round trip time was 63.242 milliseconds in repetition 208
Round trip time was 62.753 milliseconds in repetition 209
Round trip time was 62.806 milliseconds in repetition 210
Round trip time was 62.944 milliseconds in repetition 211
Round trip time was 63.269 milliseconds in repetition 212
Round trip time was 63.677 milliseconds in repetition 213
Round trip time was 62.745 milliseconds in repetition 214
Round trip time was 63.505 milliseconds in repetition 215
Round trip time was 63.489 milliseconds in repetition 216
Round trip time was 63.479 milliseconds in repetition 217
Round trip time was 63.021 milliseconds in repetition 218
Round trip time was 63.000 milliseconds in repetition 219
Round trip time was 62.739 milliseconds in repetition 220
Round trip time was 63.203 milliseconds in repetition 221
Round trip time was 62.791 milliseconds in repetition 222
Round trip time was 62.694 milliseconds in repetition 223
Round trip time was 63.260 milliseconds in repetition 224
Round trip time was 63.102 milliseconds in repetition 225
Round trip time was 63.205 milliseconds in repetition 226
Round trip time was 62.948 milliseconds in repetition 227
Round trip time was 63.705 milliseconds in repetition 228
Round trip time was 63.260 milliseconds in repetition 229
Round trip time was 63.276 milliseconds in repetition 230
Round trip time was 62.698 milliseconds in repetition 231
Round trip time was 63.052 milliseconds in repetition 232
Round trip time was 63.549 milliseconds in repetition 233
Round trip time was 63.418 milliseconds in repetition 234
Round trip time was 63.493 milliseconds in repetition 235
Round trip time was 64.215 milliseconds in repetition 236
Round trip time was 63.761 milliseconds in repetition 237
Round trip time was 64.213 milliseconds in repetition 238
Round trip time was 63.794 milliseconds in repetition 239
Round trip time was 64.188 milliseconds in repetition 240
Round trip time was 63.788 milliseconds in repetition 241
Round trip time was 64.274 milliseconds in repetition 242
Round trip time was 63.710 milliseconds in repetition 243
Round trip time was 64.223 milliseconds in repetition 244
Round trip time was 63.758 milliseconds in repetition 245
Round trip time was 64.246 milliseconds in repetition 246
Round trip time was 64.232 milliseconds in repetition 247
Round trip time was 64.015 milliseconds in repetition 248
Round trip time was 63.965 milliseconds in repetition 249
Round trip time was 62.986 milliseconds in repetition 250
Round trip time was 63.263 milliseconds in repetition 251
Round trip time was 63.025 milliseconds in repetition 252
Round trip time was 63.195 milliseconds in repetition 253
Round trip time was 63.494 milliseconds in repetition 254
Round trip time was 63.748 milliseconds in repetition 255
Round trip time was 63.217 milliseconds in repetition 256
Round trip time was 63.503 milliseconds in repetition 257
Round trip time was 63.094 milliseconds in repetition 258
Round trip time was 63.203 milliseconds in repetition 259
Round trip time was 63.483 milliseconds in repetition 260
Round trip time was 63.526 milliseconds in repetition 261
Round trip time was 63.481 milliseconds in repetition 262
Round trip time was 63.449 milliseconds in repetition 263
Round trip time was 63.491 milliseconds in repetition 264
Round trip time was 63.512 milliseconds in repetition 265
Round trip time was 63.289 milliseconds in repetition 266
Round trip time was 63.466 milliseconds in repetition 267
Round trip time was 63.587 milliseconds in repetition 268
Round trip time was 63.391 milliseconds in repetition 269
Round trip time was 63.491 milliseconds in repetition 270
Round trip time was 63.470 milliseconds in repetition 271
Round trip time was 63.481 milliseconds in repetition 272
Round trip time was 66.065 milliseconds in repetition 273
Round trip time was 63.865 milliseconds in repetition 274
Round trip time was 63.578 milliseconds in repetition 275
Round trip time was 63.505 milliseconds in repetition 276
Round trip time was 63.484 milliseconds in repetition 277
Round trip time was 63.476 milliseconds in repetition 278
Round trip time was 63.492 milliseconds in repetition 279
Round trip time was 63.289 milliseconds in repetition 280
Round trip time was 63.497 milliseconds in repetition 281
Round trip time was 63.489 milliseconds in repetition 282
Round trip time was 64.983 milliseconds in repetition 283
Round trip time was 63.441 milliseconds in repetition 284
Round trip time was 63.498 milliseconds in repetition 285
Round trip time was 63.000 milliseconds in repetition 286
Round trip time was 63.044 milliseconds in repetition 287
Round trip time was 62.802 milliseconds in repetition 288
Round trip time was 63.216 milliseconds in repetition 289
Round trip time was 63.496 milliseconds in repetition 290
Round trip time was 63.665 milliseconds in repetition 291
Round trip time was 63.045 milliseconds in repetition 292
Round trip time was 65.729 milliseconds in repetition 293
Round trip time was 63.441 milliseconds in repetition 294
Round trip time was 63.058 milliseconds in repetition 295
Round trip time was 63.179 milliseconds in repetition 296
Round trip time was 63.020 milliseconds in repetition 297
Round trip time was 63.495 milliseconds in repetition 298
Round trip time was 63.494 milliseconds in repetition 299
Round trip time was 63.259 milliseconds in repetition 300
Round trip time was 63.310 milliseconds in repetition 301
Round trip time was 62.950 milliseconds in repetition 302
Round trip time was 63.180 milliseconds in repetition 303
Round trip time was 63.017 milliseconds in repetition 304
Round trip time was 63.315 milliseconds in repetition 305
Round trip time was 62.921 milliseconds in repetition 306
Round trip time was 62.942 milliseconds in repetition 307
Round trip time was 62.837 milliseconds in repetition 308
Round trip time was 63.207 milliseconds in repetition 309
Round trip time was 63.025 milliseconds in repetition 310
Round trip time was 63.233 milliseconds in repetition 311
Round trip time was 63.209 milliseconds in repetition 312
Round trip time was 62.775 milliseconds in repetition 313
Round trip time was 63.252 milliseconds in repetition 314
Round trip time was 63.496 milliseconds in repetition 315
Round trip time was 63.434 milliseconds in repetition 316
Round trip time was 62.762 milliseconds in repetition 317
Round trip time was 63.278 milliseconds in repetition 318
Round trip time was 63.194 milliseconds in repetition 319
Round trip time was 63.555 milliseconds in repetition 320
Round trip time was 64.531 milliseconds in repetition 321
Round trip time was 63.476 milliseconds in repetition 322
Round trip time was 63.520 milliseconds in repetition 323
Round trip time was 63.700 milliseconds in repetition 324
Round trip time was 64.235 milliseconds in repetition 325
Round trip time was 63.713 milliseconds in repetition 326
Round trip time was 64.236 milliseconds in repetition 327
Round trip time was 63.755 milliseconds in repetition 328
Round trip time was 63.494 milliseconds in repetition 329
Round trip time was 64.224 milliseconds in repetition 330
Round trip time was 63.807 milliseconds in repetition 331
Round trip time was 64.190 milliseconds in repetition 332
Round trip time was 63.737 milliseconds in repetition 333
Round trip time was 63.253 milliseconds in repetition 334
Round trip time was 63.520 milliseconds in repetition 335
Round trip time was 63.229 milliseconds in repetition 336
Round trip time was 63.604 milliseconds in repetition 337
Round trip time was 63.437 milliseconds in repetition 338
Round trip time was 63.466 milliseconds in repetition 339
Round trip time was 63.484 milliseconds in repetition 340
Round trip time was 63.778 milliseconds in repetition 341
Round trip time was 63.995 milliseconds in repetition 342
Round trip time was 63.709 milliseconds in repetition 343
Round trip time was 63.707 milliseconds in repetition 344
Round trip time was 62.772 milliseconds in repetition 345
Round trip time was 63.214 milliseconds in repetition 346
Round trip time was 63.388 milliseconds in repetition 347
Round trip time was 63.503 milliseconds in repetition 348
Round trip time was 63.358 milliseconds in repetition 349
Round trip time was 63.496 milliseconds in repetition 350
Round trip time was 63.494 milliseconds in repetition 351
Round trip time was 63.453 milliseconds in repetition 352
Round trip time was 62.842 milliseconds in repetition 353
Round trip time was 63.674 milliseconds in repetition 354
Round trip time was 63.500 milliseconds in repetition 355
Round trip time was 80.516 milliseconds in repetition 356
Round trip time was 67.726 milliseconds in repetition 357
Round trip time was 104.494 milliseconds in repetition 358
Round trip time was 101.485 milliseconds in repetition 359
Round trip time was 63.218 milliseconds in repetition 360
Round trip time was 63.534 milliseconds in repetition 361
Round trip time was 65.011 milliseconds in repetition 362
Round trip time was 63.221 milliseconds in repetition 363
Round trip time was 63.213 milliseconds in repetition 364
Round trip time was 63.493 milliseconds in repetition 365
Round trip time was 63.543 milliseconds in repetition 366
Round trip time was 63.290 milliseconds in repetition 367
Round trip time was 63.470 milliseconds in repetition 368
Round trip time was 63.460 milliseconds in repetition 369
Round trip time was 63.466 milliseconds in repetition 370
Round trip time was 63.465 milliseconds in repetition 371
Round trip time was 63.506 milliseconds in repetition 372
Round trip time was 64.251 milliseconds in repetition 373
Round trip time was 63.729 milliseconds in repetition 374
Round trip time was 63.049 milliseconds in repetition 375
Round trip time was 63.498 milliseconds in repetition 376
Round trip time was 63.468 milliseconds in repetition 377
Round trip time was 63.763 milliseconds in repetition 378
Round trip time was 64.945 milliseconds in repetition 379
Round trip time was 63.283 milliseconds in repetition 380
Round trip time was 64.072 milliseconds in repetition 381
Round trip time was 63.393 milliseconds in repetition 382
Round trip time was 64.101 milliseconds in repetition 383
Round trip time was 63.928 milliseconds in repetition 384
Round trip time was 63.944 milliseconds in repetition 385
Round trip time was 64.032 milliseconds in repetition 386
Round trip time was 63.485 milliseconds in repetition 387
Round trip time was 63.535 milliseconds in repetition 388
Round trip time was 63.461 milliseconds in repetition 389
Round trip time was 63.488 milliseconds in repetition 390
Round trip time was 63.524 milliseconds in repetition 391
Round trip time was 63.690 milliseconds in repetition 392
Round trip time was 63.502 milliseconds in repetition 393
Round trip time was 63.486 milliseconds in repetition 394
Round trip time was 63.030 milliseconds in repetition 395
Round trip time was 63.460 milliseconds in repetition 396
Round trip time was 63.478 milliseconds in repetition 397
Round trip time was 63.264 milliseconds in repetition 398
Round trip time was 63.293 milliseconds in repetition 399
Round trip time was 63.493 milliseconds in repetition 400
Round trip time was 63.449 milliseconds in repetition 401
Round trip time was 63.753 milliseconds in repetition 402
Round trip time was 63.740 milliseconds in repetition 403
Round trip time was 63.472 milliseconds in repetition 404
Round trip time was 63.502 milliseconds in repetition 405
Round trip time was 63.510 milliseconds in repetition 406
Round trip time was 63.492 milliseconds in repetition 407
Round trip time was 63.500 milliseconds in repetition 408
Round trip time was 63.185 milliseconds in repetition 409
Round trip time was 63.276 milliseconds in repetition 410
Round trip time was 63.510 milliseconds in repetition 411
Round trip time was 63.737 milliseconds in repetition 412
Round trip time was 63.038 milliseconds in repetition 413
Round trip time was 63.262 milliseconds in repetition 414
Round trip time was 63.508 milliseconds in repetition 415
Round trip time was 63.706 milliseconds in repetition 416
Round trip time was 63.816 milliseconds in repetition 417
Round trip time was 63.223 milliseconds in repetition 418
Round trip time was 63.665 milliseconds in repetition 419
Round trip time was 63.057 milliseconds in repetition 420
Round trip time was 62.728 milliseconds in repetition 421
Round trip time was 63.192 milliseconds in repetition 422
Round trip time was 63.459 milliseconds in repetition 423
Round trip time was 63.739 milliseconds in repetition 424
Round trip time was 62.855 milliseconds in repetition 425
Round trip time was 62.906 milliseconds in repetition 426
Round trip time was 63.222 milliseconds in repetition 427
Round trip time was 63.464 milliseconds in repetition 428
Round trip time was 62.778 milliseconds in repetition 429
Round trip time was 63.043 milliseconds in repetition 430
Round trip time was 63.483 milliseconds in repetition 431
Round trip time was 63.476 milliseconds in repetition 432
Round trip time was 63.475 milliseconds in repetition 433
Round trip time was 63.750 milliseconds in repetition 434
Round trip time was 63.120 milliseconds in repetition 435
Round trip time was 62.981 milliseconds in repetition 436
Round trip time was 63.199 milliseconds in repetition 437
Round trip time was 62.937 milliseconds in repetition 438
Round trip time was 63.255 milliseconds in repetition 439
Round trip time was 63.498 milliseconds in repetition 440
Round trip time was 63.500 milliseconds in repetition 441
Round trip time was 63.709 milliseconds in repetition 442
Round trip time was 67.036 milliseconds in repetition 443
Round trip time was 63.185 milliseconds in repetition 444
Round trip time was 62.732 milliseconds in repetition 445
Round trip time was 63.071 milliseconds in repetition 446
Round trip time was 63.498 milliseconds in repetition 447
Round trip time was 63.437 milliseconds in repetition 448
Round trip time was 63.502 milliseconds in repetition 449
Round trip time was 63.729 milliseconds in repetition 450
Round trip time was 63.057 milliseconds in repetition 451
Round trip time was 63.205 milliseconds in repetition 452
Round trip time was 63.460 milliseconds in repetition 453
Round trip time was 63.281 milliseconds in repetition 454
Round trip time was 63.553 milliseconds in repetition 455
Round trip time was 67.184 milliseconds in repetition 456
Round trip time was 63.770 milliseconds in repetition 457
Round trip time was 63.771 milliseconds in repetition 458
Round trip time was 63.145 milliseconds in repetition 459
Round trip time was 63.029 milliseconds in repetition 460
Round trip time was 65.747 milliseconds in repetition 461
Round trip time was 63.736 milliseconds in repetition 462
Round trip time was 64.296 milliseconds in repetition 463
Round trip time was 63.203 milliseconds in repetition 464
Round trip time was 63.016 milliseconds in repetition 465
Round trip time was 63.702 milliseconds in repetition 466
Round trip time was 66.726 milliseconds in repetition 467
Round trip time was 63.249 milliseconds in repetition 468
Round trip time was 63.338 milliseconds in repetition 469
Round trip time was 63.687 milliseconds in repetition 470
Round trip time was 63.220 milliseconds in repetition 471
Round trip time was 63.772 milliseconds in repetition 472
Round trip time was 63.496 milliseconds in repetition 473
Round trip time was 63.465 milliseconds in repetition 474
Round trip time was 64.018 milliseconds in repetition 475
Round trip time was 63.960 milliseconds in repetition 476
Round trip time was 63.490 milliseconds in repetition 477
Round trip time was 63.782 milliseconds in repetition 478
Round trip time was 63.799 milliseconds in repetition 479
Round trip time was 63.724 milliseconds in repetition 480
Round trip time was 63.214 milliseconds in repetition 481
Round trip time was 63.483 milliseconds in repetition 482
Round trip time was 63.482 milliseconds in repetition 483
Round trip time was 62.752 milliseconds in repetition 484
Round trip time was 63.479 milliseconds in repetition 485
Round trip time was 63.489 milliseconds in repetition 486
Round trip time was 63.009 milliseconds in repetition 487
Round trip time was 63.209 milliseconds in repetition 488
Round trip time was 63.088 milliseconds in repetition 489
Round trip time was 63.466 milliseconds in repetition 490
Round trip time was 63.721 milliseconds in repetition 491
Round trip time was 63.494 milliseconds in repetition 492
Round trip time was 63.511 milliseconds in repetition 493
Round trip time was 63.478 milliseconds in repetition 494
Round trip time was 63.599 milliseconds in repetition 495
Round trip time was 63.175 milliseconds in repetition 496
Round trip time was 63.464 milliseconds in repetition 497
Round trip time was 63.225 milliseconds in repetition 498
Round trip time was 63.455 milliseconds in repetition 499
Round trip time was 63.022 milliseconds in repetition 500
Round trip time was 63.481 milliseconds in repetition 501

 ... clock resolution was 1e-06
UDP Ping:  Statistics over 501 repetitions of 24576 byte messages

RTT : percentile 10: 63.0108, median: 63.4764, percentile 90: 64.2113, average: 64.4121, variance: 216.549

RTT histogram:
62.6937 497
78.939 1
95.1844 1
111.43 1
127.675 0
143.921 0
160.166 0
176.411 0
192.657 0
208.902 0
225.148 0
241.393 0
257.638 0
273.884 0
290.129 0
306.374 0
322.62 0
338.865 0
355.111 0
371.356 0
387.601 1

   median Throughput : 774.335 KB/s   overall Throughput : 763.087 KB/s

