UDP Ping trying to connect to server seti.dibris.unige.it (130.251.61.30) on TCP port 1491
 ... connected to Pong server: asking for 501 repetitions of 32 _bytes UDP messages
 ... Pong server agreed to ping-pong using port 49230 :-)
Round trip time was 29.783 milliseconds in repetition 1
Round trip time was 28.478 milliseconds in repetition 2
Round trip time was 28.037 milliseconds in repetition 3
Round trip time was 28.757 milliseconds in repetition 4
Round trip time was 28.236 milliseconds in repetition 5
Round trip time was 28.486 milliseconds in repetition 6
Round trip time was 28.035 milliseconds in repetition 7
Round trip time was 28.229 milliseconds in repetition 8
Round trip time was 28.790 milliseconds in repetition 9
Round trip time was 28.516 milliseconds in repetition 10
Round trip time was 28.774 milliseconds in repetition 11
Round trip time was 28.112 milliseconds in repetition 12
Round trip time was 28.576 milliseconds in repetition 13
Round trip time was 28.236 milliseconds in repetition 14
Round trip time was 28.013 milliseconds in repetition 15
Round trip time was 28.509 milliseconds in repetition 16
Round trip time was 28.015 milliseconds in repetition 17
Round trip time was 28.234 milliseconds in repetition 18
Round trip time was 28.487 milliseconds in repetition 19
Round trip time was 28.035 milliseconds in repetition 20
Round trip time was 29.451 milliseconds in repetition 21
Round trip time was 29.061 milliseconds in repetition 22
Round trip time was 28.478 milliseconds in repetition 23
Round trip time was 28.486 milliseconds in repetition 24
Round trip time was 28.235 milliseconds in repetition 25
Round trip time was 28.287 milliseconds in repetition 26
Round trip time was 28.236 milliseconds in repetition 27
Round trip time was 27.763 milliseconds in repetition 28
Round trip time was 28.486 milliseconds in repetition 29
Round trip time was 28.235 milliseconds in repetition 30
Round trip time was 28.014 milliseconds in repetition 31
Round trip time was 29.253 milliseconds in repetition 32
Round trip time was 28.764 milliseconds in repetition 33
Round trip time was 28.264 milliseconds in repetition 34
Round trip time was 27.980 milliseconds in repetition 35
Round trip time was 28.507 milliseconds in repetition 36
Round trip time was 28.534 milliseconds in repetition 37
Round trip time was 28.459 milliseconds in repetition 38
Round trip time was 28.236 milliseconds in repetition 39
Round trip time was 28.014 milliseconds in repetition 40
Round trip time was 27.751 milliseconds in repetition 41
Round trip time was 27.754 milliseconds in repetition 42
Round trip time was 27.491 milliseconds in repetition 43
Round trip time was 27.742 milliseconds in repetition 44
Round trip time was 27.489 milliseconds in repetition 45
Round trip time was 27.293 milliseconds in repetition 46
Round trip time was 27.740 milliseconds in repetition 47
Round trip time was 27.491 milliseconds in repetition 48
Round trip time was 27.741 milliseconds in repetition 49
Round trip time was 27.764 milliseconds in repetition 50
Round trip time was 27.741 milliseconds in repetition 51
Round trip time was 27.490 milliseconds in repetition 52
Round trip time was 27.764 milliseconds in repetition 53
Round trip time was 27.741 milliseconds in repetition 54
Round trip time was 27.492 milliseconds in repetition 55
Round trip time was 27.542 milliseconds in repetition 56
Round trip time was 27.491 milliseconds in repetition 57
Round trip time was 27.741 milliseconds in repetition 58
Round trip time was 27.763 milliseconds in repetition 59
Round trip time was 27.491 milliseconds in repetition 60
Round trip time was 27.707 milliseconds in repetition 61
Round trip time was 27.790 milliseconds in repetition 62
Round trip time was 27.750 milliseconds in repetition 63
Round trip time was 27.797 milliseconds in repetition 64
Round trip time was 27.779 milliseconds in repetition 65
Round trip time was 27.760 milliseconds in repetition 66
Round trip time was 27.722 milliseconds in repetition 67
Round trip time was 27.856 milliseconds in repetition 68
Round trip time was 27.797 milliseconds in repetition 69
Round trip time was 27.269 milliseconds in repetition 70
Round trip time was 27.869 milliseconds in repetition 71
Round trip time was 27.971 milliseconds in repetition 72
Round trip time was 27.712 milliseconds in repetition 73
Round trip time was 27.208 milliseconds in repetition 74
Round trip time was 27.741 milliseconds in repetition 75
Round trip time was 27.764 milliseconds in repetition 76
Round trip time was 27.468 milliseconds in repetition 77
Round trip time was 27.292 milliseconds in repetition 78
Round trip time was 27.741 milliseconds in repetition 79
Round trip time was 27.218 milliseconds in repetition 80
Round trip time was 27.765 milliseconds in repetition 81
Round trip time was 28.040 milliseconds in repetition 82
Round trip time was 27.737 milliseconds in repetition 83
Round trip time was 27.468 milliseconds in repetition 84
Round trip time was 27.764 milliseconds in repetition 85
Round trip time was 28.014 milliseconds in repetition 86
Round trip time was 27.491 milliseconds in repetition 87
Round trip time was 27.492 milliseconds in repetition 88
Round trip time was 27.269 milliseconds in repetition 89
Round trip time was 27.491 milliseconds in repetition 90
Round trip time was 27.741 milliseconds in repetition 91
Round trip time was 27.764 milliseconds in repetition 92
Round trip time was 27.468 milliseconds in repetition 93
Round trip time was 27.292 milliseconds in repetition 94
Round trip time was 27.219 milliseconds in repetition 95
Round trip time was 32.425 milliseconds in repetition 96
Round trip time was 27.699 milliseconds in repetition 97
Round trip time was 26.918 milliseconds in repetition 98
Round trip time was 27.491 milliseconds in repetition 99
Round trip time was 27.741 milliseconds in repetition 100
Round trip time was 27.764 milliseconds in repetition 101
Round trip time was 27.741 milliseconds in repetition 102
Round trip time was 27.219 milliseconds in repetition 103
Round trip time was 27.292 milliseconds in repetition 104
Round trip time was 27.741 milliseconds in repetition 105
Round trip time was 27.491 milliseconds in repetition 106
Round trip time was 27.269 milliseconds in repetition 107
Round trip time was 27.219 milliseconds in repetition 108
Round trip time was 27.741 milliseconds in repetition 109
Round trip time was 28.036 milliseconds in repetition 110
Round trip time was 27.764 milliseconds in repetition 111
Round trip time was 27.742 milliseconds in repetition 112
Round trip time was 27.481 milliseconds in repetition 113
Round trip time was 27.299 milliseconds in repetition 114
Round trip time was 27.467 milliseconds in repetition 115
Round trip time was 28.123 milliseconds in repetition 116
Round trip time was 27.109 milliseconds in repetition 117
Round trip time was 27.491 milliseconds in repetition 118
Round trip time was 27.270 milliseconds in repetition 119
Round trip time was 27.764 milliseconds in repetition 120
Round trip time was 27.741 milliseconds in repetition 121
Round trip time was 27.492 milliseconds in repetition 122
Round trip time was 27.269 milliseconds in repetition 123
Round trip time was 27.491 milliseconds in repetition 124
Round trip time was 27.672 milliseconds in repetition 125
Round trip time was 28.043 milliseconds in repetition 126
Round trip time was 27.615 milliseconds in repetition 127
Round trip time was 27.774 milliseconds in repetition 128
Round trip time was 27.692 milliseconds in repetition 129
Round trip time was 27.821 milliseconds in repetition 130
Round trip time was 27.861 milliseconds in repetition 131
Round trip time was 28.038 milliseconds in repetition 132
Round trip time was 27.740 milliseconds in repetition 133
Round trip time was 27.491 milliseconds in repetition 134
Round trip time was 27.821 milliseconds in repetition 135
Round trip time was 30.190 milliseconds in repetition 136
Round trip time was 27.270 milliseconds in repetition 137
Round trip time was 27.490 milliseconds in repetition 138
Round trip time was 27.219 milliseconds in repetition 139
Round trip time was 27.542 milliseconds in repetition 140
Round trip time was 27.471 milliseconds in repetition 141
Round trip time was 27.743 milliseconds in repetition 142
Round trip time was 27.765 milliseconds in repetition 143
Round trip time was 27.465 milliseconds in repetition 144
Round trip time was 29.526 milliseconds in repetition 145
Round trip time was 27.490 milliseconds in repetition 146
Round trip time was 26.996 milliseconds in repetition 147
Round trip time was 27.764 milliseconds in repetition 148
Round trip time was 27.741 milliseconds in repetition 149
Round trip time was 27.763 milliseconds in repetition 150
Round trip time was 27.468 milliseconds in repetition 151
Round trip time was 27.764 milliseconds in repetition 152
Round trip time was 27.751 milliseconds in repetition 153
Round trip time was 27.754 milliseconds in repetition 154
Round trip time was 27.612 milliseconds in repetition 155
Round trip time was 27.514 milliseconds in repetition 156
Round trip time was 27.126 milliseconds in repetition 157
Round trip time was 27.256 milliseconds in repetition 158
Round trip time was 27.504 milliseconds in repetition 159
Round trip time was 28.485 milliseconds in repetition 160
Round trip time was 27.764 milliseconds in repetition 161
Round trip time was 27.763 milliseconds in repetition 162
Round trip time was 27.741 milliseconds in repetition 163
Round trip time was 27.491 milliseconds in repetition 164
Round trip time was 27.741 milliseconds in repetition 165
Round trip time was 27.764 milliseconds in repetition 166
Round trip time was 27.269 milliseconds in repetition 167
Round trip time was 27.963 milliseconds in repetition 168
Round trip time was 27.764 milliseconds in repetition 169
Round trip time was 27.269 milliseconds in repetition 170
Round trip time was 27.492 milliseconds in repetition 171
Round trip time was 27.741 milliseconds in repetition 172
Round trip time was 27.764 milliseconds in repetition 173
Round trip time was 27.468 milliseconds in repetition 174
Round trip time was 27.292 milliseconds in repetition 175
Round trip time was 27.492 milliseconds in repetition 176
Round trip time was 27.741 milliseconds in repetition 177
Round trip time was 27.763 milliseconds in repetition 178
Round trip time was 27.469 milliseconds in repetition 179
Round trip time was 27.292 milliseconds in repetition 180
Round trip time was 27.472 milliseconds in repetition 181
Round trip time was 27.487 milliseconds in repetition 182
Round trip time was 28.037 milliseconds in repetition 183
Round trip time was 27.469 milliseconds in repetition 184
Round trip time was 27.491 milliseconds in repetition 185
Round trip time was 27.901 milliseconds in repetition 186
Round trip time was 27.876 milliseconds in repetition 187
Round trip time was 27.998 milliseconds in repetition 188
Round trip time was 27.507 milliseconds in repetition 189
Round trip time was 27.764 milliseconds in repetition 190
Round trip time was 27.741 milliseconds in repetition 191
Round trip time was 27.491 milliseconds in repetition 192
Round trip time was 27.269 milliseconds in repetition 193
Round trip time was 27.491 milliseconds in repetition 194
Round trip time was 27.468 milliseconds in repetition 195
Round trip time was 28.781 milliseconds in repetition 196
Round trip time was 27.019 milliseconds in repetition 197
Round trip time was 27.143 milliseconds in repetition 198
Round trip time was 27.702 milliseconds in repetition 199
Round trip time was 27.111 milliseconds in repetition 200
Round trip time was 27.019 milliseconds in repetition 201
Round trip time was 27.270 milliseconds in repetition 202
Round trip time was 27.963 milliseconds in repetition 203
Round trip time was 27.291 milliseconds in repetition 204
Round trip time was 26.997 milliseconds in repetition 205
Round trip time was 27.492 milliseconds in repetition 206
Round trip time was 27.740 milliseconds in repetition 207
Round trip time was 27.491 milliseconds in repetition 208
Round trip time was 28.014 milliseconds in repetition 209
Round trip time was 27.020 milliseconds in repetition 210
Round trip time was 27.479 milliseconds in repetition 211
Round trip time was 27.746 milliseconds in repetition 212
Round trip time was 27.874 milliseconds in repetition 213
Round trip time was 27.353 milliseconds in repetition 214
Round trip time was 28.039 milliseconds in repetition 215
Round trip time was 26.995 milliseconds in repetition 216
Round trip time was 27.491 milliseconds in repetition 217
Round trip time was 27.491 milliseconds in repetition 218
Round trip time was 28.014 milliseconds in repetition 219
Round trip time was 27.492 milliseconds in repetition 220
Round trip time was 27.268 milliseconds in repetition 221
Round trip time was 27.491 milliseconds in repetition 222
Round trip time was 27.682 milliseconds in repetition 223
Round trip time was 27.552 milliseconds in repetition 224
Round trip time was 27.762 milliseconds in repetition 225
Round trip time was 27.269 milliseconds in repetition 226
Round trip time was 27.491 milliseconds in repetition 227
Round trip time was 27.469 milliseconds in repetition 228
Round trip time was 27.292 milliseconds in repetition 229
Round trip time was 27.468 milliseconds in repetition 230
Round trip time was 27.764 milliseconds in repetition 231
Round trip time was 27.763 milliseconds in repetition 232
Round trip time was 27.742 milliseconds in repetition 233
Round trip time was 27.763 milliseconds in repetition 234
Round trip time was 27.742 milliseconds in repetition 235
Round trip time was 27.491 milliseconds in repetition 236
Round trip time was 27.270 milliseconds in repetition 237
Round trip time was 27.218 milliseconds in repetition 238
Round trip time was 27.764 milliseconds in repetition 239
Round trip time was 27.742 milliseconds in repetition 240
Round trip time was 27.763 milliseconds in repetition 241
Round trip time was 27.741 milliseconds in repetition 242
Round trip time was 27.764 milliseconds in repetition 243
Round trip time was 27.741 milliseconds in repetition 244
Round trip time was 27.764 milliseconds in repetition 245
Round trip time was 27.218 milliseconds in repetition 246
Round trip time was 27.544 milliseconds in repetition 247
Round trip time was 27.216 milliseconds in repetition 248
Round trip time was 27.269 milliseconds in repetition 249
Round trip time was 27.765 milliseconds in repetition 250
Round trip time was 27.468 milliseconds in repetition 251
Round trip time was 27.764 milliseconds in repetition 252
Round trip time was 27.764 milliseconds in repetition 253
Round trip time was 27.470 milliseconds in repetition 254
Round trip time was 28.035 milliseconds in repetition 255
Round trip time was 27.742 milliseconds in repetition 256
Round trip time was 27.020 milliseconds in repetition 257
Round trip time was 27.878 milliseconds in repetition 258
Round trip time was 27.626 milliseconds in repetition 259
Round trip time was 27.765 milliseconds in repetition 260
Round trip time was 27.455 milliseconds in repetition 261
Round trip time was 27.504 milliseconds in repetition 262
Round trip time was 27.269 milliseconds in repetition 263
Round trip time was 27.491 milliseconds in repetition 264
Round trip time was 26.996 milliseconds in repetition 265
Round trip time was 27.491 milliseconds in repetition 266
Round trip time was 27.764 milliseconds in repetition 267
Round trip time was 27.741 milliseconds in repetition 268
Round trip time was 27.492 milliseconds in repetition 269
Round trip time was 27.740 milliseconds in repetition 270
Round trip time was 28.037 milliseconds in repetition 271
Round trip time was 27.743 milliseconds in repetition 272
Round trip time was 27.986 milliseconds in repetition 273
Round trip time was 27.267 milliseconds in repetition 274
Round trip time was 27.741 milliseconds in repetition 275
Round trip time was 27.764 milliseconds in repetition 276
Round trip time was 27.742 milliseconds in repetition 277
Round trip time was 27.763 milliseconds in repetition 278
Round trip time was 27.742 milliseconds in repetition 279
Round trip time was 27.764 milliseconds in repetition 280
Round trip time was 28.707 milliseconds in repetition 281
Round trip time was 28.003 milliseconds in repetition 282
Round trip time was 27.767 milliseconds in repetition 283
Round trip time was 27.558 milliseconds in repetition 284
Round trip time was 27.567 milliseconds in repetition 285
Round trip time was 27.647 milliseconds in repetition 286
Round trip time was 27.962 milliseconds in repetition 287
Round trip time was 27.491 milliseconds in repetition 288
Round trip time was 27.269 milliseconds in repetition 289
Round trip time was 27.491 milliseconds in repetition 290
Round trip time was 27.270 milliseconds in repetition 291
Round trip time was 27.762 milliseconds in repetition 292
Round trip time was 27.742 milliseconds in repetition 293
Round trip time was 27.219 milliseconds in repetition 294
Round trip time was 27.763 milliseconds in repetition 295
Round trip time was 27.741 milliseconds in repetition 296
Round trip time was 27.292 milliseconds in repetition 297
Round trip time was 27.768 milliseconds in repetition 298
Round trip time was 27.465 milliseconds in repetition 299
Round trip time was 26.997 milliseconds in repetition 300
Round trip time was 27.763 milliseconds in repetition 301
Round trip time was 27.313 milliseconds in repetition 302
Round trip time was 27.919 milliseconds in repetition 303
Round trip time was 27.764 milliseconds in repetition 304
Round trip time was 27.429 milliseconds in repetition 305
Round trip time was 27.803 milliseconds in repetition 306
Round trip time was 28.014 milliseconds in repetition 307
Round trip time was 27.764 milliseconds in repetition 308
Round trip time was 27.741 milliseconds in repetition 309
Round trip time was 27.528 milliseconds in repetition 310
Round trip time was 27.784 milliseconds in repetition 311
Round trip time was 27.770 milliseconds in repetition 312
Round trip time was 27.773 milliseconds in repetition 313
Round trip time was 27.740 milliseconds in repetition 314
Round trip time was 26.925 milliseconds in repetition 315
Round trip time was 27.742 milliseconds in repetition 316
Round trip time was 27.491 milliseconds in repetition 317
Round trip time was 27.491 milliseconds in repetition 318
Round trip time was 27.268 milliseconds in repetition 319
Round trip time was 27.492 milliseconds in repetition 320
Round trip time was 31.263 milliseconds in repetition 321
Round trip time was 27.491 milliseconds in repetition 322
Round trip time was 27.741 milliseconds in repetition 323
Round trip time was 27.493 milliseconds in repetition 324
Round trip time was 27.491 milliseconds in repetition 325
Round trip time was 28.014 milliseconds in repetition 326
Round trip time was 27.763 milliseconds in repetition 327
Round trip time was 27.368 milliseconds in repetition 328
Round trip time was 27.718 milliseconds in repetition 329
Round trip time was 27.758 milliseconds in repetition 330
Round trip time was 27.959 milliseconds in repetition 331
Round trip time was 26.953 milliseconds in repetition 332
Round trip time was 26.997 milliseconds in repetition 333
Round trip time was 27.491 milliseconds in repetition 334
Round trip time was 27.274 milliseconds in repetition 335
Round trip time was 27.487 milliseconds in repetition 336
Round trip time was 28.013 milliseconds in repetition 337
Round trip time was 27.491 milliseconds in repetition 338
Round trip time was 27.491 milliseconds in repetition 339
Round trip time was 27.741 milliseconds in repetition 340
Round trip time was 27.764 milliseconds in repetition 341
Round trip time was 28.013 milliseconds in repetition 342
Round trip time was 27.491 milliseconds in repetition 343
Round trip time was 27.270 milliseconds in repetition 344
Round trip time was 27.491 milliseconds in repetition 345
Round trip time was 27.491 milliseconds in repetition 346
Round trip time was 27.742 milliseconds in repetition 347
Round trip time was 27.764 milliseconds in repetition 348
Round trip time was 26.996 milliseconds in repetition 349
Round trip time was 27.492 milliseconds in repetition 350
Round trip time was 28.014 milliseconds in repetition 351
Round trip time was 27.753 milliseconds in repetition 352
Round trip time was 27.965 milliseconds in repetition 353
Round trip time was 28.032 milliseconds in repetition 354
Round trip time was 28.099 milliseconds in repetition 355
Round trip time was 27.658 milliseconds in repetition 356
Round trip time was 27.491 milliseconds in repetition 357
Round trip time was 27.466 milliseconds in repetition 358
Round trip time was 27.764 milliseconds in repetition 359
Round trip time was 27.493 milliseconds in repetition 360
Round trip time was 27.271 milliseconds in repetition 361
Round trip time was 27.488 milliseconds in repetition 362
Round trip time was 27.258 milliseconds in repetition 363
Round trip time was 27.606 milliseconds in repetition 364
Round trip time was 32.652 milliseconds in repetition 365
Round trip time was 27.762 milliseconds in repetition 366
Round trip time was 27.468 milliseconds in repetition 367
Round trip time was 27.020 milliseconds in repetition 368
Round trip time was 27.763 milliseconds in repetition 369
Round trip time was 27.468 milliseconds in repetition 370
Round trip time was 27.020 milliseconds in repetition 371
Round trip time was 27.633 milliseconds in repetition 372
Round trip time was 27.599 milliseconds in repetition 373
Round trip time was 27.270 milliseconds in repetition 374
Round trip time was 27.764 milliseconds in repetition 375
Round trip time was 27.491 milliseconds in repetition 376
Round trip time was 27.269 milliseconds in repetition 377
Round trip time was 31.487 milliseconds in repetition 378
Round trip time was 27.741 milliseconds in repetition 379
Round trip time was 28.137 milliseconds in repetition 380
Round trip time was 27.095 milliseconds in repetition 381
Round trip time was 27.764 milliseconds in repetition 382
Round trip time was 27.491 milliseconds in repetition 383
Round trip time was 28.014 milliseconds in repetition 384
Round trip time was 27.490 milliseconds in repetition 385
Round trip time was 27.437 milliseconds in repetition 386
Round trip time was 27.323 milliseconds in repetition 387
Round trip time was 27.269 milliseconds in repetition 388
Round trip time was 27.492 milliseconds in repetition 389
Round trip time was 27.764 milliseconds in repetition 390
Round trip time was 27.742 milliseconds in repetition 391
Round trip time was 27.490 milliseconds in repetition 392
Round trip time was 27.271 milliseconds in repetition 393
Round trip time was 27.489 milliseconds in repetition 394
Round trip time was 27.469 milliseconds in repetition 395
Round trip time was 27.766 milliseconds in repetition 396
Round trip time was 27.762 milliseconds in repetition 397
Round trip time was 27.257 milliseconds in repetition 398
Round trip time was 27.492 milliseconds in repetition 399
Round trip time was 27.468 milliseconds in repetition 400
Round trip time was 27.033 milliseconds in repetition 401
Round trip time was 27.269 milliseconds in repetition 402
Round trip time was 36.484 milliseconds in repetition 403
Round trip time was 27.742 milliseconds in repetition 404
Round trip time was 27.567 milliseconds in repetition 405
Round trip time was 27.482 milliseconds in repetition 406
Round trip time was 27.216 milliseconds in repetition 407
Round trip time was 27.019 milliseconds in repetition 408
Round trip time was 26.998 milliseconds in repetition 409
Round trip time was 27.490 milliseconds in repetition 410
Round trip time was 27.469 milliseconds in repetition 411
Round trip time was 28.037 milliseconds in repetition 412
Round trip time was 27.490 milliseconds in repetition 413
Round trip time was 33.770 milliseconds in repetition 414
Round trip time was 28.222 milliseconds in repetition 415
Round trip time was 27.010 milliseconds in repetition 416
Round trip time was 27.763 milliseconds in repetition 417
Round trip time was 27.469 milliseconds in repetition 418
Round trip time was 27.292 milliseconds in repetition 419
Round trip time was 27.741 milliseconds in repetition 420
Round trip time was 27.491 milliseconds in repetition 421
Round trip time was 27.871 milliseconds in repetition 422
Round trip time was 27.350 milliseconds in repetition 423
Round trip time was 37.522 milliseconds in repetition 424
Round trip time was 27.628 milliseconds in repetition 425
Round trip time was 27.485 milliseconds in repetition 426
Round trip time was 27.745 milliseconds in repetition 427
Round trip time was 27.776 milliseconds in repetition 428
Round trip time was 27.835 milliseconds in repetition 429
Round trip time was 27.292 milliseconds in repetition 430
Round trip time was 29.998 milliseconds in repetition 431
Round trip time was 27.469 milliseconds in repetition 432
Round trip time was 27.018 milliseconds in repetition 433
Round trip time was 39.254 milliseconds in repetition 434
Round trip time was 27.019 milliseconds in repetition 435
Round trip time was 26.984 milliseconds in repetition 436
Round trip time was 27.489 milliseconds in repetition 437
Round trip time was 27.742 milliseconds in repetition 438
Round trip time was 27.574 milliseconds in repetition 439
Round trip time was 27.785 milliseconds in repetition 440
Round trip time was 27.777 milliseconds in repetition 441
Round trip time was 27.365 milliseconds in repetition 442
Round trip time was 27.542 milliseconds in repetition 443
Round trip time was 27.332 milliseconds in repetition 444
Round trip time was 27.627 milliseconds in repetition 445
Round trip time was 27.764 milliseconds in repetition 446
Round trip time was 27.764 milliseconds in repetition 447
Round trip time was 34.986 milliseconds in repetition 448
Round trip time was 27.763 milliseconds in repetition 449
Round trip time was 27.270 milliseconds in repetition 450
Round trip time was 28.240 milliseconds in repetition 451
Round trip time was 53.466 milliseconds in repetition 452
Round trip time was 27.279 milliseconds in repetition 453
Round trip time was 27.754 milliseconds in repetition 454
Round trip time was 27.491 milliseconds in repetition 455
Round trip time was 27.741 milliseconds in repetition 456
Round trip time was 27.763 milliseconds in repetition 457
Round trip time was 35.260 milliseconds in repetition 458
Round trip time was 27.491 milliseconds in repetition 459
Round trip time was 27.269 milliseconds in repetition 460
Round trip time was 27.493 milliseconds in repetition 461
Round trip time was 27.740 milliseconds in repetition 462
Round trip time was 27.489 milliseconds in repetition 463
Round trip time was 27.764 milliseconds in repetition 464
Round trip time was 27.468 milliseconds in repetition 465
Round trip time was 27.292 milliseconds in repetition 466
Round trip time was 27.741 milliseconds in repetition 467
Round trip time was 27.764 milliseconds in repetition 468
Round trip time was 27.742 milliseconds in repetition 469
Round trip time was 27.490 milliseconds in repetition 470
Round trip time was 27.765 milliseconds in repetition 471
Round trip time was 27.454 milliseconds in repetition 472
Round trip time was 27.767 milliseconds in repetition 473
Round trip time was 27.742 milliseconds in repetition 474
Round trip time was 27.759 milliseconds in repetition 475
Round trip time was 27.283 milliseconds in repetition 476
Round trip time was 27.949 milliseconds in repetition 477
Round trip time was 27.782 milliseconds in repetition 478
Round trip time was 27.686 milliseconds in repetition 479
Round trip time was 27.430 milliseconds in repetition 480
Round trip time was 28.011 milliseconds in repetition 481
Round trip time was 27.959 milliseconds in repetition 482
Round trip time was 27.187 milliseconds in repetition 483
Round trip time was 29.725 milliseconds in repetition 484
Round trip time was 27.764 milliseconds in repetition 485
Round trip time was 26.982 milliseconds in repetition 486
Round trip time was 27.764 milliseconds in repetition 487
Round trip time was 27.469 milliseconds in repetition 488
Round trip time was 27.765 milliseconds in repetition 489
Round trip time was 27.740 milliseconds in repetition 490
Round trip time was 27.545 milliseconds in repetition 491
Round trip time was 27.252 milliseconds in repetition 492
Round trip time was 26.997 milliseconds in repetition 493
Round trip time was 35.730 milliseconds in repetition 494
Round trip time was 27.490 milliseconds in repetition 495
Round trip time was 27.562 milliseconds in repetition 496
Round trip time was 27.901 milliseconds in repetition 497
Round trip time was 27.798 milliseconds in repetition 498
Round trip time was 27.270 milliseconds in repetition 499
Round trip time was 27.217 milliseconds in repetition 500
Round trip time was 27.024 milliseconds in repetition 501

 ... clock resolution was 1e-06
UDP Ping:  Statistics over 501 repetitions of 32 byte messages

RTT : percentile 10: 27.2682, median: 27.7404, percentile 90: 28.2219, average: 27.8743, variance: 2.65733

RTT histogram:
26.9178 224
28.2452 257
29.5727 8
30.9001 2
32.2275 2
33.5549 1
34.8824 2
36.2098 2
37.5372 1
38.8646 1
40.1921 0
41.5195 0
42.8469 0
44.1744 0
45.5018 0
46.8292 0
48.1566 0
49.4841 0
50.8115 0
52.1389 0
53.4663 1

   median Throughput : 2.3071 KB/s   overall Throughput : 2.29602 KB/s

